#
# There is insufficient memory for the Java Runtime Environment to continue.
# Native memory allocation (malloc) failed to allocate 1070808 bytes. Error detail: Chunk::new
# Possible reasons:
#   The system is out of physical RAM or swap space
#   This process is running with CompressedOops enabled, and the Java Heap may be blocking the growth of the native heap
# Possible solutions:
#   Reduce memory load on the system
#   Increase physical memory or swap space
#   Check if swap backing store is full
#   Decrease Java heap size (-Xmx/-Xms)
#   Decrease number of Java threads
#   Decrease Java thread stack sizes (-Xss)
#   Set larger code cache with -XX:ReservedCodeCacheSize=
#   JVM is running with Unscaled Compressed Oops mode in which the Java heap is
#     placed in the first 4GB address space. The Java Heap base address is the
#     maximum limit for the native heap growth. Please use -XX:HeapBaseMinAddress
#     to set the Java Heap base and to place the Java Heap above 4GB virtual address.
# This output file may be truncated or incomplete.
#
#  Out of Memory Error (arena.cpp:186), pid=25512, tid=23212
#
# JRE version: OpenJDK Runtime Environment (25.0+36) (build 25+36-3489)
# Java VM: OpenJDK 64-Bit Server VM (25+36-3489, mixed mode, sharing, tiered, compressed oops, compressed class ptrs, g1 gc, windows-amd64)
# No core dump will be written. Minidumps are not enabled by default on client versions of Windows
#

---------------  S U M M A R Y ------------

Command Line: -javaagent:C:\Users\TL\AppData\Local\JetBrains\IntelliJIdea2025.2\captureAgent\debugger-agent.jar=file:///C:/Users/TL/AppData/Local/Temp/capture13086688115050686097.props -ea -Didea.test.cyclic.buffer.size=1048576 -javaagent:C:\Program Files\JetBrains\IntelliJ IDEA 2025.2.3\lib\idea_rt.jar=12137 -Dkotlinx.coroutines.debug.enable.creation.stack.trace=false -Ddebugger.agent.enable.coroutines=true -Dkotlinx.coroutines.debug.enable.flows.stack.trace=true -Dkotlinx.coroutines.debug.enable.mutable.state.flows.stack.trace=true -Dfile.encoding=UTF-8 -Dsun.stdout.encoding=UTF-8 -Dsun.stderr.encoding=UTF-8 com.intellij.rt.testng.RemoteTestNGStarter -usedefaultlisteners false -socket12136 @w@C:\Users\TL\AppData\Local\Temp\idea_working_dirs_testng.tmp -temp C:\Users\TL\AppData\Local\Temp\idea_testng.tmp

Host: 12th Gen Intel(R) Core(TM) i5-1235U, 12 cores, 7G,  Windows 11 , 64 bit Build 26100 (10.0.26100.7920)
Time: Mon Mar 30 17:08:45 2026 Egypt Standard Time elapsed time: 2.491977 seconds (0d 0h 0m 2s)

---------------  T H R E A D  ---------------

Current thread (0x0000021e2e382a30):  JavaThread "C2 CompilerThread0" daemon [_thread_in_native, id=23212, stack(0x000000f9c5100000,0x000000f9c5200000) (1024K)]


Current CompileTask:
C2:2492 1762       4       java.util.HashMap::put (13 bytes)

Stack: [0x000000f9c5100000,0x000000f9c5200000]
Native frames: (J=compiled Java code, j=interpreted, Vv=VM code, C=native code)
V  [jvm.dll+0x7a6a39]  (no source info available)
V  [jvm.dll+0x7727ed]  (no source info available)
V  [jvm.dll+0x965f33]  (no source info available)
V  [jvm.dll+0x968531]  (no source info available)
V  [jvm.dll+0x968c33]  (no source info available)
V  [jvm.dll+0x2fc756]  (no source info available)
V  [jvm.dll+0x111b26]  (no source info available)
V  [jvm.dll+0x111e4e]  (no source info available)
V  [jvm.dll+0x1a0a22]  (no source info available)
V  [jvm.dll+0x3b53c2]  (no source info available)
V  [jvm.dll+0x7ac3cf]  (no source info available)
V  [jvm.dll+0x2c0ac7]  (no source info available)
V  [jvm.dll+0x2bfa8f]  (no source info available)
V  [jvm.dll+0x237b60]  (no source info available)
V  [jvm.dll+0x2cfb56]  (no source info available)
V  [jvm.dll+0x2cddd5]  (no source info available)
V  [jvm.dll+0x48e671]  (no source info available)
V  [jvm.dll+0x90681d]  (no source info available)
V  [jvm.dll+0x7a5015]  (no source info available)
C  [ucrtbase.dll+0x37b0]  (no source info available)
C  [KERNEL32.DLL+0x2e8d7]  (no source info available)
C  [ntdll.dll+0x8c48c]  (no source info available)

Lock stack of current Java thread (top to bottom):


---------------  P R O C E S S  ---------------

Threads class SMR info:
_java_thread_list=0x0000021e33afd8f0, length=25, elements={
0x0000021e11147fb0, 0x0000021e2e346060, 0x0000021e2e346970, 0x0000021e2e34be60,
0x0000021e2e350050, 0x0000021e2e353cf0, 0x0000021e2e37e450, 0x0000021e2e382a30,
0x0000021e2e386820, 0x0000021e2e56bf00, 0x0000021e2e6f09d0, 0x0000021e2e951070,
0x0000021e2e95f4e0, 0x0000021e336a49f0, 0x0000021e336a8870, 0x0000021e336a78d0,
0x0000021e336a6160, 0x0000021e336a9040, 0x0000021e336ab750, 0x0000021e336a80a0,
0x0000021e336abf20, 0x0000021e336aa7b0, 0x0000021e2e37ca20, 0x0000021e33729ba0,
0x0000021e2e384ff0
}

Java Threads: ( => current thread )
  0x0000021e11147fb0 JavaThread "main"                              [_thread_in_native, id=10932, stack(0x000000f9c4300000,0x000000f9c4400000) (1024K)]
  0x0000021e2e346060 JavaThread "Reference Handler"          daemon [_thread_blocked, id=7032, stack(0x000000f9c4b00000,0x000000f9c4c00000) (1024K)]
  0x0000021e2e346970 JavaThread "Finalizer"                  daemon [_thread_blocked, id=12692, stack(0x000000f9c4c00000,0x000000f9c4d00000) (1024K)]
  0x0000021e2e34be60 JavaThread "Signal Dispatcher"          daemon [_thread_blocked, id=4660, stack(0x000000f9c4d00000,0x000000f9c4e00000) (1024K)]
  0x0000021e2e350050 JavaThread "Attach Listener"            daemon [_thread_blocked, id=10448, stack(0x000000f9c4e00000,0x000000f9c4f00000) (1024K)]
  0x0000021e2e353cf0 JavaThread "Service Thread"             daemon [_thread_blocked, id=14960, stack(0x000000f9c4f00000,0x000000f9c5000000) (1024K)]
  0x0000021e2e37e450 JavaThread "Monitor Deflation Thread"   daemon [_thread_blocked, id=1844, stack(0x000000f9c5000000,0x000000f9c5100000) (1024K)]
=>0x0000021e2e382a30 JavaThread "C2 CompilerThread0"         daemon [_thread_in_native, id=23212, stack(0x000000f9c5100000,0x000000f9c5200000) (1024K)]
  0x0000021e2e386820 JavaThread "C1 CompilerThread0"         daemon [_thread_blocked, id=368, stack(0x000000f9c5200000,0x000000f9c5300000) (1024K)]
  0x0000021e2e56bf00 JavaThread "Common-Cleaner"             daemon [_thread_blocked, id=27164, stack(0x000000f9c5300000,0x000000f9c5400000) (1024K)]
  0x0000021e2e6f09d0 JavaThread "IntelliJ Suspend Helper"    daemon [_thread_blocked, id=24784, stack(0x000000f9c5500000,0x000000f9c5600000) (1024K)]
  0x0000021e2e951070 JavaThread "Monitor Ctrl-Break"         daemon [_thread_in_native, id=24008, stack(0x000000f9c5400000,0x000000f9c5500000) (1024K)]
  0x0000021e2e95f4e0 JavaThread "Notification Thread"        daemon [_thread_blocked, id=29468, stack(0x000000f9c5600000,0x000000f9c5700000) (1024K)]
  0x0000021e336a49f0 JavaThread "ForkJoinPool.commonPool-worker-1" daemon [_thread_blocked, id=13480, stack(0x000000f9c5800000,0x000000f9c5900000) (1024K)]
  0x0000021e336a8870 JavaThread "ForkJoinPool.commonPool-worker-2" daemon [_thread_blocked, id=24056, stack(0x000000f9c5900000,0x000000f9c5a00000) (1024K)]
  0x0000021e336a78d0 JavaThread "ForkJoinPool.commonPool-worker-3" daemon [_thread_blocked, id=9864, stack(0x000000f9c5a00000,0x000000f9c5b00000) (1024K)]
  0x0000021e336a6160 JavaThread "ForkJoinPool.commonPool-worker-4" daemon [_thread_blocked, id=8004, stack(0x000000f9c5b00000,0x000000f9c5c00000) (1024K)]
  0x0000021e336a9040 JavaThread "ForkJoinPool.commonPool-worker-5" daemon [_thread_blocked, id=13716, stack(0x000000f9c5c00000,0x000000f9c5d00000) (1024K)]
  0x0000021e336ab750 JavaThread "ForkJoinPool.commonPool-worker-6" daemon [_thread_blocked, id=27104, stack(0x000000f9c5d00000,0x000000f9c5e00000) (1024K)]
  0x0000021e336a80a0 JavaThread "ForkJoinPool.commonPool-worker-7" daemon [_thread_blocked, id=7496, stack(0x000000f9c5e00000,0x000000f9c5f00000) (1024K)]
  0x0000021e336abf20 JavaThread "ForkJoinPool.commonPool-worker-8" daemon [_thread_blocked, id=2044, stack(0x000000f9c5f00000,0x000000f9c6000000) (1024K)]
  0x0000021e336aa7b0 JavaThread "ForkJoinPool.commonPool-worker-11" daemon [_thread_blocked, id=18012, stack(0x000000f9c6000000,0x000000f9c6100000) (1024K)]
  0x0000021e2e37ca20 JavaThread "ForkJoinPool.commonPool-worker-10" daemon [_thread_blocked, id=22728, stack(0x000000f9c6100000,0x000000f9c6200000) (1024K)]
  0x0000021e33729ba0 JavaThread "ForkJoinPool.commonPool-worker-9" daemon [_thread_blocked, id=11296, stack(0x000000f9c6200000,0x000000f9c6300000) (1024K)]
  0x0000021e2e384ff0 JavaThread "C2 CompilerThread1"         daemon [_thread_in_native, id=25384, stack(0x000000f9c5700000,0x000000f9c5800000) (1024K)]
Total: 25

Other Threads:
  0x0000021e2e336460 VMThread "VM Thread"                           [id=8752, stack(0x000000f9c4a00000,0x000000f9c4b00000) (1024K)]
  0x0000021e2e325a90 WatcherThread "VM Periodic Task Thread"        [id=19692, stack(0x000000f9c4900000,0x000000f9c4a00000) (1024K)]
  0x0000021e111a1680 WorkerThread "GC Thread#0"                     [id=18728, stack(0x000000f9c4400000,0x000000f9c4500000) (1024K)]
  0x0000021e0edbe4f0 ConcurrentGCThread "G1 Main Marker"            [id=10060, stack(0x000000f9c4500000,0x000000f9c4600000) (1024K)]
  0x0000021e111b8870 WorkerThread "G1 Conc#0"                       [id=26768, stack(0x000000f9c4600000,0x000000f9c4700000) (1024K)]
  0x0000021e2e1f2d30 ConcurrentGCThread "G1 Refine#0"               [id=22140, stack(0x000000f9c4700000,0x000000f9c4800000) (1024K)]
  0x0000021e2e1f3740 ConcurrentGCThread "G1 Service"                [id=26956, stack(0x000000f9c4800000,0x000000f9c4900000) (1024K)]
Total: 7

Threads with active compile tasks:
C2 CompilerThread0  6357 1762       4       java.util.HashMap::put (13 bytes)
C2 CompilerThread1  6357 1807       4       java.util.concurrent.ConcurrentHashMap::get (162 bytes)
Total: 2

VM state: not at safepoint (normal execution)

VM Mutex/Monitor currently owned by a thread: None

Heap address: 0x0000000085200000, size: 1966 MB, Compressed Oops mode: 32-bit

CDS archive(s) mapped at: [0x000000001b000000-0x000000001bdd0000-0x000000001bdd0000), size 14483456, SharedBaseAddress: 0x000000001b000000, ArchiveRelocationMode: 1.
Compressed class space mapped at: 0x000000001c000000-0x000000005c000000, reserved size: 1073741824
UseCompressedClassPointers 1, UseCompactObjectHeaders 0
Narrow klass pointer bits 32, Max shift 3
Narrow klass base: 0x000000001b000000, Narrow klass shift: 0
Encoding Range: [0x000000001b000000 - 0x000000011b000000), (4294967296 bytes)
Klass Range:    [0x000000001b010000 - 0x000000005c000000), (1090453504 bytes)
Klass ID Range:  [65536 - 1090519033) (1090453497)
Protection zone: [0x000000001b000000 - 0x000000001b010000), (65536 bytes)

GC Precious Log:
 CardTable entry size: 512
 Card Set container configuration: InlinePtr #cards 5 size 8 Array Of Cards #cards 10 size 36 Howl #buckets 4 coarsen threshold 1843 Howl Bitmap #cards 512 size 80 coarsen threshold 460 Card regions per heap region 1 cards per card region 2048
 CPUs: 12 total, 12 available
 Memory: 7863M
 Large Page Support: Disabled
 NUMA Support: Disabled
 Compressed Oops: Enabled (32-bit)
 Heap Region Size: 1M
 Heap Min Capacity: 8M
 Heap Initial Capacity: 124M
 Heap Max Capacity: 1966M
 Pre-touch: Disabled
 Parallel Workers: 10
 Concurrent Workers: 3
 Concurrent Refinement Workers: 10
 Periodic GC: Disabled

Heap:
 garbage-first heap   total reserved 2013184K, committed 129024K, used 42131K [0x0000000085200000, 0x0000000100000000)
  region size 1024K, 42 young (43008K), 0 survivors (0K)

Heap Regions: E=young(eden), S=young(survivor), O=old, HS=humongous(starts), HC=humongous(continues), CS=collection set, F=free, TAMS=top-at-mark-start, PB=parsable bottom
|   0|0x0000000085200000, 0x0000000085200000, 0x0000000085300000|  0%| F|  |TAMS 0x0000000085200000| PB 0x0000000085200000| Untracked |  0
|   1|0x0000000085300000, 0x0000000085300000, 0x0000000085400000|  0%| F|  |TAMS 0x0000000085300000| PB 0x0000000085300000| Untracked |  0
|   2|0x0000000085400000, 0x0000000085400000, 0x0000000085500000|  0%| F|  |TAMS 0x0000000085400000| PB 0x0000000085400000| Untracked |  0
|   3|0x0000000085500000, 0x0000000085500000, 0x0000000085600000|  0%| F|  |TAMS 0x0000000085500000| PB 0x0000000085500000| Untracked |  0
|   4|0x0000000085600000, 0x0000000085600000, 0x0000000085700000|  0%| F|  |TAMS 0x0000000085600000| PB 0x0000000085600000| Untracked |  0
|   5|0x0000000085700000, 0x0000000085700000, 0x0000000085800000|  0%| F|  |TAMS 0x0000000085700000| PB 0x0000000085700000| Untracked |  0
|   6|0x0000000085800000, 0x0000000085800000, 0x0000000085900000|  0%| F|  |TAMS 0x0000000085800000| PB 0x0000000085800000| Untracked |  0
|   7|0x0000000085900000, 0x0000000085900000, 0x0000000085a00000|  0%| F|  |TAMS 0x0000000085900000| PB 0x0000000085900000| Untracked |  0
|   8|0x0000000085a00000, 0x0000000085a00000, 0x0000000085b00000|  0%| F|  |TAMS 0x0000000085a00000| PB 0x0000000085a00000| Untracked |  0
|   9|0x0000000085b00000, 0x0000000085b00000, 0x0000000085c00000|  0%| F|  |TAMS 0x0000000085b00000| PB 0x0000000085b00000| Untracked |  0
|  10|0x0000000085c00000, 0x0000000085c00000, 0x0000000085d00000|  0%| F|  |TAMS 0x0000000085c00000| PB 0x0000000085c00000| Untracked |  0
|  11|0x0000000085d00000, 0x0000000085d00000, 0x0000000085e00000|  0%| F|  |TAMS 0x0000000085d00000| PB 0x0000000085d00000| Untracked |  0
|  12|0x0000000085e00000, 0x0000000085e00000, 0x0000000085f00000|  0%| F|  |TAMS 0x0000000085e00000| PB 0x0000000085e00000| Untracked |  0
|  13|0x0000000085f00000, 0x0000000085f00000, 0x0000000086000000|  0%| F|  |TAMS 0x0000000085f00000| PB 0x0000000085f00000| Untracked |  0
|  14|0x0000000086000000, 0x0000000086000000, 0x0000000086100000|  0%| F|  |TAMS 0x0000000086000000| PB 0x0000000086000000| Untracked |  0
|  15|0x0000000086100000, 0x0000000086100000, 0x0000000086200000|  0%| F|  |TAMS 0x0000000086100000| PB 0x0000000086100000| Untracked |  0
|  16|0x0000000086200000, 0x0000000086200000, 0x0000000086300000|  0%| F|  |TAMS 0x0000000086200000| PB 0x0000000086200000| Untracked |  0
|  17|0x0000000086300000, 0x0000000086300000, 0x0000000086400000|  0%| F|  |TAMS 0x0000000086300000| PB 0x0000000086300000| Untracked |  0
|  18|0x0000000086400000, 0x0000000086400000, 0x0000000086500000|  0%| F|  |TAMS 0x0000000086400000| PB 0x0000000086400000| Untracked |  0
|  19|0x0000000086500000, 0x0000000086500000, 0x0000000086600000|  0%| F|  |TAMS 0x0000000086500000| PB 0x0000000086500000| Untracked |  0
|  20|0x0000000086600000, 0x0000000086600000, 0x0000000086700000|  0%| F|  |TAMS 0x0000000086600000| PB 0x0000000086600000| Untracked |  0
|  21|0x0000000086700000, 0x0000000086700000, 0x0000000086800000|  0%| F|  |TAMS 0x0000000086700000| PB 0x0000000086700000| Untracked |  0
|  22|0x0000000086800000, 0x0000000086800000, 0x0000000086900000|  0%| F|  |TAMS 0x0000000086800000| PB 0x0000000086800000| Untracked |  0
|  23|0x0000000086900000, 0x0000000086900000, 0x0000000086a00000|  0%| F|  |TAMS 0x0000000086900000| PB 0x0000000086900000| Untracked |  0
|  24|0x0000000086a00000, 0x0000000086a00000, 0x0000000086b00000|  0%| F|  |TAMS 0x0000000086a00000| PB 0x0000000086a00000| Untracked |  0
|  25|0x0000000086b00000, 0x0000000086b00000, 0x0000000086c00000|  0%| F|  |TAMS 0x0000000086b00000| PB 0x0000000086b00000| Untracked |  0
|  26|0x0000000086c00000, 0x0000000086c00000, 0x0000000086d00000|  0%| F|  |TAMS 0x0000000086c00000| PB 0x0000000086c00000| Untracked |  0
|  27|0x0000000086d00000, 0x0000000086d00000, 0x0000000086e00000|  0%| F|  |TAMS 0x0000000086d00000| PB 0x0000000086d00000| Untracked |  0
|  28|0x0000000086e00000, 0x0000000086e00000, 0x0000000086f00000|  0%| F|  |TAMS 0x0000000086e00000| PB 0x0000000086e00000| Untracked |  0
|  29|0x0000000086f00000, 0x0000000086f00000, 0x0000000087000000|  0%| F|  |TAMS 0x0000000086f00000| PB 0x0000000086f00000| Untracked |  0
|  30|0x0000000087000000, 0x0000000087000000, 0x0000000087100000|  0%| F|  |TAMS 0x0000000087000000| PB 0x0000000087000000| Untracked |  0
|  31|0x0000000087100000, 0x0000000087100000, 0x0000000087200000|  0%| F|  |TAMS 0x0000000087100000| PB 0x0000000087100000| Untracked |  0
|  32|0x0000000087200000, 0x0000000087200000, 0x0000000087300000|  0%| F|  |TAMS 0x0000000087200000| PB 0x0000000087200000| Untracked |  0
|  33|0x0000000087300000, 0x0000000087300000, 0x0000000087400000|  0%| F|  |TAMS 0x0000000087300000| PB 0x0000000087300000| Untracked |  0
|  34|0x0000000087400000, 0x0000000087400000, 0x0000000087500000|  0%| F|  |TAMS 0x0000000087400000| PB 0x0000000087400000| Untracked |  0
|  35|0x0000000087500000, 0x0000000087500000, 0x0000000087600000|  0%| F|  |TAMS 0x0000000087500000| PB 0x0000000087500000| Untracked |  0
|  36|0x0000000087600000, 0x0000000087600000, 0x0000000087700000|  0%| F|  |TAMS 0x0000000087600000| PB 0x0000000087600000| Untracked |  0
|  37|0x0000000087700000, 0x0000000087700000, 0x0000000087800000|  0%| F|  |TAMS 0x0000000087700000| PB 0x0000000087700000| Untracked |  0
|  38|0x0000000087800000, 0x0000000087800000, 0x0000000087900000|  0%| F|  |TAMS 0x0000000087800000| PB 0x0000000087800000| Untracked |  0
|  39|0x0000000087900000, 0x0000000087900000, 0x0000000087a00000|  0%| F|  |TAMS 0x0000000087900000| PB 0x0000000087900000| Untracked |  0
|  40|0x0000000087a00000, 0x0000000087a00000, 0x0000000087b00000|  0%| F|  |TAMS 0x0000000087a00000| PB 0x0000000087a00000| Untracked |  0
|  41|0x0000000087b00000, 0x0000000087b00000, 0x0000000087c00000|  0%| F|  |TAMS 0x0000000087b00000| PB 0x0000000087b00000| Untracked |  0
|  42|0x0000000087c00000, 0x0000000087c00000, 0x0000000087d00000|  0%| F|  |TAMS 0x0000000087c00000| PB 0x0000000087c00000| Untracked |  0
|  43|0x0000000087d00000, 0x0000000087d00000, 0x0000000087e00000|  0%| F|  |TAMS 0x0000000087d00000| PB 0x0000000087d00000| Untracked |  0
|  44|0x0000000087e00000, 0x0000000087e00000, 0x0000000087f00000|  0%| F|  |TAMS 0x0000000087e00000| PB 0x0000000087e00000| Untracked |  0
|  45|0x0000000087f00000, 0x0000000087f00000, 0x0000000088000000|  0%| F|  |TAMS 0x0000000087f00000| PB 0x0000000087f00000| Untracked |  0
|  46|0x0000000088000000, 0x0000000088000000, 0x0000000088100000|  0%| F|  |TAMS 0x0000000088000000| PB 0x0000000088000000| Untracked |  0
|  47|0x0000000088100000, 0x0000000088100000, 0x0000000088200000|  0%| F|  |TAMS 0x0000000088100000| PB 0x0000000088100000| Untracked |  0
|  48|0x0000000088200000, 0x0000000088200000, 0x0000000088300000|  0%| F|  |TAMS 0x0000000088200000| PB 0x0000000088200000| Untracked |  0
|  49|0x0000000088300000, 0x0000000088300000, 0x0000000088400000|  0%| F|  |TAMS 0x0000000088300000| PB 0x0000000088300000| Untracked |  0
|  50|0x0000000088400000, 0x0000000088400000, 0x0000000088500000|  0%| F|  |TAMS 0x0000000088400000| PB 0x0000000088400000| Untracked |  0
|  51|0x0000000088500000, 0x0000000088500000, 0x0000000088600000|  0%| F|  |TAMS 0x0000000088500000| PB 0x0000000088500000| Untracked |  0
|  52|0x0000000088600000, 0x0000000088600000, 0x0000000088700000|  0%| F|  |TAMS 0x0000000088600000| PB 0x0000000088600000| Untracked |  0
|  53|0x0000000088700000, 0x0000000088700000, 0x0000000088800000|  0%| F|  |TAMS 0x0000000088700000| PB 0x0000000088700000| Untracked |  0
|  54|0x0000000088800000, 0x0000000088800000, 0x0000000088900000|  0%| F|  |TAMS 0x0000000088800000| PB 0x0000000088800000| Untracked |  0
|  55|0x0000000088900000, 0x0000000088900000, 0x0000000088a00000|  0%| F|  |TAMS 0x0000000088900000| PB 0x0000000088900000| Untracked |  0
|  56|0x0000000088a00000, 0x0000000088a00000, 0x0000000088b00000|  0%| F|  |TAMS 0x0000000088a00000| PB 0x0000000088a00000| Untracked |  0
|  57|0x0000000088b00000, 0x0000000088b00000, 0x0000000088c00000|  0%| F|  |TAMS 0x0000000088b00000| PB 0x0000000088b00000| Untracked |  0
|  58|0x0000000088c00000, 0x0000000088c00000, 0x0000000088d00000|  0%| F|  |TAMS 0x0000000088c00000| PB 0x0000000088c00000| Untracked |  0
|  59|0x0000000088d00000, 0x0000000088d00000, 0x0000000088e00000|  0%| F|  |TAMS 0x0000000088d00000| PB 0x0000000088d00000| Untracked |  0
|  60|0x0000000088e00000, 0x0000000088e00000, 0x0000000088f00000|  0%| F|  |TAMS 0x0000000088e00000| PB 0x0000000088e00000| Untracked |  0
|  61|0x0000000088f00000, 0x0000000088f00000, 0x0000000089000000|  0%| F|  |TAMS 0x0000000088f00000| PB 0x0000000088f00000| Untracked |  0
|  62|0x0000000089000000, 0x0000000089000000, 0x0000000089100000|  0%| F|  |TAMS 0x0000000089000000| PB 0x0000000089000000| Untracked |  0
|  63|0x0000000089100000, 0x0000000089100000, 0x0000000089200000|  0%| F|  |TAMS 0x0000000089100000| PB 0x0000000089100000| Untracked |  0
|  64|0x0000000089200000, 0x0000000089200000, 0x0000000089300000|  0%| F|  |TAMS 0x0000000089200000| PB 0x0000000089200000| Untracked |  0
|  65|0x0000000089300000, 0x0000000089300000, 0x0000000089400000|  0%| F|  |TAMS 0x0000000089300000| PB 0x0000000089300000| Untracked |  0
|  66|0x0000000089400000, 0x0000000089400000, 0x0000000089500000|  0%| F|  |TAMS 0x0000000089400000| PB 0x0000000089400000| Untracked |  0
|  67|0x0000000089500000, 0x0000000089500000, 0x0000000089600000|  0%| F|  |TAMS 0x0000000089500000| PB 0x0000000089500000| Untracked |  0
|  68|0x0000000089600000, 0x0000000089600000, 0x0000000089700000|  0%| F|  |TAMS 0x0000000089600000| PB 0x0000000089600000| Untracked |  0
|  69|0x0000000089700000, 0x0000000089700000, 0x0000000089800000|  0%| F|  |TAMS 0x0000000089700000| PB 0x0000000089700000| Untracked |  0
|  70|0x0000000089800000, 0x0000000089800000, 0x0000000089900000|  0%| F|  |TAMS 0x0000000089800000| PB 0x0000000089800000| Untracked |  0
|  71|0x0000000089900000, 0x0000000089900000, 0x0000000089a00000|  0%| F|  |TAMS 0x0000000089900000| PB 0x0000000089900000| Untracked |  0
|  72|0x0000000089a00000, 0x0000000089a00000, 0x0000000089b00000|  0%| F|  |TAMS 0x0000000089a00000| PB 0x0000000089a00000| Untracked |  0
|  73|0x0000000089b00000, 0x0000000089b00000, 0x0000000089c00000|  0%| F|  |TAMS 0x0000000089b00000| PB 0x0000000089b00000| Untracked |  0
|  74|0x0000000089c00000, 0x0000000089c00000, 0x0000000089d00000|  0%| F|  |TAMS 0x0000000089c00000| PB 0x0000000089c00000| Untracked |  0
|  75|0x0000000089d00000, 0x0000000089d00000, 0x0000000089e00000|  0%| F|  |TAMS 0x0000000089d00000| PB 0x0000000089d00000| Untracked |  0
|  76|0x0000000089e00000, 0x0000000089e00000, 0x0000000089f00000|  0%| F|  |TAMS 0x0000000089e00000| PB 0x0000000089e00000| Untracked |  0
|  77|0x0000000089f00000, 0x0000000089f00000, 0x000000008a000000|  0%| F|  |TAMS 0x0000000089f00000| PB 0x0000000089f00000| Untracked |  0
|  78|0x000000008a000000, 0x000000008a000000, 0x000000008a100000|  0%| F|  |TAMS 0x000000008a000000| PB 0x000000008a000000| Untracked |  0
|  79|0x000000008a100000, 0x000000008a100000, 0x000000008a200000|  0%| F|  |TAMS 0x000000008a100000| PB 0x000000008a100000| Untracked |  0
|  80|0x000000008a200000, 0x000000008a200000, 0x000000008a300000|  0%| F|  |TAMS 0x000000008a200000| PB 0x000000008a200000| Untracked |  0
|  81|0x000000008a300000, 0x000000008a300000, 0x000000008a400000|  0%| F|  |TAMS 0x000000008a300000| PB 0x000000008a300000| Untracked |  0
|  82|0x000000008a400000, 0x000000008a480000, 0x000000008a500000| 50%| E|  |TAMS 0x000000008a400000| PB 0x000000008a400000| Complete |  0
|  83|0x000000008a500000, 0x000000008a600000, 0x000000008a600000|100%| E|CS|TAMS 0x000000008a500000| PB 0x000000008a500000| Complete |  0
|  84|0x000000008a600000, 0x000000008a700000, 0x000000008a700000|100%| E|CS|TAMS 0x000000008a600000| PB 0x000000008a600000| Complete |  0
|  85|0x000000008a700000, 0x000000008a800000, 0x000000008a800000|100%| E|CS|TAMS 0x000000008a700000| PB 0x000000008a700000| Complete |  0
|  86|0x000000008a800000, 0x000000008a900000, 0x000000008a900000|100%| E|  |TAMS 0x000000008a800000| PB 0x000000008a800000| Complete |  0
|  87|0x000000008a900000, 0x000000008aa00000, 0x000000008aa00000|100%| E|CS|TAMS 0x000000008a900000| PB 0x000000008a900000| Complete |  0
|  88|0x000000008aa00000, 0x000000008ab00000, 0x000000008ab00000|100%| E|CS|TAMS 0x000000008aa00000| PB 0x000000008aa00000| Complete |  0
|  89|0x000000008ab00000, 0x000000008ac00000, 0x000000008ac00000|100%| E|CS|TAMS 0x000000008ab00000| PB 0x000000008ab00000| Complete |  0
|  90|0x000000008ac00000, 0x000000008ad00000, 0x000000008ad00000|100%| E|CS|TAMS 0x000000008ac00000| PB 0x000000008ac00000| Complete |  0
|  91|0x000000008ad00000, 0x000000008ae00000, 0x000000008ae00000|100%| E|CS|TAMS 0x000000008ad00000| PB 0x000000008ad00000| Complete |  0
|  92|0x000000008ae00000, 0x000000008af00000, 0x000000008af00000|100%| E|CS|TAMS 0x000000008ae00000| PB 0x000000008ae00000| Complete |  0
|  93|0x000000008af00000, 0x000000008b000000, 0x000000008b000000|100%| E|CS|TAMS 0x000000008af00000| PB 0x000000008af00000| Complete |  0
|  94|0x000000008b000000, 0x000000008b100000, 0x000000008b100000|100%| E|CS|TAMS 0x000000008b000000| PB 0x000000008b000000| Complete |  0
|  95|0x000000008b100000, 0x000000008b200000, 0x000000008b200000|100%| E|CS|TAMS 0x000000008b100000| PB 0x000000008b100000| Complete |  0
|  96|0x000000008b200000, 0x000000008b300000, 0x000000008b300000|100%| E|CS|TAMS 0x000000008b200000| PB 0x000000008b200000| Complete |  0
|  97|0x000000008b300000, 0x000000008b400000, 0x000000008b400000|100%| E|CS|TAMS 0x000000008b300000| PB 0x000000008b300000| Complete |  0
|  98|0x000000008b400000, 0x000000008b500000, 0x000000008b500000|100%| E|CS|TAMS 0x000000008b400000| PB 0x000000008b400000| Complete |  0
|  99|0x000000008b500000, 0x000000008b600000, 0x000000008b600000|100%| E|CS|TAMS 0x000000008b500000| PB 0x000000008b500000| Complete |  0
| 100|0x000000008b600000, 0x000000008b700000, 0x000000008b700000|100%| E|CS|TAMS 0x000000008b600000| PB 0x000000008b600000| Complete |  0
| 101|0x000000008b700000, 0x000000008b800000, 0x000000008b800000|100%| E|CS|TAMS 0x000000008b700000| PB 0x000000008b700000| Complete |  0
| 102|0x000000008b800000, 0x000000008b900000, 0x000000008b900000|100%| E|CS|TAMS 0x000000008b800000| PB 0x000000008b800000| Complete |  0
| 103|0x000000008b900000, 0x000000008ba00000, 0x000000008ba00000|100%| E|CS|TAMS 0x000000008b900000| PB 0x000000008b900000| Complete |  0
| 104|0x000000008ba00000, 0x000000008bb00000, 0x000000008bb00000|100%| E|CS|TAMS 0x000000008ba00000| PB 0x000000008ba00000| Complete |  0
| 105|0x000000008bb00000, 0x000000008bc00000, 0x000000008bc00000|100%| E|CS|TAMS 0x000000008bb00000| PB 0x000000008bb00000| Complete |  0
| 106|0x000000008bc00000, 0x000000008bd00000, 0x000000008bd00000|100%| E|CS|TAMS 0x000000008bc00000| PB 0x000000008bc00000| Complete |  0
| 107|0x000000008bd00000, 0x000000008be00000, 0x000000008be00000|100%| E|CS|TAMS 0x000000008bd00000| PB 0x000000008bd00000| Complete |  0
| 108|0x000000008be00000, 0x000000008bf00000, 0x000000008bf00000|100%| E|CS|TAMS 0x000000008be00000| PB 0x000000008be00000| Complete |  0
| 109|0x000000008bf00000, 0x000000008c000000, 0x000000008c000000|100%| E|CS|TAMS 0x000000008bf00000| PB 0x000000008bf00000| Complete |  0
| 110|0x000000008c000000, 0x000000008c100000, 0x000000008c100000|100%| E|CS|TAMS 0x000000008c000000| PB 0x000000008c000000| Complete |  0
| 111|0x000000008c100000, 0x000000008c200000, 0x000000008c200000|100%| E|CS|TAMS 0x000000008c100000| PB 0x000000008c100000| Complete |  0
| 112|0x000000008c200000, 0x000000008c300000, 0x000000008c300000|100%| E|CS|TAMS 0x000000008c200000| PB 0x000000008c200000| Complete |  0
| 113|0x000000008c300000, 0x000000008c400000, 0x000000008c400000|100%| E|CS|TAMS 0x000000008c300000| PB 0x000000008c300000| Complete |  0
| 114|0x000000008c400000, 0x000000008c500000, 0x000000008c500000|100%| E|CS|TAMS 0x000000008c400000| PB 0x000000008c400000| Complete |  0
| 115|0x000000008c500000, 0x000000008c600000, 0x000000008c600000|100%| E|CS|TAMS 0x000000008c500000| PB 0x000000008c500000| Complete |  0
| 116|0x000000008c600000, 0x000000008c700000, 0x000000008c700000|100%| E|CS|TAMS 0x000000008c600000| PB 0x000000008c600000| Complete |  0
| 117|0x000000008c700000, 0x000000008c800000, 0x000000008c800000|100%| E|CS|TAMS 0x000000008c700000| PB 0x000000008c700000| Complete |  0
| 118|0x000000008c800000, 0x000000008c900000, 0x000000008c900000|100%| E|CS|TAMS 0x000000008c800000| PB 0x000000008c800000| Complete |  0
| 119|0x000000008c900000, 0x000000008ca00000, 0x000000008ca00000|100%| E|CS|TAMS 0x000000008c900000| PB 0x000000008c900000| Complete |  0
| 120|0x000000008ca00000, 0x000000008cb00000, 0x000000008cb00000|100%| E|CS|TAMS 0x000000008ca00000| PB 0x000000008ca00000| Complete |  0
| 121|0x000000008cb00000, 0x000000008cc00000, 0x000000008cc00000|100%| E|CS|TAMS 0x000000008cb00000| PB 0x000000008cb00000| Complete |  0
| 122|0x000000008cc00000, 0x000000008cd00000, 0x000000008cd00000|100%| E|CS|TAMS 0x000000008cc00000| PB 0x000000008cc00000| Complete |  0
| 123|0x000000008cd00000, 0x000000008ce00000, 0x000000008ce00000|100%| E|CS|TAMS 0x000000008cd00000| PB 0x000000008cd00000| Complete |  0
|1964|0x00000000ffe00000, 0x00000000fff00000, 0x00000000fff00000|100%| O|  |TAMS 0x00000000ffe00000| PB 0x00000000ffe00000| Untracked |  0
|1965|0x00000000fff00000, 0x00000000fff24e30, 0x0000000100000000| 14%| O|  |TAMS 0x00000000fff00000| PB 0x00000000fff00000| Untracked |  0

Card table byte_map: [0x0000021e29410000,0x0000021e297f0000] _byte_map_base: 0x0000021e28fe7000

Marking Bits: (CMBitMap*) 0x0000021e111a3d20
 Bits: [0x0000021e297f0000, 0x0000021e2b6a8000)

Polling page: 0x0000021e0f340000

Metaspace:
Metaspace        used 15645K, committed 15872K, reserved 1114112K
 class space     used 1325K, committed 1408K, reserved 1048576K

Usage:
  Non-class:     13.99 MB used.
      Class:      1.30 MB used.
       Both:     15.28 MB used.

Virtual space:
  Non-class space:       64.00 MB reserved,      14.12 MB ( 22%) committed,  1 nodes.
      Class space:        1.00 GB reserved,       1.38 MB ( <1%) committed,  1 nodes.
             Both:        1.06 GB reserved,      15.50 MB (  1%) committed. 

Chunk freelists:
   Non-Class:  1.91 MB
       Class:  14.47 MB
        Both:  16.38 MB

MaxMetaspaceSize: unlimited
CompressedClassSpaceSize: 1.00 GB
Initial GC threshold: 21.00 MB
Current GC threshold: 21.00 MB
CDS: on
 - commit_granule_bytes: 65536.
 - commit_granule_words: 8192.
 - virtual_space_node_default_size: 8388608.
 - enlarge_chunks_in_place: 1.
UseCompressedClassPointers 1, UseCompactObjectHeaders 0
Narrow klass pointer bits 32, Max shift 3
Narrow klass base: 0x000000001b000000, Narrow klass shift: 0
Encoding Range: [0x000000001b000000 - 0x000000011b000000), (4294967296 bytes)
Klass Range:    [0x000000001b010000 - 0x000000005c000000), (1090453504 bytes)
Klass ID Range:  [65536 - 1090519033) (1090453497)
Protection zone: [0x000000001b000000 - 0x000000001b010000), (65536 bytes)


Internal statistics:

num_allocs_failed_limit: 0.
num_arena_births: 162.
num_arena_deaths: 0.
num_vsnodes_births: 2.
num_vsnodes_deaths: 0.
num_space_committed: 248.
num_space_uncommitted: 0.
num_chunks_returned_to_freelist: 0.
num_chunks_taken_from_freelist: 421.
num_chunk_merges: 0.
num_chunk_splits: 262.
num_chunks_enlarged: 171.
num_inconsistent_stats: 0.

CodeHeap 'non-profiled nmethods': size=120064Kb used=463Kb max_used=463Kb free=119600Kb
 bounds [0x0000021e21480000, 0x0000021e216f0000, 0x0000021e289c0000]
CodeHeap 'profiled nmethods': size=120000Kb used=2695Kb max_used=2695Kb free=117304Kb
 bounds [0x0000021e199c0000, 0x0000021e19c70000, 0x0000021e20ef0000]
CodeHeap 'non-nmethods': size=5696Kb used=1778Kb max_used=1794Kb free=3917Kb
 bounds [0x0000021e20ef0000, 0x0000021e21160000, 0x0000021e21480000]
CodeCache: size=245760Kb, used=4936Kb, max_used=4952Kb, free=240821Kb
 total_blobs=2475, nmethods=1854, adapters=522, full_count=0
Compilation: enabled, stopped_count=0, restarted_count=0

Compilation events (20 events):
Event: 1.486 Thread 0x0000021e2e386820 nmethod 1781 0x0000021e19c40588 code [0x0000021e19c40680, 0x0000021e19c40928]
Event: 1.486 Thread 0x0000021e2e386820 1785       3       java.lang.reflect.Modifier::isPrivate (12 bytes)
Event: 1.486 Thread 0x0000021e2e386820 nmethod 1785 0x0000021e19c40988 code [0x0000021e19c40a80, 0x0000021e19c40bb8]
Event: 1.486 Thread 0x0000021e2e386820 1784       3       jdk.internal.misc.Unsafe::getAndAddInt (27 bytes)
Event: 1.486 Thread 0x0000021e2e386820 nmethod 1784 0x0000021e19c40c88 code [0x0000021e19c40d80, 0x0000021e19c41018]
Event: 1.486 Thread 0x0000021e2e386820 1786       1       java.lang.reflect.Method::getRoot (5 bytes)
Event: 1.486 Thread 0x0000021e2e388050 1787       4       java.util.HashMap::afterNodeAccess (1 bytes)
Event: 1.487 Thread 0x0000021e2e386820 nmethod 1786 0x0000021e214f1088 code [0x0000021e214f1180, 0x0000021e214f1248]
Event: 1.487 Thread 0x0000021e2e386820 1788       1       org.codehaus.groovy.util.ReferenceManager::getReferenceQueue (5 bytes)
Event: 1.487 Thread 0x0000021e2e386820 nmethod 1788 0x0000021e214f1388 code [0x0000021e214f1480, 0x0000021e214f1548]
Event: 1.487 Thread 0x0000021e2e386820 1789       1       org.codehaus.groovy.util.ReferenceBundle::getType (5 bytes)
Event: 1.487 Thread 0x0000021e2e388050 nmethod 1787 0x0000021e214f1688 code [0x0000021e214f1780, 0x0000021e214f17f8]
Event: 1.487 Thread 0x0000021e2e386820 nmethod 1789 0x0000021e214f1988 code [0x0000021e214f1a80, 0x0000021e214f1b48]
Event: 1.487 Thread 0x0000021e2e386820 1790       1       org.codehaus.groovy.util.ReferenceBundle::getManager (5 bytes)
Event: 1.487 Thread 0x0000021e2e386820 nmethod 1790 0x0000021e214f1c88 code [0x0000021e214f1d80, 0x0000021e214f1e48]
Event: 1.487 Thread 0x0000021e2e386820 1791       3       com.intellij.rt.debugger.agent.CaptureStorage::withoutThrowableCapture (13 bytes)
Event: 1.487 Thread 0x0000021e2e386820 nmethod 1791 0x0000021e19c41088 code [0x0000021e19c41180, 0x0000021e19c41408]
Event: 1.487 Thread 0x0000021e2e386820 1792       3       com.intellij.rt.debugger.agent.CaptureStorage$9::<init> (10 bytes)
Event: 1.487 Thread 0x0000021e2e386820 nmethod 1792 0x0000021e19c41488 code [0x0000021e19c41580, 0x0000021e19c41740]
Event: 1.488 Thread 0x0000021e2e386820 1793   !   3       com.intellij.rt.debugger.agent.CaptureStorage::withoutThrowableCapture (46 bytes)

GC Heap Usage History (0 events):
No events

Metaspace Usage History (0 events):
No events

Dll operation events (9 events):
Event: 0.019 Loaded shared library C:\Users\TL\.jdks\openjdk-25\bin\java.dll
Event: 0.022 Loaded shared library C:\Users\TL\.jdks\openjdk-25\bin\zip.dll
Event: 0.123 Loaded shared library C:\Users\TL\.jdks\openjdk-25\bin\instrument.dll
Event: 0.248 Loaded shared library C:\Users\TL\.jdks\openjdk-25\bin\verify.dll
Event: 0.327 Loaded shared library C:\Users\TL\.jdks\openjdk-25\bin\net.dll
Event: 0.329 Loaded shared library C:\Users\TL\.jdks\openjdk-25\bin\nio.dll
Event: 0.370 Loaded shared library C:\Users\TL\.jdks\openjdk-25\bin\zip.dll
Event: 0.465 Loaded shared library C:\Users\TL\.jdks\openjdk-25\bin\extnet.dll
Event: 0.579 Loaded shared library C:\Users\TL\.jdks\openjdk-25\bin\jimage.dll

Deoptimization events (20 events):
Event: 1.290 Thread 0x0000021e11147fb0 DEOPT PACKING pc=0x0000021e214e2d78 sp=0x000000f9c43fe020
Event: 1.290 Thread 0x0000021e11147fb0 DEOPT UNPACKING pc=0x0000021e21010d02 sp=0x000000f9c43fdf98 mode 2
Event: 1.290 Thread 0x0000021e11147fb0 Uncommon trap: trap_request=0xffffffde fr.pc=0x0000021e214e2d78 relative=0x00000000000000f8
Event: 1.290 Thread 0x0000021e11147fb0 Uncommon trap: reason=class_check action=maybe_recompile pc=0x0000021e214e2d78 method=jdk.internal.misc.Unsafe.allocateUninitializedArray(Ljava/lang/Class;I)Ljava/lang/Object; @ 51 c2
Event: 1.290 Thread 0x0000021e11147fb0 DEOPT PACKING pc=0x0000021e214e2d78 sp=0x000000f9c43fe020
Event: 1.290 Thread 0x0000021e11147fb0 DEOPT UNPACKING pc=0x0000021e21010d02 sp=0x000000f9c43fdf98 mode 2
Event: 1.290 Thread 0x0000021e11147fb0 Uncommon trap: trap_request=0xffffffde fr.pc=0x0000021e214e2d78 relative=0x00000000000000f8
Event: 1.290 Thread 0x0000021e11147fb0 Uncommon trap: reason=class_check action=maybe_recompile pc=0x0000021e214e2d78 method=jdk.internal.misc.Unsafe.allocateUninitializedArray(Ljava/lang/Class;I)Ljava/lang/Object; @ 51 c2
Event: 1.290 Thread 0x0000021e11147fb0 DEOPT PACKING pc=0x0000021e214e2d78 sp=0x000000f9c43fe150
Event: 1.290 Thread 0x0000021e11147fb0 DEOPT UNPACKING pc=0x0000021e21010d02 sp=0x000000f9c43fe0c8 mode 2
Event: 1.331 Thread 0x0000021e11147fb0 DEOPT PACKING pc=0x0000021e19a28028 sp=0x000000f9c43fd3e0
Event: 1.331 Thread 0x0000021e11147fb0 DEOPT UNPACKING pc=0x0000021e20f41702 sp=0x000000f9c43fc890 mode 0
Event: 1.335 Thread 0x0000021e11147fb0 DEOPT PACKING pc=0x0000021e19a09028 sp=0x000000f9c43f9dc0
Event: 1.335 Thread 0x0000021e11147fb0 DEOPT UNPACKING pc=0x0000021e20f41702 sp=0x000000f9c43f9230 mode 0
Event: 1.381 Thread 0x0000021e11147fb0 Uncommon trap: trap_request=0xffffff45 fr.pc=0x0000021e214c75bc relative=0x000000000000023c
Event: 1.381 Thread 0x0000021e11147fb0 Uncommon trap: reason=unstable_if action=reinterpret pc=0x0000021e214c75bc method=java.util.concurrent.ConcurrentHashMap.get(Ljava/lang/Object;)Ljava/lang/Object; @ 86 c2
Event: 1.381 Thread 0x0000021e11147fb0 DEOPT PACKING pc=0x0000021e214c75bc sp=0x000000f9c43fc5c0
Event: 1.381 Thread 0x0000021e11147fb0 DEOPT UNPACKING pc=0x0000021e21010d02 sp=0x000000f9c43fc538 mode 2
Event: 1.397 Thread 0x0000021e11147fb0 DEOPT PACKING pc=0x0000021e19a212f0 sp=0x000000f9c43fcd60
Event: 1.397 Thread 0x0000021e11147fb0 DEOPT UNPACKING pc=0x0000021e20f41702 sp=0x000000f9c43fc198 mode 0

Classes loaded (20 events):
Event: 1.458 Loading class org/codehaus/groovy/ast/expr/ListExpression
Event: 1.458 Loading class org/codehaus/groovy/ast/expr/ListExpression done
Event: 1.459 Loading class org/codehaus/groovy/ast/expr/AnnotationConstantExpression
Event: 1.459 Loading class org/codehaus/groovy/ast/expr/AnnotationConstantExpression done
Event: 1.459 Loading class org/codehaus/groovy/ast/Parameter
Event: 1.459 Loading class org/codehaus/groovy/ast/Parameter done
Event: 1.461 Loading class java/security/BasicPermissionCollection
Event: 1.461 Loading class java/security/BasicPermissionCollection done
Event: 1.476 Loading class java/lang/annotation/ElementType
Event: 1.476 Loading class java/lang/annotation/ElementType done
Event: 1.477 Loading class java/lang/StackWalker$Option
Event: 1.477 Loading class java/lang/StackWalker$Option done
Event: 1.478 Loading class org/codehaus/groovy/reflection/CacheAccessControlException
Event: 1.478 Loading class org/codehaus/groovy/reflection/CacheAccessControlException done
Event: 1.478 Loading class org/codehaus/groovy/runtime/callsite/CallSite
Event: 1.478 Loading class org/codehaus/groovy/runtime/callsite/CallSite done
Event: 1.479 Loading class java/util/ComparableTimSort
Event: 1.480 Loading class java/util/ComparableTimSort done
Event: 1.480 Loading class org/codehaus/groovy/runtime/MetaClassHelper
Event: 1.480 Loading class org/codehaus/groovy/runtime/MetaClassHelper done

Classes unloaded (0 events):
No events

Classes redefined (1 events):
Event: 0.270 Thread 0x0000021e2e336460 redefined class name=java.lang.Throwable, count=1

Internal exceptions (20 events):
Event: 1.159 Thread 0x0000021e11147fb0 Exception <a 'java/lang/IncompatibleClassChangeError'{0x000000008b9aaa10}: Found class java.lang.Object, but interface was expected> (0x000000008b9aaa10) 
thrown [s\open\src\hotspot\share\interpreter\linkResolver.cpp, line 871]
Event: 1.161 Thread 0x0000021e11147fb0 Exception <a 'java/lang/NoSuchMethodError'{0x000000008b9bff98}: 'java.lang.Object java.lang.invoke.DirectMethodHandle$Holder.newInvokeSpecial(java.lang.Object, java.lang.Object, java.lang.Object, java.lang.Object, java.lang.Object, java.lang.Object, java.lang.Object, java.lang.Object, java.lang.Object)'> (0x000000008b9bff98) 
thrown [s\open\src\hotspot\share\interpreter\linkResolver.cpp, line 804]
Event: 1.167 Thread 0x0000021e11147fb0 Exception <a 'java/lang/NoSuchMethodError'{0x000000008b9f6ca8}: 'java.lang.Object java.lang.invoke.DirectMethodHandle$Holder.newInvokeSpecial(java.lang.Object, java.lang.Object, java.lang.Object, java.lang.Object, java.lang.Object, java.lang.Object, java.lang.Object)'> (0x000000008b9f6ca8) 
thrown [s\open\src\hotspot\share\interpreter\linkResolver.cpp, line 804]
Event: 1.177 Thread 0x0000021e11147fb0 Exception <a 'java/lang/NoSuchMethodError'{0x000000008b848470}: 'java.lang.Object java.lang.invoke.DirectMethodHandle$Holder.newInvokeSpecial(java.lang.Object, int, java.lang.Object)'> (0x000000008b848470) 
thrown [s\open\src\hotspot\share\interpreter\linkResolver.cpp, line 804]
Event: 1.183 Thread 0x0000021e11147fb0 Exception <a 'java/lang/NoSuchMethodError'{0x000000008b8a9a40}: 'java.lang.Object java.lang.invoke.DirectMethodHandle$Holder.newInvokeSpecial(java.lang.Object, java.lang.Object, java.lang.Object, java.lang.Object, java.lang.Object)'> (0x000000008b8a9a40) 
thrown [s\open\src\hotspot\share\interpreter\linkResolver.cpp, line 804]
Event: 1.206 Thread 0x0000021e11147fb0 Exception <a 'java/lang/IncompatibleClassChangeError'{0x000000008b781b08}: Found class java.lang.Object, but interface was expected> (0x000000008b781b08) 
thrown [s\open\src\hotspot\share\interpreter\linkResolver.cpp, line 871]
Event: 1.226 Thread 0x0000021e11147fb0 Exception <a 'java/lang/NoSuchMethodError'{0x000000008b6158d0}: 'java.lang.Object java.lang.invoke.DirectMethodHandle$Holder.invokeSpecial(java.lang.Object, java.lang.Object, java.lang.Object, java.lang.Object, long)'> (0x000000008b6158d0) 
thrown [s\open\src\hotspot\share\interpreter\linkResolver.cpp, line 804]
Event: 1.227 Thread 0x0000021e11147fb0 Exception <a 'java/lang/NoSuchMethodError'{0x000000008b626070}: 'java.lang.Object java.lang.invoke.Invokers$Holder.linkToTargetMethod(java.lang.Object, long, java.lang.Object)'> (0x000000008b626070) 
thrown [s\open\src\hotspot\share\interpreter\linkResolver.cpp, line 804]
Event: 1.228 Thread 0x0000021e11147fb0 Exception <a 'java/lang/NoSuchMethodError'{0x000000008b63dc98}: 'java.lang.Object java.lang.invoke.DirectMethodHandle$Holder.newInvokeSpecial(java.lang.Object, java.lang.Object, int, java.lang.Object, java.lang.Object)'> (0x000000008b63dc98) 
thrown [s\open\src\hotspot\share\interpreter\linkResolver.cpp, line 804]
Event: 1.232 Thread 0x0000021e11147fb0 Exception <a 'java/lang/NoSuchMethodError'{0x000000008b685648}: 'java.lang.Object java.lang.invoke.DirectMethodHandle$Holder.invokeStatic(java.lang.Object, java.lang.Object, java.lang.Object, int, java.lang.Object, java.lang.Object)'> (0x000000008b685648) 
thrown [s\open\src\hotspot\share\interpreter\linkResolver.cpp, line 804]
Event: 1.233 Thread 0x0000021e11147fb0 Exception <a 'java/lang/NoSuchMethodError'{0x000000008b696338}: 'java.lang.Object java.lang.invoke.DirectMethodHandle$Holder.newInvokeSpecial(java.lang.Object, java.lang.Object, java.lang.Object, int, java.lang.Object)'> (0x000000008b696338) 
thrown [s\open\src\hotspot\share\interpreter\linkResolver.cpp, line 804]
Event: 1.234 Thread 0x0000021e11147fb0 Exception <a 'java/lang/NoSuchMethodError'{0x000000008b69e6a8}: 'java.lang.Object java.lang.invoke.Invokers$Holder.linkToTargetMethod(java.lang.Object, java.lang.Object, int, java.lang.Object, java.lang.Object)'> (0x000000008b69e6a8) 
thrown [s\open\src\hotspot\share\interpreter\linkResolver.cpp, line 804]
Event: 1.273 Thread 0x0000021e11147fb0 Exception <a 'java/lang/NoSuchMethodError'{0x000000008b5fc998}: 'java.lang.Object java.lang.invoke.DirectMethodHandle$Holder.invokeStatic(java.lang.Object, java.lang.Object, long)'> (0x000000008b5fc998) 
thrown [s\open\src\hotspot\share\interpreter\linkResolver.cpp, line 804]
Event: 1.281 Thread 0x0000021e11147fb0 Exception <a 'java/lang/NoSuchMethodError'{0x000000008b4aff00}: 'java.lang.Object java.lang.invoke.DelegatingMethodHandle$Holder.reinvoke_L(java.lang.Object, java.lang.Object, java.lang.Object, int, java.lang.Object, java.lang.Object)'> (0x000000008b4aff00) 
thrown [s\open\src\hotspot\share\interpreter\linkResolver.cpp, line 804]
Event: 1.299 Thread 0x0000021e11147fb0 Exception <a 'java/lang/NoSuchMethodError'{0x000000008b3820d8}: 'int java.lang.invoke.DirectMethodHandle$Holder.invokeInterface(java.lang.Object, java.lang.Object)'> (0x000000008b3820d8) 
thrown [s\open\src\hotspot\share\interpreter\linkResolver.cpp, line 804]
Event: 1.299 Thread 0x0000021e11147fb0 Exception <a 'java/lang/IncompatibleClassChangeError'{0x000000008b389db0}: Found class java.lang.Object, but interface was expected> (0x000000008b389db0) 
thrown [s\open\src\hotspot\share\interpreter\linkResolver.cpp, line 871]
Event: 1.301 Thread 0x0000021e11147fb0 Exception <a 'java/lang/NoSuchMethodError'{0x000000008b393048}: 'void java.lang.invoke.DirectMethodHandle$Holder.invokeInterface(java.lang.Object, java.lang.Object)'> (0x000000008b393048) 
thrown [s\open\src\hotspot\share\interpreter\linkResolver.cpp, line 804]
Event: 1.324 Thread 0x0000021e11147fb0 Exception <a 'java/lang/IncompatibleClassChangeError'{0x000000008b2873f0}: Found class java.lang.Object, but interface was expected> (0x000000008b2873f0) 
thrown [s\open\src\hotspot\share\interpreter\linkResolver.cpp, line 871]
Event: 1.463 Thread 0x0000021e11147fb0 Exception <a 'java/lang/NoSuchMethodError'{0x000000008aae7678}: 'void java.lang.invoke.DirectMethodHandle$Holder.invokeStaticInit(java.lang.Object, java.lang.Object, java.lang.Object)'> (0x000000008aae7678) 
thrown [s\open\src\hotspot\share\interpreter\linkResolver.cpp, line 804]
Event: 1.464 Thread 0x0000021e11147fb0 Exception <a 'java/lang/NoSuchMethodError'{0x000000008aaf7498}: 'void java.lang.invoke.DirectMethodHandle$Holder.invokeStaticInit(java.lang.Object, java.lang.Object, java.lang.Object, java.lang.Object)'> (0x000000008aaf7498) 
thrown [s\open\src\hotspot\share\interpreter\linkResolver.cpp, line 804]

VM Operations (14 events):
Event: 0.102 Executing non-safepoint VM operation: HandshakeAllThreads (Deoptimize)
Event: 0.102 Executing non-safepoint VM operation: HandshakeAllThreads (Deoptimize) done
Event: 0.269 Executing safepoint VM operation: RedefineClasses
Event: 0.271 Executing safepoint VM operation: RedefineClasses done
Event: 0.426 Executing non-safepoint VM operation: HandshakeAllThreads (Deoptimize)
Event: 0.426 Executing non-safepoint VM operation: HandshakeAllThreads (Deoptimize) done
Event: 0.920 Executing non-safepoint VM operation: HandshakeAllThreads (Deoptimize)
Event: 0.920 Executing non-safepoint VM operation: HandshakeAllThreads (Deoptimize) done
Event: 0.956 Executing non-safepoint VM operation: HandshakeAllThreads (Deoptimize)
Event: 0.956 Executing non-safepoint VM operation: HandshakeAllThreads (Deoptimize) done
Event: 1.267 Executing non-safepoint VM operation: HandshakeAllThreads (Deoptimize)
Event: 1.267 Executing non-safepoint VM operation: HandshakeAllThreads (Deoptimize) done
Event: 1.355 Executing non-safepoint VM operation: HandshakeAllThreads (Deoptimize)
Event: 1.355 Executing non-safepoint VM operation: HandshakeAllThreads (Deoptimize) done

Memory protections (0 events):
No events

Nmethod flushes (0 events):
No events

Events (20 events):
Event: 0.239 Thread 0x0000021e11147fb0 Thread added: 0x0000021e2e56bf00
Event: 0.264 Thread 0x0000021e2e386820 Thread added: 0x0000021e2e386010
Event: 0.272 Thread 0x0000021e11147fb0 Thread added: 0x0000021e2e6f09d0
Event: 0.375 Thread 0x0000021e2e386010 Thread exited: 0x0000021e2e386010
Event: 0.379 Thread 0x0000021e11147fb0 Thread added: 0x0000021e2e951070
Event: 0.379 Thread 0x0000021e11147fb0 Thread added: 0x0000021e2e95f4e0
Event: 0.509 Thread 0x0000021e2e382a30 Thread added: 0x0000021e2e3847e0
Event: 0.898 Thread 0x0000021e2e3847e0 Thread exited: 0x0000021e2e3847e0
Event: 1.181 Thread 0x0000021e2e386820 Thread added: 0x0000021e2e388050
Event: 1.380 Thread 0x0000021e11147fb0 Thread added: 0x0000021e336a49f0
Event: 1.381 Thread 0x0000021e336a49f0 Thread added: 0x0000021e336a8870
Event: 1.381 Thread 0x0000021e336a49f0 Thread added: 0x0000021e336a78d0
Event: 1.382 Thread 0x0000021e11147fb0 Thread added: 0x0000021e336a6160
Event: 1.382 Thread 0x0000021e336a8870 Thread added: 0x0000021e336a9040
Event: 1.382 Thread 0x0000021e336a49f0 Thread added: 0x0000021e336ab750
Event: 1.382 Thread 0x0000021e336a8870 Thread added: 0x0000021e336a80a0
Event: 1.382 Thread 0x0000021e336a6160 Thread added: 0x0000021e336abf20
Event: 1.382 Thread 0x0000021e336a78d0 Thread added: 0x0000021e336aa7b0
Event: 1.382 Thread 0x0000021e11147fb0 Thread added: 0x0000021e2e37ca20
Event: 1.383 Thread 0x0000021e336a49f0 Thread added: 0x0000021e33729ba0


Dynamic libraries:
0x00007ff63e980000 - 0x00007ff63e98e000 	C:\Users\TL\.jdks\openjdk-25\bin\java.exe
0x00007ffe81fe0000 - 0x00007ffe82247000 	C:\WINDOWS\SYSTEM32\ntdll.dll
0x00007ffe81430000 - 0x00007ffe814f9000 	C:\WINDOWS\System32\KERNEL32.DLL
0x00007ffe7f020000 - 0x00007ffe7f411000 	C:\WINDOWS\System32\KERNELBASE.dll
0x00007ffe7ed50000 - 0x00007ffe7ee9b000 	C:\WINDOWS\System32\ucrtbase.dll
0x00007ffe640e0000 - 0x00007ffe640fe000 	C:\Users\TL\.jdks\openjdk-25\bin\VCRUNTIME140.dll
0x00007ffe640c0000 - 0x00007ffe640d7000 	C:\Users\TL\.jdks\openjdk-25\bin\jli.dll
0x00007ffe81510000 - 0x00007ffe816d5000 	C:\WINDOWS\System32\USER32.dll
0x00007ffe7f420000 - 0x00007ffe7f447000 	C:\WINDOWS\System32\win32u.dll
0x00007ffe5c1c0000 - 0x00007ffe5c453000 	C:\WINDOWS\WinSxS\amd64_microsoft.windows.common-controls_6595b64144ccf1df_6.0.26100.8037_none_3e092faae333b53b\COMCTL32.dll
0x00007ffe816e0000 - 0x00007ffe81789000 	C:\WINDOWS\System32\msvcrt.dll
0x00007ffe81980000 - 0x00007ffe819ab000 	C:\WINDOWS\System32\GDI32.dll
0x00007ffe7e8c0000 - 0x00007ffe7e9eb000 	C:\WINDOWS\System32\gdi32full.dll
0x00007ffe7eca0000 - 0x00007ffe7ed43000 	C:\WINDOWS\System32\msvcp_win.dll
0x00007ffe7fd80000 - 0x00007ffe7fdb1000 	C:\WINDOWS\System32\IMM32.DLL
0x00007ffe640b0000 - 0x00007ffe640bc000 	C:\Users\TL\.jdks\openjdk-25\bin\vcruntime140_1.dll
0x00007ffe52770000 - 0x00007ffe527fd000 	C:\Users\TL\.jdks\openjdk-25\bin\msvcp140.dll
0x00007ffd53db0000 - 0x00007ffd54c0f000 	C:\Users\TL\.jdks\openjdk-25\bin\server\jvm.dll
0x00007ffe81370000 - 0x00007ffe8142b000 	C:\WINDOWS\System32\ADVAPI32.dll
0x00007ffe81190000 - 0x00007ffe81237000 	C:\WINDOWS\System32\sechost.dll
0x00007ffe7ff30000 - 0x00007ffe80048000 	C:\WINDOWS\System32\RPCRT4.dll
0x00007ffe81f20000 - 0x00007ffe81f94000 	C:\WINDOWS\System32\WS2_32.dll
0x00007ffe7e740000 - 0x00007ffe7e79e000 	C:\WINDOWS\SYSTEM32\POWRPROF.dll
0x00007ffe75680000 - 0x00007ffe756b5000 	C:\WINDOWS\SYSTEM32\WINMM.dll
0x00007ffe6c040000 - 0x00007ffe6c04b000 	C:\WINDOWS\SYSTEM32\VERSION.dll
0x00007ffe7e720000 - 0x00007ffe7e734000 	C:\WINDOWS\SYSTEM32\UMPDC.dll
0x00007ffe7d650000 - 0x00007ffe7d66b000 	C:\WINDOWS\SYSTEM32\kernel.appcore.dll
0x00007ffe640a0000 - 0x00007ffe640aa000 	C:\Users\TL\.jdks\openjdk-25\bin\jimage.dll
0x00007ffe7c9e0000 - 0x00007ffe7cc22000 	C:\WINDOWS\SYSTEM32\DBGHELP.DLL
0x00007ffe81ae0000 - 0x00007ffe81e62000 	C:\WINDOWS\System32\combase.dll
0x00007ffe810b0000 - 0x00007ffe81187000 	C:\WINDOWS\System32\OLEAUT32.dll
0x00007ffe5b620000 - 0x00007ffe5b65b000 	C:\WINDOWS\SYSTEM32\dbgcore.DLL
0x00007ffe7ea80000 - 0x00007ffe7eb25000 	C:\WINDOWS\System32\bcryptPrimitives.dll
0x00007ffe63eb0000 - 0x00007ffe63ec0000 	C:\Users\TL\.jdks\openjdk-25\bin\instrument.dll
0x00007ffe64080000 - 0x00007ffe6409f000 	C:\Users\TL\.jdks\openjdk-25\bin\java.dll
0x00007ffe80120000 - 0x00007ffe802b5000 	C:\WINDOWS\System32\ole32.dll
0x00007ffe802c0000 - 0x00007ffe80a1f000 	C:\WINDOWS\System32\SHELL32.dll
0x00007ffe7eb30000 - 0x00007ffe7ec9a000 	C:\WINDOWS\System32\wintypes.dll
0x00007ffe63e90000 - 0x00007ffe63ea7000 	C:\Users\TL\.jdks\openjdk-25\bin\zip.dll
0x00007ffe7f510000 - 0x00007ffe7fd74000 	C:\WINDOWS\System32\windows.storage.dll
0x00007ffe80fb0000 - 0x00007ffe810a7000 	C:\WINDOWS\System32\SHCORE.dll
0x00007ffe819b0000 - 0x00007ffe81a17000 	C:\WINDOWS\System32\shlwapi.dll
0x00007ffe7e7e0000 - 0x00007ffe7e809000 	C:\WINDOWS\SYSTEM32\profapi.dll
0x00007ffe63e80000 - 0x00007ffe63e90000 	C:\Users\TL\.jdks\openjdk-25\bin\verify.dll
0x00007ffe59230000 - 0x00007ffe59242000 	C:\Users\TL\.jdks\openjdk-25\bin\net.dll
0x00007ffe7dbc0000 - 0x00007ffe7dc2b000 	C:\WINDOWS\system32\mswsock.dll
0x00007ffe58e50000 - 0x00007ffe58e66000 	C:\Users\TL\.jdks\openjdk-25\bin\nio.dll
0x00007ffe63e30000 - 0x00007ffe63e39000 	C:\Users\TL\.jdks\openjdk-25\bin\extnet.dll
0x00007ffe7deb0000 - 0x00007ffe7decb000 	C:\WINDOWS\SYSTEM32\CRYPTSP.dll
0x00007ffe7d5b0000 - 0x00007ffe7d5e9000 	C:\WINDOWS\system32\rsaenh.dll
0x00007ffe7dc70000 - 0x00007ffe7dca2000 	C:\WINDOWS\SYSTEM32\USERENV.dll
0x00007ffe7e7b0000 - 0x00007ffe7e7da000 	C:\WINDOWS\SYSTEM32\bcrypt.dll
0x00007ffe7dea0000 - 0x00007ffe7deac000 	C:\WINDOWS\SYSTEM32\CRYPTBASE.dll
0x00007ffe7d060000 - 0x00007ffe7d093000 	C:\WINDOWS\SYSTEM32\IPHLPAPI.DLL
0x00007ffe81ef0000 - 0x00007ffe81efa000 	C:\WINDOWS\System32\NSI.dll

JVMTI agents:
C:\Users\TL\AppData\Local\JetBrains\IntelliJIdea2025.2\captureAgent\debugger-agent.jar path:C:\Users\TL\.jdks\openjdk-25\bin\instrument.dll, loaded, initialized, instrumentlib options:file:///C:/Users/TL/AppData/Local/Temp/capture13086688115050686097.props
C:\Program Files\JetBrains\IntelliJ IDEA 2025.2.3\lib\idea_rt.jar path:C:\Users\TL\.jdks\openjdk-25\bin\instrument.dll, loaded, initialized, instrumentlib options:12137

dbghelp: loaded successfully - version: 4.0.5 - missing functions: none
symbol engine: initialized successfully - sym options: 0x614 - pdb path: .;C:\Users\TL\.jdks\openjdk-25\bin;C:\WINDOWS\SYSTEM32;C:\WINDOWS\WinSxS\amd64_microsoft.windows.common-controls_6595b64144ccf1df_6.0.26100.8037_none_3e092faae333b53b;C:\Users\TL\.jdks\openjdk-25\bin\server

VM Arguments:
jvm_args: -javaagent:C:\Users\TL\AppData\Local\JetBrains\IntelliJIdea2025.2\captureAgent\debugger-agent.jar=file:///C:/Users/TL/AppData/Local/Temp/capture13086688115050686097.props -ea -Didea.test.cyclic.buffer.size=1048576 -javaagent:C:\Program Files\JetBrains\IntelliJ IDEA 2025.2.3\lib\idea_rt.jar=12137 -Dkotlinx.coroutines.debug.enable.creation.stack.trace=false -Ddebugger.agent.enable.coroutines=true -Dkotlinx.coroutines.debug.enable.flows.stack.trace=true -Dkotlinx.coroutines.debug.enable.mutable.state.flows.stack.trace=true -Dfile.encoding=UTF-8 -Dsun.stdout.encoding=UTF-8 -Dsun.stderr.encoding=UTF-8 
java_command: com.intellij.rt.testng.RemoteTestNGStarter -usedefaultlisteners false -socket12136 @w@C:\Users\TL\AppData\Local\Temp\idea_working_dirs_testng.tmp -temp C:\Users\TL\AppData\Local\Temp\idea_testng.tmp
java_class_path (initial): C:\Program Files\JetBrains\IntelliJ IDEA 2025.2.3\lib\idea_rt.jar;C:\Program Files\JetBrains\IntelliJ IDEA 2025.2.3\plugins\testng\lib\testng-rt.jar;G:\t\route course\API Testing\RestAssuredProject\target\test-classes;C:\Users\TL\.m2\repository\io\rest-assured\rest-assured\6.0.0\rest-assured-6.0.0.jar;C:\Users\TL\.m2\repository\org\apache\groovy\groovy\5.0.3\groovy-5.0.3.jar;C:\Users\TL\.m2\repository\org\apache\groovy\groovy-xml\5.0.3\groovy-xml-5.0.3.jar;C:\Users\TL\.m2\repository\org\apache\httpcomponents\httpclient\4.5.13\httpclient-4.5.13.jar;C:\Users\TL\.m2\repository\org\apache\httpcomponents\httpcore\4.4.13\httpcore-4.4.13.jar;C:\Users\TL\.m2\repository\commons-logging\commons-logging\1.2\commons-logging-1.2.jar;C:\Users\TL\.m2\repository\commons-codec\commons-codec\1.11\commons-codec-1.11.jar;C:\Users\TL\.m2\repository\org\apache\httpcomponents\httpmime\4.5.13\httpmime-4.5.13.jar;C:\Users\TL\.m2\repository\org\hamcrest\hamcrest\2.2\hamcrest-2.2.jar;C:\Users\TL\.m2\repository\org\ccil\cowan\tagsoup\tagsoup\1.2.1\tagsoup-1.2.1.jar;C:\Users\TL\.m2\repository\io\rest-assured\json-path\6.0.0\json-path-6.0.0.jar;C:\Users\TL\.m2\repository\org\apache\groovy\groovy-json\5.0.3\groovy-json-5.0.3.jar;C:\Users\TL\.m2\repository\io\rest-assured\rest-assured-common\6.0.0\rest-assured-common-6.0.0.jar;C:\Users\TL\.m2\repository\io\rest-assured\xml-path\6.0.0\xml-path-6.0.0.jar;C:\Users\TL\.m2\repository\org\apache\commons\commons-lang3\3.19.0\commons-lang3-3.19.0.jar;C:\Users\TL\.m2\repository\org\testng\testng\7.12.0\testng-7.12.0.jar;C:\Users\TL\.m2\repository\org\slf4j\slf4j-api\2.0.16\slf4j-api-2.0.16.jar;C:\Users\TL\.m2\repository\org\jcommander\jcommander\1.83\jcommander-1.83.jar;C:\Users\TL\.m2\repository\org\webjars\jquery\3.7.1\jquery-3.7.1.jar
Launcher Type: SUN_STANDARD

[Global flags]
     intx CICompilerCount                          = 4                                         {product} {ergonomic}
     uint ConcGCThreads                            = 3                                         {product} {ergonomic}
     uint G1ConcRefinementThreads                  = 10                                        {product} {ergonomic}
   size_t G1HeapRegionSize                         = 1048576                                   {product} {ergonomic}
   size_t InitialHeapSize                          = 130023424                                 {product} {ergonomic}
   size_t MarkStackSize                            = 4194304                                   {product} {ergonomic}
   size_t MarkStackSizeMax                         = 536870912                                 {product} {ergonomic}
   size_t MaxHeapSize                              = 2061500416                                {product} {ergonomic}
   size_t MaxNewSize                               = 1236271104                                {product} {ergonomic}
   size_t MinHeapDeltaBytes                        = 1048576                                   {product} {ergonomic}
   size_t MinHeapSize                              = 8388608                                   {product} {ergonomic}
    uintx NonNMethodCodeHeapSize                   = 5832704                                {pd product} {ergonomic}
    uintx NonProfiledCodeHeapSize                  = 122945536                              {pd product} {ergonomic}
    uintx ProfiledCodeHeapSize                     = 122880000                              {pd product} {ergonomic}
    uintx ReservedCodeCacheSize                    = 251658240                              {pd product} {ergonomic}
     bool SegmentedCodeCache                       = true                                      {product} {ergonomic}
   size_t SoftMaxHeapSize                          = 2061500416                             {manageable} {ergonomic}
     bool UseCompressedOops                        = true                           {product lp64_product} {ergonomic}
     bool UseG1GC                                  = true                                      {product} {ergonomic}
     bool UseLargePagesIndividualAllocation        = false                                  {pd product} {ergonomic}

Logging:
Log output configuration:
 #0: stdout all=warning uptime,level,tags foldmultilines=false
 #1: stderr all=off uptime,level,tags foldmultilines=false

Release file:
IMPLEMENTOR="Oracle Corporation" 
JAVA_RUNTIME_VERSION="25+36-3489" 
JAVA_VERSION="25" 
JAVA_VERSION_DATE="2025-09-16" 
LIBC="default" 
MODULES="java.base java.compiler java.datatransfer java.xml java.prefs java.desktop java.instrument java.logging java.management java.security.sasl java.naming java.rmi java.management.rmi java.net.http java.scripting java.security.jgss java.transaction.xa java.sql java.sql.rowset java.xml.crypto java.se java.smartcardio jdk.accessibility jdk.internal.jvmstat jdk.attach jdk.charsets jdk.internal.opt jdk.zipfs jdk.compiler jdk.crypto.cryptoki jdk.crypto.ec jdk.crypto.mscapi jdk.dynalink jdk.internal.ed jdk.editpad jdk.internal.vm.ci jdk.graal.compiler jdk.graal.compiler.management jdk.hotspot.agent jdk.httpserver jdk.incubator.vector jdk.internal.le jdk.internal.md jdk.jartool jdk.javadoc jdk.jcmd jdk.management jdk.management.agent jdk.jconsole jdk.jdeps jdk.jdwp.agent jdk.jdi jdk.jfr jdk.jlink jdk.jpackage jdk.jshell jdk.jsobject jdk.jstatd jdk.localedata jdk.management.jfr jdk.naming.dns jdk.naming.rmi jdk.net jdk.nio.mapmode jdk.sctp jdk.security.auth jdk.security.jgss jdk.unsupported jdk.unsupported.desktop jdk.xml.dom" 
OS_ARCH="x86_64" 
OS_NAME="Windows" 
SOURCE=".:git:6c48f4ed707b" 

Environment Variables:
JAVA_HOME=C:\java-1.8.0-openjdk-1.8.0.392-1.b08.redhat.windows.x86_64
PATH=C:\WINDOWS\system32;C:\WINDOWS;C:\WINDOWS\System32\Wbem;C:\WINDOWS\System32\WindowsPowerShell\v1.0\;C:\WINDOWS\System32\OpenSSH\;C:\Program Files (x86)\Common Files\Acronis\SnapAPI\;C:\Users\TL\Downloads\i686-8.1.0-release-win32-dwarf-rt_v6-rev0\mingw32\bin;C:\java-17-openjdk-17.0.9.0.9-1.win.x86_64\bin;C:\Program Files (x86)\Microsoft SQL Server\160\Tools\Binn\;C:\Program Files\nodejs\;C:\xampp\php;C:\composer;C:\Program Files\MySQL\MySQL Server 8.0\bin;C:\Program Files\Git\cmd;C:\Users\TL\Downloads\php-8.4.6;C:\Program Files\Microsoft SQL Server\Client SDK\ODBC\170\Tools\Binn\;C:\Program Files\Microsoft SQL Server\160\DTS\Binn\;C:\java-1.8.0-openjdk-1.8.0.392-1.b08.redhat.windows.x86_64\bin;C:\flutter\src\flutter\bin;C:\Users\TL\AppData\Local\Programs\Eclipse Adoptium\jdk-21.0.6.7-hotspot\bin;C:\Users\TL\AppData\Local\Programs\Python\Python312\Scripts\;C:\Users\TL\AppData\Local\Programs\Python\Python312\;C:\Users\TL\AppData\Local\GitHubDesktop\bin;C:\Users\TL\AppData\Roaming\npm;C:\Users\TL\AppData\Roaming\Composer\vendor\bin;C:\Users\TL\AppData\Local\Microsoft\WindowsApps;C:\Users\TL\AppData\Local\Programs\Microsoft VS Code\bin;C:\Users\TL\AppData\local\android\sdk;C:\Users\TL\AppData\local\android\sdk\platform-tools;C:\Program Files\JetBrains\PyCharm 2025.1.1\bin;C:\Program Files\JetBrains\IntelliJ IDEA 2025.2.3\bin;C:\ProgramData\Microsoft\Windows\Start Menu\Programs\Node.js\Node.js.lnk;C:\allure-2.36.0\allure-2.36.0\bin
USERNAME=TL
OS=Windows_NT
PROCESSOR_IDENTIFIER=Intel64 Family 6 Model 154 Stepping 4, GenuineIntel
TMP=C:\Users\TL\AppData\Local\Temp
TEMP=C:\Users\TL\AppData\Local\Temp




Compilation memory statistics disabled.

Periodic native trim disabled

---------------  S Y S T E M  ---------------

OS:
 Windows 11 , 64 bit Build 26100 (10.0.26100.7920)
OS uptime: 14 days 2:31 hours

CPU: total 12 (initial active 12) (12 cores per cpu, 1 threads per core) family 6 model 154 stepping 4 microcode 0x42c, cx8, cmov, fxsr, mmx, 3dnowpref, sse, sse2, sse3, ssse3, sse4.1, sse4.2, popcnt, lzcnt, tsc, tscinvbit, avx, avx2, aes, erms, clmul, bmi1, bmi2, adx, sha, fma, vzeroupper, clflush, clflushopt, clwb, serialize, rdtscp, rdpid, fsrm, gfni, f16c, pku, cet_ibt, cet_ss
Processor Information for processor 0
  Max Mhz: 1300, Current Mhz: 1300, Mhz Limit: 1300
Processor Information for processor 1
  Max Mhz: 1300, Current Mhz: 1300, Mhz Limit: 1300
Processor Information for processor 2
  Max Mhz: 1300, Current Mhz: 1300, Mhz Limit: 1300
Processor Information for processor 3
  Max Mhz: 1300, Current Mhz: 1300, Mhz Limit: 1300
Processor Information for processor 4
  Max Mhz: 1300, Current Mhz: 900, Mhz Limit: 897
Processor Information for processor 5
  Max Mhz: 1300, Current Mhz: 900, Mhz Limit: 897
Processor Information for processor 6
  Max Mhz: 1300, Current Mhz: 900, Mhz Limit: 897
Processor Information for processor 7
  Max Mhz: 1300, Current Mhz: 900, Mhz Limit: 897
Processor Information for processor 8
  Max Mhz: 1300, Current Mhz: 900, Mhz Limit: 897
Processor Information for processor 9
  Max Mhz: 1300, Current Mhz: 900, Mhz Limit: 897
Processor Information for processor 10
  Max Mhz: 1300, Current Mhz: 900, Mhz Limit: 897
Processor Information for processor 11
  Max Mhz: 1300, Current Mhz: 900, Mhz Limit: 897

Memory: 4k page, system-wide physical 7863M (854M free)
TotalPageFile size 16055M (AvailPageFile size 508M)
current process WorkingSet (physical memory assigned to process): 122M, peak: 122M
current process commit charge ("private bytes"): 251M, peak: 251M

vm_info: OpenJDK 64-Bit Server VM (25+36-3489) for windows-amd64 JRE (25+36-3489), built on 2025-08-12T17:19:28Z with unknown MS VC++:1943

END.
