#
# There is insufficient memory for the Java Runtime Environment to continue.
# Native memory allocation (malloc) failed to allocate 1611608 bytes. Error detail: Chunk::new
# Possible reasons:
#   The system is out of physical RAM or swap space
#   This process is running with CompressedOops enabled, and the Java Heap may be blocking the growth of the native heap
# Possible solutions:
#   Reduce memory load on the system
#   Increase physical memory or swap space
#   Check if swap backing store is full
#   Decrease Java heap size (-Xmx/-Xms)
#   Decrease number of Java threads
#   Decrease Java thread stack sizes (-Xss)
#   Set larger code cache with -XX:ReservedCodeCacheSize=
#   JVM is running with Unscaled Compressed Oops mode in which the Java heap is
#     placed in the first 4GB address space. The Java Heap base address is the
#     maximum limit for the native heap growth. Please use -XX:HeapBaseMinAddress
#     to set the Java Heap base and to place the Java Heap above 4GB virtual address.
# This output file may be truncated or incomplete.
#
#  Out of Memory Error (arena.cpp:186), pid=27080, tid=21048
#
# JRE version: OpenJDK Runtime Environment (25.0+36) (build 25+36-3489)
# Java VM: OpenJDK 64-Bit Server VM (25+36-3489, mixed mode, sharing, tiered, compressed oops, compressed class ptrs, g1 gc, windows-amd64)
# No core dump will be written. Minidumps are not enabled by default on client versions of Windows
#

---------------  S U M M A R Y ------------

Command Line: -javaagent:C:\Users\TL\AppData\Local\JetBrains\IntelliJIdea2025.2\captureAgent\debugger-agent.jar=file:///C:/Users/TL/AppData/Local/Temp/capture9637656732112045982.props -ea -Didea.test.cyclic.buffer.size=1048576 -javaagent:C:\Program Files\JetBrains\IntelliJ IDEA 2025.2.3\lib\idea_rt.jar=3150 -Dkotlinx.coroutines.debug.enable.creation.stack.trace=false -Ddebugger.agent.enable.coroutines=true -Dkotlinx.coroutines.debug.enable.flows.stack.trace=true -Dkotlinx.coroutines.debug.enable.mutable.state.flows.stack.trace=true -Dfile.encoding=UTF-8 -Dsun.stdout.encoding=UTF-8 -Dsun.stderr.encoding=UTF-8 com.intellij.rt.testng.RemoteTestNGStarter -usedefaultlisteners false -socket3149 @w@C:\Users\TL\AppData\Local\Temp\idea_working_dirs_testng.tmp -temp C:\Users\TL\AppData\Local\Temp\idea_testng.tmp

Host: 12th Gen Intel(R) Core(TM) i5-1235U, 12 cores, 7G,  Windows 11 , 64 bit Build 26100 (10.0.26100.7920)
Time: Mon Mar 30 16:57:35 2026 Egypt Standard Time elapsed time: 3.100527 seconds (0d 0h 0m 3s)

---------------  T H R E A D  ---------------

Current thread (0x000002b3ffe8f090):  JavaThread "C2 CompilerThread0" daemon [_thread_in_native, id=21048, stack(0x000000d39c500000,0x000000d39c600000) (1024K)]


Current CompileTask:
C2:3100 2023 %     4       java.util.jar.Manifest$FastInputStream::readLine @ 86 (296 bytes)

Stack: [0x000000d39c500000,0x000000d39c600000]
Native frames: (J=compiled Java code, j=interpreted, Vv=VM code, C=native code)
V  [jvm.dll+0x7a6a39]  (no source info available)
V  [jvm.dll+0x7727ed]  (no source info available)
V  [jvm.dll+0x965f33]  (no source info available)
V  [jvm.dll+0x968531]  (no source info available)
V  [jvm.dll+0x968c33]  (no source info available)
V  [jvm.dll+0x2fc756]  (no source info available)
V  [jvm.dll+0x111b26]  (no source info available)
V  [jvm.dll+0x111e4e]  (no source info available)
V  [jvm.dll+0x1a0a22]  (no source info available)
V  [jvm.dll+0x3b53c2]  (no source info available)
V  [jvm.dll+0x7ac3cf]  (no source info available)
V  [jvm.dll+0x2c0ac7]  (no source info available)
V  [jvm.dll+0x2bfa8f]  (no source info available)
V  [jvm.dll+0x237b60]  (no source info available)
V  [jvm.dll+0x2cfb56]  (no source info available)
V  [jvm.dll+0x2cddd5]  (no source info available)
V  [jvm.dll+0x48e671]  (no source info available)
V  [jvm.dll+0x90681d]  (no source info available)
V  [jvm.dll+0x7a5015]  (no source info available)
C  [ucrtbase.dll+0x37b0]  (no source info available)
C  [KERNEL32.DLL+0x2e8d7]  (no source info available)
C  [ntdll.dll+0x8c48c]  (no source info available)

Lock stack of current Java thread (top to bottom):


---------------  P R O C E S S  ---------------

Threads class SMR info:
_java_thread_list=0x000002b3960e8140, length=26, elements={
0x000002b3f3c83fe0, 0x000002b3ffe78bb0, 0x000002b3ffe7a190, 0x000002b3ffe7d910,
0x000002b3ffe7fa90, 0x000002b3ffe83ed0, 0x000002b3ffe8a600, 0x000002b3ffe8f090,
0x000002b3ffecc500, 0x000002b3951ab520, 0x000002b39520d180, 0x000002b3953b83e0,
0x000002b3953be310, 0x000002b395d14cb0, 0x000002b395d15480, 0x000002b395d125a0,
0x000002b395d16420, 0x000002b395d16bf0, 0x000002b395d13d10, 0x000002b395d13540,
0x000002b395d173c0, 0x000002b395d18b30, 0x000002b395d17b90, 0x000002b395d18360,
0x000002b3961cf500, 0x000002b3967c0670
}

Java Threads: ( => current thread )
  0x000002b3f3c83fe0 JavaThread "main"                              [_thread_in_native, id=5412, stack(0x000000d39b700000,0x000000d39b800000) (1024K)]
  0x000002b3ffe78bb0 JavaThread "Reference Handler"          daemon [_thread_blocked, id=19440, stack(0x000000d39bf00000,0x000000d39c000000) (1024K)]
  0x000002b3ffe7a190 JavaThread "Finalizer"                  daemon [_thread_blocked, id=30332, stack(0x000000d39c000000,0x000000d39c100000) (1024K)]
  0x000002b3ffe7d910 JavaThread "Signal Dispatcher"          daemon [_thread_blocked, id=24280, stack(0x000000d39c100000,0x000000d39c200000) (1024K)]
  0x000002b3ffe7fa90 JavaThread "Attach Listener"            daemon [_thread_blocked, id=3532, stack(0x000000d39c200000,0x000000d39c300000) (1024K)]
  0x000002b3ffe83ed0 JavaThread "Service Thread"             daemon [_thread_blocked, id=24212, stack(0x000000d39c300000,0x000000d39c400000) (1024K)]
  0x000002b3ffe8a600 JavaThread "Monitor Deflation Thread"   daemon [_thread_blocked, id=19840, stack(0x000000d39c400000,0x000000d39c500000) (1024K)]
=>0x000002b3ffe8f090 JavaThread "C2 CompilerThread0"         daemon [_thread_in_native, id=21048, stack(0x000000d39c500000,0x000000d39c600000) (1024K)]
  0x000002b3ffecc500 JavaThread "C1 CompilerThread0"         daemon [_thread_blocked, id=2520, stack(0x000000d39c600000,0x000000d39c700000) (1024K)]
  0x000002b3951ab520 JavaThread "Common-Cleaner"             daemon [_thread_blocked, id=23944, stack(0x000000d39c800000,0x000000d39c900000) (1024K)]
  0x000002b39520d180 JavaThread "IntelliJ Suspend Helper"    daemon [_thread_blocked, id=5760, stack(0x000000d39c900000,0x000000d39ca00000) (1024K)]
  0x000002b3953b83e0 JavaThread "Monitor Ctrl-Break"         daemon [_thread_in_native, id=28708, stack(0x000000d39ca00000,0x000000d39cb00000) (1024K)]
  0x000002b3953be310 JavaThread "Notification Thread"        daemon [_thread_blocked, id=20428, stack(0x000000d39cb00000,0x000000d39cc00000) (1024K)]
  0x000002b395d14cb0 JavaThread "ForkJoinPool.commonPool-worker-1" daemon [_thread_blocked, id=28520, stack(0x000000d39c700000,0x000000d39c800000) (1024K)]
  0x000002b395d15480 JavaThread "ForkJoinPool.commonPool-worker-2" daemon [_thread_blocked, id=2172, stack(0x000000d39cc00000,0x000000d39cd00000) (1024K)]
  0x000002b395d125a0 JavaThread "ForkJoinPool.commonPool-worker-3" daemon [_thread_blocked, id=3676, stack(0x000000d39cd00000,0x000000d39ce00000) (1024K)]
  0x000002b395d16420 JavaThread "ForkJoinPool.commonPool-worker-4" daemon [_thread_blocked, id=10640, stack(0x000000d39ce00000,0x000000d39cf00000) (1024K)]
  0x000002b395d16bf0 JavaThread "ForkJoinPool.commonPool-worker-5" daemon [_thread_blocked, id=10248, stack(0x000000d39cf00000,0x000000d39d000000) (1024K)]
  0x000002b395d13d10 JavaThread "ForkJoinPool.commonPool-worker-6" daemon [_thread_blocked, id=9652, stack(0x000000d39d000000,0x000000d39d100000) (1024K)]
  0x000002b395d13540 JavaThread "ForkJoinPool.commonPool-worker-7" daemon [_thread_blocked, id=29612, stack(0x000000d39d100000,0x000000d39d200000) (1024K)]
  0x000002b395d173c0 JavaThread "ForkJoinPool.commonPool-worker-8" daemon [_thread_blocked, id=28912, stack(0x000000d39d200000,0x000000d39d300000) (1024K)]
  0x000002b395d18b30 JavaThread "ForkJoinPool.commonPool-worker-9" daemon [_thread_blocked, id=23672, stack(0x000000d39d300000,0x000000d39d400000) (1024K)]
  0x000002b395d17b90 JavaThread "ForkJoinPool.commonPool-worker-10" daemon [_thread_blocked, id=28764, stack(0x000000d39d400000,0x000000d39d500000) (1024K)]
  0x000002b395d18360 JavaThread "ForkJoinPool.commonPool-worker-11" daemon [_thread_blocked, id=11100, stack(0x000000d39d500000,0x000000d39d600000) (1024K)]
  0x000002b3961cf500 JavaThread "PIC-Cleaner"                daemon [_thread_blocked, id=24260, stack(0x000000d39d600000,0x000000d39d700000) (1024K)]
  0x000002b3967c0670 JavaThread "C2 CompilerThread1"         daemon [_thread_in_native, id=10864, stack(0x000000d39de00000,0x000000d39df00000) (1024K)]
Total: 26

Other Threads:
  0x000002b3ffe67f90 VMThread "VM Thread"                           [id=6936, stack(0x000000d39be00000,0x000000d39bf00000) (1024K)]
  0x000002b3ffe593f0 WatcherThread "VM Periodic Task Thread"        [id=18528, stack(0x000000d39bd00000,0x000000d39be00000) (1024K)]
  0x000002b3f3cdd430 WorkerThread "GC Thread#0"                     [id=19476, stack(0x000000d39b800000,0x000000d39b900000) (1024K)]
  0x000002b396869dd0 WorkerThread "GC Thread#1"                     [id=26324, stack(0x000000d39d700000,0x000000d39d800000) (1024K)]
  0x000002b39686b360 WorkerThread "GC Thread#2"                     [id=20240, stack(0x000000d39d800000,0x000000d39d900000) (1024K)]
  0x000002b39686aac0 WorkerThread "GC Thread#3"                     [id=3436, stack(0x000000d39d900000,0x000000d39da00000) (1024K)]
  0x000002b39686af10 WorkerThread "GC Thread#4"                     [id=776, stack(0x000000d39da00000,0x000000d39db00000) (1024K)]
  0x000002b39686bc00 WorkerThread "GC Thread#5"                     [id=8324, stack(0x000000d39db00000,0x000000d39dc00000) (1024K)]
  0x000002b3968690e0 WorkerThread "GC Thread#6"                     [id=4420, stack(0x000000d39dc00000,0x000000d39dd00000) (1024K)]
  0x000002b39686c050 WorkerThread "GC Thread#7"                     [id=13500, stack(0x000000d39dd00000,0x000000d39de00000) (1024K)]
  0x000002b3f3cf55a0 ConcurrentGCThread "G1 Main Marker"            [id=2288, stack(0x000000d39b900000,0x000000d39ba00000) (1024K)]
  0x000002b3f3cf8050 WorkerThread "G1 Conc#0"                       [id=24748, stack(0x000000d39ba00000,0x000000d39bb00000) (1024K)]
  0x000002b3ffd24d70 ConcurrentGCThread "G1 Refine#0"               [id=18120, stack(0x000000d39bb00000,0x000000d39bc00000) (1024K)]
  0x000002b3ffd27640 ConcurrentGCThread "G1 Service"                [id=24804, stack(0x000000d39bc00000,0x000000d39bd00000) (1024K)]
Total: 14

Threads with active compile tasks:
C2 CompilerThread0  4214 2023 %     4       java.util.jar.Manifest$FastInputStream::readLine @ 86 (296 bytes)
C2 CompilerThread1  4214 2127       4       jdk.internal.classfile.impl.StackMapGenerator::processBlock (2767 bytes)
Total: 2

VM state: not at safepoint (normal execution)

VM Mutex/Monitor currently owned by a thread: None

Heap address: 0x0000000085200000, size: 1966 MB, Compressed Oops mode: 32-bit

CDS archive(s) mapped at: [0x000000003a000000-0x000000003add0000-0x000000003add0000), size 14483456, SharedBaseAddress: 0x000000003a000000, ArchiveRelocationMode: 1.
Compressed class space mapped at: 0x000000003b000000-0x000000007b000000, reserved size: 1073741824
UseCompressedClassPointers 1, UseCompactObjectHeaders 0
Narrow klass pointer bits 32, Max shift 3
Narrow klass base: 0x000000003a000000, Narrow klass shift: 0
Encoding Range: [0x000000003a000000 - 0x000000013a000000), (4294967296 bytes)
Klass Range:    [0x000000003a010000 - 0x000000007b000000), (1090453504 bytes)
Klass ID Range:  [65536 - 1090519033) (1090453497)
Protection zone: [0x000000003a000000 - 0x000000003a010000), (65536 bytes)

GC Precious Log:
 CardTable entry size: 512
 Card Set container configuration: InlinePtr #cards 5 size 8 Array Of Cards #cards 10 size 36 Howl #buckets 4 coarsen threshold 1843 Howl Bitmap #cards 512 size 80 coarsen threshold 460 Card regions per heap region 1 cards per card region 2048
 CPUs: 12 total, 12 available
 Memory: 7863M
 Large Page Support: Disabled
 NUMA Support: Disabled
 Compressed Oops: Enabled (32-bit)
 Heap Region Size: 1M
 Heap Min Capacity: 8M
 Heap Initial Capacity: 124M
 Heap Max Capacity: 1966M
 Pre-touch: Disabled
 Parallel Workers: 10
 Concurrent Workers: 3
 Concurrent Refinement Workers: 10
 Periodic GC: Disabled

Heap:
 garbage-first heap   total reserved 2013184K, committed 129024K, used 8979K [0x0000000085200000, 0x0000000100000000)
  region size 1024K, 9 young (9216K), 6 survivors (6144K)

Heap Regions: E=young(eden), S=young(survivor), O=old, HS=humongous(starts), HC=humongous(continues), CS=collection set, F=free, TAMS=top-at-mark-start, PB=parsable bottom
|   0|0x0000000085200000, 0x0000000085200000, 0x0000000085300000|  0%| F|  |TAMS 0x0000000085200000| PB 0x0000000085200000| Untracked |  0
|   1|0x0000000085300000, 0x0000000085300000, 0x0000000085400000|  0%| F|  |TAMS 0x0000000085300000| PB 0x0000000085300000| Untracked |  0
|   2|0x0000000085400000, 0x0000000085400000, 0x0000000085500000|  0%| F|  |TAMS 0x0000000085400000| PB 0x0000000085400000| Untracked |  0
|   3|0x0000000085500000, 0x0000000085500000, 0x0000000085600000|  0%| F|  |TAMS 0x0000000085500000| PB 0x0000000085500000| Untracked |  0
|   4|0x0000000085600000, 0x0000000085600000, 0x0000000085700000|  0%| F|  |TAMS 0x0000000085600000| PB 0x0000000085600000| Untracked |  0
|   5|0x0000000085700000, 0x0000000085700000, 0x0000000085800000|  0%| F|  |TAMS 0x0000000085700000| PB 0x0000000085700000| Untracked |  0
|   6|0x0000000085800000, 0x0000000085800000, 0x0000000085900000|  0%| F|  |TAMS 0x0000000085800000| PB 0x0000000085800000| Untracked |  0
|   7|0x0000000085900000, 0x0000000085900000, 0x0000000085a00000|  0%| F|  |TAMS 0x0000000085900000| PB 0x0000000085900000| Untracked |  0
|   8|0x0000000085a00000, 0x0000000085a00000, 0x0000000085b00000|  0%| F|  |TAMS 0x0000000085a00000| PB 0x0000000085a00000| Untracked |  0
|   9|0x0000000085b00000, 0x0000000085b00000, 0x0000000085c00000|  0%| F|  |TAMS 0x0000000085b00000| PB 0x0000000085b00000| Untracked |  0
|  10|0x0000000085c00000, 0x0000000085c00000, 0x0000000085d00000|  0%| F|  |TAMS 0x0000000085c00000| PB 0x0000000085c00000| Untracked |  0
|  11|0x0000000085d00000, 0x0000000085d00000, 0x0000000085e00000|  0%| F|  |TAMS 0x0000000085d00000| PB 0x0000000085d00000| Untracked |  0
|  12|0x0000000085e00000, 0x0000000085e00000, 0x0000000085f00000|  0%| F|  |TAMS 0x0000000085e00000| PB 0x0000000085e00000| Untracked |  0
|  13|0x0000000085f00000, 0x0000000085f00000, 0x0000000086000000|  0%| F|  |TAMS 0x0000000085f00000| PB 0x0000000085f00000| Untracked |  0
|  14|0x0000000086000000, 0x0000000086000000, 0x0000000086100000|  0%| F|  |TAMS 0x0000000086000000| PB 0x0000000086000000| Untracked |  0
|  15|0x0000000086100000, 0x0000000086100000, 0x0000000086200000|  0%| F|  |TAMS 0x0000000086100000| PB 0x0000000086100000| Untracked |  0
|  16|0x0000000086200000, 0x0000000086200000, 0x0000000086300000|  0%| F|  |TAMS 0x0000000086200000| PB 0x0000000086200000| Untracked |  0
|  17|0x0000000086300000, 0x0000000086300000, 0x0000000086400000|  0%| F|  |TAMS 0x0000000086300000| PB 0x0000000086300000| Untracked |  0
|  18|0x0000000086400000, 0x0000000086400000, 0x0000000086500000|  0%| F|  |TAMS 0x0000000086400000| PB 0x0000000086400000| Untracked |  0
|  19|0x0000000086500000, 0x0000000086500000, 0x0000000086600000|  0%| F|  |TAMS 0x0000000086500000| PB 0x0000000086500000| Untracked |  0
|  20|0x0000000086600000, 0x0000000086600000, 0x0000000086700000|  0%| F|  |TAMS 0x0000000086600000| PB 0x0000000086600000| Untracked |  0
|  21|0x0000000086700000, 0x0000000086700000, 0x0000000086800000|  0%| F|  |TAMS 0x0000000086700000| PB 0x0000000086700000| Untracked |  0
|  22|0x0000000086800000, 0x0000000086800000, 0x0000000086900000|  0%| F|  |TAMS 0x0000000086800000| PB 0x0000000086800000| Untracked |  0
|  23|0x0000000086900000, 0x0000000086900000, 0x0000000086a00000|  0%| F|  |TAMS 0x0000000086900000| PB 0x0000000086900000| Untracked |  0
|  24|0x0000000086a00000, 0x0000000086a00000, 0x0000000086b00000|  0%| F|  |TAMS 0x0000000086a00000| PB 0x0000000086a00000| Untracked |  0
|  25|0x0000000086b00000, 0x0000000086b00000, 0x0000000086c00000|  0%| F|  |TAMS 0x0000000086b00000| PB 0x0000000086b00000| Untracked |  0
|  26|0x0000000086c00000, 0x0000000086c00000, 0x0000000086d00000|  0%| F|  |TAMS 0x0000000086c00000| PB 0x0000000086c00000| Untracked |  0
|  27|0x0000000086d00000, 0x0000000086d00000, 0x0000000086e00000|  0%| F|  |TAMS 0x0000000086d00000| PB 0x0000000086d00000| Untracked |  0
|  28|0x0000000086e00000, 0x0000000086e00000, 0x0000000086f00000|  0%| F|  |TAMS 0x0000000086e00000| PB 0x0000000086e00000| Untracked |  0
|  29|0x0000000086f00000, 0x0000000086f00000, 0x0000000087000000|  0%| F|  |TAMS 0x0000000086f00000| PB 0x0000000086f00000| Untracked |  0
|  30|0x0000000087000000, 0x0000000087000000, 0x0000000087100000|  0%| F|  |TAMS 0x0000000087000000| PB 0x0000000087000000| Untracked |  0
|  31|0x0000000087100000, 0x0000000087100000, 0x0000000087200000|  0%| F|  |TAMS 0x0000000087100000| PB 0x0000000087100000| Untracked |  0
|  32|0x0000000087200000, 0x0000000087200000, 0x0000000087300000|  0%| F|  |TAMS 0x0000000087200000| PB 0x0000000087200000| Untracked |  0
|  33|0x0000000087300000, 0x0000000087300000, 0x0000000087400000|  0%| F|  |TAMS 0x0000000087300000| PB 0x0000000087300000| Untracked |  0
|  34|0x0000000087400000, 0x0000000087400000, 0x0000000087500000|  0%| F|  |TAMS 0x0000000087400000| PB 0x0000000087400000| Untracked |  0
|  35|0x0000000087500000, 0x0000000087500000, 0x0000000087600000|  0%| F|  |TAMS 0x0000000087500000| PB 0x0000000087500000| Untracked |  0
|  36|0x0000000087600000, 0x0000000087600000, 0x0000000087700000|  0%| F|  |TAMS 0x0000000087600000| PB 0x0000000087600000| Untracked |  0
|  37|0x0000000087700000, 0x0000000087700000, 0x0000000087800000|  0%| F|  |TAMS 0x0000000087700000| PB 0x0000000087700000| Untracked |  0
|  38|0x0000000087800000, 0x0000000087800000, 0x0000000087900000|  0%| F|  |TAMS 0x0000000087800000| PB 0x0000000087800000| Untracked |  0
|  39|0x0000000087900000, 0x0000000087900000, 0x0000000087a00000|  0%| F|  |TAMS 0x0000000087900000| PB 0x0000000087900000| Untracked |  0
|  40|0x0000000087a00000, 0x0000000087a00000, 0x0000000087b00000|  0%| F|  |TAMS 0x0000000087a00000| PB 0x0000000087a00000| Untracked |  0
|  41|0x0000000087b00000, 0x0000000087b00000, 0x0000000087c00000|  0%| F|  |TAMS 0x0000000087b00000| PB 0x0000000087b00000| Untracked |  0
|  42|0x0000000087c00000, 0x0000000087c00000, 0x0000000087d00000|  0%| F|  |TAMS 0x0000000087c00000| PB 0x0000000087c00000| Untracked |  0
|  43|0x0000000087d00000, 0x0000000087d00000, 0x0000000087e00000|  0%| F|  |TAMS 0x0000000087d00000| PB 0x0000000087d00000| Untracked |  0
|  44|0x0000000087e00000, 0x0000000087e00000, 0x0000000087f00000|  0%| F|  |TAMS 0x0000000087e00000| PB 0x0000000087e00000| Untracked |  0
|  45|0x0000000087f00000, 0x0000000087f00000, 0x0000000088000000|  0%| F|  |TAMS 0x0000000087f00000| PB 0x0000000087f00000| Untracked |  0
|  46|0x0000000088000000, 0x0000000088000000, 0x0000000088100000|  0%| F|  |TAMS 0x0000000088000000| PB 0x0000000088000000| Untracked |  0
|  47|0x0000000088100000, 0x0000000088100000, 0x0000000088200000|  0%| F|  |TAMS 0x0000000088100000| PB 0x0000000088100000| Untracked |  0
|  48|0x0000000088200000, 0x0000000088200000, 0x0000000088300000|  0%| F|  |TAMS 0x0000000088200000| PB 0x0000000088200000| Untracked |  0
|  49|0x0000000088300000, 0x0000000088300000, 0x0000000088400000|  0%| F|  |TAMS 0x0000000088300000| PB 0x0000000088300000| Untracked |  0
|  50|0x0000000088400000, 0x0000000088400000, 0x0000000088500000|  0%| F|  |TAMS 0x0000000088400000| PB 0x0000000088400000| Untracked |  0
|  51|0x0000000088500000, 0x0000000088500000, 0x0000000088600000|  0%| F|  |TAMS 0x0000000088500000| PB 0x0000000088500000| Untracked |  0
|  52|0x0000000088600000, 0x0000000088600000, 0x0000000088700000|  0%| F|  |TAMS 0x0000000088600000| PB 0x0000000088600000| Untracked |  0
|  53|0x0000000088700000, 0x0000000088700000, 0x0000000088800000|  0%| F|  |TAMS 0x0000000088700000| PB 0x0000000088700000| Untracked |  0
|  54|0x0000000088800000, 0x0000000088800000, 0x0000000088900000|  0%| F|  |TAMS 0x0000000088800000| PB 0x0000000088800000| Untracked |  0
|  55|0x0000000088900000, 0x0000000088900000, 0x0000000088a00000|  0%| F|  |TAMS 0x0000000088900000| PB 0x0000000088900000| Untracked |  0
|  56|0x0000000088a00000, 0x0000000088a00000, 0x0000000088b00000|  0%| F|  |TAMS 0x0000000088a00000| PB 0x0000000088a00000| Untracked |  0
|  57|0x0000000088b00000, 0x0000000088b00000, 0x0000000088c00000|  0%| F|  |TAMS 0x0000000088b00000| PB 0x0000000088b00000| Untracked |  0
|  58|0x0000000088c00000, 0x0000000088c00000, 0x0000000088d00000|  0%| F|  |TAMS 0x0000000088c00000| PB 0x0000000088c00000| Untracked |  0
|  59|0x0000000088d00000, 0x0000000088d00000, 0x0000000088e00000|  0%| F|  |TAMS 0x0000000088d00000| PB 0x0000000088d00000| Untracked |  0
|  60|0x0000000088e00000, 0x0000000088e00000, 0x0000000088f00000|  0%| F|  |TAMS 0x0000000088e00000| PB 0x0000000088e00000| Untracked |  0
|  61|0x0000000088f00000, 0x0000000088f00000, 0x0000000089000000|  0%| F|  |TAMS 0x0000000088f00000| PB 0x0000000088f00000| Untracked |  0
|  62|0x0000000089000000, 0x0000000089000000, 0x0000000089100000|  0%| F|  |TAMS 0x0000000089000000| PB 0x0000000089000000| Untracked |  0
|  63|0x0000000089100000, 0x0000000089100000, 0x0000000089200000|  0%| F|  |TAMS 0x0000000089100000| PB 0x0000000089100000| Untracked |  0
|  64|0x0000000089200000, 0x0000000089200000, 0x0000000089300000|  0%| F|  |TAMS 0x0000000089200000| PB 0x0000000089200000| Untracked |  0
|  65|0x0000000089300000, 0x0000000089300000, 0x0000000089400000|  0%| F|  |TAMS 0x0000000089300000| PB 0x0000000089300000| Untracked |  0
|  66|0x0000000089400000, 0x0000000089400000, 0x0000000089500000|  0%| F|  |TAMS 0x0000000089400000| PB 0x0000000089400000| Untracked |  0
|  67|0x0000000089500000, 0x0000000089500000, 0x0000000089600000|  0%| F|  |TAMS 0x0000000089500000| PB 0x0000000089500000| Untracked |  0
|  68|0x0000000089600000, 0x0000000089600000, 0x0000000089700000|  0%| F|  |TAMS 0x0000000089600000| PB 0x0000000089600000| Untracked |  0
|  69|0x0000000089700000, 0x0000000089700000, 0x0000000089800000|  0%| F|  |TAMS 0x0000000089700000| PB 0x0000000089700000| Untracked |  0
|  70|0x0000000089800000, 0x0000000089800000, 0x0000000089900000|  0%| F|  |TAMS 0x0000000089800000| PB 0x0000000089800000| Untracked |  0
|  71|0x0000000089900000, 0x000000008999fff0, 0x0000000089a00000| 62%| S|CS|TAMS 0x0000000089900000| PB 0x0000000089900000| Complete |  0
|  72|0x0000000089a00000, 0x0000000089b00000, 0x0000000089b00000|100%| S|CS|TAMS 0x0000000089a00000| PB 0x0000000089a00000| Complete |  0
|  73|0x0000000089b00000, 0x0000000089c00000, 0x0000000089c00000|100%| S|CS|TAMS 0x0000000089b00000| PB 0x0000000089b00000| Complete |  0
|  74|0x0000000089c00000, 0x0000000089d00000, 0x0000000089d00000|100%| S|CS|TAMS 0x0000000089c00000| PB 0x0000000089c00000| Complete |  0
|  75|0x0000000089d00000, 0x0000000089e00000, 0x0000000089e00000|100%| S|CS|TAMS 0x0000000089d00000| PB 0x0000000089d00000| Complete |  0
|  76|0x0000000089e00000, 0x0000000089f00000, 0x0000000089f00000|100%| S|CS|TAMS 0x0000000089e00000| PB 0x0000000089e00000| Complete |  0
|  77|0x0000000089f00000, 0x0000000089f00000, 0x000000008a000000|  0%| F|  |TAMS 0x0000000089f00000| PB 0x0000000089f00000| Untracked |  0
|  78|0x000000008a000000, 0x000000008a000000, 0x000000008a100000|  0%| F|  |TAMS 0x000000008a000000| PB 0x000000008a000000| Untracked |  0
|  79|0x000000008a100000, 0x000000008a100000, 0x000000008a200000|  0%| F|  |TAMS 0x000000008a100000| PB 0x000000008a100000| Untracked |  0
|  80|0x000000008a200000, 0x000000008a200000, 0x000000008a300000|  0%| F|  |TAMS 0x000000008a200000| PB 0x000000008a200000| Untracked |  0
|  81|0x000000008a300000, 0x000000008a300000, 0x000000008a400000|  0%| F|  |TAMS 0x000000008a300000| PB 0x000000008a300000| Untracked |  0
|  82|0x000000008a400000, 0x000000008a400000, 0x000000008a500000|  0%| F|  |TAMS 0x000000008a400000| PB 0x000000008a400000| Untracked |  0
|  83|0x000000008a500000, 0x000000008a500000, 0x000000008a600000|  0%| F|  |TAMS 0x000000008a500000| PB 0x000000008a500000| Untracked |  0
|  84|0x000000008a600000, 0x000000008a600000, 0x000000008a700000|  0%| F|  |TAMS 0x000000008a600000| PB 0x000000008a600000| Untracked |  0
|  85|0x000000008a700000, 0x000000008a700000, 0x000000008a800000|  0%| F|  |TAMS 0x000000008a700000| PB 0x000000008a700000| Untracked |  0
|  86|0x000000008a800000, 0x000000008a800000, 0x000000008a900000|  0%| F|  |TAMS 0x000000008a800000| PB 0x000000008a800000| Untracked |  0
|  87|0x000000008a900000, 0x000000008a900000, 0x000000008aa00000|  0%| F|  |TAMS 0x000000008a900000| PB 0x000000008a900000| Untracked |  0
|  88|0x000000008aa00000, 0x000000008aa00000, 0x000000008ab00000|  0%| F|  |TAMS 0x000000008aa00000| PB 0x000000008aa00000| Untracked |  0
|  89|0x000000008ab00000, 0x000000008ab00000, 0x000000008ac00000|  0%| F|  |TAMS 0x000000008ab00000| PB 0x000000008ab00000| Untracked |  0
|  90|0x000000008ac00000, 0x000000008ac00000, 0x000000008ad00000|  0%| F|  |TAMS 0x000000008ac00000| PB 0x000000008ac00000| Untracked |  0
|  91|0x000000008ad00000, 0x000000008ad00000, 0x000000008ae00000|  0%| F|  |TAMS 0x000000008ad00000| PB 0x000000008ad00000| Untracked |  0
|  92|0x000000008ae00000, 0x000000008ae00000, 0x000000008af00000|  0%| F|  |TAMS 0x000000008ae00000| PB 0x000000008ae00000| Untracked |  0
|  93|0x000000008af00000, 0x000000008af00000, 0x000000008b000000|  0%| F|  |TAMS 0x000000008af00000| PB 0x000000008af00000| Untracked |  0
|  94|0x000000008b000000, 0x000000008b000000, 0x000000008b100000|  0%| F|  |TAMS 0x000000008b000000| PB 0x000000008b000000| Untracked |  0
|  95|0x000000008b100000, 0x000000008b100000, 0x000000008b200000|  0%| F|  |TAMS 0x000000008b100000| PB 0x000000008b100000| Untracked |  0
|  96|0x000000008b200000, 0x000000008b200000, 0x000000008b300000|  0%| F|  |TAMS 0x000000008b200000| PB 0x000000008b200000| Untracked |  0
|  97|0x000000008b300000, 0x000000008b300000, 0x000000008b400000|  0%| F|  |TAMS 0x000000008b300000| PB 0x000000008b300000| Untracked |  0
|  98|0x000000008b400000, 0x000000008b400000, 0x000000008b500000|  0%| F|  |TAMS 0x000000008b400000| PB 0x000000008b400000| Untracked |  0
|  99|0x000000008b500000, 0x000000008b500000, 0x000000008b600000|  0%| F|  |TAMS 0x000000008b500000| PB 0x000000008b500000| Untracked |  0
| 100|0x000000008b600000, 0x000000008b600000, 0x000000008b700000|  0%| F|  |TAMS 0x000000008b600000| PB 0x000000008b600000| Untracked |  0
| 101|0x000000008b700000, 0x000000008b700000, 0x000000008b800000|  0%| F|  |TAMS 0x000000008b700000| PB 0x000000008b700000| Untracked |  0
| 102|0x000000008b800000, 0x000000008b800000, 0x000000008b900000|  0%| F|  |TAMS 0x000000008b800000| PB 0x000000008b800000| Untracked |  0
| 103|0x000000008b900000, 0x000000008b900000, 0x000000008ba00000|  0%| F|  |TAMS 0x000000008b900000| PB 0x000000008b900000| Untracked |  0
| 104|0x000000008ba00000, 0x000000008ba00000, 0x000000008bb00000|  0%| F|  |TAMS 0x000000008ba00000| PB 0x000000008ba00000| Untracked |  0
| 105|0x000000008bb00000, 0x000000008bb00000, 0x000000008bc00000|  0%| F|  |TAMS 0x000000008bb00000| PB 0x000000008bb00000| Untracked |  0
| 106|0x000000008bc00000, 0x000000008bc00000, 0x000000008bd00000|  0%| F|  |TAMS 0x000000008bc00000| PB 0x000000008bc00000| Untracked |  0
| 107|0x000000008bd00000, 0x000000008bd00000, 0x000000008be00000|  0%| F|  |TAMS 0x000000008bd00000| PB 0x000000008bd00000| Untracked |  0
| 108|0x000000008be00000, 0x000000008be00000, 0x000000008bf00000|  0%| F|  |TAMS 0x000000008be00000| PB 0x000000008be00000| Untracked |  0
| 109|0x000000008bf00000, 0x000000008bf00000, 0x000000008c000000|  0%| F|  |TAMS 0x000000008bf00000| PB 0x000000008bf00000| Untracked |  0
| 110|0x000000008c000000, 0x000000008c000000, 0x000000008c100000|  0%| F|  |TAMS 0x000000008c000000| PB 0x000000008c000000| Untracked |  0
| 111|0x000000008c100000, 0x000000008c100000, 0x000000008c200000|  0%| F|  |TAMS 0x000000008c100000| PB 0x000000008c100000| Untracked |  0
| 112|0x000000008c200000, 0x000000008c200000, 0x000000008c300000|  0%| F|  |TAMS 0x000000008c200000| PB 0x000000008c200000| Untracked |  0
| 113|0x000000008c300000, 0x000000008c300000, 0x000000008c400000|  0%| F|  |TAMS 0x000000008c300000| PB 0x000000008c300000| Untracked |  0
| 114|0x000000008c400000, 0x000000008c400000, 0x000000008c500000|  0%| F|  |TAMS 0x000000008c400000| PB 0x000000008c400000| Untracked |  0
| 115|0x000000008c500000, 0x000000008c500000, 0x000000008c600000|  0%| F|  |TAMS 0x000000008c500000| PB 0x000000008c500000| Untracked |  0
| 116|0x000000008c600000, 0x000000008c600000, 0x000000008c700000|  0%| F|  |TAMS 0x000000008c600000| PB 0x000000008c600000| Untracked |  0
| 117|0x000000008c700000, 0x000000008c700000, 0x000000008c800000|  0%| F|  |TAMS 0x000000008c700000| PB 0x000000008c700000| Untracked |  0
| 118|0x000000008c800000, 0x000000008c800000, 0x000000008c900000|  0%| F|  |TAMS 0x000000008c800000| PB 0x000000008c800000| Untracked |  0
| 119|0x000000008c900000, 0x000000008c900000, 0x000000008ca00000|  0%| F|  |TAMS 0x000000008c900000| PB 0x000000008c900000| Untracked |  0
| 120|0x000000008ca00000, 0x000000008ca00000, 0x000000008cb00000|  0%| F|  |TAMS 0x000000008ca00000| PB 0x000000008ca00000| Untracked |  0
| 121|0x000000008cb00000, 0x000000008cb80000, 0x000000008cc00000| 50%| E|  |TAMS 0x000000008cb00000| PB 0x000000008cb00000| Complete |  0
| 122|0x000000008cc00000, 0x000000008cd00000, 0x000000008cd00000|100%| E|CS|TAMS 0x000000008cc00000| PB 0x000000008cc00000| Complete |  0
| 123|0x000000008cd00000, 0x000000008ce00000, 0x000000008ce00000|100%| E|CS|TAMS 0x000000008cd00000| PB 0x000000008cd00000| Complete |  0
|1964|0x00000000ffe00000, 0x00000000fff00000, 0x00000000fff00000|100%| O|  |TAMS 0x00000000ffe00000| PB 0x00000000ffe00000| Untracked |  0
|1965|0x00000000fff00000, 0x00000000fff24e30, 0x0000000100000000| 14%| O|  |TAMS 0x00000000fff00000| PB 0x00000000fff00000| Untracked |  0

Card table byte_map: [0x000002b3fcf40000,0x000002b3fd320000] _byte_map_base: 0x000002b3fcb17000

Marking Bits: (CMBitMap*) 0x000002b3f3cddbc0
 Bits: [0x000002b3fd320000, 0x000002b3ff1d8000)

Polling page: 0x000002b3f1c80000

Metaspace:
Metaspace        used 17508K, committed 17792K, reserved 1114112K
 class space     used 1524K, committed 1664K, reserved 1048576K

Usage:
  Non-class:     15.61 MB used.
      Class:      1.49 MB used.
       Both:     17.10 MB used.

Virtual space:
  Non-class space:       64.00 MB reserved,      15.75 MB ( 25%) committed,  1 nodes.
      Class space:        1.00 GB reserved,       1.62 MB ( <1%) committed,  1 nodes.
             Both:        1.06 GB reserved,      17.38 MB (  2%) committed. 

Chunk freelists:
   Non-Class:  15.97 MB
       Class:  14.32 MB
        Both:  30.29 MB

MaxMetaspaceSize: unlimited
CompressedClassSpaceSize: 1.00 GB
Initial GC threshold: 21.00 MB
Current GC threshold: 21.00 MB
CDS: on
 - commit_granule_bytes: 65536.
 - commit_granule_words: 8192.
 - virtual_space_node_default_size: 8388608.
 - enlarge_chunks_in_place: 1.
UseCompressedClassPointers 1, UseCompactObjectHeaders 0
Narrow klass pointer bits 32, Max shift 3
Narrow klass base: 0x000000003a000000, Narrow klass shift: 0
Encoding Range: [0x000000003a000000 - 0x000000013a000000), (4294967296 bytes)
Klass Range:    [0x000000003a010000 - 0x000000007b000000), (1090453504 bytes)
Klass ID Range:  [65536 - 1090519033) (1090453497)
Protection zone: [0x000000003a000000 - 0x000000003a010000), (65536 bytes)


Internal statistics:

num_allocs_failed_limit: 0.
num_arena_births: 240.
num_arena_deaths: 0.
num_vsnodes_births: 2.
num_vsnodes_deaths: 0.
num_space_committed: 278.
num_space_uncommitted: 0.
num_chunks_returned_to_freelist: 0.
num_chunks_taken_from_freelist: 534.
num_chunk_merges: 0.
num_chunk_splits: 351.
num_chunks_enlarged: 239.
num_inconsistent_stats: 0.

CodeHeap 'non-profiled nmethods': size=120064Kb used=539Kb max_used=539Kb free=119524Kb
 bounds [0x000002b387ac0000, 0x000002b387d30000, 0x000002b38f000000]
CodeHeap 'profiled nmethods': size=120000Kb used=3249Kb max_used=3249Kb free=116750Kb
 bounds [0x000002b380000000, 0x000002b380330000, 0x000002b387530000]
CodeHeap 'non-nmethods': size=5696Kb used=1800Kb max_used=1811Kb free=3896Kb
 bounds [0x000002b387530000, 0x000002b3877a0000, 0x000002b387ac0000]
CodeCache: size=245760Kb, used=5588Kb, max_used=5599Kb, free=240170Kb
 total_blobs=2785, nmethods=2140, adapters=547, full_count=0
Compilation: enabled, stopped_count=0, restarted_count=0

Compilation events (20 events):
Event: 2.066 Thread 0x000002b3ffecc500 nmethod 2018 0x000002b3802fa288 code [0x000002b3802fa380, 0x000002b3802fbba0]
Event: 2.066 Thread 0x000002b3ffecc500 2017       3       java.util.LinkedList$ListItr::checkForComodification (23 bytes)
Event: 2.067 Thread 0x000002b3ffecc500 nmethod 2017 0x000002b3802fbc08 code [0x000002b3802fbd00, 0x000002b3802fbf18]
Event: 2.067 Thread 0x000002b3ffecc500 2016       3       jdk.internal.classfile.impl.BufWriterImpl::writeIndexOrZero (10 bytes)
Event: 2.067 Thread 0x000002b3ffecc500 nmethod 2016 0x000002b3802fbf88 code [0x000002b3802fc080, 0x000002b3802fc6f8]
Event: 2.067 Thread 0x000002b3ffecc500 2015       3       java.lang.classfile.Attributes::stackMapTable (4 bytes)
Event: 2.067 Thread 0x000002b3ffecc500 nmethod 2015 0x000002b3802fc708 code [0x000002b3802fc800, 0x000002b3802fc8f0]
Event: 2.070 Thread 0x000002b3ffecc500 2019       3       java.util.jar.Attributes$Name::hash (148 bytes)
Event: 2.071 Thread 0x000002b3ffecc500 nmethod 2019 0x000002b3802fca08 code [0x000002b3802fcb00, 0x000002b3802fd8d8]
Event: 2.082 Thread 0x000002b3ffecc500 2020       3       java.lang.Character$UnicodeBlock::<init> (17 bytes)
Event: 2.082 Thread 0x000002b3ffecc500 nmethod 2020 0x000002b3802fd908 code [0x000002b3802fda00, 0x000002b3802fde38]
Event: 2.082 Thread 0x000002b3ffecc500 2021       3       java.lang.Character$Subset::<init> (24 bytes)
Event: 2.082 Thread 0x000002b3ffecc500 nmethod 2021 0x000002b3802fde88 code [0x000002b3802fdf80, 0x000002b3802fe238]
Event: 2.087 Thread 0x000002b3ffe8f090 2023 %     4       java.util.jar.Manifest$FastInputStream::readLine @ 86 (296 bytes)
Event: 2.088 Thread 0x000002b3ffecc500 2024       3       java.util.jar.Attributes::putValue (13 bytes)
Event: 2.088 Thread 0x000002b3ffecc500 nmethod 2024 0x000002b3802fe288 code [0x000002b3802fe380, 0x000002b3802febb8]
Event: 2.088 Thread 0x000002b3ffecc500 2025       3       java.util.jar.Attributes$Name::of (28 bytes)
Event: 2.088 Thread 0x000002b3ffecc500 nmethod 2025 0x000002b3802fec08 code [0x000002b3802fed00, 0x000002b3802ff2c0]
Event: 2.088 Thread 0x000002b3ffecc500 2026       3       java.util.jar.Attributes::put (18 bytes)
Event: 2.088 Thread 0x000002b3ffecc500 nmethod 2026 0x000002b3802ff308 code [0x000002b3802ff400, 0x000002b3802ff768]

GC Heap Usage History (0 events):
No events

Metaspace Usage History (0 events):
No events

Dll operation events (9 events):
Event: 0.025 Loaded shared library C:\Users\TL\.jdks\openjdk-25\bin\java.dll
Event: 0.029 Loaded shared library C:\Users\TL\.jdks\openjdk-25\bin\zip.dll
Event: 0.204 Loaded shared library C:\Users\TL\.jdks\openjdk-25\bin\instrument.dll
Event: 0.251 Loaded shared library C:\Users\TL\.jdks\openjdk-25\bin\verify.dll
Event: 0.345 Loaded shared library C:\Users\TL\.jdks\openjdk-25\bin\net.dll
Event: 0.348 Loaded shared library C:\Users\TL\.jdks\openjdk-25\bin\nio.dll
Event: 0.393 Loaded shared library C:\Users\TL\.jdks\openjdk-25\bin\zip.dll
Event: 0.502 Loaded shared library C:\Users\TL\.jdks\openjdk-25\bin\extnet.dll
Event: 0.620 Loaded shared library C:\Users\TL\.jdks\openjdk-25\bin\jimage.dll

Deoptimization events (20 events):
Event: 1.674 Thread 0x000002b3f3c83fe0 DEOPT PACKING pc=0x000002b380062b70 sp=0x000000d39b7fcad0
Event: 1.674 Thread 0x000002b3f3c83fe0 DEOPT UNPACKING pc=0x000002b387581702 sp=0x000000d39b7fbf08 mode 0
Event: 1.675 Thread 0x000002b3f3c83fe0 DEOPT PACKING pc=0x000002b380062b70 sp=0x000000d39b7fcad0
Event: 1.675 Thread 0x000002b3f3c83fe0 DEOPT UNPACKING pc=0x000002b387581702 sp=0x000000d39b7fbf08 mode 0
Event: 1.905 Thread 0x000002b3f3c83fe0 Uncommon trap: trap_request=0xffffffc6 fr.pc=0x000002b387b30604 relative=0x0000000000000104
Event: 1.905 Thread 0x000002b3f3c83fe0 Uncommon trap: reason=bimorphic_or_optimized_type_check action=maybe_recompile pc=0x000002b387b30604 method=java.util.stream.MatchOps$1MatchSink.accept(Ljava/lang/Object;)V @ 12 c2
Event: 1.905 Thread 0x000002b3f3c83fe0 DEOPT PACKING pc=0x000002b387b30604 sp=0x000000d39b7fb190
Event: 1.905 Thread 0x000002b3f3c83fe0 DEOPT UNPACKING pc=0x000002b387645e02 sp=0x000000d39b7fb128 mode 2
Event: 1.905 Thread 0x000002b3f3c83fe0 Uncommon trap: trap_request=0xffffffc6 fr.pc=0x000002b387b30604 relative=0x0000000000000104
Event: 1.905 Thread 0x000002b3f3c83fe0 Uncommon trap: reason=bimorphic_or_optimized_type_check action=maybe_recompile pc=0x000002b387b30604 method=java.util.stream.MatchOps$1MatchSink.accept(Ljava/lang/Object;)V @ 12 c2
Event: 1.905 Thread 0x000002b3f3c83fe0 DEOPT PACKING pc=0x000002b387b30604 sp=0x000000d39b7fb190
Event: 1.905 Thread 0x000002b3f3c83fe0 DEOPT UNPACKING pc=0x000002b387645e02 sp=0x000000d39b7fb128 mode 2
Event: 2.011 Thread 0x000002b3f3c83fe0 Uncommon trap: trap_request=0xffffffde fr.pc=0x000002b387b322ec relative=0x000000000000076c
Event: 2.011 Thread 0x000002b3f3c83fe0 Uncommon trap: reason=class_check action=maybe_recompile pc=0x000002b387b322ec method=java.util.HashMap.putVal(ILjava/lang/Object;Ljava/lang/Object;ZZ)Ljava/lang/Object; @ 203 c2
Event: 2.011 Thread 0x000002b3f3c83fe0 DEOPT PACKING pc=0x000002b387b322ec sp=0x000000d39b7fc800
Event: 2.011 Thread 0x000002b3f3c83fe0 DEOPT UNPACKING pc=0x000002b387645e02 sp=0x000000d39b7fc718 mode 2
Event: 2.011 Thread 0x000002b3f3c83fe0 Uncommon trap: trap_request=0xffffffde fr.pc=0x000002b387b322ec relative=0x000000000000076c
Event: 2.011 Thread 0x000002b3f3c83fe0 Uncommon trap: reason=class_check action=maybe_recompile pc=0x000002b387b322ec method=java.util.HashMap.putVal(ILjava/lang/Object;Ljava/lang/Object;ZZ)Ljava/lang/Object; @ 203 c2
Event: 2.011 Thread 0x000002b3f3c83fe0 DEOPT PACKING pc=0x000002b387b322ec sp=0x000000d39b7fc800
Event: 2.011 Thread 0x000002b3f3c83fe0 DEOPT UNPACKING pc=0x000002b387645e02 sp=0x000000d39b7fc718 mode 2

Classes loaded (20 events):
Event: 2.095 Loading class java/security/KeyException done
Event: 2.095 Loading class java/security/KeyManagementException done
Event: 2.095 Loading class java/security/UnrecoverableKeyException
Event: 2.095 Loading class java/security/UnrecoverableEntryException
Event: 2.095 Loading class java/security/UnrecoverableEntryException done
Event: 2.095 Loading class java/security/UnrecoverableKeyException done
Event: 2.095 Loading class java/security/KeyStoreException
Event: 2.095 Loading class java/security/KeyStoreException done
Event: 2.095 Loading class java/security/KeyStore
Event: 2.096 Loading class java/security/KeyStore done
Event: 2.096 Loading class org/apache/http/conn/ssl/SSLSocketFactory
Event: 2.096 Loading class org/apache/http/conn/ssl/SSLSocketFactory done
Event: 2.097 Loading class org/apache/http/conn/socket/LayeredConnectionSocketFactory
Event: 2.097 Loading class org/apache/http/conn/socket/LayeredConnectionSocketFactory done
Event: 2.097 Loading class org/apache/http/conn/socket/ConnectionSocketFactory
Event: 2.097 Loading class org/apache/http/conn/socket/ConnectionSocketFactory done
Event: 2.098 Loading class org/apache/http/conn/scheme/SchemeLayeredSocketFactory
Event: 2.098 Loading class org/apache/http/conn/scheme/SchemeLayeredSocketFactory done
Event: 3.097 Loading class org/apache/http/conn/scheme/SchemeSocketFactory
Event: 3.097 Loading class org/apache/http/conn/scheme/SchemeSocketFactory done

Classes unloaded (0 events):
No events

Classes redefined (1 events):
Event: 0.277 Thread 0x000002b3ffe67f90 redefined class name=java.lang.Throwable, count=1

Internal exceptions (20 events):
Event: 1.360 Thread 0x000002b3f3c83fe0 Exception <a 'java/lang/NoSuchMethodError'{0x000000008b64cee8}: 'java.lang.Object java.lang.invoke.DirectMethodHandle$Holder.newInvokeSpecial(java.lang.Object, java.lang.Object, int, java.lang.Object, java.lang.Object)'> (0x000000008b64cee8) 
thrown [s\open\src\hotspot\share\interpreter\linkResolver.cpp, line 804]
Event: 1.370 Thread 0x000002b3f3c83fe0 Exception <a 'java/lang/NoSuchMethodError'{0x000000008b695b58}: 'java.lang.Object java.lang.invoke.DirectMethodHandle$Holder.invokeStatic(java.lang.Object, java.lang.Object, java.lang.Object, int, java.lang.Object, java.lang.Object)'> (0x000000008b695b58) 
thrown [s\open\src\hotspot\share\interpreter\linkResolver.cpp, line 804]
Event: 1.372 Thread 0x000002b3f3c83fe0 Exception <a 'java/lang/NoSuchMethodError'{0x000000008b6a6848}: 'java.lang.Object java.lang.invoke.DirectMethodHandle$Holder.newInvokeSpecial(java.lang.Object, java.lang.Object, java.lang.Object, int, java.lang.Object)'> (0x000000008b6a6848) 
thrown [s\open\src\hotspot\share\interpreter\linkResolver.cpp, line 804]
Event: 1.373 Thread 0x000002b3f3c83fe0 Exception <a 'java/lang/NoSuchMethodError'{0x000000008b6aebb8}: 'java.lang.Object java.lang.invoke.Invokers$Holder.linkToTargetMethod(java.lang.Object, java.lang.Object, int, java.lang.Object, java.lang.Object)'> (0x000000008b6aebb8) 
thrown [s\open\src\hotspot\share\interpreter\linkResolver.cpp, line 804]
Event: 1.431 Thread 0x000002b3f3c83fe0 Exception <a 'java/lang/NoSuchMethodError'{0x000000008b40feb0}: 'java.lang.Object java.lang.invoke.DirectMethodHandle$Holder.invokeStatic(java.lang.Object, java.lang.Object, long)'> (0x000000008b40feb0) 
thrown [s\open\src\hotspot\share\interpreter\linkResolver.cpp, line 804]
Event: 1.461 Thread 0x000002b3f3c83fe0 Exception <a 'java/lang/NoSuchMethodError'{0x000000008b4c0838}: 'java.lang.Object java.lang.invoke.DelegatingMethodHandle$Holder.reinvoke_L(java.lang.Object, java.lang.Object, java.lang.Object, int, java.lang.Object, java.lang.Object)'> (0x000000008b4c0838) 
thrown [s\open\src\hotspot\share\interpreter\linkResolver.cpp, line 804]
Event: 1.499 Thread 0x000002b3f3c83fe0 Exception <a 'java/lang/NoSuchMethodError'{0x000000008b391e38}: 'int java.lang.invoke.DirectMethodHandle$Holder.invokeInterface(java.lang.Object, java.lang.Object)'> (0x000000008b391e38) 
thrown [s\open\src\hotspot\share\interpreter\linkResolver.cpp, line 804]
Event: 1.501 Thread 0x000002b3f3c83fe0 Exception <a 'java/lang/IncompatibleClassChangeError'{0x000000008b399b10}: Found class java.lang.Object, but interface was expected> (0x000000008b399b10) 
thrown [s\open\src\hotspot\share\interpreter\linkResolver.cpp, line 871]
Event: 1.504 Thread 0x000002b3f3c83fe0 Exception <a 'java/lang/NoSuchMethodError'{0x000000008b3a2da8}: 'void java.lang.invoke.DirectMethodHandle$Holder.invokeInterface(java.lang.Object, java.lang.Object)'> (0x000000008b3a2da8) 
thrown [s\open\src\hotspot\share\interpreter\linkResolver.cpp, line 804]
Event: 1.553 Thread 0x000002b3f3c83fe0 Exception <a 'java/lang/IncompatibleClassChangeError'{0x000000008b299730}: Found class java.lang.Object, but interface was expected> (0x000000008b299730) 
thrown [s\open\src\hotspot\share\interpreter\linkResolver.cpp, line 871]
Event: 1.759 Thread 0x000002b3f3c83fe0 Exception <a 'java/lang/NoSuchMethodError'{0x000000008aa933a8}: 'void java.lang.invoke.DirectMethodHandle$Holder.invokeStaticInit(java.lang.Object, java.lang.Object, java.lang.Object)'> (0x000000008aa933a8) 
thrown [s\open\src\hotspot\share\interpreter\linkResolver.cpp, line 804]
Event: 1.760 Thread 0x000002b3f3c83fe0 Exception <a 'java/lang/NoSuchMethodError'{0x000000008aaa31c8}: 'void java.lang.invoke.DirectMethodHandle$Holder.invokeStaticInit(java.lang.Object, java.lang.Object, java.lang.Object, java.lang.Object)'> (0x000000008aaa31c8) 
thrown [s\open\src\hotspot\share\interpreter\linkResolver.cpp, line 804]
Event: 1.990 Thread 0x000002b3f3c83fe0 Exception <a 'java/lang/ClassNotFoundException'{0x000000008a35ec00}: groovy/lang/ExpandoMetaClassBeanInfo> (0x000000008a35ec00) 
thrown [s\open\src\hotspot\share\classfile\systemDictionary.cpp, line 327]
Event: 1.990 Thread 0x000002b3f3c83fe0 Exception <a 'java/lang/ClassNotFoundException'{0x000000008a3607a8}: groovy/lang/MetaClassImplBeanInfo> (0x000000008a3607a8) 
thrown [s\open\src\hotspot\share\classfile\systemDictionary.cpp, line 327]
Event: 1.990 Thread 0x000002b3f3c83fe0 Exception <a 'java/lang/ClassNotFoundException'{0x000000008a3614d0}: java/lang/ObjectBeanInfo> (0x000000008a3614d0) 
thrown [s\open\src\hotspot\share\classfile\systemDictionary.cpp, line 327]
Event: 1.991 Thread 0x000002b3f3c83fe0 Exception <a 'java/lang/ClassNotFoundException'{0x000000008a3633d0}: java/lang/ObjectCustomizer> (0x000000008a3633d0) 
thrown [s\open\src\hotspot\share\classfile\systemDictionary.cpp, line 327]
Event: 2.006 Thread 0x000002b3f3c83fe0 Exception <a 'java/lang/ClassNotFoundException'{0x000000008a3a2580}: groovy/lang/MetaClassImplCustomizer> (0x000000008a3a2580) 
thrown [s\open\src\hotspot\share\classfile\systemDictionary.cpp, line 327]
Event: 2.010 Thread 0x000002b3f3c83fe0 Exception <a 'java/lang/ClassNotFoundException'{0x000000008a3c6fa0}: groovy/lang/ExpandoMetaClassCustomizer> (0x000000008a3c6fa0) 
thrown [s\open\src\hotspot\share\classfile\systemDictionary.cpp, line 327]
Event: 2.056 Thread 0x000002b3f3c83fe0 Exception <a 'java/lang/ClassNotFoundException'{0x000000008a108448}: io/restassured/authentication/NoAuthSchemeBeanInfo> (0x000000008a108448) 
thrown [s\open\src\hotspot\share\classfile\systemDictionary.cpp, line 327]
Event: 2.057 Thread 0x000002b3f3c83fe0 Exception <a 'java/lang/ClassNotFoundException'{0x000000008a10a110}: io/restassured/authentication/NoAuthSchemeCustomizer> (0x000000008a10a110) 
thrown [s\open\src\hotspot\share\classfile\systemDictionary.cpp, line 327]

VM Operations (14 events):
Event: 0.179 Executing non-safepoint VM operation: HandshakeAllThreads (Deoptimize)
Event: 0.179 Executing non-safepoint VM operation: HandshakeAllThreads (Deoptimize) done
Event: 0.276 Executing safepoint VM operation: RedefineClasses
Event: 0.278 Executing safepoint VM operation: RedefineClasses done
Event: 0.447 Executing non-safepoint VM operation: HandshakeAllThreads (Deoptimize)
Event: 0.447 Executing non-safepoint VM operation: HandshakeAllThreads (Deoptimize) done
Event: 0.997 Executing non-safepoint VM operation: HandshakeAllThreads (Deoptimize)
Event: 0.997 Executing non-safepoint VM operation: HandshakeAllThreads (Deoptimize) done
Event: 1.032 Executing non-safepoint VM operation: HandshakeAllThreads (Deoptimize)
Event: 1.032 Executing non-safepoint VM operation: HandshakeAllThreads (Deoptimize) done
Event: 1.421 Executing non-safepoint VM operation: HandshakeAllThreads (Deoptimize)
Event: 1.422 Executing non-safepoint VM operation: HandshakeAllThreads (Deoptimize) done
Event: 1.609 Executing non-safepoint VM operation: HandshakeAllThreads (Deoptimize)
Event: 1.609 Executing non-safepoint VM operation: HandshakeAllThreads (Deoptimize) done

Memory protections (0 events):
No events

Nmethod flushes (0 events):
No events

Events (20 events):
Event: 0.192 Thread 0x000002b3ffecc500 Thread added: 0x000002b395131e50
Event: 0.238 Thread 0x000002b3f3c83fe0 Thread added: 0x000002b3951ab520
Event: 0.282 Thread 0x000002b3f3c83fe0 Thread added: 0x000002b39520d180
Event: 0.400 Thread 0x000002b3f3c83fe0 Thread added: 0x000002b3953b83e0
Event: 0.400 Thread 0x000002b3f3c83fe0 Thread added: 0x000002b3953be310
Event: 0.503 Thread 0x000002b395131e50 Thread exited: 0x000002b395131e50
Event: 0.546 Thread 0x000002b3ffe8f090 Thread added: 0x000002b395542db0
Event: 1.426 Thread 0x000002b395542db0 Thread exited: 0x000002b395542db0
Event: 1.650 Thread 0x000002b3f3c83fe0 Thread added: 0x000002b395d14cb0
Event: 1.651 Thread 0x000002b395d14cb0 Thread added: 0x000002b395d15480
Event: 1.651 Thread 0x000002b395d14cb0 Thread added: 0x000002b395d125a0
Event: 1.651 Thread 0x000002b3f3c83fe0 Thread added: 0x000002b395d16420
Event: 1.651 Thread 0x000002b395d14cb0 Thread added: 0x000002b395d16bf0
Event: 1.653 Thread 0x000002b395d14cb0 Thread added: 0x000002b395d13d10
Event: 1.653 Thread 0x000002b395d15480 Thread added: 0x000002b395d13540
Event: 1.653 Thread 0x000002b3f3c83fe0 Thread added: 0x000002b395d173c0
Event: 1.654 Thread 0x000002b3f3c83fe0 Thread added: 0x000002b395d18b30
Event: 1.654 Thread 0x000002b3f3c83fe0 Thread added: 0x000002b395d17b90
Event: 1.655 Thread 0x000002b3f3c83fe0 Thread added: 0x000002b395d18360
Event: 1.681 Thread 0x000002b3ffecc500 Thread added: 0x000002b39631c430


Dynamic libraries:
0x00007ff76f6e0000 - 0x00007ff76f6ee000 	C:\Users\TL\.jdks\openjdk-25\bin\java.exe
0x00007ffe81fe0000 - 0x00007ffe82247000 	C:\WINDOWS\SYSTEM32\ntdll.dll
0x00007ffe81430000 - 0x00007ffe814f9000 	C:\WINDOWS\System32\KERNEL32.DLL
0x00007ffe7f020000 - 0x00007ffe7f411000 	C:\WINDOWS\System32\KERNELBASE.dll
0x00007ffe7ed50000 - 0x00007ffe7ee9b000 	C:\WINDOWS\System32\ucrtbase.dll
0x00007ffe59230000 - 0x00007ffe5924e000 	C:\Users\TL\.jdks\openjdk-25\bin\VCRUNTIME140.dll
0x00007ffe63e80000 - 0x00007ffe63e97000 	C:\Users\TL\.jdks\openjdk-25\bin\jli.dll
0x00007ffe81510000 - 0x00007ffe816d5000 	C:\WINDOWS\System32\USER32.dll
0x00007ffe7f420000 - 0x00007ffe7f447000 	C:\WINDOWS\System32\win32u.dll
0x00007ffe5c1c0000 - 0x00007ffe5c453000 	C:\WINDOWS\WinSxS\amd64_microsoft.windows.common-controls_6595b64144ccf1df_6.0.26100.8037_none_3e092faae333b53b\COMCTL32.dll
0x00007ffe81980000 - 0x00007ffe819ab000 	C:\WINDOWS\System32\GDI32.dll
0x00007ffe816e0000 - 0x00007ffe81789000 	C:\WINDOWS\System32\msvcrt.dll
0x00007ffe7e8c0000 - 0x00007ffe7e9eb000 	C:\WINDOWS\System32\gdi32full.dll
0x00007ffe7eca0000 - 0x00007ffe7ed43000 	C:\WINDOWS\System32\msvcp_win.dll
0x00007ffe7fd80000 - 0x00007ffe7fdb1000 	C:\WINDOWS\System32\IMM32.DLL
0x00007ffe71b20000 - 0x00007ffe71b2c000 	C:\Users\TL\.jdks\openjdk-25\bin\vcruntime140_1.dll
0x00007ffe52250000 - 0x00007ffe522dd000 	C:\Users\TL\.jdks\openjdk-25\bin\msvcp140.dll
0x00007ffd53db0000 - 0x00007ffd54c0f000 	C:\Users\TL\.jdks\openjdk-25\bin\server\jvm.dll
0x00007ffe81370000 - 0x00007ffe8142b000 	C:\WINDOWS\System32\ADVAPI32.dll
0x00007ffe81190000 - 0x00007ffe81237000 	C:\WINDOWS\System32\sechost.dll
0x00007ffe7ff30000 - 0x00007ffe80048000 	C:\WINDOWS\System32\RPCRT4.dll
0x00007ffe81f20000 - 0x00007ffe81f94000 	C:\WINDOWS\System32\WS2_32.dll
0x00007ffe75680000 - 0x00007ffe756b5000 	C:\WINDOWS\SYSTEM32\WINMM.dll
0x00007ffe6c040000 - 0x00007ffe6c04b000 	C:\WINDOWS\SYSTEM32\VERSION.dll
0x00007ffe7e740000 - 0x00007ffe7e79e000 	C:\WINDOWS\SYSTEM32\POWRPROF.dll
0x00007ffe7e720000 - 0x00007ffe7e734000 	C:\WINDOWS\SYSTEM32\UMPDC.dll
0x00007ffe7d650000 - 0x00007ffe7d66b000 	C:\WINDOWS\SYSTEM32\kernel.appcore.dll
0x00007ffe63e50000 - 0x00007ffe63e5a000 	C:\Users\TL\.jdks\openjdk-25\bin\jimage.dll
0x00007ffe7c9e0000 - 0x00007ffe7cc22000 	C:\WINDOWS\SYSTEM32\DBGHELP.DLL
0x00007ffe81ae0000 - 0x00007ffe81e62000 	C:\WINDOWS\System32\combase.dll
0x00007ffe810b0000 - 0x00007ffe81187000 	C:\WINDOWS\System32\OLEAUT32.dll
0x00007ffe5b620000 - 0x00007ffe5b65b000 	C:\WINDOWS\SYSTEM32\dbgcore.DLL
0x00007ffe7ea80000 - 0x00007ffe7eb25000 	C:\WINDOWS\System32\bcryptPrimitives.dll
0x00007ffe63e30000 - 0x00007ffe63e40000 	C:\Users\TL\.jdks\openjdk-25\bin\instrument.dll
0x00007ffe58e50000 - 0x00007ffe58e6f000 	C:\Users\TL\.jdks\openjdk-25\bin\java.dll
0x00007ffe80120000 - 0x00007ffe802b5000 	C:\WINDOWS\System32\ole32.dll
0x00007ffe802c0000 - 0x00007ffe80a1f000 	C:\WINDOWS\System32\SHELL32.dll
0x00007ffe7eb30000 - 0x00007ffe7ec9a000 	C:\WINDOWS\System32\wintypes.dll
0x00007ffe58e30000 - 0x00007ffe58e47000 	C:\Users\TL\.jdks\openjdk-25\bin\zip.dll
0x00007ffe7f510000 - 0x00007ffe7fd74000 	C:\WINDOWS\System32\windows.storage.dll
0x00007ffe80fb0000 - 0x00007ffe810a7000 	C:\WINDOWS\System32\SHCORE.dll
0x00007ffe819b0000 - 0x00007ffe81a17000 	C:\WINDOWS\System32\shlwapi.dll
0x00007ffe7e7e0000 - 0x00007ffe7e809000 	C:\WINDOWS\SYSTEM32\profapi.dll
0x00007ffe5fb20000 - 0x00007ffe5fb30000 	C:\Users\TL\.jdks\openjdk-25\bin\verify.dll
0x00007ffe58d10000 - 0x00007ffe58d22000 	C:\Users\TL\.jdks\openjdk-25\bin\net.dll
0x00007ffe7dbc0000 - 0x00007ffe7dc2b000 	C:\WINDOWS\system32\mswsock.dll
0x00007ffe57700000 - 0x00007ffe57716000 	C:\Users\TL\.jdks\openjdk-25\bin\nio.dll
0x00007ffe58cd0000 - 0x00007ffe58cd9000 	C:\Users\TL\.jdks\openjdk-25\bin\extnet.dll
0x00007ffe7deb0000 - 0x00007ffe7decb000 	C:\WINDOWS\SYSTEM32\CRYPTSP.dll
0x00007ffe7d5b0000 - 0x00007ffe7d5e9000 	C:\WINDOWS\system32\rsaenh.dll
0x00007ffe7dc70000 - 0x00007ffe7dca2000 	C:\WINDOWS\SYSTEM32\USERENV.dll
0x00007ffe7e7b0000 - 0x00007ffe7e7da000 	C:\WINDOWS\SYSTEM32\bcrypt.dll
0x00007ffe7dea0000 - 0x00007ffe7deac000 	C:\WINDOWS\SYSTEM32\CRYPTBASE.dll
0x00007ffe7d060000 - 0x00007ffe7d093000 	C:\WINDOWS\SYSTEM32\IPHLPAPI.DLL
0x00007ffe81ef0000 - 0x00007ffe81efa000 	C:\WINDOWS\System32\NSI.dll

JVMTI agents:
C:\Users\TL\AppData\Local\JetBrains\IntelliJIdea2025.2\captureAgent\debugger-agent.jar path:C:\Users\TL\.jdks\openjdk-25\bin\instrument.dll, loaded, initialized, instrumentlib options:file:///C:/Users/TL/AppData/Local/Temp/capture9637656732112045982.props
C:\Program Files\JetBrains\IntelliJ IDEA 2025.2.3\lib\idea_rt.jar path:C:\Users\TL\.jdks\openjdk-25\bin\instrument.dll, loaded, initialized, instrumentlib options:3150

dbghelp: loaded successfully - version: 4.0.5 - missing functions: none
symbol engine: initialized successfully - sym options: 0x614 - pdb path: .;C:\Users\TL\.jdks\openjdk-25\bin;C:\WINDOWS\SYSTEM32;C:\WINDOWS\WinSxS\amd64_microsoft.windows.common-controls_6595b64144ccf1df_6.0.26100.8037_none_3e092faae333b53b;C:\Users\TL\.jdks\openjdk-25\bin\server

VM Arguments:
jvm_args: -javaagent:C:\Users\TL\AppData\Local\JetBrains\IntelliJIdea2025.2\captureAgent\debugger-agent.jar=file:///C:/Users/TL/AppData/Local/Temp/capture9637656732112045982.props -ea -Didea.test.cyclic.buffer.size=1048576 -javaagent:C:\Program Files\JetBrains\IntelliJ IDEA 2025.2.3\lib\idea_rt.jar=3150 -Dkotlinx.coroutines.debug.enable.creation.stack.trace=false -Ddebugger.agent.enable.coroutines=true -Dkotlinx.coroutines.debug.enable.flows.stack.trace=true -Dkotlinx.coroutines.debug.enable.mutable.state.flows.stack.trace=true -Dfile.encoding=UTF-8 -Dsun.stdout.encoding=UTF-8 -Dsun.stderr.encoding=UTF-8 
java_command: com.intellij.rt.testng.RemoteTestNGStarter -usedefaultlisteners false -socket3149 @w@C:\Users\TL\AppData\Local\Temp\idea_working_dirs_testng.tmp -temp C:\Users\TL\AppData\Local\Temp\idea_testng.tmp
java_class_path (initial): C:\Program Files\JetBrains\IntelliJ IDEA 2025.2.3\lib\idea_rt.jar;C:\Program Files\JetBrains\IntelliJ IDEA 2025.2.3\plugins\testng\lib\testng-rt.jar;G:\t\route course\API Testing\RestAssuredProject\target\test-classes;C:\Users\TL\.m2\repository\io\rest-assured\rest-assured\6.0.0\rest-assured-6.0.0.jar;C:\Users\TL\.m2\repository\org\apache\groovy\groovy\5.0.3\groovy-5.0.3.jar;C:\Users\TL\.m2\repository\org\apache\groovy\groovy-xml\5.0.3\groovy-xml-5.0.3.jar;C:\Users\TL\.m2\repository\org\apache\httpcomponents\httpclient\4.5.13\httpclient-4.5.13.jar;C:\Users\TL\.m2\repository\org\apache\httpcomponents\httpcore\4.4.13\httpcore-4.4.13.jar;C:\Users\TL\.m2\repository\commons-logging\commons-logging\1.2\commons-logging-1.2.jar;C:\Users\TL\.m2\repository\commons-codec\commons-codec\1.11\commons-codec-1.11.jar;C:\Users\TL\.m2\repository\org\apache\httpcomponents\httpmime\4.5.13\httpmime-4.5.13.jar;C:\Users\TL\.m2\repository\org\hamcrest\hamcrest\2.2\hamcrest-2.2.jar;C:\Users\TL\.m2\repository\org\ccil\cowan\tagsoup\tagsoup\1.2.1\tagsoup-1.2.1.jar;C:\Users\TL\.m2\repository\io\rest-assured\json-path\6.0.0\json-path-6.0.0.jar;C:\Users\TL\.m2\repository\org\apache\groovy\groovy-json\5.0.3\groovy-json-5.0.3.jar;C:\Users\TL\.m2\repository\io\rest-assured\rest-assured-common\6.0.0\rest-assured-common-6.0.0.jar;C:\Users\TL\.m2\repository\io\rest-assured\xml-path\6.0.0\xml-path-6.0.0.jar;C:\Users\TL\.m2\repository\org\apache\commons\commons-lang3\3.19.0\commons-lang3-3.19.0.jar;C:\Users\TL\.m2\repository\org\testng\testng\7.12.0\testng-7.12.0.jar;C:\Users\TL\.m2\repository\org\slf4j\slf4j-api\2.0.16\slf4j-api-2.0.16.jar;C:\Users\TL\.m2\repository\org\jcommander\jcommander\1.83\jcommander-1.83.jar;C:\Users\TL\.m2\repository\org\webjars\jquery\3.7.1\jquery-3.7.1.jar
Launcher Type: SUN_STANDARD

[Global flags]
     intx CICompilerCount                          = 4                                         {product} {ergonomic}
     uint ConcGCThreads                            = 3                                         {product} {ergonomic}
     uint G1ConcRefinementThreads                  = 10                                        {product} {ergonomic}
   size_t G1HeapRegionSize                         = 1048576                                   {product} {ergonomic}
   size_t InitialHeapSize                          = 130023424                                 {product} {ergonomic}
   size_t MarkStackSize                            = 4194304                                   {product} {ergonomic}
   size_t MarkStackSizeMax                         = 536870912                                 {product} {ergonomic}
   size_t MaxHeapSize                              = 2061500416                                {product} {ergonomic}
   size_t MaxNewSize                               = 1236271104                                {product} {ergonomic}
   size_t MinHeapDeltaBytes                        = 1048576                                   {product} {ergonomic}
   size_t MinHeapSize                              = 8388608                                   {product} {ergonomic}
    uintx NonNMethodCodeHeapSize                   = 5832704                                {pd product} {ergonomic}
    uintx NonProfiledCodeHeapSize                  = 122945536                              {pd product} {ergonomic}
    uintx ProfiledCodeHeapSize                     = 122880000                              {pd product} {ergonomic}
    uintx ReservedCodeCacheSize                    = 251658240                              {pd product} {ergonomic}
     bool SegmentedCodeCache                       = true                                      {product} {ergonomic}
   size_t SoftMaxHeapSize                          = 2061500416                             {manageable} {ergonomic}
     bool UseCompressedOops                        = true                           {product lp64_product} {ergonomic}
     bool UseG1GC                                  = true                                      {product} {ergonomic}
     bool UseLargePagesIndividualAllocation        = false                                  {pd product} {ergonomic}

Logging:
Log output configuration:
 #0: stdout all=warning uptime,level,tags foldmultilines=false
 #1: stderr all=off uptime,level,tags foldmultilines=false

Release file:
IMPLEMENTOR="Oracle Corporation" 
JAVA_RUNTIME_VERSION="25+36-3489" 
JAVA_VERSION="25" 
JAVA_VERSION_DATE="2025-09-16" 
LIBC="default" 
MODULES="java.base java.compiler java.datatransfer java.xml java.prefs java.desktop java.instrument java.logging java.management java.security.sasl java.naming java.rmi java.management.rmi java.net.http java.scripting java.security.jgss java.transaction.xa java.sql java.sql.rowset java.xml.crypto java.se java.smartcardio jdk.accessibility jdk.internal.jvmstat jdk.attach jdk.charsets jdk.internal.opt jdk.zipfs jdk.compiler jdk.crypto.cryptoki jdk.crypto.ec jdk.crypto.mscapi jdk.dynalink jdk.internal.ed jdk.editpad jdk.internal.vm.ci jdk.graal.compiler jdk.graal.compiler.management jdk.hotspot.agent jdk.httpserver jdk.incubator.vector jdk.internal.le jdk.internal.md jdk.jartool jdk.javadoc jdk.jcmd jdk.management jdk.management.agent jdk.jconsole jdk.jdeps jdk.jdwp.agent jdk.jdi jdk.jfr jdk.jlink jdk.jpackage jdk.jshell jdk.jsobject jdk.jstatd jdk.localedata jdk.management.jfr jdk.naming.dns jdk.naming.rmi jdk.net jdk.nio.mapmode jdk.sctp jdk.security.auth jdk.security.jgss jdk.unsupported jdk.unsupported.desktop jdk.xml.dom" 
OS_ARCH="x86_64" 
OS_NAME="Windows" 
SOURCE=".:git:6c48f4ed707b" 

Environment Variables:
JAVA_HOME=C:\java-1.8.0-openjdk-1.8.0.392-1.b08.redhat.windows.x86_64
PATH=C:\WINDOWS\system32;C:\WINDOWS;C:\WINDOWS\System32\Wbem;C:\WINDOWS\System32\WindowsPowerShell\v1.0\;C:\WINDOWS\System32\OpenSSH\;C:\Program Files (x86)\Common Files\Acronis\SnapAPI\;C:\Users\TL\Downloads\i686-8.1.0-release-win32-dwarf-rt_v6-rev0\mingw32\bin;C:\java-17-openjdk-17.0.9.0.9-1.win.x86_64\bin;C:\Program Files (x86)\Microsoft SQL Server\160\Tools\Binn\;C:\Program Files\nodejs\;C:\xampp\php;C:\composer;C:\Program Files\MySQL\MySQL Server 8.0\bin;C:\Program Files\Git\cmd;C:\Users\TL\Downloads\php-8.4.6;C:\Program Files\Microsoft SQL Server\Client SDK\ODBC\170\Tools\Binn\;C:\Program Files\Microsoft SQL Server\160\DTS\Binn\;C:\java-1.8.0-openjdk-1.8.0.392-1.b08.redhat.windows.x86_64\bin;C:\flutter\src\flutter\bin;C:\Users\TL\AppData\Local\Programs\Eclipse Adoptium\jdk-21.0.6.7-hotspot\bin;C:\Users\TL\AppData\Local\Programs\Python\Python312\Scripts\;C:\Users\TL\AppData\Local\Programs\Python\Python312\;C:\Users\TL\AppData\Local\GitHubDesktop\bin;C:\Users\TL\AppData\Roaming\npm;C:\Users\TL\AppData\Roaming\Composer\vendor\bin;C:\Users\TL\AppData\Local\Microsoft\WindowsApps;C:\Users\TL\AppData\Local\Programs\Microsoft VS Code\bin;C:\Users\TL\AppData\local\android\sdk;C:\Users\TL\AppData\local\android\sdk\platform-tools;C:\Program Files\JetBrains\PyCharm 2025.1.1\bin;C:\Program Files\JetBrains\IntelliJ IDEA 2025.2.3\bin;C:\ProgramData\Microsoft\Windows\Start Menu\Programs\Node.js\Node.js.lnk;C:\allure-2.36.0\allure-2.36.0\bin
USERNAME=TL
OS=Windows_NT
PROCESSOR_IDENTIFIER=Intel64 Family 6 Model 154 Stepping 4, GenuineIntel
TMP=C:\Users\TL\AppData\Local\Temp
TEMP=C:\Users\TL\AppData\Local\Temp




Compilation memory statistics disabled.

Periodic native trim disabled

---------------  S Y S T E M  ---------------

OS:
 Windows 11 , 64 bit Build 26100 (10.0.26100.7920)
OS uptime: 14 days 2:19 hours

CPU: total 12 (initial active 12) (12 cores per cpu, 1 threads per core) family 6 model 154 stepping 4 microcode 0x42c, cx8, cmov, fxsr, mmx, 3dnowpref, sse, sse2, sse3, ssse3, sse4.1, sse4.2, popcnt, lzcnt, tsc, tscinvbit, avx, avx2, aes, erms, clmul, bmi1, bmi2, adx, sha, fma, vzeroupper, clflush, clflushopt, clwb, serialize, rdtscp, rdpid, fsrm, gfni, f16c, pku, cet_ibt, cet_ss
Processor Information for processor 0
  Max Mhz: 1300, Current Mhz: 1300, Mhz Limit: 1300
Processor Information for processor 1
  Max Mhz: 1300, Current Mhz: 1300, Mhz Limit: 1300
Processor Information for processor 2
  Max Mhz: 1300, Current Mhz: 1300, Mhz Limit: 1300
Processor Information for processor 3
  Max Mhz: 1300, Current Mhz: 1300, Mhz Limit: 1300
Processor Information for processor 4
  Max Mhz: 1300, Current Mhz: 900, Mhz Limit: 897
Processor Information for processor 5
  Max Mhz: 1300, Current Mhz: 900, Mhz Limit: 897
Processor Information for processor 6
  Max Mhz: 1300, Current Mhz: 900, Mhz Limit: 897
Processor Information for processor 7
  Max Mhz: 1300, Current Mhz: 900, Mhz Limit: 897
Processor Information for processor 8
  Max Mhz: 1300, Current Mhz: 900, Mhz Limit: 897
Processor Information for processor 9
  Max Mhz: 1300, Current Mhz: 900, Mhz Limit: 897
Processor Information for processor 10
  Max Mhz: 1300, Current Mhz: 900, Mhz Limit: 897
Processor Information for processor 11
  Max Mhz: 1300, Current Mhz: 900, Mhz Limit: 897

Memory: 4k page, system-wide physical 7863M (616M free)
TotalPageFile size 16055M (AvailPageFile size 7M)
current process WorkingSet (physical memory assigned to process): 140M, peak: 140M
current process commit charge ("private bytes"): 257M, peak: 257M

vm_info: OpenJDK 64-Bit Server VM (25+36-3489) for windows-amd64 JRE (25+36-3489), built on 2025-08-12T17:19:28Z with unknown MS VC++:1943

END.
