#
# There is insufficient memory for the Java Runtime Environment to continue.
# Native memory allocation (malloc) failed to allocate 18289880 bytes. Error detail: Chunk::new
# Possible reasons:
#   The system is out of physical RAM or swap space
#   This process is running with CompressedOops enabled, and the Java Heap may be blocking the growth of the native heap
# Possible solutions:
#   Reduce memory load on the system
#   Increase physical memory or swap space
#   Check if swap backing store is full
#   Decrease Java heap size (-Xmx/-Xms)
#   Decrease number of Java threads
#   Decrease Java thread stack sizes (-Xss)
#   Set larger code cache with -XX:ReservedCodeCacheSize=
#   JVM is running with Unscaled Compressed Oops mode in which the Java heap is
#     placed in the first 4GB address space. The Java Heap base address is the
#     maximum limit for the native heap growth. Please use -XX:HeapBaseMinAddress
#     to set the Java Heap base and to place the Java Heap above 4GB virtual address.
# This output file may be truncated or incomplete.
#
#  Out of Memory Error (arena.cpp:186), pid=24672, tid=10528
#
# JRE version: OpenJDK Runtime Environment (25.0+36) (build 25+36-3489)
# Java VM: OpenJDK 64-Bit Server VM (25+36-3489, mixed mode, sharing, tiered, compressed oops, compressed class ptrs, g1 gc, windows-amd64)
# No core dump will be written. Minidumps are not enabled by default on client versions of Windows
#

---------------  S U M M A R Y ------------

Command Line: -javaagent:C:\Users\TL\AppData\Local\JetBrains\IntelliJIdea2025.2\captureAgent\debugger-agent.jar=file:///C:/Users/TL/AppData/Local/Temp/capture12604405161414219415.props -ea -Didea.test.cyclic.buffer.size=1048576 -javaagent:C:\Program Files\JetBrains\IntelliJ IDEA 2025.2.3\lib\idea_rt.jar=10484 -Dkotlinx.coroutines.debug.enable.creation.stack.trace=false -Ddebugger.agent.enable.coroutines=true -Dkotlinx.coroutines.debug.enable.flows.stack.trace=true -Dkotlinx.coroutines.debug.enable.mutable.state.flows.stack.trace=true -Dfile.encoding=UTF-8 -Dsun.stdout.encoding=UTF-8 -Dsun.stderr.encoding=UTF-8 com.intellij.rt.testng.RemoteTestNGStarter -usedefaultlisteners false -socket10483 @w@C:\Users\TL\AppData\Local\Temp\idea_working_dirs_testng.tmp -temp C:\Users\TL\AppData\Local\Temp\idea_testng.tmp

Host: 12th Gen Intel(R) Core(TM) i5-1235U, 12 cores, 7G,  Windows 11 , 64 bit Build 26100 (10.0.26100.7920)
Time: Mon Mar 30 18:52:48 2026 Egypt Standard Time elapsed time: 3.870564 seconds (0d 0h 0m 3s)

---------------  T H R E A D  ---------------

Current thread (0x0000020bb2da6b70):  JavaThread "C2 CompilerThread0" daemon [_thread_in_native, id=10528, stack(0x000000b0dfa00000,0x000000b0dfb00000) (1024K)]


Current CompileTask:
C2:3870 2569       4       java.lang.invoke.MethodType::methodType (69 bytes)

Stack: [0x000000b0dfa00000,0x000000b0dfb00000]
Native frames: (J=compiled Java code, j=interpreted, Vv=VM code, C=native code)
V  [jvm.dll+0x7a6a39]  (no source info available)
V  [jvm.dll+0x7727ed]  (no source info available)
V  [jvm.dll+0x965f33]  (no source info available)
V  [jvm.dll+0x968531]  (no source info available)
V  [jvm.dll+0x968c33]  (no source info available)
V  [jvm.dll+0x2fc756]  (no source info available)
V  [jvm.dll+0x111b26]  (no source info available)
V  [jvm.dll+0x111e4e]  (no source info available)
V  [jvm.dll+0x1a0a22]  (no source info available)
V  [jvm.dll+0x3b53c2]  (no source info available)
V  [jvm.dll+0x7ac3cf]  (no source info available)
V  [jvm.dll+0x2c0ac7]  (no source info available)
V  [jvm.dll+0x2bfa8f]  (no source info available)
V  [jvm.dll+0x237b60]  (no source info available)
V  [jvm.dll+0x2cfb56]  (no source info available)
V  [jvm.dll+0x2cddd5]  (no source info available)
V  [jvm.dll+0x48e671]  (no source info available)
V  [jvm.dll+0x90681d]  (no source info available)
V  [jvm.dll+0x7a5015]  (no source info available)
C  [ucrtbase.dll+0x37b0]  (no source info available)
C  [KERNEL32.DLL+0x2e8d7]  (no source info available)
C  [ntdll.dll+0x8c48c]  (no source info available)

Lock stack of current Java thread (top to bottom):


---------------  P R O C E S S  ---------------

Threads class SMR info:
_java_thread_list=0x0000020bb969c8b0, length=27, elements={
0x0000020b95bb3b70, 0x0000020bb2d9b050, 0x0000020bb2d9b960, 0x0000020bb2d9dea0,
0x0000020bb2d9fbc0, 0x0000020bb2da12f0, 0x0000020bb2da4b60, 0x0000020bb2da6b70,
0x0000020bb2dbb940, 0x0000020bb7158560, 0x0000020bb7306520, 0x0000020bb7517510,
0x0000020bb7520030, 0x0000020bb76a0cd0, 0x0000020bb81de970, 0x0000020bb81e1080,
0x0000020bb81df910, 0x0000020bb81e08b0, 0x0000020bb81e4f00, 0x0000020bb81e2fc0,
0x0000020bb81e56d0, 0x0000020bb81e4730, 0x0000020bb81e3790, 0x0000020bb2db6600,
0x0000020bb8311ba0, 0x0000020bb8838730, 0x0000020bb88aebf0
}

Java Threads: ( => current thread )
  0x0000020b95bb3b70 JavaThread "main"                              [_thread_in_native, id=23260, stack(0x000000b0dec00000,0x000000b0ded00000) (1024K)]
  0x0000020bb2d9b050 JavaThread "Reference Handler"          daemon [_thread_blocked, id=14052, stack(0x000000b0df400000,0x000000b0df500000) (1024K)]
  0x0000020bb2d9b960 JavaThread "Finalizer"                  daemon [_thread_blocked, id=28628, stack(0x000000b0df500000,0x000000b0df600000) (1024K)]
  0x0000020bb2d9dea0 JavaThread "Signal Dispatcher"          daemon [_thread_blocked, id=22896, stack(0x000000b0df600000,0x000000b0df700000) (1024K)]
  0x0000020bb2d9fbc0 JavaThread "Attach Listener"            daemon [_thread_blocked, id=7544, stack(0x000000b0df700000,0x000000b0df800000) (1024K)]
  0x0000020bb2da12f0 JavaThread "Service Thread"             daemon [_thread_blocked, id=9088, stack(0x000000b0df800000,0x000000b0df900000) (1024K)]
  0x0000020bb2da4b60 JavaThread "Monitor Deflation Thread"   daemon [_thread_blocked, id=11120, stack(0x000000b0df900000,0x000000b0dfa00000) (1024K)]
=>0x0000020bb2da6b70 JavaThread "C2 CompilerThread0"         daemon [_thread_in_native, id=10528, stack(0x000000b0dfa00000,0x000000b0dfb00000) (1024K)]
  0x0000020bb2dbb940 JavaThread "C1 CompilerThread0"         daemon [_thread_blocked, id=18716, stack(0x000000b0dfb00000,0x000000b0dfc00000) (1024K)]
  0x0000020bb7158560 JavaThread "Common-Cleaner"             daemon [_thread_blocked, id=28752, stack(0x000000b0dfc00000,0x000000b0dfd00000) (1024K)]
  0x0000020bb7306520 JavaThread "IntelliJ Suspend Helper"    daemon [_thread_blocked, id=14112, stack(0x000000b0dfd00000,0x000000b0dfe00000) (1024K)]
  0x0000020bb7517510 JavaThread "Monitor Ctrl-Break"         daemon [_thread_in_native, id=30512, stack(0x000000b0dfe00000,0x000000b0dff00000) (1024K)]
  0x0000020bb7520030 JavaThread "Notification Thread"        daemon [_thread_blocked, id=11988, stack(0x000000b0dff00000,0x000000b0e0000000) (1024K)]
  0x0000020bb76a0cd0 JavaThread "C2 CompilerThread1"         daemon [_thread_in_native, id=8024, stack(0x000000b0e0000000,0x000000b0e0100000) (1024K)]
  0x0000020bb81de970 JavaThread "ForkJoinPool.commonPool-worker-1" daemon [_thread_blocked, id=10892, stack(0x000000b0e0100000,0x000000b0e0200000) (1024K)]
  0x0000020bb81e1080 JavaThread "ForkJoinPool.commonPool-worker-2" daemon [_thread_blocked, id=5252, stack(0x000000b0e0200000,0x000000b0e0300000) (1024K)]
  0x0000020bb81df910 JavaThread "ForkJoinPool.commonPool-worker-3" daemon [_thread_blocked, id=18484, stack(0x000000b0e0300000,0x000000b0e0400000) (1024K)]
  0x0000020bb81e08b0 JavaThread "ForkJoinPool.commonPool-worker-4" daemon [_thread_blocked, id=21272, stack(0x000000b0e0400000,0x000000b0e0500000) (1024K)]
  0x0000020bb81e4f00 JavaThread "ForkJoinPool.commonPool-worker-5" daemon [_thread_blocked, id=7120, stack(0x000000b0e0500000,0x000000b0e0600000) (1024K)]
  0x0000020bb81e2fc0 JavaThread "ForkJoinPool.commonPool-worker-6" daemon [_thread_blocked, id=272, stack(0x000000b0e0600000,0x000000b0e0700000) (1024K)]
  0x0000020bb81e56d0 JavaThread "ForkJoinPool.commonPool-worker-10" daemon [_thread_blocked, id=26744, stack(0x000000b0e0700000,0x000000b0e0800000) (1024K)]
  0x0000020bb81e4730 JavaThread "ForkJoinPool.commonPool-worker-7" daemon [_thread_blocked, id=22240, stack(0x000000b0e0800000,0x000000b0e0900000) (1024K)]
  0x0000020bb81e3790 JavaThread "ForkJoinPool.commonPool-worker-8" daemon [_thread_blocked, id=22104, stack(0x000000b0e0900000,0x000000b0e0a00000) (1024K)]
  0x0000020bb2db6600 JavaThread "ForkJoinPool.commonPool-worker-11" daemon [_thread_blocked, id=5384, stack(0x000000b0e0a00000,0x000000b0e0b00000) (1024K)]
  0x0000020bb8311ba0 JavaThread "ForkJoinPool.commonPool-worker-9" daemon [_thread_blocked, id=26572, stack(0x000000b0e0b00000,0x000000b0e0c00000) (1024K)]
  0x0000020bb8838730 JavaThread "PIC-Cleaner"                daemon [_thread_blocked, id=27088, stack(0x000000b0e1300000,0x000000b0e1400000) (1024K)]
  0x0000020bb88aebf0 JavaThread "C2 CompilerThread2"         daemon [_thread_blocked, id=28872, stack(0x000000b0e1400000,0x000000b0e1500000) (1024K)]
Total: 27

Other Threads:
  0x0000020bb2d8b0e0 VMThread "VM Thread"                           [id=30420, stack(0x000000b0df300000,0x000000b0df400000) (1024K)]
  0x0000020bb2d7ac70 WatcherThread "VM Periodic Task Thread"        [id=28980, stack(0x000000b0df200000,0x000000b0df300000) (1024K)]
  0x0000020b95c0c1c0 WorkerThread "GC Thread#0"                     [id=26596, stack(0x000000b0ded00000,0x000000b0dee00000) (1024K)]
  0x0000020bb876f620 WorkerThread "GC Thread#1"                     [id=2596, stack(0x000000b0e0c00000,0x000000b0e0d00000) (1024K)]
  0x0000020bb876c6b0 WorkerThread "GC Thread#2"                     [id=6344, stack(0x000000b0e0d00000,0x000000b0e0e00000) (1024K)]
  0x0000020bb876f1d0 WorkerThread "GC Thread#3"                     [id=15120, stack(0x000000b0e0e00000,0x000000b0e0f00000) (1024K)]
  0x0000020bb876be10 WorkerThread "GC Thread#4"                     [id=30160, stack(0x000000b0e0f00000,0x000000b0e1000000) (1024K)]
  0x0000020bb876d7f0 WorkerThread "GC Thread#5"                     [id=19776, stack(0x000000b0e1000000,0x000000b0e1100000) (1024K)]
  0x0000020bb876e090 WorkerThread "GC Thread#6"                     [id=6964, stack(0x000000b0e1100000,0x000000b0e1200000) (1024K)]
  0x0000020bb876fec0 WorkerThread "GC Thread#7"                     [id=21896, stack(0x000000b0e1200000,0x000000b0e1300000) (1024K)]
  0x0000020bb8010e60 WorkerThread "GC Thread#8"                     [id=3188, stack(0x000000b0e1500000,0x000000b0e1600000) (1024K)]
  0x0000020bbb648f30 WorkerThread "GC Thread#9"                     [id=29988, stack(0x000000b0e1600000,0x000000b0e1700000) (1024K)]
  0x0000020b95c24d40 ConcurrentGCThread "G1 Main Marker"            [id=20280, stack(0x000000b0dee00000,0x000000b0def00000) (1024K)]
  0x0000020b95c265d0 WorkerThread "G1 Conc#0"                       [id=8804, stack(0x000000b0def00000,0x000000b0df000000) (1024K)]
  0x0000020bbb6479a0 WorkerThread "G1 Conc#1"                       [id=20780, stack(0x000000b0e1700000,0x000000b0e1800000) (1024K)]
  0x0000020bbb645720 WorkerThread "G1 Conc#2"                       [id=29024, stack(0x000000b0e1800000,0x000000b0e1900000) (1024K)]
  0x0000020bb2c470e0 ConcurrentGCThread "G1 Refine#0"               [id=26380, stack(0x000000b0df000000,0x000000b0df100000) (1024K)]
  0x0000020bb2c47af0 ConcurrentGCThread "G1 Service"                [id=10208, stack(0x000000b0df100000,0x000000b0df200000) (1024K)]
Total: 18

Threads with active compile tasks:
C2 CompilerThread0  4090 2569       4       java.lang.invoke.MethodType::methodType (69 bytes)
C2 CompilerThread1  4090 2605       4       java.lang.invoke.MethodType::makeImpl (109 bytes)
Total: 2

VM state: not at safepoint (normal execution)

VM Mutex/Monitor currently owned by a thread: None

Heap address: 0x0000000085200000, size: 1966 MB, Compressed Oops mode: 32-bit

CDS archive(s) mapped at: [0x000000003b000000-0x000000003bdd0000-0x000000003bdd0000), size 14483456, SharedBaseAddress: 0x000000003b000000, ArchiveRelocationMode: 1.
Compressed class space mapped at: 0x000000003c000000-0x000000007c000000, reserved size: 1073741824
UseCompressedClassPointers 1, UseCompactObjectHeaders 0
Narrow klass pointer bits 32, Max shift 3
Narrow klass base: 0x000000003b000000, Narrow klass shift: 0
Encoding Range: [0x000000003b000000 - 0x000000013b000000), (4294967296 bytes)
Klass Range:    [0x000000003b010000 - 0x000000007c000000), (1090453504 bytes)
Klass ID Range:  [65536 - 1090519033) (1090453497)
Protection zone: [0x000000003b000000 - 0x000000003b010000), (65536 bytes)

GC Precious Log:
 CardTable entry size: 512
 Card Set container configuration: InlinePtr #cards 5 size 8 Array Of Cards #cards 10 size 36 Howl #buckets 4 coarsen threshold 1843 Howl Bitmap #cards 512 size 80 coarsen threshold 460 Card regions per heap region 1 cards per card region 2048
 CPUs: 12 total, 12 available
 Memory: 7863M
 Large Page Support: Disabled
 NUMA Support: Disabled
 Compressed Oops: Enabled (32-bit)
 Heap Region Size: 1M
 Heap Min Capacity: 8M
 Heap Initial Capacity: 124M
 Heap Max Capacity: 1966M
 Pre-touch: Disabled
 Parallel Workers: 10
 Concurrent Workers: 3
 Concurrent Refinement Workers: 10
 Periodic GC: Disabled

Heap:
 garbage-first heap   total reserved 2013184K, committed 45056K, used 11261K [0x0000000085200000, 0x0000000100000000)
  region size 1024K, 6 young (6144K), 5 survivors (5120K)

Heap Regions: E=young(eden), S=young(survivor), O=old, HS=humongous(starts), HC=humongous(continues), CS=collection set, F=free, TAMS=top-at-mark-start, PB=parsable bottom
|   0|0x0000000085200000, 0x0000000085300000, 0x0000000085300000|100%| O|  |TAMS 0x0000000085200000| PB 0x0000000085200000| Untracked |  0
|   1|0x0000000085300000, 0x0000000085400000, 0x0000000085400000|100%| O|  |TAMS 0x0000000085300000| PB 0x0000000085300000| Untracked |  0
|   2|0x0000000085400000, 0x0000000085500000, 0x0000000085500000|100%| O|  |TAMS 0x0000000085400000| PB 0x0000000085400000| Untracked |  0
|   3|0x0000000085500000, 0x0000000085600000, 0x0000000085600000|100%| O|  |TAMS 0x0000000085500000| PB 0x0000000085500000| Untracked |  0
|   4|0x0000000085600000, 0x0000000085700000, 0x0000000085700000|100%| O|  |TAMS 0x0000000085600000| PB 0x0000000085600000| Untracked |  0
|   5|0x0000000085700000, 0x0000000085760c00, 0x0000000085800000| 37%| O|  |TAMS 0x0000000085700000| PB 0x0000000085700000| Untracked |  0
|   6|0x0000000085800000, 0x0000000085800000, 0x0000000085900000|  0%| F|  |TAMS 0x0000000085800000| PB 0x0000000085800000| Untracked |  0
|   7|0x0000000085900000, 0x0000000085900000, 0x0000000085a00000|  0%| F|  |TAMS 0x0000000085900000| PB 0x0000000085900000| Untracked |  0
|   8|0x0000000085a00000, 0x0000000085a00000, 0x0000000085b00000|  0%| F|  |TAMS 0x0000000085a00000| PB 0x0000000085a00000| Untracked |  0
|   9|0x0000000085b00000, 0x0000000085b00000, 0x0000000085c00000|  0%| F|  |TAMS 0x0000000085b00000| PB 0x0000000085b00000| Untracked |  0
|  10|0x0000000085c00000, 0x0000000085c00000, 0x0000000085d00000|  0%| F|  |TAMS 0x0000000085c00000| PB 0x0000000085c00000| Untracked |  0
|  11|0x0000000085d00000, 0x0000000085d00000, 0x0000000085e00000|  0%| F|  |TAMS 0x0000000085d00000| PB 0x0000000085d00000| Untracked |  0
|  12|0x0000000085e00000, 0x0000000085e00000, 0x0000000085f00000|  0%| F|  |TAMS 0x0000000085e00000| PB 0x0000000085e00000| Untracked |  0
|  13|0x0000000085f00000, 0x0000000085f00000, 0x0000000086000000|  0%| F|  |TAMS 0x0000000085f00000| PB 0x0000000085f00000| Untracked |  0
|  14|0x0000000086000000, 0x0000000086000000, 0x0000000086100000|  0%| F|  |TAMS 0x0000000086000000| PB 0x0000000086000000| Untracked |  0
|  15|0x0000000086100000, 0x0000000086100000, 0x0000000086200000|  0%| F|  |TAMS 0x0000000086100000| PB 0x0000000086100000| Untracked |  0
|  16|0x0000000086200000, 0x0000000086200000, 0x0000000086300000|  0%| F|  |TAMS 0x0000000086200000| PB 0x0000000086200000| Untracked |  0
|  17|0x0000000086300000, 0x0000000086300000, 0x0000000086400000|  0%| F|  |TAMS 0x0000000086300000| PB 0x0000000086300000| Untracked |  0
|  18|0x0000000086400000, 0x0000000086400000, 0x0000000086500000|  0%| F|  |TAMS 0x0000000086400000| PB 0x0000000086400000| Untracked |  0
|  19|0x0000000086500000, 0x0000000086500000, 0x0000000086600000|  0%| F|  |TAMS 0x0000000086500000| PB 0x0000000086500000| Untracked |  0
|  20|0x0000000086600000, 0x0000000086600000, 0x0000000086700000|  0%| F|  |TAMS 0x0000000086600000| PB 0x0000000086600000| Untracked |  0
|  21|0x0000000086700000, 0x0000000086700000, 0x0000000086800000|  0%| F|  |TAMS 0x0000000086700000| PB 0x0000000086700000| Untracked |  0
|  22|0x0000000086800000, 0x0000000086800000, 0x0000000086900000|  0%| F|  |TAMS 0x0000000086800000| PB 0x0000000086800000| Untracked |  0
|  23|0x0000000086900000, 0x0000000086900000, 0x0000000086a00000|  0%| F|  |TAMS 0x0000000086900000| PB 0x0000000086900000| Untracked |  0
|  24|0x0000000086a00000, 0x0000000086a00000, 0x0000000086b00000|  0%| F|  |TAMS 0x0000000086a00000| PB 0x0000000086a00000| Untracked |  0
|  25|0x0000000086b00000, 0x0000000086b00000, 0x0000000086c00000|  0%| F|  |TAMS 0x0000000086b00000| PB 0x0000000086b00000| Untracked |  0
|  26|0x0000000086c00000, 0x0000000086c00000, 0x0000000086d00000|  0%| F|  |TAMS 0x0000000086c00000| PB 0x0000000086c00000| Untracked |  0
|  27|0x0000000086d00000, 0x0000000086d00000, 0x0000000086e00000|  0%| F|  |TAMS 0x0000000086d00000| PB 0x0000000086d00000| Untracked |  0
|  28|0x0000000086e00000, 0x0000000086e00000, 0x0000000086f00000|  0%| F|  |TAMS 0x0000000086e00000| PB 0x0000000086e00000| Untracked |  0
|  29|0x0000000086f00000, 0x0000000086f00000, 0x0000000087000000|  0%| F|  |TAMS 0x0000000086f00000| PB 0x0000000086f00000| Untracked |  0
|  30|0x0000000087000000, 0x0000000087000000, 0x0000000087100000|  0%| F|  |TAMS 0x0000000087000000| PB 0x0000000087000000| Untracked |  0
|  31|0x0000000087100000, 0x0000000087100000, 0x0000000087200000|  0%| F|  |TAMS 0x0000000087100000| PB 0x0000000087100000| Untracked |  0
|  32|0x0000000087200000, 0x0000000087200000, 0x0000000087300000|  0%| F|  |TAMS 0x0000000087200000| PB 0x0000000087200000| Untracked |  0
|  33|0x0000000087300000, 0x0000000087300000, 0x0000000087400000|  0%| F|  |TAMS 0x0000000087300000| PB 0x0000000087300000| Untracked |  0
|  34|0x0000000087400000, 0x0000000087400000, 0x0000000087500000|  0%| F|  |TAMS 0x0000000087400000| PB 0x0000000087400000| Untracked |  0
|  35|0x0000000087500000, 0x0000000087500000, 0x0000000087600000|  0%| F|  |TAMS 0x0000000087500000| PB 0x0000000087500000| Untracked |  0
|  79|0x000000008a100000, 0x000000008a179ca8, 0x000000008a200000| 47%| S|CS|TAMS 0x000000008a100000| PB 0x000000008a100000| Complete |  0
|  80|0x000000008a200000, 0x000000008a300000, 0x000000008a300000|100%| S|CS|TAMS 0x000000008a200000| PB 0x000000008a200000| Complete |  0
|  81|0x000000008a300000, 0x000000008a400000, 0x000000008a400000|100%| S|CS|TAMS 0x000000008a300000| PB 0x000000008a300000| Complete |  0
|  82|0x000000008a400000, 0x000000008a500000, 0x000000008a500000|100%| S|CS|TAMS 0x000000008a400000| PB 0x000000008a400000| Complete |  0
|  83|0x000000008a500000, 0x000000008a600000, 0x000000008a600000|100%| S|CS|TAMS 0x000000008a500000| PB 0x000000008a500000| Complete |  0
| 123|0x000000008cd00000, 0x000000008ce00000, 0x000000008ce00000|100%| E|  |TAMS 0x000000008cd00000| PB 0x000000008cd00000| Complete |  0
|1964|0x00000000ffe00000, 0x00000000fff00000, 0x00000000fff00000|100%| O|  |TAMS 0x00000000ffe00000| PB 0x00000000ffe00000| Untracked |  0
|1965|0x00000000fff00000, 0x00000000fff24e30, 0x0000000100000000| 14%| O|Cm|TAMS 0x00000000fff00000| PB 0x00000000fff00000| Complete |  0

Card table byte_map: [0x0000020bade70000,0x0000020bae250000] _byte_map_base: 0x0000020bada47000

Marking Bits: (CMBitMap*) 0x0000020b95c0d160
 Bits: [0x0000020bae250000, 0x0000020bb0108000)

Polling page: 0x0000020b93ba0000

Metaspace:
Metaspace        used 21432K, committed 21888K, reserved 1114112K
 class space     used 2029K, committed 2240K, reserved 1048576K

Usage:
  Non-class:     18.95 MB used.
      Class:      1.98 MB used.
       Both:     20.93 MB used.

Virtual space:
  Non-class space:       64.00 MB reserved,      19.19 MB ( 30%) committed,  1 nodes.
      Class space:        1.00 GB reserved,       2.19 MB ( <1%) committed,  1 nodes.
             Both:        1.06 GB reserved,      21.38 MB (  2%) committed. 

Chunk freelists:
   Non-Class:  12.22 MB
       Class:  13.86 MB
        Both:  26.08 MB

MaxMetaspaceSize: unlimited
CompressedClassSpaceSize: 1.00 GB
Initial GC threshold: 21.00 MB
Current GC threshold: 35.25 MB
CDS: on
 - commit_granule_bytes: 65536.
 - commit_granule_words: 8192.
 - virtual_space_node_default_size: 8388608.
 - enlarge_chunks_in_place: 1.
UseCompressedClassPointers 1, UseCompactObjectHeaders 0
Narrow klass pointer bits 32, Max shift 3
Narrow klass base: 0x000000003b000000, Narrow klass shift: 0
Encoding Range: [0x000000003b000000 - 0x000000013b000000), (4294967296 bytes)
Klass Range:    [0x000000003b010000 - 0x000000007c000000), (1090453504 bytes)
Klass ID Range:  [65536 - 1090519033) (1090453497)
Protection zone: [0x000000003b000000 - 0x000000003b010000), (65536 bytes)


Internal statistics:

num_allocs_failed_limit: 3.
num_arena_births: 544.
num_arena_deaths: 0.
num_vsnodes_births: 2.
num_vsnodes_deaths: 0.
num_space_committed: 342.
num_space_uncommitted: 0.
num_chunks_returned_to_freelist: 3.
num_chunks_taken_from_freelist: 950.
num_chunk_merges: 3.
num_chunk_splits: 653.
num_chunks_enlarged: 446.
num_inconsistent_stats: 0.

CodeHeap 'non-profiled nmethods': size=120064Kb used=846Kb max_used=846Kb free=119218Kb
 bounds [0x0000020ba5ef0000, 0x0000020ba6160000, 0x0000020bad430000]
CodeHeap 'profiled nmethods': size=120000Kb used=4739Kb max_used=4739Kb free=115260Kb
 bounds [0x0000020b9e430000, 0x0000020b9e8e0000, 0x0000020ba5960000]
CodeHeap 'non-nmethods': size=5696Kb used=1823Kb max_used=1872Kb free=3872Kb
 bounds [0x0000020ba5960000, 0x0000020ba5bd0000, 0x0000020ba5ef0000]
CodeCache: size=245760Kb, used=7408Kb, max_used=7457Kb, free=238350Kb
 total_blobs=3743, nmethods=3072, adapters=573, full_count=0
Compilation: enabled, stopped_count=0, restarted_count=0

Compilation events (20 events):
Event: 2.855 Thread 0x0000020bb2dbb940 3060       3       java.util.stream.Collectors::lambda$uniqKeysMapAccumulator$0 (49 bytes)
Event: 2.856 Thread 0x0000020bb2dbb940 nmethod 3060 0x0000020b9e8c6a08 code [0x0000020b9e8c6b00, 0x0000020b9e8c7040]
Event: 2.856 Thread 0x0000020bb2dbb940 3061       3       java.util.stream.Collectors::toSet (26 bytes)
Event: 2.856 Thread 0x0000020bb2dbb940 nmethod 3061 0x0000020b9e8c7088 code [0x0000020b9e8c7180, 0x0000020b9e8c7658]
Event: 2.856 Thread 0x0000020bb2dbb940 3062       3       java.util.stream.Collectors$$Lambda/0x800000045::get (8 bytes)
Event: 2.856 Thread 0x0000020bb2dbb940 nmethod 3062 0x0000020b9e8c7688 code [0x0000020b9e8c7780, 0x0000020b9e8c7c38]
Event: 2.856 Thread 0x0000020bb2dbb940 3064       3       org.codehaus.groovy.vmplugin.v9.Java9::lambda$doFindClasses$1 (8 bytes)
Event: 2.856 Thread 0x0000020bb2dbb940 nmethod 3064 0x0000020b9e8c7c88 code [0x0000020b9e8c7d80, 0x0000020b9e8c7f30]
Event: 2.856 Thread 0x0000020bb2dbb940 3065       3       org.codehaus.groovy.vmplugin.v9.Java9$$Lambda/0x000000003c1f8988::apply (10 bytes)
Event: 2.856 Thread 0x0000020bb2dbb940 nmethod 3065 0x0000020b9e8c7f88 code [0x0000020b9e8c8080, 0x0000020b9e8c8330]
Event: 2.856 Thread 0x0000020bb2dbb940 3066       3       org.codehaus.groovy.vmplugin.v9.Java9$$Lambda/0x000000003c1f8bd0::apply (12 bytes)
Event: 2.856 Thread 0x0000020bb2dbb940 nmethod 3066 0x0000020b9e8c8388 code [0x0000020b9e8c8480, 0x0000020b9e8c86a0]
Event: 2.856 Thread 0x0000020bb2dbb940 3067       3       org.codehaus.groovy.vmplugin.v9.Java9::lambda$doFindClasses$3 (47 bytes)
Event: 2.857 Thread 0x0000020bb2dbb940 nmethod 3067 0x0000020b9e8c8708 code [0x0000020b9e8c8800, 0x0000020b9e8c94f0]
Event: 2.857 Thread 0x0000020bb2dbb940 3068       3       org.codehaus.groovy.vmplugin.v9.Java9$$Lambda/0x000000003c1f9080::<init> (10 bytes)
Event: 2.857 Thread 0x0000020bb2dbb940 nmethod 3068 0x0000020b9e8c9588 code [0x0000020b9e8c9680, 0x0000020b9e8c9830]
Event: 2.857 Thread 0x0000020bb2dbb940 3069       3       org.codehaus.groovy.vmplugin.v9.Java9$$Lambda/0x000000003c1f92e0::apply (8 bytes)
Event: 2.859 Thread 0x0000020bb2dbb940 nmethod 3069 0x0000020b9e8c9888 code [0x0000020b9e8c9980, 0x0000020b9e8cb2f8]
Event: 2.859 Thread 0x0000020bb2dbb940 3070       3       org.codehaus.groovy.vmplugin.v9.Java9::lambda$doFindClasses$2 (14 bytes)
Event: 2.861 Thread 0x0000020bb2dbb940 nmethod 3070 0x0000020b9e8cb388 code [0x0000020b9e8cb480, 0x0000020b9e8cce38]

GC Heap Usage History (2 events):
Event: 1.887 {heap Before GC invocations=0 (full 0):
 garbage-first heap   total reserved 2013184K, committed 129024K, used 48275K [0x0000000085200000, 0x0000000100000000)
  region size 1024K, 47 young (48128K), 0 survivors (0K)
}
Event: 1.897 {heap After GC invocations=1 (full 0):
 garbage-first heap   total reserved 2013184K, committed 129024K, used 6931K [0x0000000085200000, 0x0000000100000000)
  region size 1024K, 6 young (6144K), 6 survivors (6144K)
}

Metaspace Usage History (2 events):
Event: 1.887 {metaspace Before GC invocations=0 (full 0):
 Metaspace       used 17011K, committed 17152K, reserved 1114112K
  class space    used 1470K, committed 1536K, reserved 1048576K
}
Event: 1.897 {metaspace After GC invocations=1 (full 0):
 Metaspace       used 17011K, committed 17152K, reserved 1114112K
  class space    used 1470K, committed 1536K, reserved 1048576K
}

Dll operation events (9 events):
Event: 0.023 Loaded shared library C:\Users\TL\.jdks\openjdk-25\bin\java.dll
Event: 0.025 Loaded shared library C:\Users\TL\.jdks\openjdk-25\bin\zip.dll
Event: 0.131 Loaded shared library C:\Users\TL\.jdks\openjdk-25\bin\instrument.dll
Event: 0.191 Loaded shared library C:\Users\TL\.jdks\openjdk-25\bin\verify.dll
Event: 0.291 Loaded shared library C:\Users\TL\.jdks\openjdk-25\bin\net.dll
Event: 0.295 Loaded shared library C:\Users\TL\.jdks\openjdk-25\bin\nio.dll
Event: 0.334 Loaded shared library C:\Users\TL\.jdks\openjdk-25\bin\zip.dll
Event: 0.452 Loaded shared library C:\Users\TL\.jdks\openjdk-25\bin\extnet.dll
Event: 0.681 Loaded shared library C:\Users\TL\.jdks\openjdk-25\bin\jimage.dll

Deoptimization events (20 events):
Event: 2.643 Thread 0x0000020b95bb3b70 Uncommon trap: trap_request=0xffffffde fr.pc=0x0000020ba5f5c61c relative=0x0000000000000e1c
Event: 2.643 Thread 0x0000020b95bb3b70 Uncommon trap: reason=class_check action=maybe_recompile pc=0x0000020ba5f5c61c method=java.io.BufferedInputStream.read([BII)I @ 100 c2
Event: 2.643 Thread 0x0000020b95bb3b70 DEOPT PACKING pc=0x0000020ba5f5c61c sp=0x000000b0decfaa90
Event: 2.643 Thread 0x0000020b95bb3b70 DEOPT UNPACKING pc=0x0000020ba5a7f202 sp=0x000000b0decfaa00 mode 2
Event: 2.643 Thread 0x0000020b95bb3b70 Uncommon trap: trap_request=0xffffffde fr.pc=0x0000020ba5f5b3dc relative=0x000000000000085c
Event: 2.643 Thread 0x0000020b95bb3b70 Uncommon trap: reason=class_check action=maybe_recompile pc=0x0000020ba5f5b3dc method=java.io.BufferedInputStream.read([BII)I @ 100 c2
Event: 2.643 Thread 0x0000020b95bb3b70 DEOPT PACKING pc=0x0000020ba5f5b3dc sp=0x000000b0decfaa20
Event: 2.643 Thread 0x0000020b95bb3b70 DEOPT UNPACKING pc=0x0000020ba5a7f202 sp=0x000000b0decfa9f8 mode 2
Event: 2.685 Thread 0x0000020b95bb3b70 Uncommon trap: trap_request=0xffffff45 fr.pc=0x0000020ba5fa49dc relative=0x00000000000000dc
Event: 2.685 Thread 0x0000020b95bb3b70 Uncommon trap: reason=unstable_if action=reinterpret pc=0x0000020ba5fa49dc method=java.util.HashMap.hash(Ljava/lang/Object;)I @ 1 c2
Event: 2.685 Thread 0x0000020b95bb3b70 DEOPT PACKING pc=0x0000020ba5fa49dc sp=0x000000b0decf9b30
Event: 2.685 Thread 0x0000020b95bb3b70 DEOPT UNPACKING pc=0x0000020ba5a7f202 sp=0x000000b0decf9a70 mode 2
Event: 2.686 Thread 0x0000020b95bb3b70 Uncommon trap: trap_request=0xffffff45 fr.pc=0x0000020ba5f1dba4 relative=0x00000000000000a4
Event: 2.686 Thread 0x0000020b95bb3b70 Uncommon trap: reason=unstable_if action=reinterpret pc=0x0000020ba5f1dba4 method=java.util.HashMap.hash(Ljava/lang/Object;)I @ 1 c2
Event: 2.686 Thread 0x0000020b95bb3b70 DEOPT PACKING pc=0x0000020ba5f1dba4 sp=0x000000b0decf9ad0
Event: 2.686 Thread 0x0000020b95bb3b70 DEOPT UNPACKING pc=0x0000020ba5a7f202 sp=0x000000b0decf9a68 mode 2
Event: 2.861 Thread 0x0000020b95bb3b70 Uncommon trap: trap_request=0xfffffff4 fr.pc=0x0000020ba5f7dc8c relative=0x000000000000030c
Event: 2.861 Thread 0x0000020b95bb3b70 Uncommon trap: reason=null_check action=make_not_entrant pc=0x0000020ba5f7dc8c method=java.util.Arrays.fill([Ljava/lang/Object;Ljava/lang/Object;)V @ 13 c2
Event: 2.861 Thread 0x0000020b95bb3b70 DEOPT PACKING pc=0x0000020ba5f7dc8c sp=0x000000b0decfbff0
Event: 2.861 Thread 0x0000020b95bb3b70 DEOPT UNPACKING pc=0x0000020ba5a7f202 sp=0x000000b0decfbf90 mode 2

Classes loaded (20 events):
Event: 2.751 Loading class java/util/stream/StreamSpliterators
Event: 2.751 Loading class java/util/stream/StreamSpliterators done
Event: 2.751 Loading class java/util/function/BooleanSupplier
Event: 2.752 Loading class java/util/function/BooleanSupplier done
Event: 2.860 Loading class java/util/WeakHashMap$KeyIterator
Event: 2.860 Loading class java/util/WeakHashMap$HashIterator
Event: 2.860 Loading class java/util/WeakHashMap$HashIterator done
Event: 2.860 Loading class java/util/WeakHashMap$KeyIterator done
Event: 2.861 Loading class org/codehaus/groovy/runtime/memoize/EvictableCache$Action
Event: 2.861 Loading class org/codehaus/groovy/runtime/memoize/EvictableCache$Action done
Event: 2.861 Loading class org/codehaus/groovy/runtime/memoize/EvictableCache$Action
Event: 2.861 Loading class org/codehaus/groovy/runtime/memoize/EvictableCache$Action done
Event: 2.861 Loading class org/codehaus/groovy/runtime/memoize/EvictableCache
Event: 2.861 Loading class org/codehaus/groovy/runtime/memoize/EvictableCache done
Event: 2.862 Loading class org/codehaus/groovy/runtime/memoize/EvictableCache
Event: 2.862 Loading class org/codehaus/groovy/runtime/memoize/EvictableCache done
Event: 2.863 Loading class groovy/lang/GroovyCodeSource
Event: 2.863 Loading class groovy/lang/GroovyCodeSource done
Event: 2.863 Loading class groovy/lang/GroovyCodeSource
Event: 2.863 Loading class groovy/lang/GroovyCodeSource done

Classes unloaded (0 events):
No events

Classes redefined (1 events):
Event: 0.220 Thread 0x0000020bb2d8b0e0 redefined class name=java.lang.Throwable, count=1

Internal exceptions (20 events):
Event: 2.286 Thread 0x0000020b95bb3b70 Exception <a 'java/lang/ClassNotFoundException'{0x000000008c2416d0}: [Ljava/lang/Object;BeanInfo> (0x000000008c2416d0) 
thrown [s\open\src\hotspot\share\prims\jni.cpp, line 534]
Event: 2.286 Thread 0x0000020b95bb3b70 Exception <a 'java/lang/ClassNotFoundException'{0x000000008c242030}: [Ljava/lang/Object;Customizer> (0x000000008c242030) 
thrown [s\open\src\hotspot\share\prims\jni.cpp, line 534]
Event: 2.286 Thread 0x0000020b95bb3b70 Exception <a 'java/lang/ClassNotFoundException'{0x000000008c2428d0}: [Ljava/lang/Object;Customizer> (0x000000008c2428d0) 
thrown [s\open\src\hotspot\share\prims\jni.cpp, line 534]
Event: 2.292 Thread 0x0000020b95bb3b70 Exception <a 'java/lang/ClassNotFoundException'{0x000000008c257550}: io/restassured/internal/common/assertion/AssertionSupportBeanInfo> (0x000000008c257550) 
thrown [s\open\src\hotspot\share\classfile\systemDictionary.cpp, line 327]
Event: 2.292 Thread 0x0000020b95bb3b70 Exception <a 'java/lang/ClassNotFoundException'{0x000000008c259358}: io/restassured/internal/common/assertion/AssertionSupportCustomizer> (0x000000008c259358) 
thrown [s\open\src\hotspot\share\classfile\systemDictionary.cpp, line 327]
Event: 2.302 Thread 0x0000020b95bb3b70 Exception <a 'java/lang/ClassNotFoundException'{0x000000008c29a140}: org/apache/commons/lang3/StringUtilsBeanInfo> (0x000000008c29a140) 
thrown [s\open\src\hotspot\share\classfile\systemDictionary.cpp, line 327]
Event: 2.303 Thread 0x0000020b95bb3b70 Exception <a 'java/lang/ClassNotFoundException'{0x000000008c29c588}: org/apache/commons/lang3/StringUtilsCustomizer> (0x000000008c29c588) 
thrown [s\open\src\hotspot\share\classfile\systemDictionary.cpp, line 327]
Event: 2.316 Thread 0x0000020b95bb3b70 Exception <a 'java/lang/NoSuchMethodError'{0x000000008c12f8d8}: 'int java.lang.invoke.DirectMethodHandle$Holder.invokeInterface(java.lang.Object, java.lang.Object, int)'> (0x000000008c12f8d8) 
thrown [s\open\src\hotspot\share\interpreter\linkResolver.cpp, line 804]
Event: 2.322 Thread 0x0000020b95bb3b70 Exception <a 'java/lang/ClassNotFoundException'{0x000000008c15bba8}: java/lang/CharacterBeanInfo> (0x000000008c15bba8) 
thrown [s\open\src\hotspot\share\classfile\systemDictionary.cpp, line 327]
Event: 2.322 Thread 0x0000020b95bb3b70 Exception <a 'java/lang/ClassNotFoundException'{0x000000008c15ce18}: java/lang/CharacterCustomizer> (0x000000008c15ce18) 
thrown [s\open\src\hotspot\share\classfile\systemDictionary.cpp, line 327]
Event: 2.340 Thread 0x0000020b95bb3b70 Exception <a 'java/lang/ClassNotFoundException'{0x000000008c1c1b38}: org/apache/commons/lang3/math/NumberUtilsBeanInfo> (0x000000008c1c1b38) 
thrown [s\open\src\hotspot\share\classfile\systemDictionary.cpp, line 327]
Event: 2.341 Thread 0x0000020b95bb3b70 Exception <a 'java/lang/ClassNotFoundException'{0x000000008c1c3800}: org/apache/commons/lang3/math/NumberUtilsCustomizer> (0x000000008c1c3800) 
thrown [s\open\src\hotspot\share\classfile\systemDictionary.cpp, line 327]
Event: 2.379 Thread 0x0000020b95bb3b70 Exception <a 'java/lang/ClassNotFoundException'{0x000000008c05b9a0}: java/lang/StringBuilderBeanInfo> (0x000000008c05b9a0) 
thrown [s\open\src\hotspot\share\classfile\systemDictionary.cpp, line 327]
Event: 2.379 Thread 0x0000020b95bb3b70 Exception <a 'java/lang/ClassNotFoundException'{0x000000008c05c9a8}: java/lang/AbstractStringBuilderBeanInfo> (0x000000008c05c9a8) 
thrown [s\open\src\hotspot\share\classfile\systemDictionary.cpp, line 327]
Event: 2.379 Thread 0x0000020b95bb3b70 Exception <a 'java/lang/ClassNotFoundException'{0x000000008c05d9a0}: java/lang/AbstractStringBuilderCustomizer> (0x000000008c05d9a0) 
thrown [s\open\src\hotspot\share\classfile\systemDictionary.cpp, line 327]
Event: 2.388 Thread 0x0000020b95bb3b70 Exception <a 'java/lang/ClassNotFoundException'{0x000000008c0c38c0}: java/lang/StringBuilderCustomizer> (0x000000008c0c38c0) 
thrown [s\open\src\hotspot\share\classfile\systemDictionary.cpp, line 327]
Event: 2.443 Thread 0x0000020b95bb3b70 Exception <a 'java/lang/NoSuchMethodError'{0x000000008be1ac98}: 'java.lang.Object java.lang.invoke.Invokers$Holder.linkToCallSite(java.lang.Object, int, java.lang.Object, java.lang.Object)'> (0x000000008be1ac98) 
thrown [s\open\src\hotspot\share\interpreter\linkResolver.cpp, line 804]
Event: 2.685 Thread 0x0000020b95bb3b70 Implicit null exception at 0x0000020ba5fa4936 to 0x0000020ba5fa49d2
Event: 2.686 Thread 0x0000020b95bb3b70 Implicit null exception at 0x0000020ba5f1db1d to 0x0000020ba5f1db95
Event: 2.861 Thread 0x0000020b95bb3b70 Implicit null exception at 0x0000020ba5f7d9b6 to 0x0000020ba5f7dc7c

VM Operations (20 events):
Event: 1.538 Executing non-safepoint VM operation: HandshakeAllThreads (Deoptimize)
Event: 1.538 Executing non-safepoint VM operation: HandshakeAllThreads (Deoptimize) done
Event: 1.826 Executing non-safepoint VM operation: HandshakeAllThreads (Deoptimize)
Event: 1.826 Executing non-safepoint VM operation: HandshakeAllThreads (Deoptimize) done
Event: 1.841 Executing non-safepoint VM operation: HandshakeAllThreads (Deoptimize)
Event: 1.841 Executing non-safepoint VM operation: HandshakeAllThreads (Deoptimize) done
Event: 1.887 Executing safepoint VM operation: G1CollectForAllocation (G1 Evacuation Pause)
Event: 1.897 Executing safepoint VM operation: G1CollectForAllocation (G1 Evacuation Pause) done
Event: 1.914 Executing non-safepoint VM operation: HandshakeAllThreads (Deoptimize)
Event: 1.914 Executing non-safepoint VM operation: HandshakeAllThreads (Deoptimize) done
Event: 1.933 Executing non-safepoint VM operation: HandshakeAllThreads (Deoptimize)
Event: 1.933 Executing non-safepoint VM operation: HandshakeAllThreads (Deoptimize) done
Event: 2.042 Executing non-safepoint VM operation: HandshakeAllThreads (Deoptimize)
Event: 2.042 Executing non-safepoint VM operation: HandshakeAllThreads (Deoptimize) done
Event: 2.557 Executing non-safepoint VM operation: HandshakeAllThreads (Deoptimize)
Event: 2.557 Executing non-safepoint VM operation: HandshakeAllThreads (Deoptimize) done
Event: 2.648 Executing non-safepoint VM operation: HandshakeAllThreads (Deoptimize)
Event: 2.649 Executing non-safepoint VM operation: HandshakeAllThreads (Deoptimize) done
Event: 2.744 Executing non-safepoint VM operation: HandshakeAllThreads (Deoptimize)
Event: 2.744 Executing non-safepoint VM operation: HandshakeAllThreads (Deoptimize) done

Memory protections (0 events):
No events

Nmethod flushes (0 events):
No events

Events (20 events):
Event: 0.057 Thread 0x0000020b95bb3b70 Thread added: 0x0000020bb2da6b70
Event: 0.057 Thread 0x0000020b95bb3b70 Thread added: 0x0000020bb2dbb940
Event: 0.177 Thread 0x0000020b95bb3b70 Thread added: 0x0000020bb7158560
Event: 0.224 Thread 0x0000020b95bb3b70 Thread added: 0x0000020bb7306520
Event: 0.342 Thread 0x0000020b95bb3b70 Thread added: 0x0000020bb7517510
Event: 0.342 Thread 0x0000020b95bb3b70 Thread added: 0x0000020bb7520030
Event: 0.604 Thread 0x0000020bb2da6b70 Thread added: 0x0000020bb76a0cd0
Event: 1.507 Thread 0x0000020b95bb3b70 Thread added: 0x0000020bb81de970
Event: 1.508 Thread 0x0000020bb81de970 Thread added: 0x0000020bb81e1080
Event: 1.508 Thread 0x0000020bb81de970 Thread added: 0x0000020bb81df910
Event: 1.508 Thread 0x0000020bb81e1080 Thread added: 0x0000020bb81e08b0
Event: 1.508 Thread 0x0000020b95bb3b70 Thread added: 0x0000020bb81e4f00
Event: 1.508 Thread 0x0000020bb81e1080 Thread added: 0x0000020bb81e2fc0
Event: 1.508 Thread 0x0000020bb81e08b0 Thread added: 0x0000020bb81e56d0
Event: 1.509 Thread 0x0000020bb81de970 Thread added: 0x0000020bb81e4730
Event: 1.509 Thread 0x0000020bb81df910 Thread added: 0x0000020bb81e3790
Event: 1.509 Thread 0x0000020bb81e4f00 Thread added: 0x0000020bb2db6600
Event: 1.509 Thread 0x0000020b95bb3b70 Thread added: 0x0000020bb8311ba0
Event: 1.923 Thread 0x0000020b95bb3b70 Thread added: 0x0000020bb8838730
Event: 2.645 Thread 0x0000020bb2dbb940 Thread added: 0x0000020bb88aebf0


Dynamic libraries:
0x00007ff674d80000 - 0x00007ff674d8e000 	C:\Users\TL\.jdks\openjdk-25\bin\java.exe
0x00007ffe81fe0000 - 0x00007ffe82247000 	C:\WINDOWS\SYSTEM32\ntdll.dll
0x00007ffe81430000 - 0x00007ffe814f9000 	C:\WINDOWS\System32\KERNEL32.DLL
0x00007ffe7f020000 - 0x00007ffe7f411000 	C:\WINDOWS\System32\KERNELBASE.dll
0x00007ffe7ed50000 - 0x00007ffe7ee9b000 	C:\WINDOWS\System32\ucrtbase.dll
0x00007ffe63db0000 - 0x00007ffe63dc7000 	C:\Users\TL\.jdks\openjdk-25\bin\jli.dll
0x00007ffe63e50000 - 0x00007ffe63e6e000 	C:\Users\TL\.jdks\openjdk-25\bin\VCRUNTIME140.dll
0x00007ffe81510000 - 0x00007ffe816d5000 	C:\WINDOWS\System32\USER32.dll
0x00007ffe7f420000 - 0x00007ffe7f447000 	C:\WINDOWS\System32\win32u.dll
0x00007ffe5c1c0000 - 0x00007ffe5c453000 	C:\WINDOWS\WinSxS\amd64_microsoft.windows.common-controls_6595b64144ccf1df_6.0.26100.8037_none_3e092faae333b53b\COMCTL32.dll
0x00007ffe81980000 - 0x00007ffe819ab000 	C:\WINDOWS\System32\GDI32.dll
0x00007ffe816e0000 - 0x00007ffe81789000 	C:\WINDOWS\System32\msvcrt.dll
0x00007ffe7e8c0000 - 0x00007ffe7e9eb000 	C:\WINDOWS\System32\gdi32full.dll
0x00007ffe7eca0000 - 0x00007ffe7ed43000 	C:\WINDOWS\System32\msvcp_win.dll
0x00007ffe7fd80000 - 0x00007ffe7fdb1000 	C:\WINDOWS\System32\IMM32.DLL
0x00007ffe71a80000 - 0x00007ffe71a8c000 	C:\Users\TL\.jdks\openjdk-25\bin\vcruntime140_1.dll
0x00007ffe54d00000 - 0x00007ffe54d8d000 	C:\Users\TL\.jdks\openjdk-25\bin\msvcp140.dll
0x00007ffd52fe0000 - 0x00007ffd53e3f000 	C:\Users\TL\.jdks\openjdk-25\bin\server\jvm.dll
0x00007ffe81370000 - 0x00007ffe8142b000 	C:\WINDOWS\System32\ADVAPI32.dll
0x00007ffe81190000 - 0x00007ffe81237000 	C:\WINDOWS\System32\sechost.dll
0x00007ffe7ff30000 - 0x00007ffe80048000 	C:\WINDOWS\System32\RPCRT4.dll
0x00007ffe81f20000 - 0x00007ffe81f94000 	C:\WINDOWS\System32\WS2_32.dll
0x00007ffe75680000 - 0x00007ffe756b5000 	C:\WINDOWS\SYSTEM32\WINMM.dll
0x00007ffe7e740000 - 0x00007ffe7e79e000 	C:\WINDOWS\SYSTEM32\POWRPROF.dll
0x00007ffe6c040000 - 0x00007ffe6c04b000 	C:\WINDOWS\SYSTEM32\VERSION.dll
0x00007ffe7e720000 - 0x00007ffe7e734000 	C:\WINDOWS\SYSTEM32\UMPDC.dll
0x00007ffe7d650000 - 0x00007ffe7d66b000 	C:\WINDOWS\SYSTEM32\kernel.appcore.dll
0x00007ffe602c0000 - 0x00007ffe602ca000 	C:\Users\TL\.jdks\openjdk-25\bin\jimage.dll
0x00007ffe7c9e0000 - 0x00007ffe7cc22000 	C:\WINDOWS\SYSTEM32\DBGHELP.DLL
0x00007ffe81ae0000 - 0x00007ffe81e62000 	C:\WINDOWS\System32\combase.dll
0x00007ffe810b0000 - 0x00007ffe81187000 	C:\WINDOWS\System32\OLEAUT32.dll
0x00007ffe5b620000 - 0x00007ffe5b65b000 	C:\WINDOWS\SYSTEM32\dbgcore.DLL
0x00007ffe7ea80000 - 0x00007ffe7eb25000 	C:\WINDOWS\System32\bcryptPrimitives.dll
0x00007ffe58bc0000 - 0x00007ffe58bd0000 	C:\Users\TL\.jdks\openjdk-25\bin\instrument.dll
0x00007ffe58d10000 - 0x00007ffe58d2f000 	C:\Users\TL\.jdks\openjdk-25\bin\java.dll
0x00007ffe80120000 - 0x00007ffe802b5000 	C:\WINDOWS\System32\ole32.dll
0x00007ffe802c0000 - 0x00007ffe80a1f000 	C:\WINDOWS\System32\SHELL32.dll
0x00007ffe7eb30000 - 0x00007ffe7ec9a000 	C:\WINDOWS\System32\wintypes.dll
0x00007ffe575e0000 - 0x00007ffe575f7000 	C:\Users\TL\.jdks\openjdk-25\bin\zip.dll
0x00007ffe7f510000 - 0x00007ffe7fd74000 	C:\WINDOWS\System32\windows.storage.dll
0x00007ffe80fb0000 - 0x00007ffe810a7000 	C:\WINDOWS\System32\SHCORE.dll
0x00007ffe819b0000 - 0x00007ffe81a17000 	C:\WINDOWS\System32\shlwapi.dll
0x00007ffe7e7e0000 - 0x00007ffe7e809000 	C:\WINDOWS\SYSTEM32\profapi.dll
0x00007ffe54f10000 - 0x00007ffe54f20000 	C:\Users\TL\.jdks\openjdk-25\bin\verify.dll
0x00007ffe57700000 - 0x00007ffe57712000 	C:\Users\TL\.jdks\openjdk-25\bin\net.dll
0x00007ffe7dbc0000 - 0x00007ffe7dc2b000 	C:\WINDOWS\system32\mswsock.dll
0x00007ffe57600000 - 0x00007ffe57616000 	C:\Users\TL\.jdks\openjdk-25\bin\nio.dll
0x00007ffe58cd0000 - 0x00007ffe58cd9000 	C:\Users\TL\.jdks\openjdk-25\bin\extnet.dll
0x00007ffe7deb0000 - 0x00007ffe7decb000 	C:\WINDOWS\SYSTEM32\CRYPTSP.dll
0x00007ffe7d5b0000 - 0x00007ffe7d5e9000 	C:\WINDOWS\system32\rsaenh.dll
0x00007ffe7dc70000 - 0x00007ffe7dca2000 	C:\WINDOWS\SYSTEM32\USERENV.dll
0x00007ffe7e7b0000 - 0x00007ffe7e7da000 	C:\WINDOWS\SYSTEM32\bcrypt.dll
0x00007ffe7dea0000 - 0x00007ffe7deac000 	C:\WINDOWS\SYSTEM32\CRYPTBASE.dll
0x00007ffe7d060000 - 0x00007ffe7d093000 	C:\WINDOWS\SYSTEM32\IPHLPAPI.DLL
0x00007ffe81ef0000 - 0x00007ffe81efa000 	C:\WINDOWS\System32\NSI.dll

JVMTI agents:
C:\Users\TL\AppData\Local\JetBrains\IntelliJIdea2025.2\captureAgent\debugger-agent.jar path:C:\Users\TL\.jdks\openjdk-25\bin\instrument.dll, loaded, initialized, instrumentlib options:file:///C:/Users/TL/AppData/Local/Temp/capture12604405161414219415.props
C:\Program Files\JetBrains\IntelliJ IDEA 2025.2.3\lib\idea_rt.jar path:C:\Users\TL\.jdks\openjdk-25\bin\instrument.dll, loaded, initialized, instrumentlib options:10484

dbghelp: loaded successfully - version: 4.0.5 - missing functions: none
symbol engine: initialized successfully - sym options: 0x614 - pdb path: .;C:\Users\TL\.jdks\openjdk-25\bin;C:\WINDOWS\SYSTEM32;C:\WINDOWS\WinSxS\amd64_microsoft.windows.common-controls_6595b64144ccf1df_6.0.26100.8037_none_3e092faae333b53b;C:\Users\TL\.jdks\openjdk-25\bin\server

VM Arguments:
jvm_args: -javaagent:C:\Users\TL\AppData\Local\JetBrains\IntelliJIdea2025.2\captureAgent\debugger-agent.jar=file:///C:/Users/TL/AppData/Local/Temp/capture12604405161414219415.props -ea -Didea.test.cyclic.buffer.size=1048576 -javaagent:C:\Program Files\JetBrains\IntelliJ IDEA 2025.2.3\lib\idea_rt.jar=10484 -Dkotlinx.coroutines.debug.enable.creation.stack.trace=false -Ddebugger.agent.enable.coroutines=true -Dkotlinx.coroutines.debug.enable.flows.stack.trace=true -Dkotlinx.coroutines.debug.enable.mutable.state.flows.stack.trace=true -Dfile.encoding=UTF-8 -Dsun.stdout.encoding=UTF-8 -Dsun.stderr.encoding=UTF-8 
java_command: com.intellij.rt.testng.RemoteTestNGStarter -usedefaultlisteners false -socket10483 @w@C:\Users\TL\AppData\Local\Temp\idea_working_dirs_testng.tmp -temp C:\Users\TL\AppData\Local\Temp\idea_testng.tmp
java_class_path (initial): C:\Program Files\JetBrains\IntelliJ IDEA 2025.2.3\lib\idea_rt.jar;C:\Program Files\JetBrains\IntelliJ IDEA 2025.2.3\plugins\testng\lib\testng-rt.jar;G:\t\route course\API Testing\RestAssuredProject\target\test-classes;C:\Users\TL\.m2\repository\io\rest-assured\rest-assured\6.0.0\rest-assured-6.0.0.jar;C:\Users\TL\.m2\repository\org\apache\groovy\groovy\5.0.3\groovy-5.0.3.jar;C:\Users\TL\.m2\repository\org\apache\groovy\groovy-xml\5.0.3\groovy-xml-5.0.3.jar;C:\Users\TL\.m2\repository\org\apache\httpcomponents\httpclient\4.5.13\httpclient-4.5.13.jar;C:\Users\TL\.m2\repository\org\apache\httpcomponents\httpcore\4.4.13\httpcore-4.4.13.jar;C:\Users\TL\.m2\repository\commons-logging\commons-logging\1.2\commons-logging-1.2.jar;C:\Users\TL\.m2\repository\commons-codec\commons-codec\1.11\commons-codec-1.11.jar;C:\Users\TL\.m2\repository\org\apache\httpcomponents\httpmime\4.5.13\httpmime-4.5.13.jar;C:\Users\TL\.m2\repository\org\hamcrest\hamcrest\2.2\hamcrest-2.2.jar;C:\Users\TL\.m2\repository\org\ccil\cowan\tagsoup\tagsoup\1.2.1\tagsoup-1.2.1.jar;C:\Users\TL\.m2\repository\io\rest-assured\json-path\6.0.0\json-path-6.0.0.jar;C:\Users\TL\.m2\repository\org\apache\groovy\groovy-json\5.0.3\groovy-json-5.0.3.jar;C:\Users\TL\.m2\repository\io\rest-assured\rest-assured-common\6.0.0\rest-assured-common-6.0.0.jar;C:\Users\TL\.m2\repository\io\rest-assured\xml-path\6.0.0\xml-path-6.0.0.jar;C:\Users\TL\.m2\repository\org\apache\commons\commons-lang3\3.19.0\commons-lang3-3.19.0.jar;C:\Users\TL\.m2\repository\org\testng\testng\7.12.0\testng-7.12.0.jar;C:\Users\TL\.m2\repository\org\slf4j\slf4j-api\2.0.16\slf4j-api-2.0.16.jar;C:\Users\TL\.m2\repository\org\jcommander\jcommander\1.83\jcommander-1.83.jar;C:\Users\TL\.m2\repository\org\webjars\jquery\3.7.1\jquery-3.7.1.jar
Launcher Type: SUN_STANDARD

[Global flags]
     intx CICompilerCount                          = 4                                         {product} {ergonomic}
     uint ConcGCThreads                            = 3                                         {product} {ergonomic}
     uint G1ConcRefinementThreads                  = 10                                        {product} {ergonomic}
   size_t G1HeapRegionSize                         = 1048576                                   {product} {ergonomic}
   size_t InitialHeapSize                          = 130023424                                 {product} {ergonomic}
   size_t MarkStackSize                            = 4194304                                   {product} {ergonomic}
   size_t MarkStackSizeMax                         = 536870912                                 {product} {ergonomic}
   size_t MaxHeapSize                              = 2061500416                                {product} {ergonomic}
   size_t MaxNewSize                               = 1236271104                                {product} {ergonomic}
   size_t MinHeapDeltaBytes                        = 1048576                                   {product} {ergonomic}
   size_t MinHeapSize                              = 8388608                                   {product} {ergonomic}
    uintx NonNMethodCodeHeapSize                   = 5832704                                {pd product} {ergonomic}
    uintx NonProfiledCodeHeapSize                  = 122945536                              {pd product} {ergonomic}
    uintx ProfiledCodeHeapSize                     = 122880000                              {pd product} {ergonomic}
    uintx ReservedCodeCacheSize                    = 251658240                              {pd product} {ergonomic}
     bool SegmentedCodeCache                       = true                                      {product} {ergonomic}
   size_t SoftMaxHeapSize                          = 2061500416                             {manageable} {ergonomic}
     bool UseCompressedOops                        = true                           {product lp64_product} {ergonomic}
     bool UseG1GC                                  = true                                      {product} {ergonomic}
     bool UseLargePagesIndividualAllocation        = false                                  {pd product} {ergonomic}

Logging:
Log output configuration:
 #0: stdout all=warning uptime,level,tags foldmultilines=false
 #1: stderr all=off uptime,level,tags foldmultilines=false

Release file:
IMPLEMENTOR="Oracle Corporation" 
JAVA_RUNTIME_VERSION="25+36-3489" 
JAVA_VERSION="25" 
JAVA_VERSION_DATE="2025-09-16" 
LIBC="default" 
MODULES="java.base java.compiler java.datatransfer java.xml java.prefs java.desktop java.instrument java.logging java.management java.security.sasl java.naming java.rmi java.management.rmi java.net.http java.scripting java.security.jgss java.transaction.xa java.sql java.sql.rowset java.xml.crypto java.se java.smartcardio jdk.accessibility jdk.internal.jvmstat jdk.attach jdk.charsets jdk.internal.opt jdk.zipfs jdk.compiler jdk.crypto.cryptoki jdk.crypto.ec jdk.crypto.mscapi jdk.dynalink jdk.internal.ed jdk.editpad jdk.internal.vm.ci jdk.graal.compiler jdk.graal.compiler.management jdk.hotspot.agent jdk.httpserver jdk.incubator.vector jdk.internal.le jdk.internal.md jdk.jartool jdk.javadoc jdk.jcmd jdk.management jdk.management.agent jdk.jconsole jdk.jdeps jdk.jdwp.agent jdk.jdi jdk.jfr jdk.jlink jdk.jpackage jdk.jshell jdk.jsobject jdk.jstatd jdk.localedata jdk.management.jfr jdk.naming.dns jdk.naming.rmi jdk.net jdk.nio.mapmode jdk.sctp jdk.security.auth jdk.security.jgss jdk.unsupported jdk.unsupported.desktop jdk.xml.dom" 
OS_ARCH="x86_64" 
OS_NAME="Windows" 
SOURCE=".:git:6c48f4ed707b" 

Environment Variables:
JAVA_HOME=C:\java-1.8.0-openjdk-1.8.0.392-1.b08.redhat.windows.x86_64
PATH=C:\WINDOWS\system32;C:\WINDOWS;C:\WINDOWS\System32\Wbem;C:\WINDOWS\System32\WindowsPowerShell\v1.0\;C:\WINDOWS\System32\OpenSSH\;C:\Program Files (x86)\Common Files\Acronis\SnapAPI\;C:\Users\TL\Downloads\i686-8.1.0-release-win32-dwarf-rt_v6-rev0\mingw32\bin;C:\java-17-openjdk-17.0.9.0.9-1.win.x86_64\bin;C:\Program Files (x86)\Microsoft SQL Server\160\Tools\Binn\;C:\Program Files\nodejs\;C:\xampp\php;C:\composer;C:\Program Files\MySQL\MySQL Server 8.0\bin;C:\Program Files\Git\cmd;C:\Users\TL\Downloads\php-8.4.6;C:\Program Files\Microsoft SQL Server\Client SDK\ODBC\170\Tools\Binn\;C:\Program Files\Microsoft SQL Server\160\DTS\Binn\;C:\java-1.8.0-openjdk-1.8.0.392-1.b08.redhat.windows.x86_64\bin;C:\flutter\src\flutter\bin;C:\Users\TL\AppData\Local\Programs\Eclipse Adoptium\jdk-21.0.6.7-hotspot\bin;C:\Users\TL\AppData\Local\Programs\Python\Python312\Scripts\;C:\Users\TL\AppData\Local\Programs\Python\Python312\;C:\Users\TL\AppData\Local\GitHubDesktop\bin;C:\Users\TL\AppData\Roaming\npm;C:\Users\TL\AppData\Roaming\Composer\vendor\bin;C:\Users\TL\AppData\Local\Microsoft\WindowsApps;C:\Users\TL\AppData\Local\Programs\Microsoft VS Code\bin;C:\Users\TL\AppData\local\android\sdk;C:\Users\TL\AppData\local\android\sdk\platform-tools;C:\Program Files\JetBrains\PyCharm 2025.1.1\bin;;C:\Program Files\JetBrains\IntelliJ IDEA 2025.2.3\bin;C:\ProgramData\Microsoft\Windows\Start Menu\Programs\Node.js\Node.js.lnk;C:\allure-2.36.0\allure-2.36.0\bin;C:\java-1.8.0-openjdk-1.8.0.392-1.b08.redhat.windows.x86_64\bin;
USERNAME=TL
OS=Windows_NT
PROCESSOR_IDENTIFIER=Intel64 Family 6 Model 154 Stepping 4, GenuineIntel
TMP=C:\Users\TL\AppData\Local\Temp
TEMP=C:\Users\TL\AppData\Local\Temp




Compilation memory statistics disabled.

Periodic native trim disabled

---------------  S Y S T E M  ---------------

OS:
 Windows 11 , 64 bit Build 26100 (10.0.26100.7920)
OS uptime: 14 days 4:15 hours

CPU: total 12 (initial active 12) (6 cores per cpu, 2 threads per core) family 6 model 154 stepping 4 microcode 0x42c, cx8, cmov, fxsr, ht, mmx, 3dnowpref, sse, sse2, sse3, ssse3, sse4.1, sse4.2, popcnt, lzcnt, tsc, tscinvbit, avx, avx2, aes, erms, clmul, bmi1, bmi2, adx, sha, fma, vzeroupper, clflush, clflushopt, clwb, serialize, rdtscp, rdpid, fsrm, gfni, f16c, pku, cet_ibt, cet_ss
Processor Information for processor 0
  Max Mhz: 1300, Current Mhz: 1300, Mhz Limit: 1300
Processor Information for processor 1
  Max Mhz: 1300, Current Mhz: 1300, Mhz Limit: 1300
Processor Information for processor 2
  Max Mhz: 1300, Current Mhz: 1300, Mhz Limit: 1300
Processor Information for processor 3
  Max Mhz: 1300, Current Mhz: 1300, Mhz Limit: 1300
Processor Information for processor 4
  Max Mhz: 1300, Current Mhz: 900, Mhz Limit: 897
Processor Information for processor 5
  Max Mhz: 1300, Current Mhz: 900, Mhz Limit: 897
Processor Information for processor 6
  Max Mhz: 1300, Current Mhz: 900, Mhz Limit: 897
Processor Information for processor 7
  Max Mhz: 1300, Current Mhz: 900, Mhz Limit: 897
Processor Information for processor 8
  Max Mhz: 1300, Current Mhz: 900, Mhz Limit: 897
Processor Information for processor 9
  Max Mhz: 1300, Current Mhz: 900, Mhz Limit: 897
Processor Information for processor 10
  Max Mhz: 1300, Current Mhz: 900, Mhz Limit: 897
Processor Information for processor 11
  Max Mhz: 1300, Current Mhz: 900, Mhz Limit: 897

Memory: 4k page, system-wide physical 7863M (680M free)
TotalPageFile size 16055M (AvailPageFile size 128M)
current process WorkingSet (physical memory assigned to process): 149M, peak: 194M
current process commit charge ("private bytes"): 221M, peak: 316M

vm_info: OpenJDK 64-Bit Server VM (25+36-3489) for windows-amd64 JRE (25+36-3489), built on 2025-08-12T17:19:28Z with unknown MS VC++:1943

END.
