#
# There is insufficient memory for the Java Runtime Environment to continue.
# Native memory allocation (malloc) failed to allocate 1360520 bytes. Error detail: Chunk::new
# Possible reasons:
#   The system is out of physical RAM or swap space
#   This process is running with CompressedOops enabled, and the Java Heap may be blocking the growth of the native heap
# Possible solutions:
#   Reduce memory load on the system
#   Increase physical memory or swap space
#   Check if swap backing store is full
#   Decrease Java heap size (-Xmx/-Xms)
#   Decrease number of Java threads
#   Decrease Java thread stack sizes (-Xss)
#   Set larger code cache with -XX:ReservedCodeCacheSize=
#   JVM is running with Unscaled Compressed Oops mode in which the Java heap is
#     placed in the first 4GB address space. The Java Heap base address is the
#     maximum limit for the native heap growth. Please use -XX:HeapBaseMinAddress
#     to set the Java Heap base and to place the Java Heap above 4GB virtual address.
# This output file may be truncated or incomplete.
#
#  Out of Memory Error (arena.cpp:186), pid=23456, tid=6868
#
# JRE version: OpenJDK Runtime Environment (25.0+36) (build 25+36-3489)
# Java VM: OpenJDK 64-Bit Server VM (25+36-3489, mixed mode, sharing, tiered, compressed oops, compressed class ptrs, g1 gc, windows-amd64)
# No core dump will be written. Minidumps are not enabled by default on client versions of Windows
#

---------------  S U M M A R Y ------------

Command Line: -javaagent:C:\Users\TL\AppData\Local\JetBrains\IntelliJIdea2025.2\captureAgent\debugger-agent.jar=file:///C:/Users/TL/AppData/Local/Temp/capture1612161239274727609.props -ea -Didea.test.cyclic.buffer.size=1048576 -javaagent:C:\Program Files\JetBrains\IntelliJ IDEA 2025.2.3\lib\idea_rt.jar=6718 -Dkotlinx.coroutines.debug.enable.creation.stack.trace=false -Ddebugger.agent.enable.coroutines=true -Dkotlinx.coroutines.debug.enable.flows.stack.trace=true -Dkotlinx.coroutines.debug.enable.mutable.state.flows.stack.trace=true -Dfile.encoding=UTF-8 -Dsun.stdout.encoding=UTF-8 -Dsun.stderr.encoding=UTF-8 com.intellij.rt.testng.RemoteTestNGStarter -usedefaultlisteners false -socket6717 @w@C:\Users\TL\AppData\Local\Temp\idea_working_dirs_testng.tmp -temp C:\Users\TL\AppData\Local\Temp\idea_testng.tmp

Host: 12th Gen Intel(R) Core(TM) i5-1235U, 12 cores, 7G,  Windows 11 , 64 bit Build 26100 (10.0.26100.7920)
Time: Mon Mar 30 18:58:05 2026 Egypt Standard Time elapsed time: 2.311392 seconds (0d 0h 0m 2s)

---------------  T H R E A D  ---------------

Current thread (0x00000199e5f0ed80):  JavaThread "C2 CompilerThread0" daemon [_thread_in_native, id=6868, stack(0x0000008b03400000,0x0000008b03500000) (1024K)]


Current CompileTask:
C2:2311 2563       4       java.lang.invoke.MethodType::methodType (69 bytes)

Stack: [0x0000008b03400000,0x0000008b03500000]
Native frames: (J=compiled Java code, j=interpreted, Vv=VM code, C=native code)
V  [jvm.dll+0x7a6a39]  (no source info available)
V  [jvm.dll+0x7727ed]  (no source info available)
V  [jvm.dll+0x965f33]  (no source info available)
V  [jvm.dll+0x968531]  (no source info available)
V  [jvm.dll+0x968c33]  (no source info available)
V  [jvm.dll+0x2fc756]  (no source info available)
V  [jvm.dll+0x111b26]  (no source info available)
V  [jvm.dll+0x111e4e]  (no source info available)
V  [jvm.dll+0x452407]  (no source info available)
V  [jvm.dll+0x2548fa]  (no source info available)
V  [jvm.dll+0x2c093c]  (no source info available)
V  [jvm.dll+0x2bfa8f]  (no source info available)
V  [jvm.dll+0x237b60]  (no source info available)
V  [jvm.dll+0x2cfb56]  (no source info available)
V  [jvm.dll+0x2cddd5]  (no source info available)
V  [jvm.dll+0x48e671]  (no source info available)
V  [jvm.dll+0x90681d]  (no source info available)
V  [jvm.dll+0x7a5015]  (no source info available)
C  [ucrtbase.dll+0x37b0]  (no source info available)
C  [KERNEL32.DLL+0x2e8d7]  (no source info available)
C  [ntdll.dll+0x8c48c]  (no source info available)

Lock stack of current Java thread (top to bottom):


---------------  P R O C E S S  ---------------

Threads class SMR info:
_java_thread_list=0x00000199eda42640, length=27, elements={
0x00000199c92c6ba0, 0x00000199e5ef39f0, 0x00000199e5ef41b0, 0x00000199e5efe440,
0x00000199e5f00b80, 0x00000199e5f042c0, 0x00000199e5f04fb0, 0x00000199e5f0ed80,
0x00000199e5f1e7c0, 0x00000199e665e720, 0x00000199e66f4f00, 0x00000199eb024d20,
0x00000199eb03f560, 0x00000199e5f1f7e0, 0x00000199e688ab50, 0x00000199e688c2c0,
0x00000199e688da30, 0x00000199e688baf0, 0x00000199e688e200, 0x00000199ebf68470,
0x00000199ebf66d00, 0x00000199ebf64dc0, 0x00000199ebf68c40, 0x00000199ebf69be0,
0x00000199ebf66530, 0x00000199ebfe6010, 0x00000199e5f20800
}

Java Threads: ( => current thread )
  0x00000199c92c6ba0 JavaThread "main"                              [_thread_in_Java, id=15148, stack(0x0000008b02600000,0x0000008b02700000) (1024K)]
  0x00000199e5ef39f0 JavaThread "Reference Handler"          daemon [_thread_blocked, id=25984, stack(0x0000008b02e00000,0x0000008b02f00000) (1024K)]
  0x00000199e5ef41b0 JavaThread "Finalizer"                  daemon [_thread_blocked, id=18008, stack(0x0000008b02f00000,0x0000008b03000000) (1024K)]
  0x00000199e5efe440 JavaThread "Signal Dispatcher"          daemon [_thread_blocked, id=21056, stack(0x0000008b03000000,0x0000008b03100000) (1024K)]
  0x00000199e5f00b80 JavaThread "Attach Listener"            daemon [_thread_blocked, id=9564, stack(0x0000008b03100000,0x0000008b03200000) (1024K)]
  0x00000199e5f042c0 JavaThread "Service Thread"             daemon [_thread_blocked, id=13412, stack(0x0000008b03200000,0x0000008b03300000) (1024K)]
  0x00000199e5f04fb0 JavaThread "Monitor Deflation Thread"   daemon [_thread_blocked, id=19144, stack(0x0000008b03300000,0x0000008b03400000) (1024K)]
=>0x00000199e5f0ed80 JavaThread "C2 CompilerThread0"         daemon [_thread_in_native, id=6868, stack(0x0000008b03400000,0x0000008b03500000) (1024K)]
  0x00000199e5f1e7c0 JavaThread "C1 CompilerThread0"         daemon [_thread_blocked, id=22660, stack(0x0000008b03500000,0x0000008b03600000) (1024K)]
  0x00000199e665e720 JavaThread "Common-Cleaner"             daemon [_thread_blocked, id=13520, stack(0x0000008b03600000,0x0000008b03700000) (1024K)]
  0x00000199e66f4f00 JavaThread "IntelliJ Suspend Helper"    daemon [_thread_blocked, id=12824, stack(0x0000008b03800000,0x0000008b03900000) (1024K)]
  0x00000199eb024d20 JavaThread "Monitor Ctrl-Break"         daemon [_thread_in_native, id=20276, stack(0x0000008b03900000,0x0000008b03a00000) (1024K)]
  0x00000199eb03f560 JavaThread "Notification Thread"        daemon [_thread_blocked, id=29908, stack(0x0000008b03a00000,0x0000008b03b00000) (1024K)]
  0x00000199e5f1f7e0 JavaThread "C2 CompilerThread1"         daemon [_thread_in_native, id=29808, stack(0x0000008b03700000,0x0000008b03800000) (1024K)]
  0x00000199e688ab50 JavaThread "ForkJoinPool.commonPool-worker-1" daemon [_thread_blocked, id=27468, stack(0x0000008b03b00000,0x0000008b03c00000) (1024K)]
  0x00000199e688c2c0 JavaThread "ForkJoinPool.commonPool-worker-2" daemon [_thread_blocked, id=30432, stack(0x0000008b03c00000,0x0000008b03d00000) (1024K)]
  0x00000199e688da30 JavaThread "ForkJoinPool.commonPool-worker-3" daemon [_thread_blocked, id=26408, stack(0x0000008b03d00000,0x0000008b03e00000) (1024K)]
  0x00000199e688baf0 JavaThread "ForkJoinPool.commonPool-worker-4" daemon [_thread_blocked, id=28592, stack(0x0000008b03e00000,0x0000008b03f00000) (1024K)]
  0x00000199e688e200 JavaThread "ForkJoinPool.commonPool-worker-5" daemon [_thread_blocked, id=30640, stack(0x0000008b03f00000,0x0000008b04000000) (1024K)]
  0x00000199ebf68470 JavaThread "ForkJoinPool.commonPool-worker-6" daemon [_thread_blocked, id=19224, stack(0x0000008b04000000,0x0000008b04100000) (1024K)]
  0x00000199ebf66d00 JavaThread "ForkJoinPool.commonPool-worker-8" daemon [_thread_blocked, id=30340, stack(0x0000008b04100000,0x0000008b04200000) (1024K)]
  0x00000199ebf64dc0 JavaThread "ForkJoinPool.commonPool-worker-7" daemon [_thread_blocked, id=6676, stack(0x0000008b04200000,0x0000008b04300000) (1024K)]
  0x00000199ebf68c40 JavaThread "ForkJoinPool.commonPool-worker-10" daemon [_thread_blocked, id=15808, stack(0x0000008b04300000,0x0000008b04400000) (1024K)]
  0x00000199ebf69be0 JavaThread "ForkJoinPool.commonPool-worker-9" daemon [_thread_blocked, id=14028, stack(0x0000008b04400000,0x0000008b04500000) (1024K)]
  0x00000199ebf66530 JavaThread "ForkJoinPool.commonPool-worker-11" daemon [_thread_blocked, id=21184, stack(0x0000008b04500000,0x0000008b04600000) (1024K)]
  0x00000199ebfe6010 JavaThread "PIC-Cleaner"                daemon [_thread_blocked, id=19580, stack(0x0000008b04d00000,0x0000008b04e00000) (1024K)]
  0x00000199e5f20800 JavaThread "C2 CompilerThread2"         daemon [_thread_in_native, id=17788, stack(0x0000008b04e00000,0x0000008b04f00000) (1024K)]
Total: 27

Other Threads:
  0x00000199e5ee35b0 VMThread "VM Thread"                           [id=11000, stack(0x0000008b02d00000,0x0000008b02e00000) (1024K)]
  0x00000199e5ed11b0 WatcherThread "VM Periodic Task Thread"        [id=1396, stack(0x0000008b02c00000,0x0000008b02d00000) (1024K)]
  0x00000199c931e3f0 WorkerThread "GC Thread#0"                     [id=1376, stack(0x0000008b02700000,0x0000008b02800000) (1024K)]
  0x00000199ec3a4990 WorkerThread "GC Thread#1"                     [id=24564, stack(0x0000008b04600000,0x0000008b04700000) (1024K)]
  0x00000199ec3a2fb0 WorkerThread "GC Thread#2"                     [id=27892, stack(0x0000008b04700000,0x0000008b04800000) (1024K)]
  0x00000199ec3a3400 WorkerThread "GC Thread#3"                     [id=27788, stack(0x0000008b04800000,0x0000008b04900000) (1024K)]
  0x00000199ec3a3850 WorkerThread "GC Thread#4"                     [id=8132, stack(0x0000008b04900000,0x0000008b04a00000) (1024K)]
  0x00000199ec3a4de0 WorkerThread "GC Thread#5"                     [id=25224, stack(0x0000008b04a00000,0x0000008b04b00000) (1024K)]
  0x00000199ec3a3ca0 WorkerThread "GC Thread#6"                     [id=5940, stack(0x0000008b04b00000,0x0000008b04c00000) (1024K)]
  0x00000199ec3a1180 WorkerThread "GC Thread#7"                     [id=22096, stack(0x0000008b04c00000,0x0000008b04d00000) (1024K)]
  0x00000199c9353cf0 ConcurrentGCThread "G1 Main Marker"            [id=13080, stack(0x0000008b02800000,0x0000008b02900000) (1024K)]
  0x00000199c9354690 WorkerThread "G1 Conc#0"                       [id=20396, stack(0x0000008b02900000,0x0000008b02a00000) (1024K)]
  0x00000199c937e900 ConcurrentGCThread "G1 Refine#0"               [id=10328, stack(0x0000008b02a00000,0x0000008b02b00000) (1024K)]
  0x00000199e5da2570 ConcurrentGCThread "G1 Service"                [id=27712, stack(0x0000008b02b00000,0x0000008b02c00000) (1024K)]
Total: 14

Threads with active compile tasks:
C2 CompilerThread0  2462 2563       4       java.lang.invoke.MethodType::methodType (69 bytes)
C1 CompilerThread0  2462 3043       3       java.util.HashMap$KeySpliterator::forEachRemaining (186 bytes)
C2 CompilerThread1  2462 2455       4       java.lang.invoke.MethodType::makeImpl (109 bytes)
C2 CompilerThread2  2462 3014       4       jdk.internal.jimage.ImageLocation::getAttributeString (54 bytes)
Total: 4

VM state: not at safepoint (normal execution)

VM Mutex/Monitor currently owned by a thread: None

Heap address: 0x0000000085200000, size: 1966 MB, Compressed Oops mode: 32-bit

CDS archive(s) mapped at: [0x0000000031000000-0x0000000031dd0000-0x0000000031dd0000), size 14483456, SharedBaseAddress: 0x0000000031000000, ArchiveRelocationMode: 1.
Compressed class space mapped at: 0x0000000032000000-0x0000000072000000, reserved size: 1073741824
UseCompressedClassPointers 1, UseCompactObjectHeaders 0
Narrow klass pointer bits 32, Max shift 3
Narrow klass base: 0x0000000031000000, Narrow klass shift: 0
Encoding Range: [0x0000000031000000 - 0x0000000131000000), (4294967296 bytes)
Klass Range:    [0x0000000031010000 - 0x0000000072000000), (1090453504 bytes)
Klass ID Range:  [65536 - 1090519033) (1090453497)
Protection zone: [0x0000000031000000 - 0x0000000031010000), (65536 bytes)

GC Precious Log:
 CardTable entry size: 512
 Card Set container configuration: InlinePtr #cards 5 size 8 Array Of Cards #cards 10 size 36 Howl #buckets 4 coarsen threshold 1843 Howl Bitmap #cards 512 size 80 coarsen threshold 460 Card regions per heap region 1 cards per card region 2048
 CPUs: 12 total, 12 available
 Memory: 7863M
 Large Page Support: Disabled
 NUMA Support: Disabled
 Compressed Oops: Enabled (32-bit)
 Heap Region Size: 1M
 Heap Min Capacity: 8M
 Heap Initial Capacity: 124M
 Heap Max Capacity: 1966M
 Pre-touch: Disabled
 Parallel Workers: 10
 Concurrent Workers: 3
 Concurrent Refinement Workers: 10
 Periodic GC: Disabled

Heap:
 garbage-first heap   total reserved 2013184K, committed 129024K, used 44392K [0x0000000085200000, 0x0000000100000000)
  region size 1024K, 44 young (45056K), 6 survivors (6144K)

Heap Regions: E=young(eden), S=young(survivor), O=old, HS=humongous(starts), HC=humongous(continues), CS=collection set, F=free, TAMS=top-at-mark-start, PB=parsable bottom
|   0|0x0000000085200000, 0x0000000085200000, 0x0000000085300000|  0%| F|  |TAMS 0x0000000085200000| PB 0x0000000085200000| Untracked |  0
|   1|0x0000000085300000, 0x0000000085300000, 0x0000000085400000|  0%| F|  |TAMS 0x0000000085300000| PB 0x0000000085300000| Untracked |  0
|   2|0x0000000085400000, 0x0000000085400000, 0x0000000085500000|  0%| F|  |TAMS 0x0000000085400000| PB 0x0000000085400000| Untracked |  0
|   3|0x0000000085500000, 0x0000000085500000, 0x0000000085600000|  0%| F|  |TAMS 0x0000000085500000| PB 0x0000000085500000| Untracked |  0
|   4|0x0000000085600000, 0x0000000085600000, 0x0000000085700000|  0%| F|  |TAMS 0x0000000085600000| PB 0x0000000085600000| Untracked |  0
|   5|0x0000000085700000, 0x0000000085700000, 0x0000000085800000|  0%| F|  |TAMS 0x0000000085700000| PB 0x0000000085700000| Untracked |  0
|   6|0x0000000085800000, 0x0000000085800000, 0x0000000085900000|  0%| F|  |TAMS 0x0000000085800000| PB 0x0000000085800000| Untracked |  0
|   7|0x0000000085900000, 0x0000000085900000, 0x0000000085a00000|  0%| F|  |TAMS 0x0000000085900000| PB 0x0000000085900000| Untracked |  0
|   8|0x0000000085a00000, 0x0000000085a00000, 0x0000000085b00000|  0%| F|  |TAMS 0x0000000085a00000| PB 0x0000000085a00000| Untracked |  0
|   9|0x0000000085b00000, 0x0000000085b00000, 0x0000000085c00000|  0%| F|  |TAMS 0x0000000085b00000| PB 0x0000000085b00000| Untracked |  0
|  10|0x0000000085c00000, 0x0000000085c00000, 0x0000000085d00000|  0%| F|  |TAMS 0x0000000085c00000| PB 0x0000000085c00000| Untracked |  0
|  11|0x0000000085d00000, 0x0000000085d00000, 0x0000000085e00000|  0%| F|  |TAMS 0x0000000085d00000| PB 0x0000000085d00000| Untracked |  0
|  12|0x0000000085e00000, 0x0000000085e00000, 0x0000000085f00000|  0%| F|  |TAMS 0x0000000085e00000| PB 0x0000000085e00000| Untracked |  0
|  13|0x0000000085f00000, 0x0000000085f00000, 0x0000000086000000|  0%| F|  |TAMS 0x0000000085f00000| PB 0x0000000085f00000| Untracked |  0
|  14|0x0000000086000000, 0x0000000086000000, 0x0000000086100000|  0%| F|  |TAMS 0x0000000086000000| PB 0x0000000086000000| Untracked |  0
|  15|0x0000000086100000, 0x0000000086100000, 0x0000000086200000|  0%| F|  |TAMS 0x0000000086100000| PB 0x0000000086100000| Untracked |  0
|  16|0x0000000086200000, 0x0000000086200000, 0x0000000086300000|  0%| F|  |TAMS 0x0000000086200000| PB 0x0000000086200000| Untracked |  0
|  17|0x0000000086300000, 0x0000000086300000, 0x0000000086400000|  0%| F|  |TAMS 0x0000000086300000| PB 0x0000000086300000| Untracked |  0
|  18|0x0000000086400000, 0x0000000086400000, 0x0000000086500000|  0%| F|  |TAMS 0x0000000086400000| PB 0x0000000086400000| Untracked |  0
|  19|0x0000000086500000, 0x0000000086500000, 0x0000000086600000|  0%| F|  |TAMS 0x0000000086500000| PB 0x0000000086500000| Untracked |  0
|  20|0x0000000086600000, 0x0000000086600000, 0x0000000086700000|  0%| F|  |TAMS 0x0000000086600000| PB 0x0000000086600000| Untracked |  0
|  21|0x0000000086700000, 0x0000000086700000, 0x0000000086800000|  0%| F|  |TAMS 0x0000000086700000| PB 0x0000000086700000| Untracked |  0
|  22|0x0000000086800000, 0x0000000086800000, 0x0000000086900000|  0%| F|  |TAMS 0x0000000086800000| PB 0x0000000086800000| Untracked |  0
|  23|0x0000000086900000, 0x0000000086900000, 0x0000000086a00000|  0%| F|  |TAMS 0x0000000086900000| PB 0x0000000086900000| Untracked |  0
|  24|0x0000000086a00000, 0x0000000086a00000, 0x0000000086b00000|  0%| F|  |TAMS 0x0000000086a00000| PB 0x0000000086a00000| Untracked |  0
|  25|0x0000000086b00000, 0x0000000086b00000, 0x0000000086c00000|  0%| F|  |TAMS 0x0000000086b00000| PB 0x0000000086b00000| Untracked |  0
|  26|0x0000000086c00000, 0x0000000086c00000, 0x0000000086d00000|  0%| F|  |TAMS 0x0000000086c00000| PB 0x0000000086c00000| Untracked |  0
|  27|0x0000000086d00000, 0x0000000086d00000, 0x0000000086e00000|  0%| F|  |TAMS 0x0000000086d00000| PB 0x0000000086d00000| Untracked |  0
|  28|0x0000000086e00000, 0x0000000086e00000, 0x0000000086f00000|  0%| F|  |TAMS 0x0000000086e00000| PB 0x0000000086e00000| Untracked |  0
|  29|0x0000000086f00000, 0x0000000086f00000, 0x0000000087000000|  0%| F|  |TAMS 0x0000000086f00000| PB 0x0000000086f00000| Untracked |  0
|  30|0x0000000087000000, 0x0000000087000000, 0x0000000087100000|  0%| F|  |TAMS 0x0000000087000000| PB 0x0000000087000000| Untracked |  0
|  31|0x0000000087100000, 0x0000000087100000, 0x0000000087200000|  0%| F|  |TAMS 0x0000000087100000| PB 0x0000000087100000| Untracked |  0
|  32|0x0000000087200000, 0x0000000087200000, 0x0000000087300000|  0%| F|  |TAMS 0x0000000087200000| PB 0x0000000087200000| Untracked |  0
|  33|0x0000000087300000, 0x0000000087300000, 0x0000000087400000|  0%| F|  |TAMS 0x0000000087300000| PB 0x0000000087300000| Untracked |  0
|  34|0x0000000087400000, 0x0000000087400000, 0x0000000087500000|  0%| F|  |TAMS 0x0000000087400000| PB 0x0000000087400000| Untracked |  0
|  35|0x0000000087500000, 0x0000000087500000, 0x0000000087600000|  0%| F|  |TAMS 0x0000000087500000| PB 0x0000000087500000| Untracked |  0
|  36|0x0000000087600000, 0x0000000087600000, 0x0000000087700000|  0%| F|  |TAMS 0x0000000087600000| PB 0x0000000087600000| Untracked |  0
|  37|0x0000000087700000, 0x0000000087700000, 0x0000000087800000|  0%| F|  |TAMS 0x0000000087700000| PB 0x0000000087700000| Untracked |  0
|  38|0x0000000087800000, 0x0000000087800000, 0x0000000087900000|  0%| F|  |TAMS 0x0000000087800000| PB 0x0000000087800000| Untracked |  0
|  39|0x0000000087900000, 0x0000000087900000, 0x0000000087a00000|  0%| F|  |TAMS 0x0000000087900000| PB 0x0000000087900000| Untracked |  0
|  40|0x0000000087a00000, 0x0000000087a00000, 0x0000000087b00000|  0%| F|  |TAMS 0x0000000087a00000| PB 0x0000000087a00000| Untracked |  0
|  41|0x0000000087b00000, 0x0000000087b00000, 0x0000000087c00000|  0%| F|  |TAMS 0x0000000087b00000| PB 0x0000000087b00000| Untracked |  0
|  42|0x0000000087c00000, 0x0000000087c00000, 0x0000000087d00000|  0%| F|  |TAMS 0x0000000087c00000| PB 0x0000000087c00000| Untracked |  0
|  43|0x0000000087d00000, 0x0000000087d00000, 0x0000000087e00000|  0%| F|  |TAMS 0x0000000087d00000| PB 0x0000000087d00000| Untracked |  0
|  44|0x0000000087e00000, 0x0000000087e00000, 0x0000000087f00000|  0%| F|  |TAMS 0x0000000087e00000| PB 0x0000000087e00000| Untracked |  0
|  45|0x0000000087f00000, 0x0000000087f00000, 0x0000000088000000|  0%| F|  |TAMS 0x0000000087f00000| PB 0x0000000087f00000| Untracked |  0
|  46|0x0000000088000000, 0x0000000088000000, 0x0000000088100000|  0%| F|  |TAMS 0x0000000088000000| PB 0x0000000088000000| Untracked |  0
|  47|0x0000000088100000, 0x0000000088100000, 0x0000000088200000|  0%| F|  |TAMS 0x0000000088100000| PB 0x0000000088100000| Untracked |  0
|  48|0x0000000088200000, 0x0000000088200000, 0x0000000088300000|  0%| F|  |TAMS 0x0000000088200000| PB 0x0000000088200000| Untracked |  0
|  49|0x0000000088300000, 0x0000000088300000, 0x0000000088400000|  0%| F|  |TAMS 0x0000000088300000| PB 0x0000000088300000| Untracked |  0
|  50|0x0000000088400000, 0x0000000088400000, 0x0000000088500000|  0%| F|  |TAMS 0x0000000088400000| PB 0x0000000088400000| Untracked |  0
|  51|0x0000000088500000, 0x0000000088500000, 0x0000000088600000|  0%| F|  |TAMS 0x0000000088500000| PB 0x0000000088500000| Untracked |  0
|  52|0x0000000088600000, 0x0000000088600000, 0x0000000088700000|  0%| F|  |TAMS 0x0000000088600000| PB 0x0000000088600000| Untracked |  0
|  53|0x0000000088700000, 0x0000000088700000, 0x0000000088800000|  0%| F|  |TAMS 0x0000000088700000| PB 0x0000000088700000| Untracked |  0
|  54|0x0000000088800000, 0x0000000088800000, 0x0000000088900000|  0%| F|  |TAMS 0x0000000088800000| PB 0x0000000088800000| Untracked |  0
|  55|0x0000000088900000, 0x0000000088900000, 0x0000000088a00000|  0%| F|  |TAMS 0x0000000088900000| PB 0x0000000088900000| Untracked |  0
|  56|0x0000000088a00000, 0x0000000088a00000, 0x0000000088b00000|  0%| F|  |TAMS 0x0000000088a00000| PB 0x0000000088a00000| Untracked |  0
|  57|0x0000000088b00000, 0x0000000088b00000, 0x0000000088c00000|  0%| F|  |TAMS 0x0000000088b00000| PB 0x0000000088b00000| Untracked |  0
|  58|0x0000000088c00000, 0x0000000088c00000, 0x0000000088d00000|  0%| F|  |TAMS 0x0000000088c00000| PB 0x0000000088c00000| Untracked |  0
|  59|0x0000000088d00000, 0x0000000088d00000, 0x0000000088e00000|  0%| F|  |TAMS 0x0000000088d00000| PB 0x0000000088d00000| Untracked |  0
|  60|0x0000000088e00000, 0x0000000088e00000, 0x0000000088f00000|  0%| F|  |TAMS 0x0000000088e00000| PB 0x0000000088e00000| Untracked |  0
|  61|0x0000000088f00000, 0x0000000088f00000, 0x0000000089000000|  0%| F|  |TAMS 0x0000000088f00000| PB 0x0000000088f00000| Untracked |  0
|  62|0x0000000089000000, 0x0000000089000000, 0x0000000089100000|  0%| F|  |TAMS 0x0000000089000000| PB 0x0000000089000000| Untracked |  0
|  63|0x0000000089100000, 0x0000000089100000, 0x0000000089200000|  0%| F|  |TAMS 0x0000000089100000| PB 0x0000000089100000| Untracked |  0
|  64|0x0000000089200000, 0x0000000089200000, 0x0000000089300000|  0%| F|  |TAMS 0x0000000089200000| PB 0x0000000089200000| Untracked |  0
|  65|0x0000000089300000, 0x0000000089300000, 0x0000000089400000|  0%| F|  |TAMS 0x0000000089300000| PB 0x0000000089300000| Untracked |  0
|  66|0x0000000089400000, 0x0000000089400000, 0x0000000089500000|  0%| F|  |TAMS 0x0000000089400000| PB 0x0000000089400000| Untracked |  0
|  67|0x0000000089500000, 0x0000000089500000, 0x0000000089600000|  0%| F|  |TAMS 0x0000000089500000| PB 0x0000000089500000| Untracked |  0
|  68|0x0000000089600000, 0x0000000089600000, 0x0000000089700000|  0%| F|  |TAMS 0x0000000089600000| PB 0x0000000089600000| Untracked |  0
|  69|0x0000000089700000, 0x0000000089700000, 0x0000000089800000|  0%| F|  |TAMS 0x0000000089700000| PB 0x0000000089700000| Untracked |  0
|  70|0x0000000089800000, 0x0000000089800000, 0x0000000089900000|  0%| F|  |TAMS 0x0000000089800000| PB 0x0000000089800000| Untracked |  0
|  71|0x0000000089900000, 0x0000000089935550, 0x0000000089a00000| 20%| S|CS|TAMS 0x0000000089900000| PB 0x0000000089900000| Complete |  0
|  72|0x0000000089a00000, 0x0000000089b00000, 0x0000000089b00000|100%| S|CS|TAMS 0x0000000089a00000| PB 0x0000000089a00000| Complete |  0
|  73|0x0000000089b00000, 0x0000000089c00000, 0x0000000089c00000|100%| S|CS|TAMS 0x0000000089b00000| PB 0x0000000089b00000| Complete |  0
|  74|0x0000000089c00000, 0x0000000089d00000, 0x0000000089d00000|100%| S|CS|TAMS 0x0000000089c00000| PB 0x0000000089c00000| Complete |  0
|  75|0x0000000089d00000, 0x0000000089e00000, 0x0000000089e00000|100%| S|CS|TAMS 0x0000000089d00000| PB 0x0000000089d00000| Complete |  0
|  76|0x0000000089e00000, 0x0000000089f00000, 0x0000000089f00000|100%| S|CS|TAMS 0x0000000089e00000| PB 0x0000000089e00000| Complete |  0
|  77|0x0000000089f00000, 0x0000000089f00000, 0x000000008a000000|  0%| F|  |TAMS 0x0000000089f00000| PB 0x0000000089f00000| Untracked |  0
|  78|0x000000008a000000, 0x000000008a000000, 0x000000008a100000|  0%| F|  |TAMS 0x000000008a000000| PB 0x000000008a000000| Untracked |  0
|  79|0x000000008a100000, 0x000000008a100000, 0x000000008a200000|  0%| F|  |TAMS 0x000000008a100000| PB 0x000000008a100000| Untracked |  0
|  80|0x000000008a200000, 0x000000008a200000, 0x000000008a300000|  0%| F|  |TAMS 0x000000008a200000| PB 0x000000008a200000| Untracked |  0
|  81|0x000000008a300000, 0x000000008a300000, 0x000000008a400000|  0%| F|  |TAMS 0x000000008a300000| PB 0x000000008a300000| Untracked |  0
|  82|0x000000008a400000, 0x000000008a400000, 0x000000008a500000|  0%| F|  |TAMS 0x000000008a400000| PB 0x000000008a400000| Untracked |  0
|  83|0x000000008a500000, 0x000000008a500000, 0x000000008a600000|  0%| F|  |TAMS 0x000000008a500000| PB 0x000000008a500000| Untracked |  0
|  84|0x000000008a600000, 0x000000008a600000, 0x000000008a700000|  0%| F|  |TAMS 0x000000008a600000| PB 0x000000008a600000| Untracked |  0
|  85|0x000000008a700000, 0x000000008a780000, 0x000000008a800000| 50%| E|  |TAMS 0x000000008a700000| PB 0x000000008a700000| Complete |  0
|  86|0x000000008a800000, 0x000000008a900000, 0x000000008a900000|100%| E|CS|TAMS 0x000000008a800000| PB 0x000000008a800000| Complete |  0
|  87|0x000000008a900000, 0x000000008aa00000, 0x000000008aa00000|100%| E|CS|TAMS 0x000000008a900000| PB 0x000000008a900000| Complete |  0
|  88|0x000000008aa00000, 0x000000008ab00000, 0x000000008ab00000|100%| E|CS|TAMS 0x000000008aa00000| PB 0x000000008aa00000| Complete |  0
|  89|0x000000008ab00000, 0x000000008ac00000, 0x000000008ac00000|100%| E|CS|TAMS 0x000000008ab00000| PB 0x000000008ab00000| Complete |  0
|  90|0x000000008ac00000, 0x000000008ad00000, 0x000000008ad00000|100%| E|CS|TAMS 0x000000008ac00000| PB 0x000000008ac00000| Complete |  0
|  91|0x000000008ad00000, 0x000000008ae00000, 0x000000008ae00000|100%| E|CS|TAMS 0x000000008ad00000| PB 0x000000008ad00000| Complete |  0
|  92|0x000000008ae00000, 0x000000008af00000, 0x000000008af00000|100%| E|CS|TAMS 0x000000008ae00000| PB 0x000000008ae00000| Complete |  0
|  93|0x000000008af00000, 0x000000008b000000, 0x000000008b000000|100%| E|CS|TAMS 0x000000008af00000| PB 0x000000008af00000| Complete |  0
|  94|0x000000008b000000, 0x000000008b100000, 0x000000008b100000|100%| E|CS|TAMS 0x000000008b000000| PB 0x000000008b000000| Complete |  0
|  95|0x000000008b100000, 0x000000008b200000, 0x000000008b200000|100%| E|CS|TAMS 0x000000008b100000| PB 0x000000008b100000| Complete |  0
|  96|0x000000008b200000, 0x000000008b300000, 0x000000008b300000|100%| E|CS|TAMS 0x000000008b200000| PB 0x000000008b200000| Complete |  0
|  97|0x000000008b300000, 0x000000008b400000, 0x000000008b400000|100%| E|CS|TAMS 0x000000008b300000| PB 0x000000008b300000| Complete |  0
|  98|0x000000008b400000, 0x000000008b500000, 0x000000008b500000|100%| E|CS|TAMS 0x000000008b400000| PB 0x000000008b400000| Complete |  0
|  99|0x000000008b500000, 0x000000008b600000, 0x000000008b600000|100%| E|CS|TAMS 0x000000008b500000| PB 0x000000008b500000| Complete |  0
| 100|0x000000008b600000, 0x000000008b700000, 0x000000008b700000|100%| E|CS|TAMS 0x000000008b600000| PB 0x000000008b600000| Complete |  0
| 101|0x000000008b700000, 0x000000008b800000, 0x000000008b800000|100%| E|CS|TAMS 0x000000008b700000| PB 0x000000008b700000| Complete |  0
| 102|0x000000008b800000, 0x000000008b900000, 0x000000008b900000|100%| E|CS|TAMS 0x000000008b800000| PB 0x000000008b800000| Complete |  0
| 103|0x000000008b900000, 0x000000008ba00000, 0x000000008ba00000|100%| E|CS|TAMS 0x000000008b900000| PB 0x000000008b900000| Complete |  0
| 104|0x000000008ba00000, 0x000000008bb00000, 0x000000008bb00000|100%| E|CS|TAMS 0x000000008ba00000| PB 0x000000008ba00000| Complete |  0
| 105|0x000000008bb00000, 0x000000008bc00000, 0x000000008bc00000|100%| E|CS|TAMS 0x000000008bb00000| PB 0x000000008bb00000| Complete |  0
| 106|0x000000008bc00000, 0x000000008bd00000, 0x000000008bd00000|100%| E|CS|TAMS 0x000000008bc00000| PB 0x000000008bc00000| Complete |  0
| 107|0x000000008bd00000, 0x000000008be00000, 0x000000008be00000|100%| E|CS|TAMS 0x000000008bd00000| PB 0x000000008bd00000| Complete |  0
| 108|0x000000008be00000, 0x000000008bf00000, 0x000000008bf00000|100%| E|CS|TAMS 0x000000008be00000| PB 0x000000008be00000| Complete |  0
| 109|0x000000008bf00000, 0x000000008c000000, 0x000000008c000000|100%| E|CS|TAMS 0x000000008bf00000| PB 0x000000008bf00000| Complete |  0
| 110|0x000000008c000000, 0x000000008c100000, 0x000000008c100000|100%| E|CS|TAMS 0x000000008c000000| PB 0x000000008c000000| Complete |  0
| 111|0x000000008c100000, 0x000000008c200000, 0x000000008c200000|100%| E|CS|TAMS 0x000000008c100000| PB 0x000000008c100000| Complete |  0
| 112|0x000000008c200000, 0x000000008c300000, 0x000000008c300000|100%| E|CS|TAMS 0x000000008c200000| PB 0x000000008c200000| Complete |  0
| 113|0x000000008c300000, 0x000000008c400000, 0x000000008c400000|100%| E|CS|TAMS 0x000000008c300000| PB 0x000000008c300000| Complete |  0
| 114|0x000000008c400000, 0x000000008c500000, 0x000000008c500000|100%| E|CS|TAMS 0x000000008c400000| PB 0x000000008c400000| Complete |  0
| 115|0x000000008c500000, 0x000000008c600000, 0x000000008c600000|100%| E|CS|TAMS 0x000000008c500000| PB 0x000000008c500000| Complete |  0
| 116|0x000000008c600000, 0x000000008c700000, 0x000000008c700000|100%| E|CS|TAMS 0x000000008c600000| PB 0x000000008c600000| Complete |  0
| 117|0x000000008c700000, 0x000000008c800000, 0x000000008c800000|100%| E|CS|TAMS 0x000000008c700000| PB 0x000000008c700000| Complete |  0
| 118|0x000000008c800000, 0x000000008c900000, 0x000000008c900000|100%| E|CS|TAMS 0x000000008c800000| PB 0x000000008c800000| Complete |  0
| 119|0x000000008c900000, 0x000000008ca00000, 0x000000008ca00000|100%| E|CS|TAMS 0x000000008c900000| PB 0x000000008c900000| Complete |  0
| 120|0x000000008ca00000, 0x000000008cb00000, 0x000000008cb00000|100%| E|CS|TAMS 0x000000008ca00000| PB 0x000000008ca00000| Complete |  0
| 121|0x000000008cb00000, 0x000000008cc00000, 0x000000008cc00000|100%| E|CS|TAMS 0x000000008cb00000| PB 0x000000008cb00000| Complete |  0
| 122|0x000000008cc00000, 0x000000008cd00000, 0x000000008cd00000|100%| E|CS|TAMS 0x000000008cc00000| PB 0x000000008cc00000| Complete |  0
| 123|0x000000008cd00000, 0x000000008ce00000, 0x000000008ce00000|100%| E|CS|TAMS 0x000000008cd00000| PB 0x000000008cd00000| Complete |  0
|1964|0x00000000ffe00000, 0x00000000fff00000, 0x00000000fff00000|100%| O|  |TAMS 0x00000000ffe00000| PB 0x00000000ffe00000| Untracked |  0
|1965|0x00000000fff00000, 0x00000000fff24e30, 0x0000000100000000| 14%| O|  |TAMS 0x00000000fff00000| PB 0x00000000fff00000| Untracked |  0

Card table byte_map: [0x00000199e1580000,0x00000199e1960000] _byte_map_base: 0x00000199e1157000

Marking Bits: (CMBitMap*) 0x00000199c931f190
 Bits: [0x00000199e1960000, 0x00000199e3818000)

Polling page: 0x00000199c7480000

Metaspace:
Metaspace        used 20489K, committed 20928K, reserved 1114112K
 class space     used 1890K, committed 2112K, reserved 1048576K

Usage:
  Non-class:     18.16 MB used.
      Class:      1.85 MB used.
       Both:     20.01 MB used.

Virtual space:
  Non-class space:       64.00 MB reserved,      18.38 MB ( 29%) committed,  1 nodes.
      Class space:        1.00 GB reserved,       2.06 MB ( <1%) committed,  1 nodes.
             Both:        1.06 GB reserved,      20.44 MB (  2%) committed. 

Chunk freelists:
   Non-Class:  12.95 MB
       Class:  13.99 MB
        Both:  26.95 MB

MaxMetaspaceSize: unlimited
CompressedClassSpaceSize: 1.00 GB
Initial GC threshold: 21.00 MB
Current GC threshold: 21.00 MB
CDS: on
 - commit_granule_bytes: 65536.
 - commit_granule_words: 8192.
 - virtual_space_node_default_size: 8388608.
 - enlarge_chunks_in_place: 1.
UseCompressedClassPointers 1, UseCompactObjectHeaders 0
Narrow klass pointer bits 32, Max shift 3
Narrow klass base: 0x0000000031000000, Narrow klass shift: 0
Encoding Range: [0x0000000031000000 - 0x0000000131000000), (4294967296 bytes)
Klass Range:    [0x0000000031010000 - 0x0000000072000000), (1090453504 bytes)
Klass ID Range:  [65536 - 1090519033) (1090453497)
Protection zone: [0x0000000031000000 - 0x0000000031010000), (65536 bytes)


Internal statistics:

num_allocs_failed_limit: 0.
num_arena_births: 540.
num_arena_deaths: 0.
num_vsnodes_births: 2.
num_vsnodes_deaths: 0.
num_space_committed: 327.
num_space_uncommitted: 0.
num_chunks_returned_to_freelist: 0.
num_chunks_taken_from_freelist: 912.
num_chunk_merges: 0.
num_chunk_splits: 618.
num_chunks_enlarged: 420.
num_inconsistent_stats: 0.

CodeHeap 'non-profiled nmethods': size=120064Kb used=798Kb max_used=798Kb free=119265Kb
 bounds [0x00000199d9600000, 0x00000199d9870000, 0x00000199e0b40000]
CodeHeap 'profiled nmethods': size=120000Kb used=4571Kb max_used=4571Kb free=115428Kb
 bounds [0x00000199d1b40000, 0x00000199d1fc0000, 0x00000199d9070000]
CodeHeap 'non-nmethods': size=5696Kb used=1816Kb max_used=1859Kb free=3879Kb
 bounds [0x00000199d9070000, 0x00000199d92e0000, 0x00000199d9600000]
CodeCache: size=245760Kb, used=7185Kb, max_used=7228Kb, free=238572Kb
 total_blobs=3640, nmethods=2970, adapters=573, full_count=0
Compilation: enabled, stopped_count=0, restarted_count=0

Compilation events (20 events):
Event: 2.217 Thread 0x00000199e5f1e7c0 nmethod 2772 0x00000199d96bd508 code [0x00000199d96bd600, 0x00000199d96bd6c8]
Event: 2.217 Thread 0x00000199e5f20800 nmethod 2671 0x00000199d96bd808 code [0x00000199d96bd900, 0x00000199d96bd9e0]
Event: 2.217 Thread 0x00000199e5f20800 2701       4       java.util.Objects::checkFromIndexSize (8 bytes)
Event: 2.217 Thread 0x00000199e5f1e7c0 2773       3       java.util.regex.Matcher::<init> (88 bytes)
Event: 2.217 Thread 0x00000199e5f20800 nmethod 2701 0x00000199d96bdb08 code [0x00000199d96bdc00, 0x00000199d96bdcc0]
Event: 2.217 Thread 0x00000199e5f20800 2700       4       java.io.BufferedInputStream::ensureOpen (18 bytes)
Event: 2.217 Thread 0x00000199e5f1e7c0 nmethod 2773 0x00000199d1f64088 code [0x00000199d1f64180, 0x00000199d1f64750]
Event: 2.218 Thread 0x00000199e5f1e7c0 2774       3       jdk.nio.zipfs.ZipPath::resolve (42 bytes)
Event: 2.218 Thread 0x00000199e5f20800 nmethod 2700 0x00000199d96bde08 code [0x00000199d96bdf00, 0x00000199d96bdf90]
Event: 2.218 Thread 0x00000199e5f20800 2756       4       jdk.nio.zipfs.ZipConstants::LG (22 bytes)
Event: 2.218 Thread 0x00000199e5f1e7c0 nmethod 2774 0x00000199d1f64788 code [0x00000199d1f64880, 0x00000199d1f65090]
Event: 2.218 Thread 0x00000199e5f1e7c0 2775       3       jdk.nio.zipfs.ZipPath::checkPath (27 bytes)
Event: 2.218 Thread 0x00000199e5f1e7c0 nmethod 2775 0x00000199d1f65108 code [0x00000199d1f65200, 0x00000199d1f65708]
Event: 2.218 Thread 0x00000199e5f1e7c0 2776       3       jdk.nio.zipfs.ZipPath::resolve (108 bytes)
Event: 2.219 Thread 0x00000199e5f1e7c0 nmethod 2776 0x00000199d1f65788 code [0x00000199d1f65880, 0x00000199d1f65e88]
Event: 2.219 Thread 0x00000199e5f1e7c0 2777       3       java.util.ArrayDeque::size (17 bytes)
Event: 2.219 Thread 0x00000199e5f1e7c0 nmethod 2777 0x00000199d1f65f08 code [0x00000199d1f66000, 0x00000199d1f661a8]
Event: 2.219 Thread 0x00000199e5f1e7c0 2778       3       java.util.ArrayDeque::sub (14 bytes)
Event: 2.219 Thread 0x00000199e5f1e7c0 nmethod 2778 0x00000199d1f66208 code [0x00000199d1f66300, 0x00000199d1f66418]
Event: 2.219 Thread 0x00000199e5f1e7c0 2779       3       java.util.concurrent.TimeUnit::toMillis (69 bytes)

GC Heap Usage History (2 events):
Event: 1.686 {heap Before GC invocations=0 (full 0):
 garbage-first heap   total reserved 2013184K, committed 129024K, used 48275K [0x0000000085200000, 0x0000000100000000)
  region size 1024K, 47 young (48128K), 0 survivors (0K)
}
Event: 1.693 {heap After GC invocations=1 (full 0):
 garbage-first heap   total reserved 2013184K, committed 129024K, used 6504K [0x0000000085200000, 0x0000000100000000)
  region size 1024K, 6 young (6144K), 6 survivors (6144K)
}

Metaspace Usage History (2 events):
Event: 1.686 {metaspace Before GC invocations=0 (full 0):
 Metaspace       used 16783K, committed 16960K, reserved 1114112K
  class space    used 1444K, committed 1536K, reserved 1048576K
}
Event: 1.693 {metaspace After GC invocations=1 (full 0):
 Metaspace       used 16783K, committed 16960K, reserved 1114112K
  class space    used 1444K, committed 1536K, reserved 1048576K
}

Dll operation events (9 events):
Event: 0.024 Loaded shared library C:\Users\TL\.jdks\openjdk-25\bin\java.dll
Event: 0.027 Loaded shared library C:\Users\TL\.jdks\openjdk-25\bin\zip.dll
Event: 0.150 Loaded shared library C:\Users\TL\.jdks\openjdk-25\bin\instrument.dll
Event: 0.200 Loaded shared library C:\Users\TL\.jdks\openjdk-25\bin\verify.dll
Event: 0.269 Loaded shared library C:\Users\TL\.jdks\openjdk-25\bin\net.dll
Event: 0.271 Loaded shared library C:\Users\TL\.jdks\openjdk-25\bin\nio.dll
Event: 0.314 Loaded shared library C:\Users\TL\.jdks\openjdk-25\bin\zip.dll
Event: 0.415 Loaded shared library C:\Users\TL\.jdks\openjdk-25\bin\extnet.dll
Event: 0.517 Loaded shared library C:\Users\TL\.jdks\openjdk-25\bin\jimage.dll

Deoptimization events (20 events):
Event: 2.169 Thread 0x00000199c92c6ba0 Uncommon trap: trap_request=0xffffffde fr.pc=0x00000199d966d91c relative=0x0000000000000e1c
Event: 2.169 Thread 0x00000199c92c6ba0 Uncommon trap: reason=class_check action=maybe_recompile pc=0x00000199d966d91c method=java.io.BufferedInputStream.read([BII)I @ 100 c2
Event: 2.169 Thread 0x00000199c92c6ba0 DEOPT PACKING pc=0x00000199d966d91c sp=0x0000008b026fafb0
Event: 2.169 Thread 0x00000199c92c6ba0 DEOPT UNPACKING pc=0x00000199d918e982 sp=0x0000008b026faf20 mode 2
Event: 2.169 Thread 0x00000199c92c6ba0 Uncommon trap: trap_request=0xffffffde fr.pc=0x00000199d966d91c relative=0x0000000000000e1c
Event: 2.169 Thread 0x00000199c92c6ba0 Uncommon trap: reason=class_check action=maybe_recompile pc=0x00000199d966d91c method=java.io.BufferedInputStream.read([BII)I @ 100 c2
Event: 2.169 Thread 0x00000199c92c6ba0 DEOPT PACKING pc=0x00000199d966d91c sp=0x0000008b026fafb0
Event: 2.169 Thread 0x00000199c92c6ba0 DEOPT UNPACKING pc=0x00000199d918e982 sp=0x0000008b026faf20 mode 2
Event: 2.169 Thread 0x00000199c92c6ba0 Uncommon trap: trap_request=0xffffffde fr.pc=0x00000199d966ef5c relative=0x000000000000085c
Event: 2.169 Thread 0x00000199c92c6ba0 Uncommon trap: reason=class_check action=maybe_recompile pc=0x00000199d966ef5c method=java.io.BufferedInputStream.read([BII)I @ 100 c2
Event: 2.169 Thread 0x00000199c92c6ba0 DEOPT PACKING pc=0x00000199d966ef5c sp=0x0000008b026faf40
Event: 2.169 Thread 0x00000199c92c6ba0 DEOPT UNPACKING pc=0x00000199d918e982 sp=0x0000008b026faf18 mode 2
Event: 2.202 Thread 0x00000199c92c6ba0 Uncommon trap: trap_request=0xffffff45 fr.pc=0x00000199d96b575c relative=0x00000000000000dc
Event: 2.202 Thread 0x00000199c92c6ba0 Uncommon trap: reason=unstable_if action=reinterpret pc=0x00000199d96b575c method=java.util.HashMap.hash(Ljava/lang/Object;)I @ 1 c2
Event: 2.202 Thread 0x00000199c92c6ba0 DEOPT PACKING pc=0x00000199d96b575c sp=0x0000008b026fa050
Event: 2.202 Thread 0x00000199c92c6ba0 DEOPT UNPACKING pc=0x00000199d918e982 sp=0x0000008b026f9f90 mode 2
Event: 2.203 Thread 0x00000199c92c6ba0 Uncommon trap: trap_request=0xffffff45 fr.pc=0x00000199d962fc24 relative=0x00000000000000a4
Event: 2.203 Thread 0x00000199c92c6ba0 Uncommon trap: reason=unstable_if action=reinterpret pc=0x00000199d962fc24 method=java.util.HashMap.hash(Ljava/lang/Object;)I @ 1 c2
Event: 2.203 Thread 0x00000199c92c6ba0 DEOPT PACKING pc=0x00000199d962fc24 sp=0x0000008b026f9ff0
Event: 2.203 Thread 0x00000199c92c6ba0 DEOPT UNPACKING pc=0x00000199d918e982 sp=0x0000008b026f9f88 mode 2

Classes loaded (20 events):
Event: 2.200 Loading class java/time/format/DateTimeFormatterBuilder$StringLiteralPrinterParser
Event: 2.200 Loading class java/time/format/DateTimeFormatterBuilder$StringLiteralPrinterParser done
Event: 2.200 Loading class java/time/format/DateTimeFormatterBuilder$InstantPrinterParser
Event: 2.200 Loading class java/time/format/DateTimeFormatterBuilder$InstantPrinterParser done
Event: 2.202 Loading class java/time/format/DateTimeFormatterBuilder$TextPrinterParser
Event: 2.202 Loading class java/time/format/DateTimeFormatterBuilder$TextPrinterParser done
Event: 2.203 Loading class java/time/Period
Event: 2.203 Loading class java/time/Period done
Event: 2.206 Loading class java/nio/file/ClosedDirectoryStreamException
Event: 2.206 Loading class java/nio/file/ClosedDirectoryStreamException done
Event: 2.206 Loading class java/nio/file/FileTreeWalker$DirectoryNode
Event: 2.206 Loading class java/nio/file/FileTreeWalker$DirectoryNode done
Event: 2.207 Loading class java/nio/file/FileTreeWalker$Event
Event: 2.207 Loading class java/nio/file/FileTreeWalker$Event done
Event: 2.207 Loading class java/nio/file/FileTreeWalker$EventType
Event: 2.207 Loading class java/nio/file/FileTreeWalker$EventType done
Event: 2.207 Loading class java/nio/file/Files$3
Event: 2.207 Loading class java/nio/file/Files$3 done
Event: 2.207 Loading class java/nio/file/FileVisitResult
Event: 2.208 Loading class java/nio/file/FileVisitResult done

Classes unloaded (0 events):
No events

Classes redefined (1 events):
Event: 0.221 Thread 0x00000199e5ee35b0 redefined class name=java.lang.Throwable, count=1

Internal exceptions (20 events):
Event: 1.965 Thread 0x00000199c92c6ba0 Exception <a 'java/lang/ClassNotFoundException'{0x000000008c1efc60}: [Ljava/lang/Object;BeanInfo> (0x000000008c1efc60) 
thrown [s\open\src\hotspot\share\prims\jni.cpp, line 534]
Event: 1.965 Thread 0x00000199c92c6ba0 Exception <a 'java/lang/ClassNotFoundException'{0x000000008c1f0500}: [Ljava/lang/Object;BeanInfo> (0x000000008c1f0500) 
thrown [s\open\src\hotspot\share\prims\jni.cpp, line 534]
Event: 1.965 Thread 0x00000199c92c6ba0 Exception <a 'java/lang/ClassNotFoundException'{0x000000008c1f0e60}: [Ljava/lang/Object;Customizer> (0x000000008c1f0e60) 
thrown [s\open\src\hotspot\share\prims\jni.cpp, line 534]
Event: 1.965 Thread 0x00000199c92c6ba0 Exception <a 'java/lang/ClassNotFoundException'{0x000000008c1f1700}: [Ljava/lang/Object;Customizer> (0x000000008c1f1700) 
thrown [s\open\src\hotspot\share\prims\jni.cpp, line 534]
Event: 1.967 Thread 0x00000199c92c6ba0 Exception <a 'java/lang/ClassNotFoundException'{0x000000008c0065a8}: io/restassured/internal/common/assertion/AssertionSupportBeanInfo> (0x000000008c0065a8) 
thrown [s\open\src\hotspot\share\classfile\systemDictionary.cpp, line 327]
Event: 1.968 Thread 0x00000199c92c6ba0 Exception <a 'java/lang/ClassNotFoundException'{0x000000008c0083b0}: io/restassured/internal/common/assertion/AssertionSupportCustomizer> (0x000000008c0083b0) 
thrown [s\open\src\hotspot\share\classfile\systemDictionary.cpp, line 327]
Event: 1.971 Thread 0x00000199c92c6ba0 Exception <a 'java/lang/ClassNotFoundException'{0x000000008c048f28}: org/apache/commons/lang3/StringUtilsBeanInfo> (0x000000008c048f28) 
thrown [s\open\src\hotspot\share\classfile\systemDictionary.cpp, line 327]
Event: 1.971 Thread 0x00000199c92c6ba0 Exception <a 'java/lang/ClassNotFoundException'{0x000000008c04b370}: org/apache/commons/lang3/StringUtilsCustomizer> (0x000000008c04b370) 
thrown [s\open\src\hotspot\share\classfile\systemDictionary.cpp, line 327]
Event: 1.979 Thread 0x00000199c92c6ba0 Exception <a 'java/lang/NoSuchMethodError'{0x000000008c0de5c8}: 'int java.lang.invoke.DirectMethodHandle$Holder.invokeInterface(java.lang.Object, java.lang.Object, int)'> (0x000000008c0de5c8) 
thrown [s\open\src\hotspot\share\interpreter\linkResolver.cpp, line 804]
Event: 1.982 Thread 0x00000199c92c6ba0 Exception <a 'java/lang/ClassNotFoundException'{0x000000008bf0aaf0}: java/lang/CharacterBeanInfo> (0x000000008bf0aaf0) 
thrown [s\open\src\hotspot\share\classfile\systemDictionary.cpp, line 327]
Event: 1.982 Thread 0x00000199c92c6ba0 Exception <a 'java/lang/ClassNotFoundException'{0x000000008bf0bd60}: java/lang/CharacterCustomizer> (0x000000008bf0bd60) 
thrown [s\open\src\hotspot\share\classfile\systemDictionary.cpp, line 327]
Event: 1.990 Thread 0x00000199c92c6ba0 Exception <a 'java/lang/ClassNotFoundException'{0x000000008bf70838}: org/apache/commons/lang3/math/NumberUtilsBeanInfo> (0x000000008bf70838) 
thrown [s\open\src\hotspot\share\classfile\systemDictionary.cpp, line 327]
Event: 1.991 Thread 0x00000199c92c6ba0 Exception <a 'java/lang/ClassNotFoundException'{0x000000008bf72500}: org/apache/commons/lang3/math/NumberUtilsCustomizer> (0x000000008bf72500) 
thrown [s\open\src\hotspot\share\classfile\systemDictionary.cpp, line 327]
Event: 2.009 Thread 0x00000199c92c6ba0 Exception <a 'java/lang/ClassNotFoundException'{0x000000008be0a958}: java/lang/StringBuilderBeanInfo> (0x000000008be0a958) 
thrown [s\open\src\hotspot\share\classfile\systemDictionary.cpp, line 327]
Event: 2.010 Thread 0x00000199c92c6ba0 Exception <a 'java/lang/ClassNotFoundException'{0x000000008be0b960}: java/lang/AbstractStringBuilderBeanInfo> (0x000000008be0b960) 
thrown [s\open\src\hotspot\share\classfile\systemDictionary.cpp, line 327]
Event: 2.010 Thread 0x00000199c92c6ba0 Exception <a 'java/lang/ClassNotFoundException'{0x000000008be0c958}: java/lang/AbstractStringBuilderCustomizer> (0x000000008be0c958) 
thrown [s\open\src\hotspot\share\classfile\systemDictionary.cpp, line 327]
Event: 2.016 Thread 0x00000199c92c6ba0 Exception <a 'java/lang/ClassNotFoundException'{0x000000008be72600}: java/lang/StringBuilderCustomizer> (0x000000008be72600) 
thrown [s\open\src\hotspot\share\classfile\systemDictionary.cpp, line 327]
Event: 2.052 Thread 0x00000199c92c6ba0 Exception <a 'java/lang/NoSuchMethodError'{0x000000008bdc9cc0}: 'java.lang.Object java.lang.invoke.Invokers$Holder.linkToCallSite(java.lang.Object, int, java.lang.Object, java.lang.Object)'> (0x000000008bdc9cc0) 
thrown [s\open\src\hotspot\share\interpreter\linkResolver.cpp, line 804]
Event: 2.202 Thread 0x00000199c92c6ba0 Implicit null exception at 0x00000199d96b56b6 to 0x00000199d96b5752
Event: 2.203 Thread 0x00000199c92c6ba0 Implicit null exception at 0x00000199d962fb9d to 0x00000199d962fc15

VM Operations (20 events):
Event: 1.236 Executing non-safepoint VM operation: HandshakeAllThreads (Deoptimize)
Event: 1.236 Executing non-safepoint VM operation: HandshakeAllThreads (Deoptimize) done
Event: 1.426 Executing non-safepoint VM operation: HandshakeAllThreads (Deoptimize)
Event: 1.426 Executing non-safepoint VM operation: HandshakeAllThreads (Deoptimize) done
Event: 1.686 Executing safepoint VM operation: G1CollectForAllocation (G1 Evacuation Pause)
Event: 1.693 Executing safepoint VM operation: G1CollectForAllocation (G1 Evacuation Pause) done
Event: 1.703 Executing non-safepoint VM operation: HandshakeAllThreads (Deoptimize)
Event: 1.703 Executing non-safepoint VM operation: HandshakeAllThreads (Deoptimize) done
Event: 1.712 Executing non-safepoint VM operation: HandshakeAllThreads (Deoptimize)
Event: 1.712 Executing non-safepoint VM operation: HandshakeAllThreads (Deoptimize) done
Event: 1.760 Executing non-safepoint VM operation: HandshakeAllThreads (Deoptimize)
Event: 1.760 Executing non-safepoint VM operation: HandshakeAllThreads (Deoptimize) done
Event: 1.773 Executing non-safepoint VM operation: HandshakeAllThreads (Deoptimize)
Event: 1.773 Executing non-safepoint VM operation: HandshakeAllThreads (Deoptimize) done
Event: 1.815 Executing non-safepoint VM operation: HandshakeAllThreads (Deoptimize)
Event: 1.815 Executing non-safepoint VM operation: HandshakeAllThreads (Deoptimize) done
Event: 2.112 Executing non-safepoint VM operation: HandshakeAllThreads (Deoptimize)
Event: 2.112 Executing non-safepoint VM operation: HandshakeAllThreads (Deoptimize) done
Event: 2.172 Executing non-safepoint VM operation: HandshakeAllThreads (Deoptimize)
Event: 2.172 Executing non-safepoint VM operation: HandshakeAllThreads (Deoptimize) done

Memory protections (0 events):
No events

Nmethod flushes (0 events):
No events

Events (20 events):
Event: 0.191 Thread 0x00000199c92c6ba0 Thread added: 0x00000199e665e720
Event: 0.217 Thread 0x00000199e5f1e7c0 Thread added: 0x00000199e5f1cf90
Event: 0.223 Thread 0x00000199c92c6ba0 Thread added: 0x00000199e66f4f00
Event: 0.323 Thread 0x00000199c92c6ba0 Thread added: 0x00000199eb024d20
Event: 0.323 Thread 0x00000199c92c6ba0 Thread added: 0x00000199eb03f560
Event: 0.332 Thread 0x00000199e5f1cf90 Thread exited: 0x00000199e5f1cf90
Event: 0.452 Thread 0x00000199e5f0ed80 Thread added: 0x00000199e5f1f7e0
Event: 1.400 Thread 0x00000199c92c6ba0 Thread added: 0x00000199e688ab50
Event: 1.401 Thread 0x00000199e688ab50 Thread added: 0x00000199e688c2c0
Event: 1.401 Thread 0x00000199e688ab50 Thread added: 0x00000199e688da30
Event: 1.401 Thread 0x00000199c92c6ba0 Thread added: 0x00000199e688baf0
Event: 1.401 Thread 0x00000199e688ab50 Thread added: 0x00000199e688e200
Event: 1.401 Thread 0x00000199e688c2c0 Thread added: 0x00000199ebf68470
Event: 1.402 Thread 0x00000199e688da30 Thread added: 0x00000199ebf66d00
Event: 1.402 Thread 0x00000199e688ab50 Thread added: 0x00000199ebf64dc0
Event: 1.402 Thread 0x00000199c92c6ba0 Thread added: 0x00000199ebf68c40
Event: 1.402 Thread 0x00000199e688baf0 Thread added: 0x00000199ebf69be0
Event: 1.402 Thread 0x00000199e688e200 Thread added: 0x00000199ebf66530
Event: 1.767 Thread 0x00000199c92c6ba0 Thread added: 0x00000199ebfe6010
Event: 2.133 Thread 0x00000199e5f1e7c0 Thread added: 0x00000199e5f20800


Dynamic libraries:
0x00007ff674d80000 - 0x00007ff674d8e000 	C:\Users\TL\.jdks\openjdk-25\bin\java.exe
0x00007ffe81fe0000 - 0x00007ffe82247000 	C:\WINDOWS\SYSTEM32\ntdll.dll
0x00007ffe81430000 - 0x00007ffe814f9000 	C:\WINDOWS\System32\KERNEL32.DLL
0x00007ffe7f020000 - 0x00007ffe7f411000 	C:\WINDOWS\System32\KERNELBASE.dll
0x00007ffe7ed50000 - 0x00007ffe7ee9b000 	C:\WINDOWS\System32\ucrtbase.dll
0x00007ffe63db0000 - 0x00007ffe63dc7000 	C:\Users\TL\.jdks\openjdk-25\bin\jli.dll
0x00007ffe63e50000 - 0x00007ffe63e6e000 	C:\Users\TL\.jdks\openjdk-25\bin\VCRUNTIME140.dll
0x00007ffe81510000 - 0x00007ffe816d5000 	C:\WINDOWS\System32\USER32.dll
0x00007ffe7f420000 - 0x00007ffe7f447000 	C:\WINDOWS\System32\win32u.dll
0x00007ffe5c1c0000 - 0x00007ffe5c453000 	C:\WINDOWS\WinSxS\amd64_microsoft.windows.common-controls_6595b64144ccf1df_6.0.26100.8037_none_3e092faae333b53b\COMCTL32.dll
0x00007ffe81980000 - 0x00007ffe819ab000 	C:\WINDOWS\System32\GDI32.dll
0x00007ffe816e0000 - 0x00007ffe81789000 	C:\WINDOWS\System32\msvcrt.dll
0x00007ffe7e8c0000 - 0x00007ffe7e9eb000 	C:\WINDOWS\System32\gdi32full.dll
0x00007ffe7eca0000 - 0x00007ffe7ed43000 	C:\WINDOWS\System32\msvcp_win.dll
0x00007ffe7fd80000 - 0x00007ffe7fdb1000 	C:\WINDOWS\System32\IMM32.DLL
0x00007ffe71a80000 - 0x00007ffe71a8c000 	C:\Users\TL\.jdks\openjdk-25\bin\vcruntime140_1.dll
0x00007ffe54d00000 - 0x00007ffe54d8d000 	C:\Users\TL\.jdks\openjdk-25\bin\msvcp140.dll
0x00007ffd52fe0000 - 0x00007ffd53e3f000 	C:\Users\TL\.jdks\openjdk-25\bin\server\jvm.dll
0x00007ffe81370000 - 0x00007ffe8142b000 	C:\WINDOWS\System32\ADVAPI32.dll
0x00007ffe81190000 - 0x00007ffe81237000 	C:\WINDOWS\System32\sechost.dll
0x00007ffe7ff30000 - 0x00007ffe80048000 	C:\WINDOWS\System32\RPCRT4.dll
0x00007ffe81f20000 - 0x00007ffe81f94000 	C:\WINDOWS\System32\WS2_32.dll
0x00007ffe7e740000 - 0x00007ffe7e79e000 	C:\WINDOWS\SYSTEM32\POWRPROF.dll
0x00007ffe75680000 - 0x00007ffe756b5000 	C:\WINDOWS\SYSTEM32\WINMM.dll
0x00007ffe6c040000 - 0x00007ffe6c04b000 	C:\WINDOWS\SYSTEM32\VERSION.dll
0x00007ffe7e720000 - 0x00007ffe7e734000 	C:\WINDOWS\SYSTEM32\UMPDC.dll
0x00007ffe7d650000 - 0x00007ffe7d66b000 	C:\WINDOWS\SYSTEM32\kernel.appcore.dll
0x00007ffe602c0000 - 0x00007ffe602ca000 	C:\Users\TL\.jdks\openjdk-25\bin\jimage.dll
0x00007ffe7c9e0000 - 0x00007ffe7cc22000 	C:\WINDOWS\SYSTEM32\DBGHELP.DLL
0x00007ffe81ae0000 - 0x00007ffe81e62000 	C:\WINDOWS\System32\combase.dll
0x00007ffe810b0000 - 0x00007ffe81187000 	C:\WINDOWS\System32\OLEAUT32.dll
0x00007ffe5b620000 - 0x00007ffe5b65b000 	C:\WINDOWS\SYSTEM32\dbgcore.DLL
0x00007ffe7ea80000 - 0x00007ffe7eb25000 	C:\WINDOWS\System32\bcryptPrimitives.dll
0x00007ffe5fb20000 - 0x00007ffe5fb30000 	C:\Users\TL\.jdks\openjdk-25\bin\instrument.dll
0x00007ffe58d10000 - 0x00007ffe58d2f000 	C:\Users\TL\.jdks\openjdk-25\bin\java.dll
0x00007ffe80120000 - 0x00007ffe802b5000 	C:\WINDOWS\System32\ole32.dll
0x00007ffe802c0000 - 0x00007ffe80a1f000 	C:\WINDOWS\System32\SHELL32.dll
0x00007ffe7eb30000 - 0x00007ffe7ec9a000 	C:\WINDOWS\System32\wintypes.dll
0x00007ffe57700000 - 0x00007ffe57717000 	C:\Users\TL\.jdks\openjdk-25\bin\zip.dll
0x00007ffe7f510000 - 0x00007ffe7fd74000 	C:\WINDOWS\System32\windows.storage.dll
0x00007ffe80fb0000 - 0x00007ffe810a7000 	C:\WINDOWS\System32\SHCORE.dll
0x00007ffe819b0000 - 0x00007ffe81a17000 	C:\WINDOWS\System32\shlwapi.dll
0x00007ffe7e7e0000 - 0x00007ffe7e809000 	C:\WINDOWS\SYSTEM32\profapi.dll
0x00007ffe58cd0000 - 0x00007ffe58ce0000 	C:\Users\TL\.jdks\openjdk-25\bin\verify.dll
0x00007ffe57600000 - 0x00007ffe57612000 	C:\Users\TL\.jdks\openjdk-25\bin\net.dll
0x00007ffe7dbc0000 - 0x00007ffe7dc2b000 	C:\WINDOWS\system32\mswsock.dll
0x00007ffe575e0000 - 0x00007ffe575f6000 	C:\Users\TL\.jdks\openjdk-25\bin\nio.dll
0x00007ffe54f30000 - 0x00007ffe54f39000 	C:\Users\TL\.jdks\openjdk-25\bin\extnet.dll
0x00007ffe7deb0000 - 0x00007ffe7decb000 	C:\WINDOWS\SYSTEM32\CRYPTSP.dll
0x00007ffe7d5b0000 - 0x00007ffe7d5e9000 	C:\WINDOWS\system32\rsaenh.dll
0x00007ffe7dc70000 - 0x00007ffe7dca2000 	C:\WINDOWS\SYSTEM32\USERENV.dll
0x00007ffe7e7b0000 - 0x00007ffe7e7da000 	C:\WINDOWS\SYSTEM32\bcrypt.dll
0x00007ffe7dea0000 - 0x00007ffe7deac000 	C:\WINDOWS\SYSTEM32\CRYPTBASE.dll
0x00007ffe7d060000 - 0x00007ffe7d093000 	C:\WINDOWS\SYSTEM32\IPHLPAPI.DLL
0x00007ffe81ef0000 - 0x00007ffe81efa000 	C:\WINDOWS\System32\NSI.dll

JVMTI agents:
C:\Users\TL\AppData\Local\JetBrains\IntelliJIdea2025.2\captureAgent\debugger-agent.jar path:C:\Users\TL\.jdks\openjdk-25\bin\instrument.dll, loaded, initialized, instrumentlib options:file:///C:/Users/TL/AppData/Local/Temp/capture1612161239274727609.props
C:\Program Files\JetBrains\IntelliJ IDEA 2025.2.3\lib\idea_rt.jar path:C:\Users\TL\.jdks\openjdk-25\bin\instrument.dll, loaded, initialized, instrumentlib options:6718

dbghelp: loaded successfully - version: 4.0.5 - missing functions: none
symbol engine: initialized successfully - sym options: 0x614 - pdb path: .;C:\Users\TL\.jdks\openjdk-25\bin;C:\WINDOWS\SYSTEM32;C:\WINDOWS\WinSxS\amd64_microsoft.windows.common-controls_6595b64144ccf1df_6.0.26100.8037_none_3e092faae333b53b;C:\Users\TL\.jdks\openjdk-25\bin\server

VM Arguments:
jvm_args: -javaagent:C:\Users\TL\AppData\Local\JetBrains\IntelliJIdea2025.2\captureAgent\debugger-agent.jar=file:///C:/Users/TL/AppData/Local/Temp/capture1612161239274727609.props -ea -Didea.test.cyclic.buffer.size=1048576 -javaagent:C:\Program Files\JetBrains\IntelliJ IDEA 2025.2.3\lib\idea_rt.jar=6718 -Dkotlinx.coroutines.debug.enable.creation.stack.trace=false -Ddebugger.agent.enable.coroutines=true -Dkotlinx.coroutines.debug.enable.flows.stack.trace=true -Dkotlinx.coroutines.debug.enable.mutable.state.flows.stack.trace=true -Dfile.encoding=UTF-8 -Dsun.stdout.encoding=UTF-8 -Dsun.stderr.encoding=UTF-8 
java_command: com.intellij.rt.testng.RemoteTestNGStarter -usedefaultlisteners false -socket6717 @w@C:\Users\TL\AppData\Local\Temp\idea_working_dirs_testng.tmp -temp C:\Users\TL\AppData\Local\Temp\idea_testng.tmp
java_class_path (initial): C:\Program Files\JetBrains\IntelliJ IDEA 2025.2.3\lib\idea_rt.jar;C:\Program Files\JetBrains\IntelliJ IDEA 2025.2.3\plugins\testng\lib\testng-rt.jar;G:\t\route course\API Testing\RestAssuredProject\target\test-classes;C:\Users\TL\.m2\repository\io\rest-assured\rest-assured\6.0.0\rest-assured-6.0.0.jar;C:\Users\TL\.m2\repository\org\apache\groovy\groovy\5.0.3\groovy-5.0.3.jar;C:\Users\TL\.m2\repository\org\apache\groovy\groovy-xml\5.0.3\groovy-xml-5.0.3.jar;C:\Users\TL\.m2\repository\org\apache\httpcomponents\httpclient\4.5.13\httpclient-4.5.13.jar;C:\Users\TL\.m2\repository\org\apache\httpcomponents\httpcore\4.4.13\httpcore-4.4.13.jar;C:\Users\TL\.m2\repository\commons-logging\commons-logging\1.2\commons-logging-1.2.jar;C:\Users\TL\.m2\repository\commons-codec\commons-codec\1.11\commons-codec-1.11.jar;C:\Users\TL\.m2\repository\org\apache\httpcomponents\httpmime\4.5.13\httpmime-4.5.13.jar;C:\Users\TL\.m2\repository\org\hamcrest\hamcrest\2.2\hamcrest-2.2.jar;C:\Users\TL\.m2\repository\org\ccil\cowan\tagsoup\tagsoup\1.2.1\tagsoup-1.2.1.jar;C:\Users\TL\.m2\repository\io\rest-assured\json-path\6.0.0\json-path-6.0.0.jar;C:\Users\TL\.m2\repository\org\apache\groovy\groovy-json\5.0.3\groovy-json-5.0.3.jar;C:\Users\TL\.m2\repository\io\rest-assured\rest-assured-common\6.0.0\rest-assured-common-6.0.0.jar;C:\Users\TL\.m2\repository\io\rest-assured\xml-path\6.0.0\xml-path-6.0.0.jar;C:\Users\TL\.m2\repository\org\apache\commons\commons-lang3\3.19.0\commons-lang3-3.19.0.jar;C:\Users\TL\.m2\repository\org\testng\testng\7.12.0\testng-7.12.0.jar;C:\Users\TL\.m2\repository\org\slf4j\slf4j-api\2.0.16\slf4j-api-2.0.16.jar;C:\Users\TL\.m2\repository\org\jcommander\jcommander\1.83\jcommander-1.83.jar;C:\Users\TL\.m2\repository\org\webjars\jquery\3.7.1\jquery-3.7.1.jar
Launcher Type: SUN_STANDARD

[Global flags]
     intx CICompilerCount                          = 4                                         {product} {ergonomic}
     uint ConcGCThreads                            = 3                                         {product} {ergonomic}
     uint G1ConcRefinementThreads                  = 10                                        {product} {ergonomic}
   size_t G1HeapRegionSize                         = 1048576                                   {product} {ergonomic}
   size_t InitialHeapSize                          = 130023424                                 {product} {ergonomic}
   size_t MarkStackSize                            = 4194304                                   {product} {ergonomic}
   size_t MarkStackSizeMax                         = 536870912                                 {product} {ergonomic}
   size_t MaxHeapSize                              = 2061500416                                {product} {ergonomic}
   size_t MaxNewSize                               = 1236271104                                {product} {ergonomic}
   size_t MinHeapDeltaBytes                        = 1048576                                   {product} {ergonomic}
   size_t MinHeapSize                              = 8388608                                   {product} {ergonomic}
    uintx NonNMethodCodeHeapSize                   = 5832704                                {pd product} {ergonomic}
    uintx NonProfiledCodeHeapSize                  = 122945536                              {pd product} {ergonomic}
    uintx ProfiledCodeHeapSize                     = 122880000                              {pd product} {ergonomic}
    uintx ReservedCodeCacheSize                    = 251658240                              {pd product} {ergonomic}
     bool SegmentedCodeCache                       = true                                      {product} {ergonomic}
   size_t SoftMaxHeapSize                          = 2061500416                             {manageable} {ergonomic}
     bool UseCompressedOops                        = true                           {product lp64_product} {ergonomic}
     bool UseG1GC                                  = true                                      {product} {ergonomic}
     bool UseLargePagesIndividualAllocation        = false                                  {pd product} {ergonomic}

Logging:
Log output configuration:
 #0: stdout all=warning uptime,level,tags foldmultilines=false
 #1: stderr all=off uptime,level,tags foldmultilines=false

Release file:
IMPLEMENTOR="Oracle Corporation" 
JAVA_RUNTIME_VERSION="25+36-3489" 
JAVA_VERSION="25" 
JAVA_VERSION_DATE="2025-09-16" 
LIBC="default" 
MODULES="java.base java.compiler java.datatransfer java.xml java.prefs java.desktop java.instrument java.logging java.management java.security.sasl java.naming java.rmi java.management.rmi java.net.http java.scripting java.security.jgss java.transaction.xa java.sql java.sql.rowset java.xml.crypto java.se java.smartcardio jdk.accessibility jdk.internal.jvmstat jdk.attach jdk.charsets jdk.internal.opt jdk.zipfs jdk.compiler jdk.crypto.cryptoki jdk.crypto.ec jdk.crypto.mscapi jdk.dynalink jdk.internal.ed jdk.editpad jdk.internal.vm.ci jdk.graal.compiler jdk.graal.compiler.management jdk.hotspot.agent jdk.httpserver jdk.incubator.vector jdk.internal.le jdk.internal.md jdk.jartool jdk.javadoc jdk.jcmd jdk.management jdk.management.agent jdk.jconsole jdk.jdeps jdk.jdwp.agent jdk.jdi jdk.jfr jdk.jlink jdk.jpackage jdk.jshell jdk.jsobject jdk.jstatd jdk.localedata jdk.management.jfr jdk.naming.dns jdk.naming.rmi jdk.net jdk.nio.mapmode jdk.sctp jdk.security.auth jdk.security.jgss jdk.unsupported jdk.unsupported.desktop jdk.xml.dom" 
OS_ARCH="x86_64" 
OS_NAME="Windows" 
SOURCE=".:git:6c48f4ed707b" 

Environment Variables:
JAVA_HOME=C:\java-1.8.0-openjdk-1.8.0.392-1.b08.redhat.windows.x86_64
PATH=C:\WINDOWS\system32;C:\WINDOWS;C:\WINDOWS\System32\Wbem;C:\WINDOWS\System32\WindowsPowerShell\v1.0\;C:\WINDOWS\System32\OpenSSH\;C:\Program Files (x86)\Common Files\Acronis\SnapAPI\;C:\Users\TL\Downloads\i686-8.1.0-release-win32-dwarf-rt_v6-rev0\mingw32\bin;C:\java-17-openjdk-17.0.9.0.9-1.win.x86_64\bin;C:\Program Files (x86)\Microsoft SQL Server\160\Tools\Binn\;C:\Program Files\nodejs\;C:\xampp\php;C:\composer;C:\Program Files\MySQL\MySQL Server 8.0\bin;C:\Program Files\Git\cmd;C:\Users\TL\Downloads\php-8.4.6;C:\Program Files\Microsoft SQL Server\Client SDK\ODBC\170\Tools\Binn\;C:\Program Files\Microsoft SQL Server\160\DTS\Binn\;C:\java-1.8.0-openjdk-1.8.0.392-1.b08.redhat.windows.x86_64\bin;C:\flutter\src\flutter\bin;C:\Users\TL\AppData\Local\Programs\Eclipse Adoptium\jdk-21.0.6.7-hotspot\bin;C:\Users\TL\AppData\Local\Programs\Python\Python312\Scripts\;C:\Users\TL\AppData\Local\Programs\Python\Python312\;C:\Users\TL\AppData\Local\GitHubDesktop\bin;C:\Users\TL\AppData\Roaming\npm;C:\Users\TL\AppData\Roaming\Composer\vendor\bin;C:\Users\TL\AppData\Local\Microsoft\WindowsApps;C:\Users\TL\AppData\Local\Programs\Microsoft VS Code\bin;C:\Users\TL\AppData\local\android\sdk;C:\Users\TL\AppData\local\android\sdk\platform-tools;C:\Program Files\JetBrains\PyCharm 2025.1.1\bin;;C:\Program Files\JetBrains\IntelliJ IDEA 2025.2.3\bin;C:\ProgramData\Microsoft\Windows\Start Menu\Programs\Node.js\Node.js.lnk;C:\allure-2.36.0\allure-2.36.0\bin;C:\java-1.8.0-openjdk-1.8.0.392-1.b08.redhat.windows.x86_64\bin;
USERNAME=TL
OS=Windows_NT
PROCESSOR_IDENTIFIER=Intel64 Family 6 Model 154 Stepping 4, GenuineIntel
TMP=C:\Users\TL\AppData\Local\Temp
TEMP=C:\Users\TL\AppData\Local\Temp




Compilation memory statistics disabled.

Periodic native trim disabled

---------------  S Y S T E M  ---------------

OS:
 Windows 11 , 64 bit Build 26100 (10.0.26100.7920)
OS uptime: 14 days 4:20 hours

CPU: total 12 (initial active 12) (12 cores per cpu, 1 threads per core) family 6 model 154 stepping 4 microcode 0x42c, cx8, cmov, fxsr, mmx, 3dnowpref, sse, sse2, sse3, ssse3, sse4.1, sse4.2, popcnt, lzcnt, tsc, tscinvbit, avx, avx2, aes, erms, clmul, bmi1, bmi2, adx, sha, fma, vzeroupper, clflush, clflushopt, clwb, serialize, rdtscp, rdpid, fsrm, gfni, f16c, pku, cet_ibt, cet_ss
Processor Information for processor 0
  Max Mhz: 1300, Current Mhz: 1300, Mhz Limit: 1300
Processor Information for processor 1
  Max Mhz: 1300, Current Mhz: 1300, Mhz Limit: 1300
Processor Information for processor 2
  Max Mhz: 1300, Current Mhz: 1300, Mhz Limit: 1300
Processor Information for processor 3
  Max Mhz: 1300, Current Mhz: 1300, Mhz Limit: 1300
Processor Information for processor 4
  Max Mhz: 1300, Current Mhz: 900, Mhz Limit: 897
Processor Information for processor 5
  Max Mhz: 1300, Current Mhz: 900, Mhz Limit: 897
Processor Information for processor 6
  Max Mhz: 1300, Current Mhz: 900, Mhz Limit: 897
Processor Information for processor 7
  Max Mhz: 1300, Current Mhz: 900, Mhz Limit: 897
Processor Information for processor 8
  Max Mhz: 1300, Current Mhz: 900, Mhz Limit: 897
Processor Information for processor 9
  Max Mhz: 1300, Current Mhz: 900, Mhz Limit: 897
Processor Information for processor 10
  Max Mhz: 1300, Current Mhz: 900, Mhz Limit: 897
Processor Information for processor 11
  Max Mhz: 1300, Current Mhz: 900, Mhz Limit: 897

Memory: 4k page, system-wide physical 7863M (970M free)
TotalPageFile size 16055M (AvailPageFile size 18M)
current process WorkingSet (physical memory assigned to process): 185M, peak: 185M
current process commit charge ("private bytes"): 301M, peak: 302M

vm_info: OpenJDK 64-Bit Server VM (25+36-3489) for windows-amd64 JRE (25+36-3489), built on 2025-08-12T17:19:28Z with unknown MS VC++:1943

END.
