#
# There is insufficient memory for the Java Runtime Environment to continue.
# Native memory allocation (malloc) failed to allocate 1049176 bytes. Error detail: Chunk::new
# Possible reasons:
#   The system is out of physical RAM or swap space
#   This process is running with CompressedOops enabled, and the Java Heap may be blocking the growth of the native heap
# Possible solutions:
#   Reduce memory load on the system
#   Increase physical memory or swap space
#   Check if swap backing store is full
#   Decrease Java heap size (-Xmx/-Xms)
#   Decrease number of Java threads
#   Decrease Java thread stack sizes (-Xss)
#   Set larger code cache with -XX:ReservedCodeCacheSize=
#   JVM is running with Unscaled Compressed Oops mode in which the Java heap is
#     placed in the first 4GB address space. The Java Heap base address is the
#     maximum limit for the native heap growth. Please use -XX:HeapBaseMinAddress
#     to set the Java Heap base and to place the Java Heap above 4GB virtual address.
# This output file may be truncated or incomplete.
#
#  Out of Memory Error (arena.cpp:186), pid=20556, tid=18920
#
# JRE version: OpenJDK Runtime Environment (25.0+36) (build 25+36-3489)
# Java VM: OpenJDK 64-Bit Server VM (25+36-3489, mixed mode, sharing, tiered, compressed oops, compressed class ptrs, g1 gc, windows-amd64)
# No core dump will be written. Minidumps are not enabled by default on client versions of Windows
#

---------------  S U M M A R Y ------------

Command Line: -javaagent:C:\Users\TL\AppData\Local\JetBrains\IntelliJIdea2025.2\captureAgent\debugger-agent.jar=file:///C:/Users/TL/AppData/Local/Temp/capture11430709206170282933.props -ea -Didea.test.cyclic.buffer.size=1048576 -javaagent:C:\Program Files\JetBrains\IntelliJ IDEA 2025.2.3\lib\idea_rt.jar=10075 -Dkotlinx.coroutines.debug.enable.creation.stack.trace=false -Ddebugger.agent.enable.coroutines=true -Dkotlinx.coroutines.debug.enable.flows.stack.trace=true -Dkotlinx.coroutines.debug.enable.mutable.state.flows.stack.trace=true -Dfile.encoding=UTF-8 -Dsun.stdout.encoding=UTF-8 -Dsun.stderr.encoding=UTF-8 com.intellij.rt.testng.RemoteTestNGStarter -usedefaultlisteners false -socket10074 @w@C:\Users\TL\AppData\Local\Temp\idea_working_dirs_testng.tmp -temp C:\Users\TL\AppData\Local\Temp\idea_testng.tmp

Host: 12th Gen Intel(R) Core(TM) i5-1235U, 12 cores, 7G,  Windows 11 , 64 bit Build 26100 (10.0.26100.7920)
Time: Mon Mar 30 16:47:57 2026 Egypt Standard Time elapsed time: 3.321407 seconds (0d 0h 0m 3s)

---------------  T H R E A D  ---------------

Current thread (0x000001722cc70b00):  JavaThread "C2 CompilerThread0" daemon [_thread_in_native, id=18920, stack(0x000000209a300000,0x000000209a400000) (1024K)]


Current CompileTask:
C2:3321  289       4       java.util.HashMap::putVal (300 bytes)

Stack: [0x000000209a300000,0x000000209a400000]
Native frames: (J=compiled Java code, j=interpreted, Vv=VM code, C=native code)
V  [jvm.dll+0x7a6a39]  (no source info available)
V  [jvm.dll+0x7727ed]  (no source info available)
V  [jvm.dll+0x965f33]  (no source info available)
V  [jvm.dll+0x968531]  (no source info available)
V  [jvm.dll+0x968c33]  (no source info available)
V  [jvm.dll+0x2fc756]  (no source info available)
V  [jvm.dll+0x111b26]  (no source info available)
V  [jvm.dll+0x111e4e]  (no source info available)
V  [jvm.dll+0x1a0a22]  (no source info available)
V  [jvm.dll+0x3b53c2]  (no source info available)
V  [jvm.dll+0x7ac3cf]  (no source info available)
V  [jvm.dll+0x2c0ac7]  (no source info available)
V  [jvm.dll+0x2bfa8f]  (no source info available)
V  [jvm.dll+0x237b60]  (no source info available)
V  [jvm.dll+0x2cfb56]  (no source info available)
V  [jvm.dll+0x2cddd5]  (no source info available)
V  [jvm.dll+0x48e671]  (no source info available)
V  [jvm.dll+0x90681d]  (no source info available)
V  [jvm.dll+0x7a5015]  (no source info available)
C  [ucrtbase.dll+0x37b0]  (no source info available)
C  [KERNEL32.DLL+0x2e8d7]  (no source info available)
C  [ntdll.dll+0x8c48c]  (no source info available)

Lock stack of current Java thread (top to bottom):


---------------  P R O C E S S  ---------------

Threads class SMR info:
_java_thread_list=0x00000172311b1960, length=11, elements={
0x000001720fae5650, 0x000001722cb09bc0, 0x000001722cb06510, 0x000001722cc5f430,
0x000001722cc62310, 0x000001722cc61b40, 0x000001722cc63a80, 0x000001722cc70b00,
0x000001722cc74b60, 0x000001722cc64a20, 0x000001722cc66190
}

Java Threads: ( => current thread )
  0x000001720fae5650 JavaThread "main"                              [_thread_in_vm, id=13936, stack(0x0000002099500000,0x0000002099600000) (1024K)]
  0x000001722cb09bc0 JavaThread "Reference Handler"          daemon [_thread_blocked, id=10000, stack(0x0000002099d00000,0x0000002099e00000) (1024K)]
  0x000001722cb06510 JavaThread "Finalizer"                  daemon [_thread_blocked, id=17940, stack(0x0000002099e00000,0x0000002099f00000) (1024K)]
  0x000001722cc5f430 JavaThread "Signal Dispatcher"          daemon [_thread_blocked, id=28348, stack(0x0000002099f00000,0x000000209a000000) (1024K)]
  0x000001722cc62310 JavaThread "Attach Listener"            daemon [_thread_blocked, id=14504, stack(0x000000209a000000,0x000000209a100000) (1024K)]
  0x000001722cc61b40 JavaThread "Service Thread"             daemon [_thread_blocked, id=27884, stack(0x000000209a100000,0x000000209a200000) (1024K)]
  0x000001722cc63a80 JavaThread "Monitor Deflation Thread"   daemon [_thread_blocked, id=25392, stack(0x000000209a200000,0x000000209a300000) (1024K)]
=>0x000001722cc70b00 JavaThread "C2 CompilerThread0"         daemon [_thread_in_native, id=18920, stack(0x000000209a300000,0x000000209a400000) (1024K)]
  0x000001722cc74b60 JavaThread "C1 CompilerThread0"         daemon [_thread_blocked, id=2988, stack(0x000000209a400000,0x000000209a500000) (1024K)]
  0x000001722cc64a20 JavaThread "Common-Cleaner"             daemon [_thread_blocked, id=9852, stack(0x000000209a500000,0x000000209a600000) (1024K)]
  0x000001722cc66190 JavaThread "IntelliJ Suspend Helper"    daemon [_thread_blocked, id=2712, stack(0x000000209a600000,0x000000209a700000) (1024K)]
Total: 11

Other Threads:
  0x000001722cc4a270 VMThread "VM Thread"                           [id=4204, stack(0x0000002099c00000,0x0000002099d00000) (1024K)]
  0x000001722cb15f70 WatcherThread "VM Periodic Task Thread"        [id=13508, stack(0x0000002099b00000,0x0000002099c00000) (1024K)]
  0x000001720fb3d7e0 WorkerThread "GC Thread#0"                     [id=8168, stack(0x0000002099600000,0x0000002099700000) (1024K)]
  0x000001720fb57050 ConcurrentGCThread "G1 Main Marker"            [id=21428, stack(0x0000002099700000,0x0000002099800000) (1024K)]
  0x000001720fb58390 WorkerThread "G1 Conc#0"                       [id=14992, stack(0x0000002099800000,0x0000002099900000) (1024K)]
  0x000001720fb9dfe0 ConcurrentGCThread "G1 Refine#0"               [id=11648, stack(0x0000002099900000,0x0000002099a00000) (1024K)]
  0x000001720fb9e9f0 ConcurrentGCThread "G1 Service"                [id=15420, stack(0x0000002099a00000,0x0000002099b00000) (1024K)]
Total: 7

Threads with active compile tasks:
C2 CompilerThread0  4378  289       4       java.util.HashMap::putVal (300 bytes)
C1 CompilerThread0  4378  301       3       java.util.zip.ZipUtils::get16 (40 bytes)
Total: 2

VM state: not at safepoint (normal execution)

VM Mutex/Monitor currently owned by a thread: None

Heap address: 0x0000000085200000, size: 1966 MB, Compressed Oops mode: 32-bit

CDS archive(s) mapped at: [0x000000001c000000-0x000000001cdd0000-0x000000001cdd0000), size 14483456, SharedBaseAddress: 0x000000001c000000, ArchiveRelocationMode: 1.
Compressed class space mapped at: 0x000000001d000000-0x000000005d000000, reserved size: 1073741824
UseCompressedClassPointers 1, UseCompactObjectHeaders 0
Narrow klass pointer bits 32, Max shift 3
Narrow klass base: 0x000000001c000000, Narrow klass shift: 0
Encoding Range: [0x000000001c000000 - 0x000000011c000000), (4294967296 bytes)
Klass Range:    [0x000000001c010000 - 0x000000005d000000), (1090453504 bytes)
Klass ID Range:  [65536 - 1090519033) (1090453497)
Protection zone: [0x000000001c000000 - 0x000000001c010000), (65536 bytes)

GC Precious Log:
 CardTable entry size: 512
 Card Set container configuration: InlinePtr #cards 5 size 8 Array Of Cards #cards 10 size 36 Howl #buckets 4 coarsen threshold 1843 Howl Bitmap #cards 512 size 80 coarsen threshold 460 Card regions per heap region 1 cards per card region 2048
 CPUs: 12 total, 12 available
 Memory: 7863M
 Large Page Support: Disabled
 NUMA Support: Disabled
 Compressed Oops: Enabled (32-bit)
 Heap Region Size: 1M
 Heap Min Capacity: 8M
 Heap Initial Capacity: 124M
 Heap Max Capacity: 1966M
 Pre-touch: Disabled
 Parallel Workers: 10
 Concurrent Workers: 3
 Concurrent Refinement Workers: 10
 Periodic GC: Disabled

Heap:
 garbage-first heap   total reserved 2013184K, committed 129024K, used 5267K [0x0000000085200000, 0x0000000100000000)
  region size 1024K, 5 young (5120K), 0 survivors (0K)

Heap Regions: E=young(eden), S=young(survivor), O=old, HS=humongous(starts), HC=humongous(continues), CS=collection set, F=free, TAMS=top-at-mark-start, PB=parsable bottom
|   0|0x0000000085200000, 0x0000000085200000, 0x0000000085300000|  0%| F|  |TAMS 0x0000000085200000| PB 0x0000000085200000| Untracked |  0
|   1|0x0000000085300000, 0x0000000085300000, 0x0000000085400000|  0%| F|  |TAMS 0x0000000085300000| PB 0x0000000085300000| Untracked |  0
|   2|0x0000000085400000, 0x0000000085400000, 0x0000000085500000|  0%| F|  |TAMS 0x0000000085400000| PB 0x0000000085400000| Untracked |  0
|   3|0x0000000085500000, 0x0000000085500000, 0x0000000085600000|  0%| F|  |TAMS 0x0000000085500000| PB 0x0000000085500000| Untracked |  0
|   4|0x0000000085600000, 0x0000000085600000, 0x0000000085700000|  0%| F|  |TAMS 0x0000000085600000| PB 0x0000000085600000| Untracked |  0
|   5|0x0000000085700000, 0x0000000085700000, 0x0000000085800000|  0%| F|  |TAMS 0x0000000085700000| PB 0x0000000085700000| Untracked |  0
|   6|0x0000000085800000, 0x0000000085800000, 0x0000000085900000|  0%| F|  |TAMS 0x0000000085800000| PB 0x0000000085800000| Untracked |  0
|   7|0x0000000085900000, 0x0000000085900000, 0x0000000085a00000|  0%| F|  |TAMS 0x0000000085900000| PB 0x0000000085900000| Untracked |  0
|   8|0x0000000085a00000, 0x0000000085a00000, 0x0000000085b00000|  0%| F|  |TAMS 0x0000000085a00000| PB 0x0000000085a00000| Untracked |  0
|   9|0x0000000085b00000, 0x0000000085b00000, 0x0000000085c00000|  0%| F|  |TAMS 0x0000000085b00000| PB 0x0000000085b00000| Untracked |  0
|  10|0x0000000085c00000, 0x0000000085c00000, 0x0000000085d00000|  0%| F|  |TAMS 0x0000000085c00000| PB 0x0000000085c00000| Untracked |  0
|  11|0x0000000085d00000, 0x0000000085d00000, 0x0000000085e00000|  0%| F|  |TAMS 0x0000000085d00000| PB 0x0000000085d00000| Untracked |  0
|  12|0x0000000085e00000, 0x0000000085e00000, 0x0000000085f00000|  0%| F|  |TAMS 0x0000000085e00000| PB 0x0000000085e00000| Untracked |  0
|  13|0x0000000085f00000, 0x0000000085f00000, 0x0000000086000000|  0%| F|  |TAMS 0x0000000085f00000| PB 0x0000000085f00000| Untracked |  0
|  14|0x0000000086000000, 0x0000000086000000, 0x0000000086100000|  0%| F|  |TAMS 0x0000000086000000| PB 0x0000000086000000| Untracked |  0
|  15|0x0000000086100000, 0x0000000086100000, 0x0000000086200000|  0%| F|  |TAMS 0x0000000086100000| PB 0x0000000086100000| Untracked |  0
|  16|0x0000000086200000, 0x0000000086200000, 0x0000000086300000|  0%| F|  |TAMS 0x0000000086200000| PB 0x0000000086200000| Untracked |  0
|  17|0x0000000086300000, 0x0000000086300000, 0x0000000086400000|  0%| F|  |TAMS 0x0000000086300000| PB 0x0000000086300000| Untracked |  0
|  18|0x0000000086400000, 0x0000000086400000, 0x0000000086500000|  0%| F|  |TAMS 0x0000000086400000| PB 0x0000000086400000| Untracked |  0
|  19|0x0000000086500000, 0x0000000086500000, 0x0000000086600000|  0%| F|  |TAMS 0x0000000086500000| PB 0x0000000086500000| Untracked |  0
|  20|0x0000000086600000, 0x0000000086600000, 0x0000000086700000|  0%| F|  |TAMS 0x0000000086600000| PB 0x0000000086600000| Untracked |  0
|  21|0x0000000086700000, 0x0000000086700000, 0x0000000086800000|  0%| F|  |TAMS 0x0000000086700000| PB 0x0000000086700000| Untracked |  0
|  22|0x0000000086800000, 0x0000000086800000, 0x0000000086900000|  0%| F|  |TAMS 0x0000000086800000| PB 0x0000000086800000| Untracked |  0
|  23|0x0000000086900000, 0x0000000086900000, 0x0000000086a00000|  0%| F|  |TAMS 0x0000000086900000| PB 0x0000000086900000| Untracked |  0
|  24|0x0000000086a00000, 0x0000000086a00000, 0x0000000086b00000|  0%| F|  |TAMS 0x0000000086a00000| PB 0x0000000086a00000| Untracked |  0
|  25|0x0000000086b00000, 0x0000000086b00000, 0x0000000086c00000|  0%| F|  |TAMS 0x0000000086b00000| PB 0x0000000086b00000| Untracked |  0
|  26|0x0000000086c00000, 0x0000000086c00000, 0x0000000086d00000|  0%| F|  |TAMS 0x0000000086c00000| PB 0x0000000086c00000| Untracked |  0
|  27|0x0000000086d00000, 0x0000000086d00000, 0x0000000086e00000|  0%| F|  |TAMS 0x0000000086d00000| PB 0x0000000086d00000| Untracked |  0
|  28|0x0000000086e00000, 0x0000000086e00000, 0x0000000086f00000|  0%| F|  |TAMS 0x0000000086e00000| PB 0x0000000086e00000| Untracked |  0
|  29|0x0000000086f00000, 0x0000000086f00000, 0x0000000087000000|  0%| F|  |TAMS 0x0000000086f00000| PB 0x0000000086f00000| Untracked |  0
|  30|0x0000000087000000, 0x0000000087000000, 0x0000000087100000|  0%| F|  |TAMS 0x0000000087000000| PB 0x0000000087000000| Untracked |  0
|  31|0x0000000087100000, 0x0000000087100000, 0x0000000087200000|  0%| F|  |TAMS 0x0000000087100000| PB 0x0000000087100000| Untracked |  0
|  32|0x0000000087200000, 0x0000000087200000, 0x0000000087300000|  0%| F|  |TAMS 0x0000000087200000| PB 0x0000000087200000| Untracked |  0
|  33|0x0000000087300000, 0x0000000087300000, 0x0000000087400000|  0%| F|  |TAMS 0x0000000087300000| PB 0x0000000087300000| Untracked |  0
|  34|0x0000000087400000, 0x0000000087400000, 0x0000000087500000|  0%| F|  |TAMS 0x0000000087400000| PB 0x0000000087400000| Untracked |  0
|  35|0x0000000087500000, 0x0000000087500000, 0x0000000087600000|  0%| F|  |TAMS 0x0000000087500000| PB 0x0000000087500000| Untracked |  0
|  36|0x0000000087600000, 0x0000000087600000, 0x0000000087700000|  0%| F|  |TAMS 0x0000000087600000| PB 0x0000000087600000| Untracked |  0
|  37|0x0000000087700000, 0x0000000087700000, 0x0000000087800000|  0%| F|  |TAMS 0x0000000087700000| PB 0x0000000087700000| Untracked |  0
|  38|0x0000000087800000, 0x0000000087800000, 0x0000000087900000|  0%| F|  |TAMS 0x0000000087800000| PB 0x0000000087800000| Untracked |  0
|  39|0x0000000087900000, 0x0000000087900000, 0x0000000087a00000|  0%| F|  |TAMS 0x0000000087900000| PB 0x0000000087900000| Untracked |  0
|  40|0x0000000087a00000, 0x0000000087a00000, 0x0000000087b00000|  0%| F|  |TAMS 0x0000000087a00000| PB 0x0000000087a00000| Untracked |  0
|  41|0x0000000087b00000, 0x0000000087b00000, 0x0000000087c00000|  0%| F|  |TAMS 0x0000000087b00000| PB 0x0000000087b00000| Untracked |  0
|  42|0x0000000087c00000, 0x0000000087c00000, 0x0000000087d00000|  0%| F|  |TAMS 0x0000000087c00000| PB 0x0000000087c00000| Untracked |  0
|  43|0x0000000087d00000, 0x0000000087d00000, 0x0000000087e00000|  0%| F|  |TAMS 0x0000000087d00000| PB 0x0000000087d00000| Untracked |  0
|  44|0x0000000087e00000, 0x0000000087e00000, 0x0000000087f00000|  0%| F|  |TAMS 0x0000000087e00000| PB 0x0000000087e00000| Untracked |  0
|  45|0x0000000087f00000, 0x0000000087f00000, 0x0000000088000000|  0%| F|  |TAMS 0x0000000087f00000| PB 0x0000000087f00000| Untracked |  0
|  46|0x0000000088000000, 0x0000000088000000, 0x0000000088100000|  0%| F|  |TAMS 0x0000000088000000| PB 0x0000000088000000| Untracked |  0
|  47|0x0000000088100000, 0x0000000088100000, 0x0000000088200000|  0%| F|  |TAMS 0x0000000088100000| PB 0x0000000088100000| Untracked |  0
|  48|0x0000000088200000, 0x0000000088200000, 0x0000000088300000|  0%| F|  |TAMS 0x0000000088200000| PB 0x0000000088200000| Untracked |  0
|  49|0x0000000088300000, 0x0000000088300000, 0x0000000088400000|  0%| F|  |TAMS 0x0000000088300000| PB 0x0000000088300000| Untracked |  0
|  50|0x0000000088400000, 0x0000000088400000, 0x0000000088500000|  0%| F|  |TAMS 0x0000000088400000| PB 0x0000000088400000| Untracked |  0
|  51|0x0000000088500000, 0x0000000088500000, 0x0000000088600000|  0%| F|  |TAMS 0x0000000088500000| PB 0x0000000088500000| Untracked |  0
|  52|0x0000000088600000, 0x0000000088600000, 0x0000000088700000|  0%| F|  |TAMS 0x0000000088600000| PB 0x0000000088600000| Untracked |  0
|  53|0x0000000088700000, 0x0000000088700000, 0x0000000088800000|  0%| F|  |TAMS 0x0000000088700000| PB 0x0000000088700000| Untracked |  0
|  54|0x0000000088800000, 0x0000000088800000, 0x0000000088900000|  0%| F|  |TAMS 0x0000000088800000| PB 0x0000000088800000| Untracked |  0
|  55|0x0000000088900000, 0x0000000088900000, 0x0000000088a00000|  0%| F|  |TAMS 0x0000000088900000| PB 0x0000000088900000| Untracked |  0
|  56|0x0000000088a00000, 0x0000000088a00000, 0x0000000088b00000|  0%| F|  |TAMS 0x0000000088a00000| PB 0x0000000088a00000| Untracked |  0
|  57|0x0000000088b00000, 0x0000000088b00000, 0x0000000088c00000|  0%| F|  |TAMS 0x0000000088b00000| PB 0x0000000088b00000| Untracked |  0
|  58|0x0000000088c00000, 0x0000000088c00000, 0x0000000088d00000|  0%| F|  |TAMS 0x0000000088c00000| PB 0x0000000088c00000| Untracked |  0
|  59|0x0000000088d00000, 0x0000000088d00000, 0x0000000088e00000|  0%| F|  |TAMS 0x0000000088d00000| PB 0x0000000088d00000| Untracked |  0
|  60|0x0000000088e00000, 0x0000000088e00000, 0x0000000088f00000|  0%| F|  |TAMS 0x0000000088e00000| PB 0x0000000088e00000| Untracked |  0
|  61|0x0000000088f00000, 0x0000000088f00000, 0x0000000089000000|  0%| F|  |TAMS 0x0000000088f00000| PB 0x0000000088f00000| Untracked |  0
|  62|0x0000000089000000, 0x0000000089000000, 0x0000000089100000|  0%| F|  |TAMS 0x0000000089000000| PB 0x0000000089000000| Untracked |  0
|  63|0x0000000089100000, 0x0000000089100000, 0x0000000089200000|  0%| F|  |TAMS 0x0000000089100000| PB 0x0000000089100000| Untracked |  0
|  64|0x0000000089200000, 0x0000000089200000, 0x0000000089300000|  0%| F|  |TAMS 0x0000000089200000| PB 0x0000000089200000| Untracked |  0
|  65|0x0000000089300000, 0x0000000089300000, 0x0000000089400000|  0%| F|  |TAMS 0x0000000089300000| PB 0x0000000089300000| Untracked |  0
|  66|0x0000000089400000, 0x0000000089400000, 0x0000000089500000|  0%| F|  |TAMS 0x0000000089400000| PB 0x0000000089400000| Untracked |  0
|  67|0x0000000089500000, 0x0000000089500000, 0x0000000089600000|  0%| F|  |TAMS 0x0000000089500000| PB 0x0000000089500000| Untracked |  0
|  68|0x0000000089600000, 0x0000000089600000, 0x0000000089700000|  0%| F|  |TAMS 0x0000000089600000| PB 0x0000000089600000| Untracked |  0
|  69|0x0000000089700000, 0x0000000089700000, 0x0000000089800000|  0%| F|  |TAMS 0x0000000089700000| PB 0x0000000089700000| Untracked |  0
|  70|0x0000000089800000, 0x0000000089800000, 0x0000000089900000|  0%| F|  |TAMS 0x0000000089800000| PB 0x0000000089800000| Untracked |  0
|  71|0x0000000089900000, 0x0000000089900000, 0x0000000089a00000|  0%| F|  |TAMS 0x0000000089900000| PB 0x0000000089900000| Untracked |  0
|  72|0x0000000089a00000, 0x0000000089a00000, 0x0000000089b00000|  0%| F|  |TAMS 0x0000000089a00000| PB 0x0000000089a00000| Untracked |  0
|  73|0x0000000089b00000, 0x0000000089b00000, 0x0000000089c00000|  0%| F|  |TAMS 0x0000000089b00000| PB 0x0000000089b00000| Untracked |  0
|  74|0x0000000089c00000, 0x0000000089c00000, 0x0000000089d00000|  0%| F|  |TAMS 0x0000000089c00000| PB 0x0000000089c00000| Untracked |  0
|  75|0x0000000089d00000, 0x0000000089d00000, 0x0000000089e00000|  0%| F|  |TAMS 0x0000000089d00000| PB 0x0000000089d00000| Untracked |  0
|  76|0x0000000089e00000, 0x0000000089e00000, 0x0000000089f00000|  0%| F|  |TAMS 0x0000000089e00000| PB 0x0000000089e00000| Untracked |  0
|  77|0x0000000089f00000, 0x0000000089f00000, 0x000000008a000000|  0%| F|  |TAMS 0x0000000089f00000| PB 0x0000000089f00000| Untracked |  0
|  78|0x000000008a000000, 0x000000008a000000, 0x000000008a100000|  0%| F|  |TAMS 0x000000008a000000| PB 0x000000008a000000| Untracked |  0
|  79|0x000000008a100000, 0x000000008a100000, 0x000000008a200000|  0%| F|  |TAMS 0x000000008a100000| PB 0x000000008a100000| Untracked |  0
|  80|0x000000008a200000, 0x000000008a200000, 0x000000008a300000|  0%| F|  |TAMS 0x000000008a200000| PB 0x000000008a200000| Untracked |  0
|  81|0x000000008a300000, 0x000000008a300000, 0x000000008a400000|  0%| F|  |TAMS 0x000000008a300000| PB 0x000000008a300000| Untracked |  0
|  82|0x000000008a400000, 0x000000008a400000, 0x000000008a500000|  0%| F|  |TAMS 0x000000008a400000| PB 0x000000008a400000| Untracked |  0
|  83|0x000000008a500000, 0x000000008a500000, 0x000000008a600000|  0%| F|  |TAMS 0x000000008a500000| PB 0x000000008a500000| Untracked |  0
|  84|0x000000008a600000, 0x000000008a600000, 0x000000008a700000|  0%| F|  |TAMS 0x000000008a600000| PB 0x000000008a600000| Untracked |  0
|  85|0x000000008a700000, 0x000000008a700000, 0x000000008a800000|  0%| F|  |TAMS 0x000000008a700000| PB 0x000000008a700000| Untracked |  0
|  86|0x000000008a800000, 0x000000008a800000, 0x000000008a900000|  0%| F|  |TAMS 0x000000008a800000| PB 0x000000008a800000| Untracked |  0
|  87|0x000000008a900000, 0x000000008a900000, 0x000000008aa00000|  0%| F|  |TAMS 0x000000008a900000| PB 0x000000008a900000| Untracked |  0
|  88|0x000000008aa00000, 0x000000008aa00000, 0x000000008ab00000|  0%| F|  |TAMS 0x000000008aa00000| PB 0x000000008aa00000| Untracked |  0
|  89|0x000000008ab00000, 0x000000008ab00000, 0x000000008ac00000|  0%| F|  |TAMS 0x000000008ab00000| PB 0x000000008ab00000| Untracked |  0
|  90|0x000000008ac00000, 0x000000008ac00000, 0x000000008ad00000|  0%| F|  |TAMS 0x000000008ac00000| PB 0x000000008ac00000| Untracked |  0
|  91|0x000000008ad00000, 0x000000008ad00000, 0x000000008ae00000|  0%| F|  |TAMS 0x000000008ad00000| PB 0x000000008ad00000| Untracked |  0
|  92|0x000000008ae00000, 0x000000008ae00000, 0x000000008af00000|  0%| F|  |TAMS 0x000000008ae00000| PB 0x000000008ae00000| Untracked |  0
|  93|0x000000008af00000, 0x000000008af00000, 0x000000008b000000|  0%| F|  |TAMS 0x000000008af00000| PB 0x000000008af00000| Untracked |  0
|  94|0x000000008b000000, 0x000000008b000000, 0x000000008b100000|  0%| F|  |TAMS 0x000000008b000000| PB 0x000000008b000000| Untracked |  0
|  95|0x000000008b100000, 0x000000008b100000, 0x000000008b200000|  0%| F|  |TAMS 0x000000008b100000| PB 0x000000008b100000| Untracked |  0
|  96|0x000000008b200000, 0x000000008b200000, 0x000000008b300000|  0%| F|  |TAMS 0x000000008b200000| PB 0x000000008b200000| Untracked |  0
|  97|0x000000008b300000, 0x000000008b300000, 0x000000008b400000|  0%| F|  |TAMS 0x000000008b300000| PB 0x000000008b300000| Untracked |  0
|  98|0x000000008b400000, 0x000000008b400000, 0x000000008b500000|  0%| F|  |TAMS 0x000000008b400000| PB 0x000000008b400000| Untracked |  0
|  99|0x000000008b500000, 0x000000008b500000, 0x000000008b600000|  0%| F|  |TAMS 0x000000008b500000| PB 0x000000008b500000| Untracked |  0
| 100|0x000000008b600000, 0x000000008b600000, 0x000000008b700000|  0%| F|  |TAMS 0x000000008b600000| PB 0x000000008b600000| Untracked |  0
| 101|0x000000008b700000, 0x000000008b700000, 0x000000008b800000|  0%| F|  |TAMS 0x000000008b700000| PB 0x000000008b700000| Untracked |  0
| 102|0x000000008b800000, 0x000000008b800000, 0x000000008b900000|  0%| F|  |TAMS 0x000000008b800000| PB 0x000000008b800000| Untracked |  0
| 103|0x000000008b900000, 0x000000008b900000, 0x000000008ba00000|  0%| F|  |TAMS 0x000000008b900000| PB 0x000000008b900000| Untracked |  0
| 104|0x000000008ba00000, 0x000000008ba00000, 0x000000008bb00000|  0%| F|  |TAMS 0x000000008ba00000| PB 0x000000008ba00000| Untracked |  0
| 105|0x000000008bb00000, 0x000000008bb00000, 0x000000008bc00000|  0%| F|  |TAMS 0x000000008bb00000| PB 0x000000008bb00000| Untracked |  0
| 106|0x000000008bc00000, 0x000000008bc00000, 0x000000008bd00000|  0%| F|  |TAMS 0x000000008bc00000| PB 0x000000008bc00000| Untracked |  0
| 107|0x000000008bd00000, 0x000000008bd00000, 0x000000008be00000|  0%| F|  |TAMS 0x000000008bd00000| PB 0x000000008bd00000| Untracked |  0
| 108|0x000000008be00000, 0x000000008be00000, 0x000000008bf00000|  0%| F|  |TAMS 0x000000008be00000| PB 0x000000008be00000| Untracked |  0
| 109|0x000000008bf00000, 0x000000008bf00000, 0x000000008c000000|  0%| F|  |TAMS 0x000000008bf00000| PB 0x000000008bf00000| Untracked |  0
| 110|0x000000008c000000, 0x000000008c000000, 0x000000008c100000|  0%| F|  |TAMS 0x000000008c000000| PB 0x000000008c000000| Untracked |  0
| 111|0x000000008c100000, 0x000000008c100000, 0x000000008c200000|  0%| F|  |TAMS 0x000000008c100000| PB 0x000000008c100000| Untracked |  0
| 112|0x000000008c200000, 0x000000008c200000, 0x000000008c300000|  0%| F|  |TAMS 0x000000008c200000| PB 0x000000008c200000| Untracked |  0
| 113|0x000000008c300000, 0x000000008c300000, 0x000000008c400000|  0%| F|  |TAMS 0x000000008c300000| PB 0x000000008c300000| Untracked |  0
| 114|0x000000008c400000, 0x000000008c400000, 0x000000008c500000|  0%| F|  |TAMS 0x000000008c400000| PB 0x000000008c400000| Untracked |  0
| 115|0x000000008c500000, 0x000000008c500000, 0x000000008c600000|  0%| F|  |TAMS 0x000000008c500000| PB 0x000000008c500000| Untracked |  0
| 116|0x000000008c600000, 0x000000008c600000, 0x000000008c700000|  0%| F|  |TAMS 0x000000008c600000| PB 0x000000008c600000| Untracked |  0
| 117|0x000000008c700000, 0x000000008c700000, 0x000000008c800000|  0%| F|  |TAMS 0x000000008c700000| PB 0x000000008c700000| Untracked |  0
| 118|0x000000008c800000, 0x000000008c800000, 0x000000008c900000|  0%| F|  |TAMS 0x000000008c800000| PB 0x000000008c800000| Untracked |  0
| 119|0x000000008c900000, 0x000000008ca00000, 0x000000008ca00000|100%| E|  |TAMS 0x000000008c900000| PB 0x000000008c900000| Complete |  0
| 120|0x000000008ca00000, 0x000000008cb00000, 0x000000008cb00000|100%| E|CS|TAMS 0x000000008ca00000| PB 0x000000008ca00000| Complete |  0
| 121|0x000000008cb00000, 0x000000008cc00000, 0x000000008cc00000|100%| E|CS|TAMS 0x000000008cb00000| PB 0x000000008cb00000| Complete |  0
| 122|0x000000008cc00000, 0x000000008cd00000, 0x000000008cd00000|100%| E|CS|TAMS 0x000000008cc00000| PB 0x000000008cc00000| Complete |  0
| 123|0x000000008cd00000, 0x000000008ce00000, 0x000000008ce00000|100%| E|CS|TAMS 0x000000008cd00000| PB 0x000000008cd00000| Complete |  0
|1964|0x00000000ffe00000, 0x00000000fff00000, 0x00000000fff00000|100%| O|  |TAMS 0x00000000ffe00000| PB 0x00000000ffe00000| Untracked |  0
|1965|0x00000000fff00000, 0x00000000fff24e30, 0x0000000100000000| 14%| O|  |TAMS 0x00000000fff00000| PB 0x00000000fff00000| Untracked |  0

Card table byte_map: [0x0000017227da0000,0x0000017228180000] _byte_map_base: 0x0000017227977000

Marking Bits: (CMBitMap*) 0x000001720fb3df70
 Bits: [0x0000017228180000, 0x000001722a038000)

Polling page: 0x000001720d8d0000

Metaspace:
Metaspace        used 1883K, committed 2112K, reserved 1114112K
 class space     used 142K, committed 256K, reserved 1048576K

Usage:
  Non-class:      1.70 MB used.
      Class:    142.27 KB used.
       Both:      1.84 MB used.

Virtual space:
  Non-class space:       64.00 MB reserved,       1.81 MB (  3%) committed,  1 nodes.
      Class space:        1.00 GB reserved,     256.00 KB ( <1%) committed,  1 nodes.
             Both:        1.06 GB reserved,       2.06 MB ( <1%) committed. 

Chunk freelists:
   Non-Class:  11.98 MB
       Class:  15.74 MB
        Both:  27.73 MB

MaxMetaspaceSize: unlimited
CompressedClassSpaceSize: 1.00 GB
Initial GC threshold: 21.00 MB
Current GC threshold: 21.00 MB
CDS: on
 - commit_granule_bytes: 65536.
 - commit_granule_words: 8192.
 - virtual_space_node_default_size: 8388608.
 - enlarge_chunks_in_place: 1.
UseCompressedClassPointers 1, UseCompactObjectHeaders 0
Narrow klass pointer bits 32, Max shift 3
Narrow klass base: 0x000000001c000000, Narrow klass shift: 0
Encoding Range: [0x000000001c000000 - 0x000000011c000000), (4294967296 bytes)
Klass Range:    [0x000000001c010000 - 0x000000005d000000), (1090453504 bytes)
Klass ID Range:  [65536 - 1090519033) (1090453497)
Protection zone: [0x000000001c000000 - 0x000000001c010000), (65536 bytes)


Internal statistics:

num_allocs_failed_limit: 0.
num_arena_births: 18.
num_arena_deaths: 0.
num_vsnodes_births: 2.
num_vsnodes_deaths: 0.
num_space_committed: 33.
num_space_uncommitted: 0.
num_chunks_returned_to_freelist: 0.
num_chunks_taken_from_freelist: 18.
num_chunk_merges: 0.
num_chunk_splits: 14.
num_chunks_enlarged: 8.
num_inconsistent_stats: 0.

CodeHeap 'non-profiled nmethods': size=120064Kb used=84Kb max_used=84Kb free=119979Kb
 bounds [0x000001721fe20000, 0x0000017220090000, 0x0000017227360000]
CodeHeap 'profiled nmethods': size=120000Kb used=248Kb max_used=248Kb free=119751Kb
 bounds [0x0000017218360000, 0x00000172185d0000, 0x000001721f890000]
CodeHeap 'non-nmethods': size=5696Kb used=1276Kb max_used=1276Kb free=4420Kb
 bounds [0x000001721f890000, 0x000001721fb00000, 0x000001721fe20000]
CodeCache: size=245760Kb, used=1608Kb, max_used=1608Kb, free=244150Kb
 total_blobs=703, nmethods=309, adapters=297, full_count=0
Compilation: enabled, stopped_count=0, restarted_count=0

Compilation events (20 events):
Event: 1.278 Thread 0x000001722cc74b60 nmethod 287 0x0000017218397108 code [0x0000017218397200, 0x00000172183978d0]
Event: 1.278 Thread 0x000001722cc74b60  281       3       org.jetbrains.capture.org.objectweb.asm.ClassReader::readBytecodeInstructionOffset (1 bytes)
Event: 1.278 Thread 0x000001722cc74b60 nmethod 281 0x0000017218397908 code [0x0000017218397a00, 0x0000017218397b08]
Event: 1.278 Thread 0x000001722cc74b60  282       3       org.jetbrains.capture.org.objectweb.asm.ByteVector::putByte (39 bytes)
Event: 1.278 Thread 0x000001722cc74b60 nmethod 282 0x0000017218397c08 code [0x0000017218397d00, 0x0000017218397ed8]
Event: 1.278 Thread 0x000001722cc74b60  283       3       org.jetbrains.capture.org.objectweb.asm.Frame::push (109 bytes)
Event: 1.279 Thread 0x000001722cc74b60 nmethod 283 0x0000017218397f08 code [0x0000017218398000, 0x0000017218398528]
Event: 1.279 Thread 0x000001722cc74b60  284       3       java.lang.String::indexOf (65 bytes)
Event: 1.279 Thread 0x000001722cc74b60 nmethod 284 0x0000017218398588 code [0x0000017218398680, 0x0000017218398e98]
Event: 1.279 Thread 0x000001722cc74b60  285       3       org.jetbrains.capture.org.objectweb.asm.ClassReader::readClass (7 bytes)
Event: 1.279 Thread 0x000001722cc74b60 nmethod 285 0x0000017218398f08 code [0x0000017218399000, 0x00000172183993e8]
Event: 1.279 Thread 0x000001722cc74b60  286       3       org.jetbrains.capture.org.objectweb.asm.ClassReader::readStringish (16 bytes)
Event: 1.279 Thread 0x000001722cc74b60 nmethod 286 0x0000017218399408 code [0x0000017218399500, 0x0000017218399880]
Event: 1.281 Thread 0x000001722cc74b60  288       1       sun.instrument.TransformerManager$TransformerInfo::transformer (5 bytes)
Event: 1.281 Thread 0x000001722cc74b60 nmethod 288 0x000001721fe34208 code [0x000001721fe34300, 0x000001721fe343c8]
Event: 1.284 Thread 0x000001722cc70b00  289       4       java.util.HashMap::putVal (300 bytes)
Event: 2.304 Thread 0x000001722cc74b60  290       1       java.io.File::getPath (5 bytes)
Event: 2.305 Thread 0x000001722cc74b60 nmethod 290 0x000001721fe34508 code [0x000001721fe34600, 0x000001721fe346c8]
Event: 2.310 Thread 0x000001722cc74b60  291       3       java.util.HashSet::contains (9 bytes)
Event: 2.310 Thread 0x000001722cc74b60 nmethod 291 0x0000017218399888 code [0x0000017218399980, 0x0000017218399c60]

GC Heap Usage History (0 events):
No events

Metaspace Usage History (0 events):
No events

Dll operation events (4 events):
Event: 0.022 Loaded shared library C:\Users\TL\.jdks\openjdk-25\bin\java.dll
Event: 0.025 Loaded shared library C:\Users\TL\.jdks\openjdk-25\bin\zip.dll
Event: 1.201 Loaded shared library C:\Users\TL\.jdks\openjdk-25\bin\instrument.dll
Event: 1.254 Loaded shared library C:\Users\TL\.jdks\openjdk-25\bin\verify.dll

Deoptimization events (20 events):
Event: 1.265 Thread 0x000001720fae5650 Uncommon trap: trap_request=0xffffff45 fr.pc=0x000001721fe288a8 relative=0x00000000000000a8
Event: 1.265 Thread 0x000001720fae5650 Uncommon trap: reason=unstable_if action=reinterpret pc=0x000001721fe288a8 method=java.lang.String.hashCode()I @ 42 c2
Event: 1.265 Thread 0x000001720fae5650 DEOPT PACKING pc=0x000001721fe288a8 sp=0x00000020995fcf70
Event: 1.265 Thread 0x000001720fae5650 DEOPT UNPACKING pc=0x000001721f9af202 sp=0x00000020995fcf08 mode 2
Event: 1.270 Thread 0x000001720fae5650 Uncommon trap: trap_request=0xffffffde fr.pc=0x000001721fe2da18 relative=0x0000000000000698
Event: 1.270 Thread 0x000001720fae5650 Uncommon trap: reason=class_check action=maybe_recompile pc=0x000001721fe2da18 method=java.util.HashMap.putVal(ILjava/lang/Object;Ljava/lang/Object;ZZ)Ljava/lang/Object; @ 106 c2
Event: 1.270 Thread 0x000001720fae5650 DEOPT PACKING pc=0x000001721fe2da18 sp=0x00000020995fca50
Event: 1.270 Thread 0x000001720fae5650 DEOPT UNPACKING pc=0x000001721f9af202 sp=0x00000020995fc9d8 mode 2
Event: 1.270 Thread 0x000001720fae5650 Uncommon trap: trap_request=0xffffffde fr.pc=0x000001721fe2da18 relative=0x0000000000000698
Event: 1.270 Thread 0x000001720fae5650 Uncommon trap: reason=class_check action=maybe_recompile pc=0x000001721fe2da18 method=java.util.HashMap.putVal(ILjava/lang/Object;Ljava/lang/Object;ZZ)Ljava/lang/Object; @ 106 c2
Event: 1.270 Thread 0x000001720fae5650 DEOPT PACKING pc=0x000001721fe2da18 sp=0x00000020995fca50
Event: 1.270 Thread 0x000001720fae5650 DEOPT UNPACKING pc=0x000001721f9af202 sp=0x00000020995fc9d8 mode 2
Event: 1.270 Thread 0x000001720fae5650 Uncommon trap: trap_request=0xffffffde fr.pc=0x000001721fe2da18 relative=0x0000000000000698
Event: 1.270 Thread 0x000001720fae5650 Uncommon trap: reason=class_check action=maybe_recompile pc=0x000001721fe2da18 method=java.util.HashMap.putVal(ILjava/lang/Object;Ljava/lang/Object;ZZ)Ljava/lang/Object; @ 106 c2
Event: 1.270 Thread 0x000001720fae5650 DEOPT PACKING pc=0x000001721fe2da18 sp=0x00000020995fca50
Event: 1.270 Thread 0x000001720fae5650 DEOPT UNPACKING pc=0x000001721f9af202 sp=0x00000020995fc9d8 mode 2
Event: 1.270 Thread 0x000001720fae5650 Uncommon trap: trap_request=0xffffffde fr.pc=0x000001721fe2da18 relative=0x0000000000000698
Event: 1.270 Thread 0x000001720fae5650 Uncommon trap: reason=class_check action=maybe_recompile pc=0x000001721fe2da18 method=java.util.HashMap.putVal(ILjava/lang/Object;Ljava/lang/Object;ZZ)Ljava/lang/Object; @ 106 c2
Event: 1.270 Thread 0x000001720fae5650 DEOPT PACKING pc=0x000001721fe2da18 sp=0x00000020995fc990
Event: 1.270 Thread 0x000001720fae5650 DEOPT UNPACKING pc=0x000001721f9af202 sp=0x00000020995fc918 mode 2

Classes loaded (20 events):
Event: 1.283 Loading class java/lang/CloneNotSupportedException done
Event: 1.283 Loading class java/util/ConcurrentModificationException
Event: 1.283 Loading class java/util/ConcurrentModificationException done
Event: 1.283 Loading class com/intellij/rt/debugger/agent/CollectionBreakpointInstrumentor$KnownMethodsSet
Event: 1.284 Loading class com/intellij/rt/debugger/agent/CollectionBreakpointInstrumentor$KnownMethodsSet done
Event: 1.284 Loading class com/intellij/rt/debugger/agent/CollectionBreakpointInstrumentor$CollectionBreakpointTransformer
Event: 1.284 Loading class com/intellij/rt/debugger/agent/CollectionBreakpointInstrumentor$CollectionBreakpointTransformer done
Event: 1.284 Loading class com/intellij/rt/debugger/agent/CollectionBreakpointInstrumentor$MyClassVisitor
Event: 1.284 Loading class com/intellij/rt/debugger/agent/CollectionBreakpointInstrumentor$MyClassVisitor done
Event: 1.284 Loading class com/intellij/rt/debugger/agent/SpilledVariablesTransformer
Event: 1.285 Loading class com/intellij/rt/debugger/agent/SpilledVariablesTransformer done
Event: 1.285 Loading class com/intellij/rt/debugger/agent/SpilledVariablesTransformer$SpillingTransformer
Event: 1.285 Loading class com/intellij/rt/debugger/agent/SpilledVariablesTransformer$SpillingTransformer done
Event: 1.285 Loading class com/intellij/rt/debugger/agent/SpilledVariablesTransformer$SpillingTransformer$1
Event: 1.285 Loading class com/intellij/rt/debugger/agent/SpilledVariablesTransformer$SpillingTransformer$1 done
Event: 2.306 Loading class jdk/internal/misc/TerminatingThreadLocal
Event: 2.307 Loading class jdk/internal/misc/TerminatingThreadLocal done
Event: 2.310 Loading class com/intellij/rt/debugger/agent/CaptureStorage$4
Event: 2.310 Loading class com/intellij/rt/debugger/agent/CaptureStorage$4 done
Event: 2.311 Loading class com/intellij/rt/debugger/agent/CaptureStorage$9

Classes unloaded (0 events):
No events

Classes redefined (1 events):
Event: 1.277 Thread 0x000001722cc4a270 redefined class name=java.lang.Throwable, count=1

Internal exceptions (2 events):
Event: 1.205 Thread 0x000001720fae5650 Exception <a 'java/lang/NoSuchMethodError'{0x000000008cbaf6e8}: 'void java.lang.invoke.DirectMethodHandle$Holder.invokeStatic(java.lang.Object, java.lang.Object, java.lang.Object)'> (0x000000008cbaf6e8) 
thrown [s\open\src\hotspot\share\interpreter\linkResolver.cpp, line 804]
Event: 1.216 Thread 0x000001720fae5650 Exception <a 'java/lang/NoSuchMethodError'{0x000000008cbe4580}: 'java.lang.Object java.lang.invoke.Invokers$Holder.invokeExact_MT(java.lang.Object, java.lang.Object, java.lang.Object, java.lang.Object, java.lang.Object)'> (0x000000008cbe4580) 
thrown [s\open\src\hotspot\share\interpreter\linkResolver.cpp, line 804]

VM Operations (2 events):
Event: 1.277 Executing safepoint VM operation: RedefineClasses
Event: 1.278 Executing safepoint VM operation: RedefineClasses done

Memory protections (0 events):
No events

Nmethod flushes (0 events):
No events

Events (11 events):
Event: 0.043 Thread 0x000001720fae5650 Thread added: 0x000001720fae5650
Event: 0.061 Thread 0x000001720fae5650 Thread added: 0x000001722cb09bc0
Event: 0.062 Thread 0x000001720fae5650 Thread added: 0x000001722cb06510
Event: 0.062 Thread 0x000001720fae5650 Thread added: 0x000001722cc5f430
Event: 0.062 Thread 0x000001720fae5650 Thread added: 0x000001722cc62310
Event: 0.062 Thread 0x000001720fae5650 Thread added: 0x000001722cc61b40
Event: 0.062 Thread 0x000001720fae5650 Thread added: 0x000001722cc63a80
Event: 0.062 Thread 0x000001720fae5650 Thread added: 0x000001722cc70b00
Event: 0.063 Thread 0x000001720fae5650 Thread added: 0x000001722cc74b60
Event: 1.238 Thread 0x000001720fae5650 Thread added: 0x000001722cc64a20
Event: 1.280 Thread 0x000001720fae5650 Thread added: 0x000001722cc66190


Dynamic libraries:
0x00007ff72b0d0000 - 0x00007ff72b0de000 	C:\Users\TL\.jdks\openjdk-25\bin\java.exe
0x00007ffe81fe0000 - 0x00007ffe82247000 	C:\WINDOWS\SYSTEM32\ntdll.dll
0x00007ffe81430000 - 0x00007ffe814f9000 	C:\WINDOWS\System32\KERNEL32.DLL
0x00007ffe7f020000 - 0x00007ffe7f411000 	C:\WINDOWS\System32\KERNELBASE.dll
0x00007ffe7ed50000 - 0x00007ffe7ee9b000 	C:\WINDOWS\System32\ucrtbase.dll
0x00007ffe63e50000 - 0x00007ffe63e6e000 	C:\Users\TL\.jdks\openjdk-25\bin\VCRUNTIME140.dll
0x00007ffe63dc0000 - 0x00007ffe63dd7000 	C:\Users\TL\.jdks\openjdk-25\bin\jli.dll
0x00007ffe81510000 - 0x00007ffe816d5000 	C:\WINDOWS\System32\USER32.dll
0x00007ffe7f420000 - 0x00007ffe7f447000 	C:\WINDOWS\System32\win32u.dll
0x00007ffe5c1c0000 - 0x00007ffe5c453000 	C:\WINDOWS\WinSxS\amd64_microsoft.windows.common-controls_6595b64144ccf1df_6.0.26100.8037_none_3e092faae333b53b\COMCTL32.dll
0x00007ffe81980000 - 0x00007ffe819ab000 	C:\WINDOWS\System32\GDI32.dll
0x00007ffe816e0000 - 0x00007ffe81789000 	C:\WINDOWS\System32\msvcrt.dll
0x00007ffe7e8c0000 - 0x00007ffe7e9eb000 	C:\WINDOWS\System32\gdi32full.dll
0x00007ffe7eca0000 - 0x00007ffe7ed43000 	C:\WINDOWS\System32\msvcp_win.dll
0x00007ffe7fd80000 - 0x00007ffe7fdb1000 	C:\WINDOWS\System32\IMM32.DLL
0x00007ffe71b30000 - 0x00007ffe71b3c000 	C:\Users\TL\.jdks\openjdk-25\bin\vcruntime140_1.dll
0x00007ffe52770000 - 0x00007ffe527fd000 	C:\Users\TL\.jdks\openjdk-25\bin\msvcp140.dll
0x00007ffd53160000 - 0x00007ffd53fbf000 	C:\Users\TL\.jdks\openjdk-25\bin\server\jvm.dll
0x00007ffe81370000 - 0x00007ffe8142b000 	C:\WINDOWS\System32\ADVAPI32.dll
0x00007ffe81190000 - 0x00007ffe81237000 	C:\WINDOWS\System32\sechost.dll
0x00007ffe7ff30000 - 0x00007ffe80048000 	C:\WINDOWS\System32\RPCRT4.dll
0x00007ffe81f20000 - 0x00007ffe81f94000 	C:\WINDOWS\System32\WS2_32.dll
0x00007ffe7e740000 - 0x00007ffe7e79e000 	C:\WINDOWS\SYSTEM32\POWRPROF.dll
0x00007ffe6c040000 - 0x00007ffe6c04b000 	C:\WINDOWS\SYSTEM32\VERSION.dll
0x00007ffe75680000 - 0x00007ffe756b5000 	C:\WINDOWS\SYSTEM32\WINMM.dll
0x00007ffe7e720000 - 0x00007ffe7e734000 	C:\WINDOWS\SYSTEM32\UMPDC.dll
0x00007ffe7d650000 - 0x00007ffe7d66b000 	C:\WINDOWS\SYSTEM32\kernel.appcore.dll
0x00007ffe71390000 - 0x00007ffe7139a000 	C:\Users\TL\.jdks\openjdk-25\bin\jimage.dll
0x00007ffe7c9e0000 - 0x00007ffe7cc22000 	C:\WINDOWS\SYSTEM32\DBGHELP.DLL
0x00007ffe81ae0000 - 0x00007ffe81e62000 	C:\WINDOWS\System32\combase.dll
0x00007ffe810b0000 - 0x00007ffe81187000 	C:\WINDOWS\System32\OLEAUT32.dll
0x00007ffe5b620000 - 0x00007ffe5b65b000 	C:\WINDOWS\SYSTEM32\dbgcore.DLL
0x00007ffe7ea80000 - 0x00007ffe7eb25000 	C:\WINDOWS\System32\bcryptPrimitives.dll
0x00007ffe6c050000 - 0x00007ffe6c060000 	C:\Users\TL\.jdks\openjdk-25\bin\instrument.dll
0x00007ffe602d0000 - 0x00007ffe602ef000 	C:\Users\TL\.jdks\openjdk-25\bin\java.dll
0x00007ffe80120000 - 0x00007ffe802b5000 	C:\WINDOWS\System32\ole32.dll
0x00007ffe802c0000 - 0x00007ffe80a1f000 	C:\WINDOWS\System32\SHELL32.dll
0x00007ffe7eb30000 - 0x00007ffe7ec9a000 	C:\WINDOWS\System32\wintypes.dll
0x00007ffe58d90000 - 0x00007ffe58da7000 	C:\Users\TL\.jdks\openjdk-25\bin\zip.dll
0x00007ffe7f510000 - 0x00007ffe7fd74000 	C:\WINDOWS\System32\windows.storage.dll
0x00007ffe80fb0000 - 0x00007ffe810a7000 	C:\WINDOWS\System32\SHCORE.dll
0x00007ffe819b0000 - 0x00007ffe81a17000 	C:\WINDOWS\System32\shlwapi.dll
0x00007ffe7e7e0000 - 0x00007ffe7e809000 	C:\WINDOWS\SYSTEM32\profapi.dll
0x00007ffe57700000 - 0x00007ffe57710000 	C:\Users\TL\.jdks\openjdk-25\bin\verify.dll
0x00007ffe59230000 - 0x00007ffe59242000 	C:\Users\TL\.jdks\openjdk-25\bin\net.dll
0x00007ffe7dbc0000 - 0x00007ffe7dc2b000 	C:\WINDOWS\system32\mswsock.dll
0x00007ffe58d10000 - 0x00007ffe58d26000 	C:\Users\TL\.jdks\openjdk-25\bin\nio.dll

JVMTI agents:
C:\Users\TL\AppData\Local\JetBrains\IntelliJIdea2025.2\captureAgent\debugger-agent.jar path:C:\Users\TL\.jdks\openjdk-25\bin\instrument.dll, loaded, initialized, instrumentlib options:file:///C:/Users/TL/AppData/Local/Temp/capture11430709206170282933.props
C:\Program Files\JetBrains\IntelliJ IDEA 2025.2.3\lib\idea_rt.jar path:C:\Users\TL\.jdks\openjdk-25\bin\instrument.dll, loaded, initialized, instrumentlib options:10075

dbghelp: loaded successfully - version: 4.0.5 - missing functions: none
symbol engine: initialized successfully - sym options: 0x614 - pdb path: .;C:\Users\TL\.jdks\openjdk-25\bin;C:\WINDOWS\SYSTEM32;C:\WINDOWS\WinSxS\amd64_microsoft.windows.common-controls_6595b64144ccf1df_6.0.26100.8037_none_3e092faae333b53b;C:\Users\TL\.jdks\openjdk-25\bin\server

VM Arguments:
jvm_args: -javaagent:C:\Users\TL\AppData\Local\JetBrains\IntelliJIdea2025.2\captureAgent\debugger-agent.jar=file:///C:/Users/TL/AppData/Local/Temp/capture11430709206170282933.props -ea -Didea.test.cyclic.buffer.size=1048576 -javaagent:C:\Program Files\JetBrains\IntelliJ IDEA 2025.2.3\lib\idea_rt.jar=10075 -Dkotlinx.coroutines.debug.enable.creation.stack.trace=false -Ddebugger.agent.enable.coroutines=true -Dkotlinx.coroutines.debug.enable.flows.stack.trace=true -Dkotlinx.coroutines.debug.enable.mutable.state.flows.stack.trace=true -Dfile.encoding=UTF-8 -Dsun.stdout.encoding=UTF-8 -Dsun.stderr.encoding=UTF-8 
java_command: com.intellij.rt.testng.RemoteTestNGStarter -usedefaultlisteners false -socket10074 @w@C:\Users\TL\AppData\Local\Temp\idea_working_dirs_testng.tmp -temp C:\Users\TL\AppData\Local\Temp\idea_testng.tmp
java_class_path (initial): C:\Program Files\JetBrains\IntelliJ IDEA 2025.2.3\lib\idea_rt.jar;C:\Program Files\JetBrains\IntelliJ IDEA 2025.2.3\plugins\testng\lib\testng-rt.jar;G:\t\route course\API Testing\RestAssuredProject\target\test-classes;C:\Users\TL\.m2\repository\io\rest-assured\rest-assured\6.0.0\rest-assured-6.0.0.jar;C:\Users\TL\.m2\repository\org\apache\groovy\groovy\5.0.3\groovy-5.0.3.jar;C:\Users\TL\.m2\repository\org\apache\groovy\groovy-xml\5.0.3\groovy-xml-5.0.3.jar;C:\Users\TL\.m2\repository\org\apache\httpcomponents\httpclient\4.5.13\httpclient-4.5.13.jar;C:\Users\TL\.m2\repository\org\apache\httpcomponents\httpcore\4.4.13\httpcore-4.4.13.jar;C:\Users\TL\.m2\repository\commons-logging\commons-logging\1.2\commons-logging-1.2.jar;C:\Users\TL\.m2\repository\commons-codec\commons-codec\1.11\commons-codec-1.11.jar;C:\Users\TL\.m2\repository\org\apache\httpcomponents\httpmime\4.5.13\httpmime-4.5.13.jar;C:\Users\TL\.m2\repository\org\hamcrest\hamcrest\2.2\hamcrest-2.2.jar;C:\Users\TL\.m2\repository\org\ccil\cowan\tagsoup\tagsoup\1.2.1\tagsoup-1.2.1.jar;C:\Users\TL\.m2\repository\io\rest-assured\json-path\6.0.0\json-path-6.0.0.jar;C:\Users\TL\.m2\repository\org\apache\groovy\groovy-json\5.0.3\groovy-json-5.0.3.jar;C:\Users\TL\.m2\repository\io\rest-assured\rest-assured-common\6.0.0\rest-assured-common-6.0.0.jar;C:\Users\TL\.m2\repository\io\rest-assured\xml-path\6.0.0\xml-path-6.0.0.jar;C:\Users\TL\.m2\repository\org\apache\commons\commons-lang3\3.19.0\commons-lang3-3.19.0.jar;C:\Users\TL\.m2\repository\org\testng\testng\7.12.0\testng-7.12.0.jar;C:\Users\TL\.m2\repository\org\slf4j\slf4j-api\2.0.16\slf4j-api-2.0.16.jar;C:\Users\TL\.m2\repository\org\jcommander\jcommander\1.83\jcommander-1.83.jar;C:\Users\TL\.m2\repository\org\webjars\jquery\3.7.1\jquery-3.7.1.jar
Launcher Type: SUN_STANDARD

[Global flags]
     intx CICompilerCount                          = 4                                         {product} {ergonomic}
     uint ConcGCThreads                            = 3                                         {product} {ergonomic}
     uint G1ConcRefinementThreads                  = 10                                        {product} {ergonomic}
   size_t G1HeapRegionSize                         = 1048576                                   {product} {ergonomic}
   size_t InitialHeapSize                          = 130023424                                 {product} {ergonomic}
   size_t MarkStackSize                            = 4194304                                   {product} {ergonomic}
   size_t MarkStackSizeMax                         = 536870912                                 {product} {ergonomic}
   size_t MaxHeapSize                              = 2061500416                                {product} {ergonomic}
   size_t MaxNewSize                               = 1236271104                                {product} {ergonomic}
   size_t MinHeapDeltaBytes                        = 1048576                                   {product} {ergonomic}
   size_t MinHeapSize                              = 8388608                                   {product} {ergonomic}
    uintx NonNMethodCodeHeapSize                   = 5832704                                {pd product} {ergonomic}
    uintx NonProfiledCodeHeapSize                  = 122945536                              {pd product} {ergonomic}
    uintx ProfiledCodeHeapSize                     = 122880000                              {pd product} {ergonomic}
    uintx ReservedCodeCacheSize                    = 251658240                              {pd product} {ergonomic}
     bool SegmentedCodeCache                       = true                                      {product} {ergonomic}
   size_t SoftMaxHeapSize                          = 2061500416                             {manageable} {ergonomic}
     bool UseCompressedOops                        = true                           {product lp64_product} {ergonomic}
     bool UseG1GC                                  = true                                      {product} {ergonomic}
     bool UseLargePagesIndividualAllocation        = false                                  {pd product} {ergonomic}

Logging:
Log output configuration:
 #0: stdout all=warning uptime,level,tags foldmultilines=false
 #1: stderr all=off uptime,level,tags foldmultilines=false

Release file:
<release file has not been read>
Environment Variables:
JAVA_HOME=C:\java-1.8.0-openjdk-1.8.0.392-1.b08.redhat.windows.x86_64
PATH=C:\WINDOWS\system32;C:\WINDOWS;C:\WINDOWS\System32\Wbem;C:\WINDOWS\System32\WindowsPowerShell\v1.0\;C:\WINDOWS\System32\OpenSSH\;C:\Program Files (x86)\Common Files\Acronis\SnapAPI\;C:\Users\TL\Downloads\i686-8.1.0-release-win32-dwarf-rt_v6-rev0\mingw32\bin;C:\java-17-openjdk-17.0.9.0.9-1.win.x86_64\bin;C:\Program Files (x86)\Microsoft SQL Server\160\Tools\Binn\;C:\Program Files\nodejs\;C:\xampp\php;C:\composer;C:\Program Files\MySQL\MySQL Server 8.0\bin;C:\Program Files\Git\cmd;C:\Users\TL\Downloads\php-8.4.6;C:\Program Files\Microsoft SQL Server\Client SDK\ODBC\170\Tools\Binn\;C:\Program Files\Microsoft SQL Server\160\DTS\Binn\;C:\java-1.8.0-openjdk-1.8.0.392-1.b08.redhat.windows.x86_64\bin;C:\flutter\src\flutter\bin;C:\Users\TL\AppData\Local\Programs\Eclipse Adoptium\jdk-21.0.6.7-hotspot\bin;C:\Users\TL\AppData\Local\Programs\Python\Python312\Scripts\;C:\Users\TL\AppData\Local\Programs\Python\Python312\;C:\Users\TL\AppData\Local\GitHubDesktop\bin;C:\Users\TL\AppData\Roaming\npm;C:\Users\TL\AppData\Roaming\Composer\vendor\bin;C:\Users\TL\AppData\Local\Microsoft\WindowsApps;C:\Users\TL\AppData\Local\Programs\Microsoft VS Code\bin;C:\Users\TL\AppData\local\android\sdk;C:\Users\TL\AppData\local\android\sdk\platform-tools;C:\Program Files\JetBrains\PyCharm 2025.1.1\bin;C:\Program Files\JetBrains\IntelliJ IDEA 2025.2.3\bin;C:\ProgramData\Microsoft\Windows\Start Menu\Programs\Node.js\Node.js.lnk;C:\allure-2.36.0\allure-2.36.0\bin
USERNAME=TL
OS=Windows_NT
PROCESSOR_IDENTIFIER=Intel64 Family 6 Model 154 Stepping 4, GenuineIntel
TMP=C:\Users\TL\AppData\Local\Temp
TEMP=C:\Users\TL\AppData\Local\Temp




Compilation memory statistics disabled.

Periodic native trim disabled

---------------  S Y S T E M  ---------------

OS:
 Windows 11 , 64 bit Build 26100 (10.0.26100.7920)
OS uptime: 14 days 2:10 hours

CPU: total 12 (initial active 12) (12 cores per cpu, 1 threads per core) family 6 model 154 stepping 4 microcode 0x42c, cx8, cmov, fxsr, mmx, 3dnowpref, sse, sse2, sse3, ssse3, sse4.1, sse4.2, popcnt, lzcnt, tsc, tscinvbit, avx, avx2, aes, erms, clmul, bmi1, bmi2, adx, sha, fma, vzeroupper, clflush, clflushopt, clwb, serialize, rdtscp, rdpid, fsrm, gfni, f16c, pku, cet_ibt, cet_ss
Processor Information for processor 0
  Max Mhz: 1300, Current Mhz: 1300, Mhz Limit: 1300
Processor Information for processor 1
  Max Mhz: 1300, Current Mhz: 1300, Mhz Limit: 1300
Processor Information for processor 2
  Max Mhz: 1300, Current Mhz: 1300, Mhz Limit: 1300
Processor Information for processor 3
  Max Mhz: 1300, Current Mhz: 1300, Mhz Limit: 1300
Processor Information for processor 4
  Max Mhz: 1300, Current Mhz: 900, Mhz Limit: 897
Processor Information for processor 5
  Max Mhz: 1300, Current Mhz: 900, Mhz Limit: 897
Processor Information for processor 6
  Max Mhz: 1300, Current Mhz: 900, Mhz Limit: 897
Processor Information for processor 7
  Max Mhz: 1300, Current Mhz: 900, Mhz Limit: 897
Processor Information for processor 8
  Max Mhz: 1300, Current Mhz: 900, Mhz Limit: 897
Processor Information for processor 9
  Max Mhz: 1300, Current Mhz: 900, Mhz Limit: 897
Processor Information for processor 10
  Max Mhz: 1300, Current Mhz: 900, Mhz Limit: 897
Processor Information for processor 11
  Max Mhz: 1300, Current Mhz: 900, Mhz Limit: 897

Memory: 4k page, system-wide physical 7863M (569M free)
TotalPageFile size 16055M (AvailPageFile size 202M)
current process WorkingSet (physical memory assigned to process): 48M, peak: 48M
current process commit charge ("private bytes"): 216M, peak: 216M

vm_info: OpenJDK 64-Bit Server VM (25+36-3489) for windows-amd64 JRE (25+36-3489), built on 2025-08-12T17:19:28Z with unknown MS VC++:1943

END.
