#
# There is insufficient memory for the Java Runtime Environment to continue.
# Native memory allocation (mmap) failed to map 130023424 bytes. Error detail: G1 virtual space
# Possible reasons:
#   The system is out of physical RAM or swap space
#   This process is running with CompressedOops enabled, and the Java Heap may be blocking the growth of the native heap
# Possible solutions:
#   Reduce memory load on the system
#   Increase physical memory or swap space
#   Check if swap backing store is full
#   Decrease Java heap size (-Xmx/-Xms)
#   Decrease number of Java threads
#   Decrease Java thread stack sizes (-Xss)
#   Set larger code cache with -XX:ReservedCodeCacheSize=
#   JVM is running with Unscaled Compressed Oops mode in which the Java heap is
#     placed in the first 4GB address space. The Java Heap base address is the
#     maximum limit for the native heap growth. Please use -XX:HeapBaseMinAddress
#     to set the Java Heap base and to place the Java Heap above 4GB virtual address.
# This output file may be truncated or incomplete.
#
#  Out of Memory Error (os_windows.cpp:3554), pid=4504, tid=7680
#
# JRE version:  (25.0+36) (build )
# Java VM: OpenJDK 64-Bit Server VM (25+36-3489, mixed mode, sharing, tiered, compressed oops, compressed class ptrs, g1 gc, windows-amd64)
# No core dump will be written. Minidumps are not enabled by default on client versions of Windows
#

---------------  S U M M A R Y ------------

Command Line: -javaagent:C:\Users\TL\AppData\Local\JetBrains\IntelliJIdea2025.2\captureAgent\debugger-agent.jar=file:///C:/Users/TL/AppData/Local/Temp/capture6778503794984056813.props -ea -Didea.test.cyclic.buffer.size=1048576 -javaagent:C:\Program Files\JetBrains\IntelliJ IDEA 2025.2.3\lib\idea_rt.jar=14177 -Dkotlinx.coroutines.debug.enable.creation.stack.trace=false -Ddebugger.agent.enable.coroutines=true -Dkotlinx.coroutines.debug.enable.flows.stack.trace=true -Dkotlinx.coroutines.debug.enable.mutable.state.flows.stack.trace=true -Dfile.encoding=UTF-8 -Dsun.stdout.encoding=UTF-8 -Dsun.stderr.encoding=UTF-8 com.intellij.rt.testng.RemoteTestNGStarter -usedefaultlisteners false -socket14176 @w@C:\Users\TL\AppData\Local\Temp\idea_working_dirs_testng.tmp -temp C:\Users\TL\AppData\Local\Temp\idea_testng.tmp

Host: 12th Gen Intel(R) Core(TM) i5-1235U, 12 cores, 7G,  Windows 11 , 64 bit Build 26100 (10.0.26100.7920)
Time: Mon Mar 30 16:50:52 2026 Egypt Standard Time elapsed time: 1.121713 seconds (0d 0h 0m 1s)

---------------  T H R E A D  ---------------

Current thread (0x0000017b49ff2e00):  JavaThread "Unknown thread" [_thread_in_vm, id=7680, stack(0x0000003b93100000,0x0000003b93200000) (1024K)]

Stack: [0x0000003b93100000,0x0000003b93200000]
Native frames: (J=compiled Java code, j=interpreted, Vv=VM code, C=native code)
V  [jvm.dll+0x7a6a39]  (no source info available)
V  [jvm.dll+0x7727ed]  (no source info available)
V  [jvm.dll+0x965f33]  (no source info available)
V  [jvm.dll+0x968531]  (no source info available)
V  [jvm.dll+0x968c33]  (no source info available)
V  [jvm.dll+0x2fc756]  (no source info available)
V  [jvm.dll+0x7a2c65]  (no source info available)
V  [jvm.dll+0x796077]  (no source info available)
V  [jvm.dll+0x3f4698]  (no source info available)
V  [jvm.dll+0x3fc5b6]  (no source info available)
V  [jvm.dll+0x3e8c8e]  (no source info available)
V  [jvm.dll+0x3e8f48]  (no source info available)
V  [jvm.dll+0x3c0045]  (no source info available)
V  [jvm.dll+0x3c0cce]  (no source info available)
V  [jvm.dll+0x92c647]  (no source info available)
V  [jvm.dll+0x458b62]  (no source info available)
V  [jvm.dll+0x90fff2]  (no source info available)
V  [jvm.dll+0x4f9001]  (no source info available)
V  [jvm.dll+0x4fa891]  (no source info available)
C  [jli.dll+0x543e]  (no source info available)
C  [ucrtbase.dll+0x37b0]  (no source info available)
C  [KERNEL32.DLL+0x2e8d7]  (no source info available)
C  [ntdll.dll+0x8c48c]  (no source info available)

Lock stack of current Java thread (top to bottom):


---------------  P R O C E S S  ---------------

Threads class SMR info:
_java_thread_list=0x00007ffd54aa5308, length=0, elements={
}

Java Threads: ( => current thread )
Total: 0

Other Threads:
  0x0000017b4a04b9c0 WorkerThread "GC Thread#0"                     [id=16800, stack(0x0000003b93200000,0x0000003b93300000) (1024K)]
  0x0000017b4a0646c0 ConcurrentGCThread "G1 Main Marker"            [id=5516, stack(0x0000003b93300000,0x0000003b93400000) (1024K)]
  0x0000017b4a067be0 WorkerThread "G1 Conc#0"                       [id=22652, stack(0x0000003b93400000,0x0000003b93500000) (1024K)]

[error occurred during error reporting (printing all threads), id 0xc0000005, EXCEPTION_ACCESS_VIOLATION (0xc0000005) at pc=0x00007ffd54184c2a]
VM state: not at safepoint (not fully initialized)

VM Mutex/Monitor currently owned by a thread:  ([mutex/lock_event])
[0x00007ffd54b29628] Heap_lock - owner thread: 0x0000017b49ff2e00

Heap address: 0x0000000085200000, size: 1966 MB, Compressed Oops mode: 32-bit

CDS archive(s) mapped at: [0x0000000000000000-0x0000000000000000-0x0000000000000000), size 0, SharedBaseAddress: 0x0000000800000000, ArchiveRelocationMode: 1.
UseCompressedClassPointers 1, UseCompactObjectHeaders 0
Narrow klass pointer bits 32, Max shift 3
Narrow klass base: 0xffffffffffffffff, Narrow klass shift: -1
Encoding Range: [0xffffffffffffffff - 0x000000007fffffff), (2147483648 bytes)
Klass Range:    [0x0000000000000000 - 0x0000000000000000), (0 bytes)
Klass ID Range:  [4294967295 - 0) (1)
No protection zone.

GC Precious Log:
 CardTable entry size: 512
 Card Set container configuration: InlinePtr #cards 5 size 8 Array Of Cards #cards 10 size 36 Howl #buckets 4 coarsen threshold 1843 Howl Bitmap #cards 512 size 80 coarsen threshold 460 Card regions per heap region 1 cards per card region 2048

Heap:
 garbage-first heap   total reserved 2013184K, committed 0K, used 0K [0x0000000085200000, 0x0000000100000000)
  region size 1024K, 0 young (0K), 0 survivors (0K)

Heap Regions: E=young(eden), S=young(survivor), O=old, HS=humongous(starts), HC=humongous(continues), CS=collection set, F=free, TAMS=top-at-mark-start, PB=parsable bottom

Card table byte_map: [0x0000017b622b0000,0x0000017b62690000] _byte_map_base: 0x0000017b61e87000

Marking Bits: (CMBitMap*) 0x0000017b4a04c960
 Bits: [0x0000017b62690000, 0x0000017b64548000)

GC Heap Usage History (0 events):
No events

Metaspace Usage History (0 events):
No events

Dll operation events (2 events):
Event: 0.022 Loaded shared library C:\Users\TL\.jdks\openjdk-25\bin\java.dll
Event: 0.025 Loaded shared library C:\Users\TL\.jdks\openjdk-25\bin\zip.dll

Deoptimization events (0 events):
No events

Classes loaded (0 events):
No events

Classes unloaded (0 events):
No events

Classes redefined (0 events):
No events

Internal exceptions (0 events):
No events

VM Operations (0 events):
No events

Memory protections (0 events):
No events

Nmethod flushes (0 events):
No events

Events (0 events):
No events


Dynamic libraries:
0x00007ff70b230000 - 0x00007ff70b23e000 	C:\Users\TL\.jdks\openjdk-25\bin\java.exe
0x00007ffe81fe0000 - 0x00007ffe82247000 	C:\WINDOWS\SYSTEM32\ntdll.dll
0x00007ffe81430000 - 0x00007ffe814f9000 	C:\WINDOWS\System32\KERNEL32.DLL
0x00007ffe7f020000 - 0x00007ffe7f411000 	C:\WINDOWS\System32\KERNELBASE.dll
0x00007ffe7ed50000 - 0x00007ffe7ee9b000 	C:\WINDOWS\System32\ucrtbase.dll
0x00007ffe58d10000 - 0x00007ffe58d27000 	C:\Users\TL\.jdks\openjdk-25\bin\jli.dll
0x00007ffe59230000 - 0x00007ffe5924e000 	C:\Users\TL\.jdks\openjdk-25\bin\VCRUNTIME140.dll
0x00007ffe81510000 - 0x00007ffe816d5000 	C:\WINDOWS\System32\USER32.dll
0x00007ffe7f420000 - 0x00007ffe7f447000 	C:\WINDOWS\System32\win32u.dll
0x00007ffe5c1c0000 - 0x00007ffe5c453000 	C:\WINDOWS\WinSxS\amd64_microsoft.windows.common-controls_6595b64144ccf1df_6.0.26100.8037_none_3e092faae333b53b\COMCTL32.dll
0x00007ffe81980000 - 0x00007ffe819ab000 	C:\WINDOWS\System32\GDI32.dll
0x00007ffe816e0000 - 0x00007ffe81789000 	C:\WINDOWS\System32\msvcrt.dll
0x00007ffe7e8c0000 - 0x00007ffe7e9eb000 	C:\WINDOWS\System32\gdi32full.dll
0x00007ffe7eca0000 - 0x00007ffe7ed43000 	C:\WINDOWS\System32\msvcp_win.dll
0x00007ffe7fd80000 - 0x00007ffe7fdb1000 	C:\WINDOWS\System32\IMM32.DLL
0x00007ffe63e30000 - 0x00007ffe63e3c000 	C:\Users\TL\.jdks\openjdk-25\bin\vcruntime140_1.dll
0x00007ffe52770000 - 0x00007ffe527fd000 	C:\Users\TL\.jdks\openjdk-25\bin\msvcp140.dll
0x00007ffd53db0000 - 0x00007ffd54c0f000 	C:\Users\TL\.jdks\openjdk-25\bin\server\jvm.dll
0x00007ffe81370000 - 0x00007ffe8142b000 	C:\WINDOWS\System32\ADVAPI32.dll
0x00007ffe81190000 - 0x00007ffe81237000 	C:\WINDOWS\System32\sechost.dll
0x00007ffe7ff30000 - 0x00007ffe80048000 	C:\WINDOWS\System32\RPCRT4.dll
0x00007ffe81f20000 - 0x00007ffe81f94000 	C:\WINDOWS\System32\WS2_32.dll
0x00007ffe7e740000 - 0x00007ffe7e79e000 	C:\WINDOWS\SYSTEM32\POWRPROF.dll
0x00007ffe6c040000 - 0x00007ffe6c04b000 	C:\WINDOWS\SYSTEM32\VERSION.dll
0x00007ffe75680000 - 0x00007ffe756b5000 	C:\WINDOWS\SYSTEM32\WINMM.dll
0x00007ffe7e720000 - 0x00007ffe7e734000 	C:\WINDOWS\SYSTEM32\UMPDC.dll
0x00007ffe7d650000 - 0x00007ffe7d66b000 	C:\WINDOWS\SYSTEM32\kernel.appcore.dll
0x00007ffe602c0000 - 0x00007ffe602ca000 	C:\Users\TL\.jdks\openjdk-25\bin\jimage.dll
0x00007ffe7c9e0000 - 0x00007ffe7cc22000 	C:\WINDOWS\SYSTEM32\DBGHELP.DLL
0x00007ffe81ae0000 - 0x00007ffe81e62000 	C:\WINDOWS\System32\combase.dll
0x00007ffe810b0000 - 0x00007ffe81187000 	C:\WINDOWS\System32\OLEAUT32.dll
0x00007ffe5b620000 - 0x00007ffe5b65b000 	C:\WINDOWS\SYSTEM32\dbgcore.DLL
0x00007ffe7ea80000 - 0x00007ffe7eb25000 	C:\WINDOWS\System32\bcryptPrimitives.dll
0x00007ffe58cd0000 - 0x00007ffe58ce0000 	C:\Users\TL\.jdks\openjdk-25\bin\instrument.dll
0x00007ffe57700000 - 0x00007ffe5771f000 	C:\Users\TL\.jdks\openjdk-25\bin\java.dll
0x00007ffe80120000 - 0x00007ffe802b5000 	C:\WINDOWS\System32\ole32.dll
0x00007ffe802c0000 - 0x00007ffe80a1f000 	C:\WINDOWS\System32\SHELL32.dll
0x00007ffe7eb30000 - 0x00007ffe7ec9a000 	C:\WINDOWS\System32\wintypes.dll
0x00007ffe54ee0000 - 0x00007ffe54ef7000 	C:\Users\TL\.jdks\openjdk-25\bin\zip.dll

JVMTI agents:
C:\Users\TL\AppData\Local\JetBrains\IntelliJIdea2025.2\captureAgent\debugger-agent.jar path:none, loaded, not initialized, instrumentlib options:file:///C:/Users/TL/AppData/Local/Temp/capture6778503794984056813.props
C:\Program Files\JetBrains\IntelliJ IDEA 2025.2.3\lib\idea_rt.jar path:none, loaded, not initialized, instrumentlib options:14177

dbghelp: loaded successfully - version: 4.0.5 - missing functions: none
symbol engine: initialized successfully - sym options: 0x614 - pdb path: .;C:\Users\TL\.jdks\openjdk-25\bin;C:\WINDOWS\SYSTEM32;C:\WINDOWS\WinSxS\amd64_microsoft.windows.common-controls_6595b64144ccf1df_6.0.26100.8037_none_3e092faae333b53b;C:\Users\TL\.jdks\openjdk-25\bin\server

VM Arguments:
jvm_args: -javaagent:C:\Users\TL\AppData\Local\JetBrains\IntelliJIdea2025.2\captureAgent\debugger-agent.jar=file:///C:/Users/TL/AppData/Local/Temp/capture6778503794984056813.props -ea -Didea.test.cyclic.buffer.size=1048576 -javaagent:C:\Program Files\JetBrains\IntelliJ IDEA 2025.2.3\lib\idea_rt.jar=14177 -Dkotlinx.coroutines.debug.enable.creation.stack.trace=false -Ddebugger.agent.enable.coroutines=true -Dkotlinx.coroutines.debug.enable.flows.stack.trace=true -Dkotlinx.coroutines.debug.enable.mutable.state.flows.stack.trace=true -Dfile.encoding=UTF-8 -Dsun.stdout.encoding=UTF-8 -Dsun.stderr.encoding=UTF-8 
java_command: com.intellij.rt.testng.RemoteTestNGStarter -usedefaultlisteners false -socket14176 @w@C:\Users\TL\AppData\Local\Temp\idea_working_dirs_testng.tmp -temp C:\Users\TL\AppData\Local\Temp\idea_testng.tmp
java_class_path (initial): C:\Program Files\JetBrains\IntelliJ IDEA 2025.2.3\lib\idea_rt.jar;C:\Program Files\JetBrains\IntelliJ IDEA 2025.2.3\plugins\testng\lib\testng-rt.jar;G:\t\route course\API Testing\RestAssuredProject\target\test-classes;C:\Users\TL\.m2\repository\io\rest-assured\rest-assured\6.0.0\rest-assured-6.0.0.jar;C:\Users\TL\.m2\repository\org\apache\groovy\groovy\5.0.3\groovy-5.0.3.jar;C:\Users\TL\.m2\repository\org\apache\groovy\groovy-xml\5.0.3\groovy-xml-5.0.3.jar;C:\Users\TL\.m2\repository\org\apache\httpcomponents\httpclient\4.5.13\httpclient-4.5.13.jar;C:\Users\TL\.m2\repository\org\apache\httpcomponents\httpcore\4.4.13\httpcore-4.4.13.jar;C:\Users\TL\.m2\repository\commons-logging\commons-logging\1.2\commons-logging-1.2.jar;C:\Users\TL\.m2\repository\commons-codec\commons-codec\1.11\commons-codec-1.11.jar;C:\Users\TL\.m2\repository\org\apache\httpcomponents\httpmime\4.5.13\httpmime-4.5.13.jar;C:\Users\TL\.m2\repository\org\hamcrest\hamcrest\2.2\hamcrest-2.2.jar;C:\Users\TL\.m2\repository\org\ccil\cowan\tagsoup\tagsoup\1.2.1\tagsoup-1.2.1.jar;C:\Users\TL\.m2\repository\io\rest-assured\json-path\6.0.0\json-path-6.0.0.jar;C:\Users\TL\.m2\repository\org\apache\groovy\groovy-json\5.0.3\groovy-json-5.0.3.jar;C:\Users\TL\.m2\repository\io\rest-assured\rest-assured-common\6.0.0\rest-assured-common-6.0.0.jar;C:\Users\TL\.m2\repository\io\rest-assured\xml-path\6.0.0\xml-path-6.0.0.jar;C:\Users\TL\.m2\repository\org\apache\commons\commons-lang3\3.19.0\commons-lang3-3.19.0.jar;C:\Users\TL\.m2\repository\org\testng\testng\7.12.0\testng-7.12.0.jar;C:\Users\TL\.m2\repository\org\slf4j\slf4j-api\2.0.16\slf4j-api-2.0.16.jar;C:\Users\TL\.m2\repository\org\jcommander\jcommander\1.83\jcommander-1.83.jar;C:\Users\TL\.m2\repository\org\webjars\jquery\3.7.1\jquery-3.7.1.jar
Launcher Type: SUN_STANDARD

[Global flags]
     intx CICompilerCount                          = 4                                         {product} {ergonomic}
     uint ConcGCThreads                            = 3                                         {product} {ergonomic}
     uint G1ConcRefinementThreads                  = 10                                        {product} {ergonomic}
   size_t G1HeapRegionSize                         = 1048576                                   {product} {ergonomic}
   size_t InitialHeapSize                          = 130023424                                 {product} {ergonomic}
   size_t MarkStackSize                            = 4194304                                   {product} {ergonomic}
   size_t MarkStackSizeMax                         = 536870912                                 {product} {ergonomic}
   size_t MaxHeapSize                              = 2061500416                                {product} {ergonomic}
   size_t MinHeapDeltaBytes                        = 1048576                                   {product} {ergonomic}
   size_t MinHeapSize                              = 8388608                                   {product} {ergonomic}
    uintx NonNMethodCodeHeapSize                   = 5832704                                {pd product} {ergonomic}
    uintx NonProfiledCodeHeapSize                  = 122945536                              {pd product} {ergonomic}
    uintx ProfiledCodeHeapSize                     = 122880000                              {pd product} {ergonomic}
    uintx ReservedCodeCacheSize                    = 251658240                              {pd product} {ergonomic}
     bool SegmentedCodeCache                       = true                                      {product} {ergonomic}
   size_t SoftMaxHeapSize                          = 2061500416                             {manageable} {ergonomic}
     bool UseCompressedOops                        = true                           {product lp64_product} {ergonomic}
     bool UseG1GC                                  = true                                      {product} {ergonomic}
     bool UseLargePagesIndividualAllocation        = false                                  {pd product} {ergonomic}

Logging:
Log output configuration:
 #0: stdout all=warning uptime,level,tags foldmultilines=false
 #1: stderr all=off uptime,level,tags foldmultilines=false

Release file:
<release file has not been read>
Environment Variables:
JAVA_HOME=C:\java-1.8.0-openjdk-1.8.0.392-1.b08.redhat.windows.x86_64
PATH=C:\WINDOWS\system32;C:\WINDOWS;C:\WINDOWS\System32\Wbem;C:\WINDOWS\System32\WindowsPowerShell\v1.0\;C:\WINDOWS\System32\OpenSSH\;C:\Program Files (x86)\Common Files\Acronis\SnapAPI\;C:\Users\TL\Downloads\i686-8.1.0-release-win32-dwarf-rt_v6-rev0\mingw32\bin;C:\java-17-openjdk-17.0.9.0.9-1.win.x86_64\bin;C:\Program Files (x86)\Microsoft SQL Server\160\Tools\Binn\;C:\Program Files\nodejs\;C:\xampp\php;C:\composer;C:\Program Files\MySQL\MySQL Server 8.0\bin;C:\Program Files\Git\cmd;C:\Users\TL\Downloads\php-8.4.6;C:\Program Files\Microsoft SQL Server\Client SDK\ODBC\170\Tools\Binn\;C:\Program Files\Microsoft SQL Server\160\DTS\Binn\;C:\java-1.8.0-openjdk-1.8.0.392-1.b08.redhat.windows.x86_64\bin;C:\flutter\src\flutter\bin;C:\Users\TL\AppData\Local\Programs\Eclipse Adoptium\jdk-21.0.6.7-hotspot\bin;C:\Users\TL\AppData\Local\Programs\Python\Python312\Scripts\;C:\Users\TL\AppData\Local\Programs\Python\Python312\;C:\Users\TL\AppData\Local\GitHubDesktop\bin;C:\Users\TL\AppData\Roaming\npm;C:\Users\TL\AppData\Roaming\Composer\vendor\bin;C:\Users\TL\AppData\Local\Microsoft\WindowsApps;C:\Users\TL\AppData\Local\Programs\Microsoft VS Code\bin;C:\Users\TL\AppData\local\android\sdk;C:\Users\TL\AppData\local\android\sdk\platform-tools;C:\Program Files\JetBrains\PyCharm 2025.1.1\bin;C:\Program Files\JetBrains\IntelliJ IDEA 2025.2.3\bin;C:\ProgramData\Microsoft\Windows\Start Menu\Programs\Node.js\Node.js.lnk;C:\allure-2.36.0\allure-2.36.0\bin
USERNAME=TL
OS=Windows_NT
PROCESSOR_IDENTIFIER=Intel64 Family 6 Model 154 Stepping 4, GenuineIntel
TMP=C:\Users\TL\AppData\Local\Temp
TEMP=C:\Users\TL\AppData\Local\Temp




Compilation memory statistics disabled.

Periodic native trim disabled

---------------  S Y S T E M  ---------------

OS:
 Windows 11 , 64 bit Build 26100 (10.0.26100.7920)
OS uptime: 14 days 2:13 hours

CPU: total 12 (initial active 12) (12 cores per cpu, 1 threads per core) family 6 model 154 stepping 4 microcode 0x42c, cx8, cmov, fxsr, mmx, 3dnowpref, sse, sse2, sse3, ssse3, sse4.1, sse4.2, popcnt, lzcnt, tsc, tscinvbit, avx, avx2, aes, erms, clmul, bmi1, bmi2, adx, sha, fma, vzeroupper, clflush, clflushopt, clwb, serialize, rdtscp, rdpid, fsrm, gfni, f16c, pku, cet_ibt, cet_ss
Processor Information for processor 0
  Max Mhz: 1300, Current Mhz: 1300, Mhz Limit: 1300
Processor Information for processor 1
  Max Mhz: 1300, Current Mhz: 1300, Mhz Limit: 1300
Processor Information for processor 2
  Max Mhz: 1300, Current Mhz: 1300, Mhz Limit: 1300
Processor Information for processor 3
  Max Mhz: 1300, Current Mhz: 1300, Mhz Limit: 1300
Processor Information for processor 4
  Max Mhz: 1300, Current Mhz: 900, Mhz Limit: 897
Processor Information for processor 5
  Max Mhz: 1300, Current Mhz: 900, Mhz Limit: 897
Processor Information for processor 6
  Max Mhz: 1300, Current Mhz: 900, Mhz Limit: 897
Processor Information for processor 7
  Max Mhz: 1300, Current Mhz: 900, Mhz Limit: 897
Processor Information for processor 8
  Max Mhz: 1300, Current Mhz: 900, Mhz Limit: 897
Processor Information for processor 9
  Max Mhz: 1300, Current Mhz: 900, Mhz Limit: 897
Processor Information for processor 10
  Max Mhz: 1300, Current Mhz: 900, Mhz Limit: 897
Processor Information for processor 11
  Max Mhz: 1300, Current Mhz: 900, Mhz Limit: 897

Memory: 4k page, system-wide physical 7863M (807M free)
TotalPageFile size 16055M (AvailPageFile size 174M)
current process WorkingSet (physical memory assigned to process): 13M, peak: 13M
current process commit charge ("private bytes"): 65M, peak: 188M

vm_info: OpenJDK 64-Bit Server VM (25+36-3489) for windows-amd64 JRE (25+36-3489), built on 2025-08-12T17:19:28Z with unknown MS VC++:1943

END.
